avg vars: 249.50
avg cos: 451.17
avg cps : 336.67
i: 0,0,0,0,0,0,1,0,0,1,1,0,8,1,0,0
s: 7
t: 0.061
c: 16
mem: 0.0

i: 0,0,1,0,0,0,0,0,0,1,0,0,0,0,0,0
s: 7
t: 0.073
c: 16
mem: 0.0

i: 0,0,1,0,0,1,1,1,1,0,0,1,0,1,0,1
s: 7
t: 0.063
c: 15
mem: 0.0

i: 0,0,1,0,0,1,1,1,1,1,1,0,4,0,0,0
s: 10
t: 0.049
c: 17
mem: 0.0

i: 1,0,0,1,0,0,0,1,1,1,0,0,4,1,0,1
s: 5
t: 0.049
c: 12
mem: 0.0

i: 1,0,1,0,1,0,0,0,0,1,0,0,6,0,0,0
s: 6
t: 0.064
c: 14
mem: 0.0

i: 1,0,0,1,1,0,0,1,1,1,0,0,2,1,0,0
s: 7
t: 0.037
c: 12
mem: 0.0

i: 0,1,1,0,1,0,0,0,1,1,0,0,2,1,0,0
s: 5
t: 0.044
c: 13
mem: 0.0

i: 1,0,0,1,0,0,0,1,1,1,0,0,4,1,1,1
s: 5
t: 0.051
c: 12
mem: 0.0

i: 0,0,0,0,0,1,1,1,1,0,1,0,0,1,0,0
s: 9
t: 0.061
c: 15
mem: 0.0

i: 1,0,0,1,0,0,0,1,1,1,0,0,2,1,0,0
s: 8
t: 0.030
c: 11
mem: 0.0

i: 0,0,1,0,0,1,0,1,1,0,0,1,0,1,1,0
s: 7
t: 0.058
c: 14
mem: 0.0

i: 0,1,1,0,1,0,0,0,1,1,0,0,2,1,1,0
s: 5
t: 0.054
c: 13
mem: 0.0

i: 0,0,1,0,0,1,1,0,0,0,0,0,8,0,0,1
s: 5
t: 0.059
c: 15
mem: 0.0

i: 0,0,1,0,0,1,1,1,1,1,0,0,4,0,0,0
s: 10
t: 0.046
c: 16
mem: 0.0

i: 0,1,1,0,0,1,1,0,1,1,0,0,2,1,0,1
s: 9
t: 0.047
c: 13
mem: 0.0

i: 0,0,1,0,0,1,0,1,1,0,0,1,0,1,0,0
s: 7
t: 0.052
c: 14
mem: 0.0

i: 1,0,0,1,0,0,1,1,1,1,0,0,4,1,0,1
s: 5
t: 0.046
c: 12
mem: 0.0

i: 1,0,0,1,0,0,1,1,1,1,0,0,4,1,0,0
s: 5
t: 0.047
c: 12
mem: 0.0

i: 1,0,0,1,0,0,0,1,1,1,0,0,4,1,0,0
s: 5
t: 0.046
c: 12
mem: 0.0

i: 1,0,0,1,0,1,1,1,1,1,0,1,2,1,0,1
s: 5
t: 0.043
c: 12
mem: 0.0

i: 0,0,1,0,0,1,1,0,0,0,0,0,6,0,0,0
s: 7
t: 0.064
c: 15
mem: 0.0

i: 1,0,1,1,0,1,1,0,1,1,0,0,4,1,0,1
s: 7
t: 0.055
c: 15
mem: 0.0

i: 0,1,1,0,1,0,1,0,1,1,0,0,2,1,0,0
s: 10
t: 0.062
c: 13
mem: 0.0

i: 0,0,1,0,0,1,1,1,1,0,0,1,0,1,0,0
s: 7
t: 0.053
c: 14
mem: 0.0

i: 0,0,0,1,0,1,1,1,1,1,0,1,0,1,0,1
s: 6
t: 0.057
c: 16
mem: 0.0

i: 1,0,0,1,0,1,1,1,1,1,0,0,4,1,0,1
s: 5
t: 0.045
c: 11
mem: 0.0

i: 0,0,1,0,0,0,1,0,0,0,0,0,0,0,0,0
s: 8
t: 0.073
c: 16
mem: 0.0

i: 1,0,1,0,1,0,0,0,0,1,1,0,6,0,1,0
s: 7
t: 0.069
c: 16
mem: 0.0

i: 0,1,1,0,0,0,1,0,1,1,0,0,2,1,0,1
s: 5
t: 0.045
c: 12
mem: 0.0

i: 0,0,1,0,0,1,0,1,1,1,0,0,4,0,0,0
s: 10
t: 0.050
c: 16
mem: 0.0

i: 0,0,1,0,0,1,1,1,1,0,1,1,0,1,0,1
s: 7
t: 0.069
c: 16
mem: 0.0

i: 0,0,1,0,0,0,1,1,1,1,0,0,4,1,0,0
s: 9
t: 0.075
c: 16
mem: 0.0

i: 0,0,1,0,0,0,0,0,0,1,0,0,6,0,0,0
s: 6
t: 0.057
c: 14
mem: 0.0

i: 1,0,0,1,0,0,0,1,1,1,0,0,4,0,1,0
s: 5
t: 0.051
c: 12
mem: 0.0

i: 0,1,1,0,1,1,0,0,1,1,0,0,2,1,0,0
s: 9
t: 0.063
c: 14
mem: 0.0

i: 1,0,1,0,1,0,0,0,0,1,1,0,6,0,0,0
s: 7
t: 0.069
c: 15
mem: 0.0

i: 1,0,0,1,0,0,0,1,1,1,0,0,2,0,0,1
s: 8
t: 0.040
c: 11
mem: 0.0

i: 0,1,1,0,1,0,1,0,1,1,0,0,2,1,0,1
s: 10
t: 0.056
c: 13
mem: 0.0

i: 0,0,1,0,1,0,1,0,0,1,0,0,6,0,0,0
s: 8
t: 0.075
c: 16
mem: 0.0

i: 0,1,1,0,1,1,1,0,1,1,0,0,2,1,0,0
s: 9
t: 0.065
c: 14
mem: 0.0

i: 1,0,0,1,0,0,1,1,1,1,0,0,2,0,1,1
s: 5
t: 0.040
c: 11
mem: 0.0

i: 0,0,1,0,0,0,0,0,1,1,0,0,4,1,0,1
s: 9
t: 0.075
c: 15
mem: 0.0

i: 1,0,0,1,0,0,1,1,1,1,0,0,4,1,1,1
s: 5
t: 0.039
c: 12
mem: 0.0

i: 0,0,1,0,0,0,1,1,1,1,0,0,0,1,0,0
s: 9
t: 0.089
c: 15
mem: 0.0

i: 0,1,1,0,0,0,1,0,1,1,0,0,2,1,0,0
s: 5
t: 0.049
c: 12
mem: 0.0

i: 1,0,0,1,0,0,0,1,1,1,0,0,4,1,1,0
s: 5
t: 0.039
c: 12
mem: 0.0

i: 0,0,1,0,0,1,1,1,1,1,0,0,4,1,0,0
s: 9
t: 0.092
c: 16
mem: 0.0

i: 0,0,1,0,0,1,1,0,0,0,1,0,0,0,0,0
s: 9
t: 0.072
c: 17
mem: 0.0

i: 0,0,1,0,0,0,1,1,1,1,1,0,0,1,0,0
s: 9
t: 0.072
c: 15
mem: 0.0

i: 0,1,1,0,1,0,0,0,1,1,0,0,2,1,0,1
s: 5
t: 0.053
c: 13
mem: 0.0

i: 1,0,0,1,0,0,0,1,1,1,0,0,2,1,0,1
s: 8
t: 0.032
c: 11
mem: 0.0

i: 0,1,1,0,1,1,0,0,1,1,0,0,2,1,0,1
s: 9
t: 0.057
c: 14
mem: 0.0

i: 1,0,0,1,0,0,1,1,1,1,0,0,4,0,0,1
s: 5
t: 0.046
c: 11
mem: 0.0

i: 0,0,1,0,1,0,0,0,0,1,0,0,6,0,0,0
s: 6
t: 0.055
c: 15
mem: 0.0

i: 0,0,1,0,0,1,1,0,0,0,0,0,5,0,0,0
s: 8
t: 0.059
c: 16
mem: 0.0

i: 1,0,0,1,0,1,1,1,1,1,0,1,0,0,0,1
s: 7
t: 0.041
c: 12
mem: 0.0

i: 0,0,1,0,0,1,1,0,0,0,0,0,4,0,0,0
s: 8
t: 0.056
c: 16
mem: 0.0

i: 0,1,1,0,0,0,0,0,1,1,0,0,2,1,0,1
s: 5
t: 0.046
c: 12
mem: 0.0

max time: 0.09
min time: 0.03
avg time: 0.06

avg calls: 13.83
