avg vars: 496.00
avg cos: 1899.00
avg cps : 986.50
i: 0.24,0,0,0,0,0,0,0,0,0,0,0,0,0,0,0,0.0018,0.0201,0.099,0.10099999999999999,0.098
s: 1
t: 0.021
c: 7
mem: 1808.0

i: 0.75,1,0,0,0,0,0,0,0,0,0,0,0,0,0,0,0.0037,0.02,0.11199999999999999,0.09699999999999999,0.115
s: 1
t: 0.017
c: 8
mem: 1136.0

i: 0.41,1,0,0,0,0,0,0,0,0,0,0,0,0,0,0,0.00011999999999999999,0.013999999999999999,0.184,0.062,0.297
s: 1
t: 0.017
c: 8
mem: 784.0

i: 0.76,0,0,0,0,0,0,0,0,0,0,0,0,1,0,0,0.00232,0.0201,0.11329000000000004,0.096,0.11775999999999999
s: 1
t: 0.018
c: 8
mem: 1216.0

i: 0.2,0,0,0,0,0,0,0,0,0,0,0,0,0,0,0,0.0009,0.033,0.156,0.16699999999999998,0.09300000000000001
s: 1
t: 0.020
c: 7
mem: 704.0

i: 0.73,0,1,0,0,0,0,0,0,1,0,0,0,0,0,0,2.9999999999999997e-05,0.017,0.127,0.08900000000000001,0.14300000000000002
s: 1
t: 0.016
c: 8
mem: 416.0

i: 0.33,0,0,0,0,0,0,0,0,0,1,0,0,0,0,0,0.00016,0.052000000000000005,0.183,0.083,0.22
s: 1
t: 0.017
c: 7
mem: 256.0

i: 0.58,0,0,0,0,0,0,0,0,1,0,0,0,0,0,0,0.0018,0.0206,0.063,0.086,0.073
s: 1
t: 0.022
c: 9
mem: 528.0

i: 0.48,0,0,0,0,0,0,0,0,0,0,0,0,0,0,0,0.0029,0.022000000000000002,0.146,0.14800000000000002,0.098
s: 1
t: 0.016
c: 7
mem: 224.0

i: 0.62,0,0,0,0,0,0,0,0,0,0,0,0,0,0,0,0.057999999999999996,0.0096,0.036000000000000004,0.10099999999999999,0.036000000000000004
s: 9
t: 0.031
c: 14
mem: 448.0

i: 0.65,0,0,0,0,0,0,0,0,0,0,0,0,0,0,0,0.055,0.006999999999999999,0.015,0.10800000000000001,0.013999999999999999
s: 10
t: 0.024
c: 14
mem: 16.0

i: 0.07,1,0,0,0,0,0,0,0,0,0,0,0,0,0,0,0.0004,0.023,0.054000000000000006,0.086,0.063
s: 1
t: 0.017
c: 8
mem: 560.0

i: 0.6,1,0,0,0,0,0,0,0,0,0,0,0,0,0,0,0.0005200000000000001,0.026000000000000002,0.11900000000000001,0.10400000000000001,0.114
s: 1
t: 0.013
c: 8
mem: 224.0

i: 0.8,0,0,0,0,0,0,0,0,0,0,0,0,0,0,0,0.0022,0.006,0.08,0.07,0.115
s: 1
t: 0.014
c: 7
mem: 96.0

i: 0.67,0,0,0,0,0,0,0,0,0,0,0,0,0,0,0,0.0028,0.018000000000000002,0.14300000000000002,0.091,0.157
s: 1
t: 0.016
c: 7
mem: 192.0

i: 0.57,1,0,0,0,0,0,0,0,0,0,0,0,0,0,0,0.0013,0.0201,0.133,0.1,0.133
s: 1
t: 0.016
c: 8
mem: 912.0

i: 0.59,1,0,0,0,0,0,0,0,0,0,0,0,0,0,0,0.0028,0.018000000000000002,0.10099999999999999,0.107,0.094
s: 1
t: 0.013
c: 8
mem: 352.0

i: 0.79,1,0,0,0,0,0,0,0,0,0,0,0,0,0,0,0.00028,0.015,0.138,0.099,0.139
s: 1
t: 0.017
c: 8
mem: 320.0

i: 0.28,0,0,0,0,0,0,0,0,0,0,0,0,0,0,0,0.054000000000000006,0.0208,0.05,0.11,0.046
s: 10
t: 0.024
c: 14
mem: 0.0

i: 0.65,0,0,0,0,0,0,0,0,0,0,0,0,0,0,0,0.0014,0.025,0.18,0.125,0.14400000000000002
s: 1
t: 0.014
c: 7
mem: 288.0

i: 0.63,0,0,0,0,0,0,0,0,0,0,0,0,0,0,0,0.0039,0.018000000000000002,0.10300000000000001,0.084,0.124
s: 1
t: 0.020
c: 7
mem: 256.0

i: 0.66,0,0,0,0,0,0,0,0,0,0,0,0,0,0,0,0.0025,0.016,0.073,0.08,0.092
s: 1
t: 0.014
c: 7
mem: 288.0

i: 0.28,0,0,0,0,0,0,0,0,0,0,0,0,0,0,0,0.0019,0.0206,0.10400000000000001,0.10400000000000001,0.098
s: 1
t: 0.021
c: 7
mem: 400.0

i: 0.61,0,0,0,0,0,0,0,0,0,0,0,0,0,0,0,0.00016999999999999999,0.024,0.122,0.1,0.122
s: 1
t: 0.014
c: 7
mem: 336.0

i: 0.59,0,0,0,0,0,0,0,0,0,0,0,0,0,0,0,0.0033,0.023,0.14,0.11,0.127
s: 1
t: 0.011
c: 7
mem: 528.0

i: 0.62,0,0,0,0,0,0,0,0,0,0,0,0,0,0,0,0.0037,0.0206,0.086,0.091,0.095
s: 1
t: 0.019
c: 7
mem: 512.0

i: 0.52,1,0,0,0,0,0,0,0,1,0,0,0,0,0,0,0.0013,0.02,0.102,0.099,0.10282000000000001
s: 1
t: 0.031
c: 9
mem: 80.0

i: 0.59,0,0,0,0,0,0,0,0,0,0,0,0,1,0,0,0.0008300000000000001,0.023,0.11900000000000001,0.111,0.107
s: 1
t: 0.014
c: 7
mem: 256.0

i: 0.89,0,0,0,0,0,0,0,0,0,0,0,0,0,0,0,0.0025,0.018000000000000002,0.086,0.10400000000000001,0.083
s: 1
t: 0.013
c: 7
mem: 160.0

i: 0.32,1,0,0,0,0,0,0,0,0,0,0,0,0,0,1,0.0015,0.027000000000000003,0.163,0.114,0.14300000000000002
s: 1
t: 0.032
c: 9
mem: 64.0

i: 0.4,1,0,0,0,0,0,0,0,0,0,0,0,0,0,0,5e-05,0.025,0.131,0.091,0.14400000000000002
s: 1
t: 0.018
c: 8
mem: 288.0

i: 0.64,0,0,0,0,0,0,0,0,0,0,0,0,0,0,0,8e-05,0.013000000000000001,0.105,0.10400000000000001,0.10099999999999999
s: 1
t: 0.024
c: 7
mem: 0.0

i: 0.7,0,0,0,0,0,0,0,0,0,0,0,0,0,0,0,0.0008,0.018000000000000002,0.08199999999999999,0.077,0.107
s: 1
t: 0.017
c: 7
mem: 176.0

i: 0.5,1,0,0,0,0,0,0,0,0,0,0,0,0,0,0,0.151,0.01,0.032,0.11599999999999999,0.027999999999999997
s: 9
t: 0.025
c: 15
mem: 288.0

i: 0.87,0,0,0,0,0,0,0,0,0,0,0,0,0,0,0,0.0064,0.0005,0.04,0.068,0.059000000000000004
s: 10
t: 0.030
c: 14
mem: 800.0

i: 0.57,0,0,0,0,0,0,0,0,0,0,0,0,0,0,0,0.013000000000000001,0.012,0.10800000000000001,0.09,0.12
s: 8
t: 0.043
c: 15
mem: 64.0

i: 0.39,1,0,0,0,0,0,0,0,0,0,0,0,0,0,0,0.0028,0.0201,0.08900000000000001,0.09,0.099
s: 1
t: 0.014
c: 8
mem: 0.0

i: 0.27,1,0,0,0,0,0,0,0,0,0,0,0,0,0,1,0.0014,0.023,0.132,0.094,0.14
s: 1
t: 0.018
c: 9
mem: 272.0

i: 0.41,1,0,0,0,0,0,0,0,0,0,0,0,0,0,0,0.00025,0.031,0.134,0.1,0.134
s: 1
t: 0.014
c: 8
mem: 736.0

i: 0.51,0,0,0,0,0,0,0,0,0,0,0,0,1,0,0,0.0014,0.023,0.122,0.11,0.111
s: 1
t: 0.019
c: 7
mem: 480.0

i: 0.16,0,0,0,0,0,0,0,0,0,1,0,0,0,0,0,5e-05,0.062,0.255,0.10400000000000001,0.244
s: 1
t: 0.014
c: 7
mem: 80.0

i: 0.5,0,0,0,0,0,0,0,0,0,0,0,0,0,0,0,0.0016,0.024,0.111,0.1,0.111
s: 1
t: 0.016
c: 7
mem: 32.0

i: 0.49,1,0,0,0,0,0,0,0,0,0,0,0,0,0,0,0.00088,0.012,0.11,0.08,0.138
s: 1
t: 0.019
c: 8
mem: 96.0

i: 0.3,1,0,0,0,0,0,0,0,0,0,0,0,0,0,0,0.0025,0.013999999999999999,0.077,0.07,0.11
s: 1
t: 0.017
c: 8
mem: 32.0

i: 0.65,0,0,0,0,0,0,0,0,0,0,0,0,0,0,0,0.0022,0.019,0.10099999999999999,0.099,0.102
s: 1
t: 0.017
c: 7
mem: 0.0

i: 0.55,0,0,0,0,0,0,0,0,0,1,0,0,0,0,0,2e-05,0.027999999999999997,0.105,0.096,0.10914000000000001
s: 1
t: 0.023
c: 7
mem: 48.0

i: 0.15,0,0,0,0,0,0,0,0,0,0,0,0,0,0,0,0.0026,0.024,0.1,0.099,0.1008
s: 1
t: 0.012
c: 7
mem: 336.0

i: 0.26,0,0,0,0,0,0,0,0,0,0,0,0,0,0,0,0.0018899999999999998,0.0206,0.11118,0.099,0.11207
s: 1
t: 0.017
c: 7
mem: 48.0

i: 0.24,1,0,0,0,0,0,0,0,0,0,0,0,0,0,0,0.0023,0.02,0.121,0.081,0.149
s: 1
t: 0.013
c: 8
mem: 32.0

i: 0.25,0,0,0,0,0,0,0,0,0,0,0,0,0,0,0,0.00232,0.0201,0.11,0.10800000000000001,0.102
s: 1
t: 0.013
c: 7
mem: 48.0

i: 0.65,1,0,0,0,0,0,0,0,0,0,0,0,0,0,0,0.0016,0.013999999999999999,0.078,0.08199999999999999,0.096
s: 1
t: 0.017
c: 8
mem: 0.0

i: 0.59,0,0,0,0,0,0,0,0,0,0,0,0,0,0,0,0.0018899999999999998,0.022000000000000002,0.11118,0.099,0.11207
s: 1
t: 0.017
c: 7
mem: 96.0

i: 0.67,0,0,0,0,0,0,0,0,0,0,0,0,0,0,0,0.01,0.0201,0.155,0.15,0.10300000000000001
s: 4
t: 0.023
c: 10
mem: 16.0

i: 0.8,0,0,0,0,0,0,0,0,0,0,0,0,0,0,0,0.0009400000000000001,0.011000000000000001,0.133,0.083,0.16
s: 1
t: 0.012
c: 7
mem: 48.0

i: 0.3,0,0,0,0,0,0,0,0,0,0,0,0,0,0,0,0.0009,0.019,0.076,0.083,0.092
s: 1
t: 0.023
c: 7
mem: 64.0

i: 0.54,1,0,0,0,0,0,0,0,0,0,0,0,0,0,0,0.0013,0.011000000000000001,0.13,0.10300000000000001,0.127
s: 1
t: 0.020
c: 8
mem: 80.0

i: 0.27,1,0,0,0,0,0,0,0,0,0,0,0,0,0,0,0.0027,0.027000000000000003,0.11599999999999999,0.087,0.134
s: 1
t: 0.019
c: 8
mem: 128.0

i: 0.56,0,0,0,0,0,0,0,1,0,0,0,0,0,0,0,0.0027,0.015,0.10300000000000001,0.095,0.109
s: 1
t: 0.022
c: 8
mem: 16.0

i: 0.41,0,0,0,0,0,0,0,0,0,0,0,0,0,0,0,0.0013,0.025,0.125,0.114,0.109
s: 1
t: 0.012
c: 7
mem: 112.0

i: 0.27,0,0,0,0,0,0,0,0,0,0,0,0,0,0,0,0.0018,0.033,0.11900000000000001,0.131,0.09
s: 1
t: 0.017
c: 7
mem: 0.0

i: 0.51,0,1,0,0,0,0,0,0,0,0,0,0,0,0,0,8e-05,0.0201,0.146,0.08199999999999999,0.17800000000000002
s: 1
t: 0.012
c: 7
mem: 16.0

i: 0.17,1,0,0,0,0,0,0,0,0,0,0,0,0,0,0,0.0016,0.0201,0.078,0.076,0.10300000000000001
s: 1
t: 0.022
c: 8
mem: 128.0

i: 0.8,0,1,0,0,0,0,0,0,0,0,0,0,0,0,0,0.0079,0.015,0.106,0.094,0.113
s: 2
t: 0.027
c: 9
mem: 16.0

i: 0.3,0,0,0,0,0,0,0,0,0,0,0,0,0,0,0,0.0023,0.0201,0.125,0.109,0.114
s: 1
t: 0.012
c: 7
mem: 48.0

i: 0.63,0,0,0,0,0,0,0,0,0,0,0,0,0,0,0,7e-05,0.011000000000000001,0.145,0.087,0.16699999999999998
s: 1
t: 0.021
c: 7
mem: 16.0

i: 0.38,0,0,0,0,0,0,0,0,0,0,0,0,0,0,0,0.0015,0.0208,0.109,0.102,0.107
s: 1
t: 0.012
c: 7
mem: 0.0

i: 0.44,1,0,0,0,0,0,0,0,0,0,0,0,0,0,0,0.0028,0.023,0.129,0.124,0.10300000000000001
s: 1
t: 0.020
c: 8
mem: 0.0

i: 0.44,1,0,0,0,0,0,0,0,0,0,0,0,1,0,0,1e-05,0.0206,0.135,0.08199999999999999,0.166
s: 1
t: 0.016
c: 8
mem: 48.0

i: 0.7,0,0,0,0,0,0,0,0,0,0,0,0,0,0,0,0.0011,0.026000000000000002,0.11699999999999999,0.10400000000000001,0.111
s: 1
t: 0.016
c: 7
mem: 128.0

i: 0.51,0,0,0,0,0,0,0,0,0,0,0,0,0,0,0,0.012,0.015,0.106,0.092,0.115
s: 8
t: 0.034
c: 15
mem: 288.0

i: 0.19,0,0,0,1,0,0,0,0,0,0,0,0,0,0,0,0.0001,0.0419,0.128,0.098,0.13
s: 1
t: 0.019
c: 8
mem: 0.0

i: 0.69,0,0,0,0,0,0,0,0,0,0,0,0,0,0,0,0.00232,0.0201,0.09,0.091,0.099
s: 1
t: 0.021
c: 7
mem: 0.0

i: 0.47,0,0,0,0,0,0,0,0,0,0,0,0,0,0,0,0.011000000000000001,0.0208,0.095,0.107,0.08900000000000001
s: 9
t: 0.046
c: 17
mem: 0.0

i: 0.3,0,0,0,0,0,1,0,0,0,0,0,0,0,0,0,0.0007099999999999999,0.031,0.125,0.139,0.09
s: 1
t: 0.013
c: 7
mem: 0.0

i: 0.88,0,0,0,0,0,0,0,0,0,0,0,0,0,0,0,0.0035,0.016,0.094,0.094,0.1
s: 1
t: 0.016
c: 7
mem: 128.0

i: 0.38,0,0,0,0,0,0,0,0,0,0,0,0,0,0,0,0.00039,0.0208,0.111,0.091,0.122
s: 1
t: 0.017
c: 7
mem: 208.0

i: 0.7,0,0,0,0,1,0,0,0,0,0,0,0,0,0,0,0.0003,0.018000000000000002,0.098,0.09300000000000001,0.105
s: 1
t: 0.017
c: 7
mem: 112.0

i: 0.36,0,0,0,0,0,0,0,0,0,0,0,0,0,0,0,0.0012,0.026000000000000002,0.14800000000000002,0.129,0.115
s: 1
t: 0.018
c: 7
mem: 160.0

i: 0.41,0,0,0,0,0,0,0,0,0,1,0,0,0,0,0,0.0018899999999999998,0.0206,0.11118,0.099,0.11207
s: 1
t: 0.013
c: 7
mem: 272.0

i: 0.72,0,0,0,0,0,0,0,0,0,0,0,0,0,0,0,0.015,0.022000000000000002,0.098,0.129,0.076
s: 9
t: 0.051
c: 17
mem: 32.0

i: 0.46,0,0,0,0,0,0,0,0,0,1,0,0,0,0,0,0.002,0.022000000000000002,0.092,0.071,0.13
s: 1
t: 0.017
c: 7
mem: 256.0

i: 0.71,0,1,0,0,0,0,0,0,0,0,0,0,0,0,0,0.0008300000000000001,0.03,0.154,0.114,0.135
s: 1
t: 0.017
c: 7
mem: 848.0

i: 0.41,0,0,0,0,0,0,0,0,0,0,0,0,0,0,1,0.0045,0.0201,0.09699999999999999,0.085,0.114
s: 1
t: 0.017
c: 8
mem: 32.0

i: 0.71,0,0,0,0,0,0,0,0,0,0,0,0,0,0,0,0.00056,0.006,0.049,0.054000000000000006,0.09
s: 1
t: 0.014
c: 7
mem: 192.0

i: 0.74,0,0,0,0,0,0,0,0,0,0,0,0,0,0,0,0.00033,0.023,0.099,0.098,0.10099999999999999
s: 1
t: 0.017
c: 7
mem: 16.0

i: 0.32,0,0,0,0,0,0,0,0,0,0,0,0,0,0,0,0.0028,0.0201,0.08800000000000001,0.07400000000000001,0.12
s: 1
t: 0.016
c: 7
mem: 80.0

i: 0.7,1,1,0,0,0,0,0,1,1,0,0,0,0,0,0,0.037000000000000005,0.013000000000000001,0.094,0.1,0.094
s: 2
t: 0.024
c: 12
mem: 112.0

i: 0.21,0,0,0,0,0,0,0,0,0,0,0,0,0,0,0,0.0019,0.0201,0.12,0.11599999999999999,0.102
s: 1
t: 0.017
c: 7
mem: 80.0

i: 0.44,1,1,0,0,0,0,0,0,0,0,0,0,0,0,0,2e-05,0.0201,0.172,0.099,0.174
s: 1
t: 0.027
c: 8
mem: 0.0

i: 0.82,0,0,0,0,0,0,0,0,0,0,0,0,0,0,0,0.0005,0.0206,0.125,0.084,0.149
s: 1
t: 0.016
c: 7
mem: 0.0

i: 0.75,0,0,0,0,0,0,0,0,0,0,0,0,0,0,0,0.00057,0.0201,0.135,0.08800000000000001,0.153
s: 1
t: 0.018
c: 7
mem: 0.0

i: 0.73,0,1,0,0,0,0,0,1,1,0,0,0,0,0,0,0.0032,0.0201,0.121,0.08800000000000001,0.13699999999999998
s: 1
t: 0.023
c: 10
mem: 224.0

i: 0.47,1,0,0,0,1,0,0,0,0,0,0,0,0,0,0,0.00232,0.0201,0.114,0.111,0.102
s: 1
t: 0.021
c: 8
mem: 0.0

i: 0.48,0,0,0,0,0,0,0,0,0,0,0,0,0,0,0,0.00042,0.024,0.134,0.114,0.11699999999999999
s: 1
t: 0.014
c: 7
mem: 64.0

i: 0.52,0,1,0,0,0,0,0,0,0,0,0,0,0,0,0,0.0012,0.0208,0.14400000000000002,0.125,0.115
s: 1
t: 0.015
c: 7
mem: 176.0

i: 0.39,1,0,0,0,0,0,0,0,0,1,0,0,0,0,0,0.0015,0.016,0.066,0.115,0.057
s: 1
t: 0.021
c: 8
mem: 0.0

i: 0.35,0,0,0,0,0,0,0,0,0,1,0,0,0,0,0,0.0005200000000000001,0.026000000000000002,0.091,0.09699999999999999,0.094
s: 1
t: 0.016
c: 7
mem: 32.0

i: 0.16,0,1,0,0,0,0,0,0,0,0,0,0,1,0,0,0.028999999999999998,0.019,0.057999999999999996,0.10300000000000001,0.055999999999999994
s: 9
t: 0.029
c: 14
mem: 0.0

i: 0.64,0,0,0,0,0,0,0,1,0,0,0,0,0,0,0,0.0022,0.023,0.113,0.069,0.16399999999999998
s: 1
t: 0.019
c: 8
mem: 48.0

i: 0.76,0,0,0,0,0,0,0,0,0,0,0,0,0,0,0,0.0,0.03,0.158,0.087,0.183
s: 1
t: 0.024
c: 7
mem: 16.0

i: 0.62,0,0,0,0,0,0,0,0,0,0,0,0,0,0,0,0.00232,0.0201,0.131,0.113,0.11599999999999999
s: 1
t: 0.020
c: 7
mem: 16.0

i: 0.53,0,0,0,0,0,0,0,0,0,0,0,0,0,0,0,0.00033,0.004,0.083,0.054000000000000006,0.154
s: 1
t: 0.022
c: 7
mem: 16.0

i: 0.45,0,0,0,0,0,0,0,0,0,0,0,0,0,0,0,2e-05,0.013999999999999999,0.14400000000000002,0.099,0.14515999999999998
s: 1
t: 0.013
c: 7
mem: 16.0

i: 0.26,1,0,0,0,0,0,0,0,0,0,0,0,0,0,0,0.0008900000000000002,0.02,0.08,0.07,0.114
s: 1
t: 0.015
c: 8
mem: 0.0

i: 0.52,0,0,0,0,0,0,0,0,0,0,0,0,0,0,0,0.0022,0.026000000000000002,0.106,0.09699999999999999,0.109
s: 1
t: 0.019
c: 7
mem: 128.0

i: 0.42,1,0,0,0,0,0,0,0,0,0,0,0,0,0,0,0.0027,0.017,0.16699999999999998,0.096,0.17359000000000002
s: 1
t: 0.020
c: 8
mem: 0.0

i: 0.45,1,0,0,0,0,0,0,0,0,0,0,0,0,0,1,0.00075,0.023,0.11900000000000001,0.094,0.126
s: 1
t: 0.022
c: 9
mem: 128.0

i: 0.74,0,0,0,0,0,0,0,1,0,0,0,0,0,0,0,0.0011,0.024,0.095,0.109,0.086
s: 1
t: 0.020
c: 8
mem: 0.0

i: 0.47,1,1,0,0,0,0,0,0,0,0,0,0,0,0,0,0.0028,0.015,0.091,0.092,0.099
s: 1
t: 0.028
c: 8
mem: 0.0

i: 0.6,0,0,1,0,0,0,0,0,0,0,0,0,0,0,0,0.00232,0.0201,0.099,0.10300000000000001,0.096
s: 1
t: 0.013
c: 8
mem: 0.0

i: 0.73,0,0,0,0,0,0,0,0,0,0,0,0,0,0,0,0.0046,0.008,0.091,0.086,0.106
s: 1
t: 0.015
c: 7
mem: 0.0

i: 0.72,1,0,0,0,0,0,0,0,0,0,0,0,0,0,0,0.0011,0.018000000000000002,0.126,0.081,0.156
s: 1
t: 0.021
c: 8
mem: 0.0

i: 0.29,0,0,0,0,0,0,0,0,0,0,0,0,0,0,0,0.0014,0.0208,0.146,0.12,0.121
s: 1
t: 0.017
c: 7
mem: 32.0

i: 0.73,1,0,0,0,0,0,0,0,0,0,0,0,0,0,0,0.0020800000000000003,0.023,0.10400000000000001,0.094,0.11
s: 1
t: 0.019
c: 8
mem: 0.0

i: 0.37,0,0,0,0,0,0,0,0,0,0,0,0,0,0,0,0.0012,0.013999999999999999,0.07200000000000001,0.047,0.153
s: 1
t: 0.012
c: 7
mem: 0.0

i: 0.48,1,0,0,0,0,0,0,0,0,0,0,0,0,0,0,0.0016,0.023,0.08199999999999999,0.08900000000000001,0.091
s: 1
t: 0.018
c: 8
mem: 0.0

i: 0.67,0,0,0,0,0,0,0,0,0,0,0,0,0,0,0,0.0041,0.019,0.10400000000000001,0.09699999999999999,0.107
s: 1
t: 0.013
c: 7
mem: 96.0

i: 0.41,1,0,0,0,1,0,0,0,0,0,0,0,0,0,0,0.00039,0.019,0.12,0.10300000000000001,0.11699999999999999
s: 1
t: 0.020
c: 8
mem: 128.0

i: 0.84,0,0,0,0,0,0,1,0,0,0,0,0,0,0,0,0.0009,0.017,0.099,0.079,0.125
s: 1
t: 0.017
c: 8
mem: 64.0

i: 0.43,1,0,0,0,0,0,0,0,0,0,0,0,0,0,0,0.0009,0.015,0.076,0.081,0.09300000000000001
s: 1
t: 0.019
c: 8
mem: 192.0

i: 0.46,1,0,0,0,0,0,0,0,0,0,0,0,0,0,0,0.00045999999999999996,0.023,0.09300000000000001,0.08900000000000001,0.10400000000000001
s: 1
t: 0.021
c: 8
mem: 16.0

i: 0.55,1,0,0,0,1,0,0,0,1,0,0,0,0,0,0,0.00859,0.003,0.073,0.076,0.096
s: 7
t: 0.040
c: 15
mem: 32.0

i: 0.23,0,0,0,0,0,0,0,0,0,0,0,0,0,0,0,0.0025,0.034,0.165,0.152,0.10800000000000001
s: 1
t: 0.016
c: 7
mem: 64.0

i: 0.5219,0,0,0,0,0,0,0,0,0,0,0,0,0,0,0,0.0015,0.0201,0.132,0.102,0.129
s: 1
t: 0.016
c: 7
mem: 0.0

i: 0.35,0,0,0,0,0,0,0,0,0,0,0,0,0,0,0,0.0027,0.017,0.10099999999999999,0.099,0.10181
s: 1
t: 0.016
c: 7
mem: 208.0

i: 0.78,0,0,0,0,0,0,0,0,0,0,0,0,0,0,0,0.0063,0.0096,0.059000000000000004,0.098,0.06
s: 9
t: 0.030
c: 14
mem: 32.0

i: 0.79,0,0,0,0,0,0,0,0,0,0,0,0,0,0,0,0.0020800000000000003,0.022000000000000002,0.09699999999999999,0.10099999999999999,0.09699999999999999
s: 1
t: 0.023
c: 7
mem: 80.0

i: 0.49,0,0,0,0,0,0,0,0,0,1,0,0,0,0,0,0.00232,0.0201,0.14800000000000002,0.107,0.138
s: 1
t: 0.012
c: 7
mem: 32.0

i: 0.71,0,0,0,0,0,0,1,0,0,0,0,0,0,0,0,2.9999999999999997e-05,0.015,0.10400000000000001,0.10400000000000001,0.1
s: 1
t: 0.019
c: 8
mem: 80.0

i: 0.65,0,0,0,0,0,0,0,0,0,0,0,0,0,0,0,0.0016,0.0208,0.10400000000000001,0.132,0.079
s: 1
t: 0.018
c: 7
mem: 0.0

i: 0.37,1,0,0,0,0,0,0,0,0,0,0,0,0,0,1,0.0011,0.02,0.111,0.091,0.12300000000000001
s: 1
t: 0.032
c: 9
mem: 0.0

i: 0.72,0,0,0,0,0,0,0,0,0,0,0,0,0,0,0,0.00232,0.027000000000000003,0.11329000000000004,0.096,0.11775999999999999
s: 1
t: 0.026
c: 7
mem: 32.0

i: 0.27,1,0,0,0,0,0,0,0,0,0,0,0,0,0,0,0.0023,0.019,0.094,0.10400000000000001,0.08900000000000001
s: 1
t: 0.030
c: 8
mem: 128.0

i: 0.65,1,0,0,0,0,0,0,0,0,0,0,0,0,0,0,0.0077,0.013999999999999999,0.079,0.092,0.086
s: 7
t: 0.052
c: 16
mem: 112.0

i: 0.68,0,0,0,0,0,0,0,0,0,1,0,0,0,0,0,0.00033,0.031,0.10300000000000001,0.11,0.094
s: 1
t: 0.016
c: 7
mem: 160.0

i: 0.7,0,1,0,0,0,0,0,1,1,0,0,0,0,0,0,0.0001,0.0208,0.126,0.083,0.152
s: 1
t: 0.022
c: 10
mem: 48.0

i: 0.71,0,0,0,0,0,0,0,0,0,0,0,0,0,0,0,0.0051,0.018000000000000002,0.087,0.08900000000000001,0.098
s: 1
t: 0.016
c: 7
mem: 0.0

i: 0.39,0,0,0,0,0,0,0,0,0,0,0,0,0,0,0,0.0044,0.011000000000000001,0.063,0.08,0.078
s: 1
t: 0.022
c: 7
mem: 48.0

i: 0.47,1,0,0,0,0,0,0,0,0,0,0,0,0,0,0,0.0011,0.0208,0.094,0.079,0.11900000000000001
s: 1
t: 0.018
c: 8
mem: 0.0

i: 0.76,0,0,0,0,0,0,0,0,0,0,0,0,0,0,0,0.00085,0.0201,0.094,0.052000000000000005,0.177
s: 1
t: 0.015
c: 7
mem: 80.0

i: 0.26,0,1,0,0,0,0,0,0,0,0,0,1,0,0,0,0.00232,0.03,0.18899999999999997,0.121,0.156
s: 1
t: 0.020
c: 8
mem: 48.0

i: 0.44,1,0,0,0,0,0,0,0,0,0,1,0,0,0,0,0.0016,0.017,0.087,0.08900000000000001,0.098
s: 1
t: 0.018
c: 8
mem: 16.0

i: 0.61,0,1,0,0,0,0,0,0,0,0,0,0,0,0,0,0.0005099999999999999,0.0206,0.09,0.081,0.111
s: 1
t: 0.017
c: 7
mem: 48.0

i: 0.65,0,0,0,0,0,0,0,0,1,0,0,0,0,0,0,5e-05,0.0201,0.147,0.114,0.129
s: 1
t: 0.030
c: 9
mem: 16.0

i: 0.25,0,1,0,0,0,0,1,0,0,0,0,0,0,0,0,0.0011,0.026000000000000002,0.212,0.175,0.121
s: 1
t: 0.030
c: 10
mem: 48.0

i: 0.55,1,0,0,0,0,0,0,0,0,0,0,0,0,0,0,0.0011,0.0201,0.084,0.08199999999999999,0.102
s: 1
t: 0.029
c: 8
mem: 16.0

i: 0.48,0,0,0,0,0,0,0,0,0,0,0,0,0,0,0,0.0028,0.0206,0.11199999999999999,0.092,0.121
s: 1
t: 0.014
c: 7
mem: 96.0

i: 0.71,1,0,0,0,0,0,0,1,0,0,0,0,0,0,0,0.0028,0.0201,0.106,0.08800000000000001,0.12
s: 1
t: 0.020
c: 9
mem: 128.0

i: 0.14,1,0,0,0,0,0,0,0,0,0,0,0,0,0,0,0.0014,0.0206,0.091,0.09300000000000001,0.098
s: 1
t: 0.017
c: 8
mem: 0.0

i: 0.58,0,0,0,0,0,0,0,0,0,0,0,0,0,0,0,0.022000000000000002,0.023,0.19699999999999998,0.092,0.213
s: 3
t: 0.018
c: 9
mem: 0.0

i: 0.74,0,0,0,0,0,0,0,0,0,0,0,0,0,0,0,0.009290000000000001,0.024,0.11699999999999999,0.107,0.10800000000000001
s: 9
t: 0.043
c: 17
mem: 0.0

i: 0.53,0,0,0,0,0,0,0,0,0,0,0,0,0,0,0,0.0031,0.024,0.087,0.094,0.09300000000000001
s: 1
t: 0.013
c: 7
mem: 0.0

i: 0.61,1,0,0,0,1,0,0,0,0,0,0,0,0,0,0,0.0006,0.01,0.096,0.09300000000000001,0.10400000000000001
s: 1
t: 0.016
c: 8
mem: 160.0

i: 0.85,0,0,0,0,0,0,0,0,0,1,0,0,0,0,0,0.032,0.0096,0.055,0.08900000000000001,0.062
s: 10
t: 0.023
c: 14
mem: 144.0

i: 0.77,0,0,0,0,0,0,0,0,0,0,0,0,0,0,0,0.0041,0.0208,0.098,0.11199999999999999,0.087
s: 1
t: 0.017
c: 7
mem: 0.0

i: 0.45,1,0,0,0,0,0,0,0,0,0,0,0,0,0,0,0.061,0.006,0.023,0.087,0.026000000000000002
s: 9
t: 0.032
c: 15
mem: 0.0

i: 0.22,0,1,0,0,0,0,0,0,0,1,0,0,0,0,0,0.0002,0.023,0.147,0.10099999999999999,0.145
s: 1
t: 0.017
c: 7
mem: 128.0

i: 0.51,0,1,0,0,0,0,0,0,0,0,0,0,0,0,0,0.00011,0.0208,0.135,0.10800000000000001,0.125
s: 1
t: 0.023
c: 7
mem: 864.0

i: 0.55,0,0,0,0,0,0,0,0,0,0,0,0,0,0,0,0.00013000000000000002,0.01,0.102,0.08199999999999999,0.124
s: 1
t: 0.019
c: 7
mem: 0.0

i: 0.2,1,1,0,0,0,0,0,0,1,0,0,0,0,0,0,0.012,0.027000000000000003,0.121,0.096,0.12577
s: 2
t: 0.025
c: 11
mem: 0.0

i: 0.83,0,0,0,0,0,0,0,0,1,0,0,0,0,0,0,0.0027,0.013000000000000001,0.1,0.083,0.121
s: 1
t: 0.017
c: 8
mem: 0.0

i: 0.51,0,0,0,0,0,0,1,0,0,0,0,0,0,0,0,0.002,0.0206,0.109,0.091,0.12
s: 1
t: 0.014
c: 8
mem: 0.0

i: 0.29,0,0,0,0,0,1,0,0,0,0,0,0,1,0,0,0.0014,0.034,0.147,0.149,0.099
s: 1
t: 0.023
c: 7
mem: 16.0

i: 0.72,1,0,0,0,0,0,0,0,0,1,0,0,0,0,0,0.004,0.0201,0.138,0.15,0.092
s: 1
t: 0.027
c: 8
mem: 80.0

i: 0.49,1,0,0,0,0,0,0,0,0,0,0,0,0,0,0,0.0012,0.0201,0.098,0.08900000000000001,0.11
s: 1
t: 0.019
c: 8
mem: 16.0

i: 0.48,0,0,0,0,0,0,0,0,1,0,0,0,0,0,1,0.0007700000000000001,0.011000000000000001,0.081,0.086,0.095
s: 1
t: 0.022
c: 9
mem: 48.0

i: 0.38,0,0,0,0,0,0,0,0,0,0,0,1,0,0,0,0.00088,0.016,0.10800000000000001,0.085,0.127
s: 1
t: 0.020
c: 8
mem: 0.0

i: 0.67,0,0,0,0,0,0,0,0,1,0,0,0,0,0,0,0.0005200000000000001,0.013999999999999999,0.129,0.096,0.134
s: 1
t: 0.019
c: 8
mem: 64.0

i: 0.57,0,0,0,0,0,0,0,0,0,1,0,0,0,0,0,7e-05,0.016,0.075,0.109,0.069
s: 1
t: 0.017
c: 7
mem: 64.0

i: 0.38,0,0,0,0,0,0,0,0,0,0,0,0,0,0,0,0.0075,0.017,0.076,0.095,0.08
s: 7
t: 0.046
c: 15
mem: 16.0

i: 0.28,1,0,0,0,0,0,0,0,0,0,0,0,0,0,1,0.0005,0.022000000000000002,0.08900000000000001,0.10400000000000001,0.084
s: 1
t: 0.021
c: 9
mem: 48.0

i: 0.33,1,0,0,0,0,0,0,0,0,0,0,0,0,0,1,0.001,0.013999999999999999,0.08800000000000001,0.078,0.113
s: 1
t: 0.021
c: 9
mem: 32.0

i: 0.35,0,0,0,0,0,0,0,0,0,0,0,0,0,0,0,0.002,0.032,0.146,0.12,0.122
s: 1
t: 0.015
c: 7
mem: 128.0

i: 0.63,0,0,0,0,0,0,0,0,0,0,0,0,0,0,0,0.00042,0.0208,0.145,0.102,0.142
s: 1
t: 0.024
c: 7
mem: 0.0

i: 0.41,0,0,0,0,0,0,0,0,0,0,0,0,0,0,0,0.0018899999999999998,0.0206,0.11118,0.099,0.11207
s: 1
t: 0.017
c: 7
mem: 208.0

i: 0.7,1,0,0,0,0,0,0,0,0,0,0,0,0,0,0,0.0067,0.017,0.11699999999999999,0.10400000000000001,0.113
s: 7
t: 0.041
c: 16
mem: 48.0

i: 0.22,0,0,0,0,0,0,0,0,0,0,0,0,0,0,0,0.0034,0.0201,0.213,0.17600000000000002,0.121
s: 1
t: 0.015
c: 7
mem: 80.0

i: 0.62,1,0,0,0,0,0,0,0,0,0,0,0,0,0,1,0.0011,0.02,0.139,0.10400000000000001,0.134
s: 1
t: 0.024
c: 9
mem: 96.0

i: 0.6,1,0,0,0,0,0,0,0,0,0,0,0,0,0,0,0.0003,0.018000000000000002,0.114,0.1,0.114
s: 1
t: 0.019
c: 8
mem: 32.0

i: 0.7,0,0,0,0,0,0,0,0,0,0,0,0,0,0,0,0.0023,0.026000000000000002,0.11699999999999999,0.10800000000000001,0.10800000000000001
s: 1
t: 0.019
c: 7
mem: 208.0

i: 0.41,0,0,0,0,0,0,0,0,0,0,0,0,0,0,0,0.0015,0.0208,0.095,0.09699999999999999,0.098
s: 1
t: 0.018
c: 7
mem: 128.0

i: 0.41,0,1,0,0,0,0,0,0,0,0,0,0,0,0,0,2e-05,0.02,0.122,0.094,0.122
s: 1
t: 0.012
c: 7
mem: 128.0

i: 0.72,0,0,0,0,0,0,0,0,1,0,0,0,0,0,0,0.00232,0.01,0.016,0.11,0.015
s: 1
t: 0.018
c: 8
mem: 32.0

i: 0.53,0,0,0,0,0,0,0,0,1,0,0,0,0,0,0,0.00025,0.0208,0.145,0.10300000000000001,0.141
s: 1
t: 0.022
c: 9
mem: 192.0

i: 0.23,1,0,0,0,0,0,0,0,0,0,0,0,0,0,0,0.00078,0.02,0.102,0.09699999999999999,0.106
s: 1
t: 0.015
c: 8
mem: 0.0

i: 0.61,0,1,0,0,0,0,0,0,0,0,0,0,0,0,0,5.9999999999999995e-05,0.015,0.147,0.06,0.247
s: 1
t: 0.022
c: 7
mem: 48.0

i: 0.76,0,0,0,0,0,0,0,0,0,0,0,0,0,0,0,0.0001,0.028999999999999998,0.124,0.128,0.09699999999999999
s: 1
t: 0.015
c: 7
mem: 112.0

i: 0.76,0,0,0,0,1,0,0,0,0,0,0,0,0,0,0,0.0013,0.0201,0.083,0.096,0.087
s: 1
t: 0.011
c: 7
mem: 32.0

i: 0.46,0,0,0,0,0,0,0,0,0,0,0,0,0,0,0,0.0027,0.0201,0.091,0.096,0.095
s: 1
t: 0.016
c: 7
mem: 0.0

i: 0.63,0,0,0,0,0,0,0,0,0,0,0,0,0,0,0,0.0027,0.006999999999999999,0.040999999999999995,0.06,0.069
s: 1
t: 0.017
c: 7
mem: 0.0

i: 0.39,0,0,0,0,0,0,0,0,0,0,0,0,0,0,0,0.00232,0.0201,0.11329000000000004,0.096,0.11775999999999999
s: 1
t: 0.017
c: 7
mem: 0.0

i: 0.6,0,0,0,0,0,0,1,0,0,0,0,0,0,0,0,0.0017,0.026000000000000002,0.113,0.09,0.126
s: 1
t: 0.019
c: 8
mem: 96.0

i: 0.75,0,0,0,0,0,0,0,0,0,0,0,0,0,0,0,0.0016,0.015,0.085,0.094,0.09
s: 1
t: 0.013
c: 7
mem: 16.0

i: 0.83,1,0,0,0,0,0,0,0,0,0,0,0,0,0,0,0.0024,0.018000000000000002,0.099,0.076,0.13
s: 1
t: 0.023
c: 8
mem: 144.0

i: 0.76,1,0,0,0,0,0,0,0,0,0,0,0,0,0,0,0.0011,0.013999999999999999,0.099,0.06,0.165
s: 1
t: 0.020
c: 8
mem: 0.0

i: 0.7,0,0,0,0,0,0,0,0,0,0,0,0,0,0,0,0.0024,0.016,0.145,0.09699999999999999,0.149
s: 1
t: 0.016
c: 7
mem: 64.0

i: 0.48,1,0,0,0,0,0,0,0,0,0,0,0,0,0,0,0.0008,0.012,0.09699999999999999,0.09,0.107
s: 1
t: 0.016
c: 8
mem: 0.0

i: 0.66,1,0,0,0,0,0,0,0,0,0,0,0,0,0,0,0.0025,0.015,0.077,0.096,0.08004
s: 1
t: 0.019
c: 8
mem: 0.0

i: 0.39,1,0,0,0,0,0,0,0,0,0,0,0,0,0,0,1e-05,0.0201,0.098,0.075,0.131
s: 1
t: 0.013
c: 8
mem: 0.0

i: 0.26,1,0,0,0,0,0,0,0,0,0,0,0,0,0,0,0.0027,0.025,0.13,0.10800000000000001,0.121
s: 1
t: 0.019
c: 8
mem: 32.0

max time: 0.05
min time: 0.01
avg time: 0.02

avg calls: 8.30
