avg vars: 146.00
avg cos: 331.00
avg cps : 290.00
i: 67,2,2,1,1,0,0,0,0,0,0,3,0,3,1,3,3,2,3,0,1,3,0,3,3,3,0,1,0,0,0,0,1,1,3,0,3,2,2,3,0,0,1,3,1,3,3,3,0,2,2,1,0,3,3,1,1,3
s: 6
t: 0.007
c: 11
mem: 0.0

i: 21,2,2,3,2,3,3,3,3,2,1,2,1,0,0,3,2,3,3,0,0,3,1,2,1,3,3,3,2,3,0,1,0,1,1,3,1,0,2,2,1,0,3,2,3,0,0,0,1,2,3,1,3,3,1,2,3,0
s: 6
t: 0.009
c: 12
mem: 16.0

i: 33,3,3,0,2,0,2,0,2,1,0,3,2,3,1,0,2,1,1,3,1,2,0,1,0,0,1,3,3,2,1,0,3,0,0,0,3,2,1,3,3,3,1,3,3,2,3,0,2,0,1,2,3,2,1,1,1,3
s: 6
t: 0.005
c: 12
mem: 0.0

i: 90,0,3,2,1,0,3,3,3,3,3,1,1,2,1,3,3,2,3,1,3,3,1,1,3,2,0,2,1,1,2,0,1,3,1,1,1,3,0,3,0,0,3,2,1,2,1,1,3,1,1,0,3,1,2,0,1,0
s: 6
t: 0.006
c: 13
mem: 0.0

i: 102,3,1,3,1,0,0,1,2,3,0,0,1,0,1,3,3,3,0,1,0,2,1,2,2,1,2,1,2,3,1,0,3,3,3,2,0,3,0,3,2,0,3,2,1,2,1,1,1,1,2,1,3,3,1,1,1,2
s: 6
t: 0.006
c: 11
mem: 0.0

i: 58,2,1,1,3,3,1,3,1,1,0,0,0,0,1,2,3,2,3,3,3,3,3,3,2,3,3,2,3,3,0,0,3,3,1,2,2,3,2,3,0,2,0,1,3,3,2,3,0,0,0,1,1,3,0,0,0,3
s: 7
t: 0.006
c: 14
mem: 0.0

i: 75,1,0,2,2,2,2,2,3,2,2,0,2,2,0,3,3,3,0,0,2,1,1,0,3,1,3,1,1,3,2,0,3,2,0,1,2,1,0,3,0,2,3,1,0,2,1,1,1,0,3,1,0,3,2,0,0,3
s: 7
t: 0.007
c: 12
mem: 0.0

i: 100,3,2,2,2,2,0,1,2,3,1,2,3,3,0,1,3,2,0,3,1,1,2,1,0,1,2,3,3,3,0,3,2,0,3,0,3,2,1,3,0,3,1,2,3,0,1,3,1,3,3,3,0,2,1,2,0,2
s: 11
t: 0.006
c: 15
mem: 0.0

i: 80,3,2,3,0,0,0,1,3,0,0,3,2,1,1,3,3,3,0,1,2,3,2,2,2,1,2,2,3,2,0,3,3,3,3,2,3,1,3,0,1,0,0,3,1,3,3,0,1,1,1,1,1,0,1,2,3,0
s: 4
t: 0.006
c: 14
mem: 16.0

i: 97,0,0,0,1,0,0,3,3,3,1,0,2,0,0,3,0,2,0,1,0,0,0,0,0,1,3,1,3,2,0,2,3,2,3,0,0,3,0,0,3,2,3,0,2,1,1,3,1,2,3,2,3,1,3,3,2,1
s: 4
t: 0.006
c: 8
mem: 0.0

i: 46,3,2,2,1,2,3,1,3,0,3,1,2,2,3,2,0,0,1,1,3,1,1,2,2,3,0,3,1,0,0,1,2,1,3,2,2,0,0,2,2,3,2,0,1,2,1,3,0,0,1,2,1,0,2,0,3,2
s: 6
t: 0.005
c: 13
mem: 0.0

i: 62,1,0,3,1,1,3,1,2,1,0,1,1,0,2,3,1,2,0,1,2,0,1,2,2,3,3,3,0,1,2,1,3,3,3,0,1,2,3,0,3,0,2,3,2,2,1,2,0,1,0,0,3,3,3,3,3,3
s: 4
t: 0.004
c: 8
mem: 0.0

i: 44,0,3,0,3,2,0,0,1,2,3,3,2,0,2,0,1,3,2,1,1,2,1,3,2,0,2,3,3,0,3,1,0,2,1,3,2,3,2,0,0,1,2,0,1,0,3,3,1,3,2,2,1,2,3,1,3,0
s: 5
t: 0.004
c: 10
mem: 0.0

i: 47,1,2,3,1,3,0,3,1,2,2,3,2,0,0,1,1,3,1,1,2,2,3,0,3,1,0,0,1,2,1,3,2,2,0,0,2,2,3,2,0,1,2,1,3,0,0,1,2,1,0,2,0,3,2,1,0,2
s: 5
t: 0.004
c: 11
mem: 16.0

i: 26,0,2,2,0,2,2,0,0,1,3,0,1,2,1,0,0,2,2,3,3,2,2,0,0,1,0,3,1,2,2,0,2,0,2,0,3,2,1,1,0,2,1,1,0,2,1,2,1,0,1,1,3,2,1,0,1,2
s: 10
t: 0.007
c: 16
mem: 0.0

i: 3,2,0,2,2,3,2,2,1,3,0,3,2,3,2,3,0,3,2,0,1,1,2,0,0,1,2,0,2,3,1,0,0,3,1,0,2,0,1,1,2,1,3,3,3,2,0,1,3,1,3,2,2,3,0,3,3,0
s: 11
t: 0.011
c: 21
mem: 0.0

i: 48,2,1,2,2,1,0,2,1,0,1,2,3,3,3,1,1,0,1,2,1,2,2,3,2,0,2,0,2,1,1,3,1,0,2,2,0,3,3,1,0,3,2,3,1,2,0,3,2,3,1,3,3,1,1,2,2,3
s: 6
t: 0.005
c: 11
mem: 0.0

i: 104,0,1,0,2,3,3,0,3,1,1,0,1,3,0,3,3,1,1,3,2,3,2,2,0,3,0,0,1,1,0,3,2,3,2,3,0,3,3,0,2,0,2,3,3,0,2,0,0,0,0,1,0,1,2,0,2,2
s: 7
t: 0.010
c: 13
mem: 0.0

i: 68,2,0,1,0,1,1,0,3,1,2,0,0,3,2,2,1,2,1,0,0,0,0,1,1,3,3,3,1,2,1,2,2,3,0,3,2,2,1,0,3,2,0,3,0,2,1,2,1,1,1,2,2,0,0,2,0,2
s: 7
t: 0.006
c: 13
mem: 16.0

i: 16,2,1,1,0,0,3,1,0,0,3,1,0,0,2,0,0,1,3,3,2,0,0,2,2,2,3,2,2,3,0,3,1,0,2,1,1,0,0,1,0,2,1,1,3,2,0,1,0,3,1,1,3,3,1,2,3,3
s: 5
t: 0.005
c: 11
mem: 0.0

i: 7,3,3,0,1,3,2,3,2,0,0,1,0,3,3,0,3,3,1,2,3,1,3,1,1,2,1,2,0,1,3,0,1,2,0,3,2,0,2,0,3,2,1,1,3,2,0,2,3,2,1,3,3,1,1,2,3,3
s: 6
t: 0.006
c: 11
mem: 0.0

i: 59,3,3,2,3,1,0,3,0,0,3,1,2,0,1,3,3,2,3,0,0,0,1,1,0,0,0,3,3,2,0,0,0,0,2,0,3,3,3,0,2,2,3,3,3,0,1,0,0,2,3,1,3,0,1,0,1,1
s: 6
t: 0.009
c: 12
mem: 0.0

i: 34,2,0,2,0,2,1,0,3,2,3,1,0,2,1,1,3,1,2,0,1,0,0,1,3,3,2,1,0,3,0,0,0,3,2,1,3,3,3,1,3,3,2,3,0,2,0,1,2,3,2,1,1,1,3,0,1,2
s: 6
t: 0.006
c: 13
mem: 0.0

i: 103,3,1,1,0,2,3,0,3,0,0,3,3,3,2,3,3,2,2,1,0,3,0,0,3,3,0,0,2,3,0,1,2,0,1,2,0,2,3,0,0,0,0,3,3,0,1,0,3,0,1,1,3,2,1,1,1,2
s: 6
t: 0.012
c: 13
mem: 0.0

i: 66,1,0,0,2,2,3,0,2,0,0,3,2,1,3,3,3,2,1,1,3,3,2,3,1,2,2,1,1,3,2,0,3,3,0,0,3,2,2,1,0,1,2,0,3,0,2,3,1,2,1,0,3,1,2,2,0,3
s: 6
t: 0.011
c: 11
mem: 0.0

i: 51,3,0,3,3,1,3,1,0,0,1,0,0,2,0,3,3,0,0,1,1,2,0,1,0,2,0,3,3,1,0,0,3,1,3,1,2,3,2,2,0,3,2,2,0,1,2,3,3,1,0,0,1,0,3,3,2,0
s: 8
t: 0.007
c: 11
mem: 0.0

i: 94,3,1,2,3,3,2,3,0,3,0,3,3,3,1,3,3,2,0,1,0,1,1,3,3,3,3,1,2,2,1,0,3,1,2,1,1,1,3,0,0,0,0,3,3,1,2,2,1,2,3,1,1,3,1,0,3,0
s: 6
t: 0.007
c: 14
mem: 0.0

i: 14,1,3,0,1,2,2,3,2,2,2,3,0,1,0,0,3,0,3,2,1,3,2,2,0,3,2,2,0,2,0,3,2,1,2,3,3,1,0,1,3,3,1,3,2,2,3,1,3,0,1,3,2,0,1,3,1,2
s: 9
t: 0.009
c: 14
mem: 0.0

i: 43,1,3,0,3,0,3,2,1,2,1,3,1,0,3,0,1,2,0,3,0,3,2,0,0,1,2,3,3,2,0,2,0,1,3,2,1,1,2,1,3,2,0,2,3,3,0,3,1,0,2,1,3,2,3,2,0,0
s: 6
t: 0.005
c: 11
mem: 0.0

i: 78,2,0,3,1,2,1,0,1,2,0,3,1,3,2,3,0,3,0,1,3,3,0,3,3,3,2,0,2,3,0,0,0,3,3,0,0,1,1,1,0,1,2,0,3,1,1,1,0,2,1,1,0,3,3,1,3,3
s: 6
t: 0.007
c: 11
mem: 0.0

i: 72,1,1,0,3,1,0,0,0,0,0,0,0,3,0,3,3,1,3,1,0,0,1,0,3,0,0,0,0,0,0,1,3,3,3,2,3,2,3,0,0,3,0,1,3,3,2,3,0,0,1,2,1,3,0,1,0,3
s: 5
t: 0.008
c: 11
mem: 0.0

i: 31,2,0,0,2,0,1,1,0,1,2,1,1,3,1,2,1,1,0,1,1,2,0,2,3,0,2,0,1,1,1,3,3,0,2,0,2,0,2,1,0,3,2,3,1,0,2,1,1,3,1,2,0,1,0,0,1,3
s: 7
t: 0.011
c: 14
mem: 0.0

i: 79,3,3,3,1,3,0,1,0,0,0,0,1,0,1,3,3,2,0,3,0,1,3,2,3,0,3,2,0,2,1,0,3,0,1,0,2,3,0,3,0,0,3,3,2,1,3,3,1,0,0,1,0,2,0,0,1,0
s: 10
t: 0.005
c: 13
mem: 0.0

i: 98,3,1,3,2,0,0,0,3,2,0,2,1,3,2,3,3,2,0,1,0,0,3,3,0,0,3,1,0,3,1,2,0,0,1,3,0,2,3,3,0,0,1,3,0,2,3,0,1,2,1,0,0,2,3,3,1,0
s: 7
t: 0.006
c: 13
mem: 0.0

i: 5,1,2,0,0,1,2,0,2,3,1,0,0,3,1,0,2,0,1,1,2,1,3,3,3,2,0,1,3,1,3,2,2,3,0,3,3,0,1,3,2,3,2,0,0,1,0,3,3,0,3,3,1,2,3,1,3,1
s: 5
t: 0.005
c: 11
mem: 0.0

i: 69,3,0,2,2,1,0,1,1,1,1,0,2,2,1,3,3,3,0,1,0,1,3,3,3,0,3,2,1,3,3,1,1,2,2,1,3,1,2,3,0,3,2,3,3,2,3,2,3,2,2,0,0,3,3,2,3,2
s: 7
t: 0.006
c: 13
mem: 0.0

i: 87,1,3,2,1,0,0,3,3,3,3,3,1,3,0,3,3,2,1,2,2,1,1,3,2,1,2,2,0,2,0,0,1,3,1,1,1,3,0,3,0,0,3,2,1,2,1,1,3,1,1,0,3,1,2,0,1,0
s: 6
t: 0.006
c: 13
mem: 0.0

i: 95,1,1,3,3,2,0,0,0,0,0,2,0,2,2,3,3,2,0,1,2,1,3,2,1,0,0,2,2,1,3,1,3,0,3,0,1,2,1,0,3,0,0,3,2,1,2,1,1,1,1,2,1,0,0,1,2,1
s: 5
t: 0.005
c: 11
mem: 0.0

i: 65,0,3,0,3,0,0,0,0,0,0,2,3,3,1,3,3,2,1,3,3,3,1,3,0,0,1,2,3,2,0,0,0,2,3,2,2,3,3,3,0,2,2,3,3,0,0,0,0,2,0,1,0,3,1,0,2,3
s: 5
t: 0.006
c: 12
mem: 0.0

i: 49,0,1,2,1,3,0,0,1,2,1,0,2,0,3,2,1,0,2,1,2,0,0,1,2,1,3,1,2,2,1,2,3,0,3,3,1,3,1,0,0,1,0,0,2,0,3,3,0,0,1,1,2,0,1,0,2,0
s: 7
t: 0.005
c: 12
mem: 0.0

i: 35,1,0,3,2,3,1,0,2,1,1,3,1,2,0,1,0,0,1,3,3,2,1,0,3,0,0,0,3,2,1,3,3,3,1,3,3,2,3,0,2,0,1,2,3,2,1,1,1,3,0,1,2,1,2,1,3,3
s: 7
t: 0.006
c: 11
mem: 0.0

i: 92,1,1,2,3,3,3,0,3,3,3,3,3,3,1,3,0,1,1,1,0,3,0,3,1,1,3,3,2,0,0,2,1,2,2,3,2,3,3,0,3,0,0,3,2,1,1,2,1,2,1,1,1,3,1,2,0,3
s: 6
t: 0.006
c: 12
mem: 16.0

i: 105,3,1,0,2,0,0,0,3,0,3,3,0,3,2,2,3,2,0,3,2,0,0,1,3,2,3,3,3,3,3,3,3,0,3,1,1,0,2,3,0,3,0,0,3,3,3,2,3,3,2,2,1,0,3,0,0,3
s: 6
t: 0.005
c: 10
mem: 0.0

i: 30,0,0,1,1,0,3,3,1,1,2,2,3,3,2,0,1,3,1,0,0,3,2,0,2,1,0,3,1,3,1,2,0,3,2,1,0,2,1,2,3,0,1,3,1,1,3,0,1,0,3,2,0,0,3,0,2,0
s: 5
t: 0.005
c: 11
mem: 0.0

i: 32,1,1,2,0,2,3,0,2,0,1,1,1,3,3,0,2,0,2,0,2,1,0,3,2,3,1,0,2,1,1,3,1,2,0,1,0,0,1,3,3,2,1,0,3,0,0,0,3,2,1,3,3,3,1,3,3,2
s: 9
t: 0.008
c: 12
mem: 0.0

i: 96,0,0,0,3,3,0,0,0,0,3,3,3,3,0,3,3,2,0,1,3,3,0,2,2,3,1,0,1,3,0,0,0,3,0,1,3,3,3,0,0,1,1,0,0,3,0,3,0,2,2,1,0,3,0,2,1,2
s: 6
t: 0.010
c: 12
mem: 0.0

i: 41,1,0,0,3,2,2,1,1,3,1,3,0,0,0,1,2,2,2,3,1,3,3,2,0,2,2,2,2,3,3,3,3,3,3,2,1,3,2,0,0,0,2,2,0,2,2,0,0,1,3,0,3,0,3,2,1,2
s: 6
t: 0.004
c: 10
mem: 0.0

i: 20,3,2,3,3,2,0,3,3,3,3,1,1,0,3,2,1,2,2,3,2,3,3,3,3,2,1,2,1,0,0,3,2,3,3,0,0,3,1,2,1,3,3,3,2,3,0,1,0,1,1,3,1,0,2,2,1,0
s: 10
t: 0.007
c: 15
mem: 0.0

i: 4,3,0,3,2,0,1,1,2,0,0,1,2,0,2,3,1,0,0,3,1,0,2,0,1,1,2,1,3,3,3,2,0,1,3,1,3,2,2,3,0,3,3,0,1,3,2,3,2,0,0,1,0,3,3,0,3,3
s: 5
t: 0.005
c: 11
mem: 0.0

i: 83,3,3,3,3,0,0,0,3,3,3,1,1,3,1,3,3,2,3,1,0,2,2,1,1,2,2,0,0,3,0,0,1,3,1,1,1,3,0,3,0,0,3,2,1,2,1,1,0,1,1,0,1,3,2,0,1,0
s: 6
t: 0.006
c: 11
mem: 0.0

i: 76,0,0,0,0,0,1,2,3,1,0,3,1,2,1,3,3,2,1,0,3,3,0,2,0,0,0,2,2,3,3,3,1,3,2,2,1,1,2,0,1,1,3,3,0,3,0,0,1,1,0,3,3,0,0,3,3,0
s: 6
t: 0.007
c: 14
mem: 0.0

i: 50,2,3,0,3,3,1,3,1,0,0,1,0,0,2,0,3,3,0,0,1,1,2,0,1,0,2,0,3,3,1,0,0,3,1,3,1,2,3,2,2,0,3,2,2,0,1,2,3,3,1,0,0,1,0,3,3,2
s: 6
t: 0.009
c: 14
mem: 0.0

i: 15,3,0,0,1,0,3,3,0,0,3,0,0,0,3,0,0,2,2,0,2,2,1,3,1,3,0,0,3,2,2,1,0,1,3,1,0,3,3,0,2,1,1,0,0,3,1,0,0,3,1,0,0,2,0,0,1,3
s: 5
t: 0.009
c: 14
mem: 0.0

i: 73,0,3,2,1,2,1,0,0,1,2,1,2,2,2,2,3,2,0,1,0,0,2,2,2,1,2,1,2,1,0,0,0,1,1,1,3,1,3,0,3,0,1,3,2,1,2,1,2,1,1,2,0,0,2,1,3,2
s: 8
t: 0.006
c: 12
mem: 0.0

i: 45,1,0,2,1,2,2,1,0,2,1,0,1,2,3,3,3,1,1,0,1,2,1,2,2,3,2,0,2,0,2,1,1,3,1,0,2,2,0,3,3,1,0,3,2,3,1,2,0,3,2,3,1,3,3,1,1,2
s: 10
t: 0.006
c: 13
mem: 0.0

i: 55,3,3,0,2,1,2,2,0,3,1,1,3,0,1,1,3,2,0,1,2,1,3,3,3,3,3,0,3,1,2,1,0,0,1,3,1,3,1,3,0,1,3,2,3,3,3,1,3,1,1,0,3,0,1,1,1,2
s: 8
t: 0.008
c: 16
mem: 0.0

i: 64,3,0,0,0,0,0,0,1,3,0,0,1,0,2,3,3,2,3,1,0,2,1,1,3,2,3,1,1,1,2,1,3,3,0,3,0,0,2,0,3,1,0,3,0,1,2,1,1,2,3,3,0,3,0,1,2,3
s: 4
t: 0.007
c: 11
mem: 0.0

i: 39,1,3,1,2,3,1,1,3,1,0,0,3,2,2,1,1,3,1,3,0,0,0,1,2,2,2,3,1,3,3,2,0,2,2,2,2,3,3,3,3,3,3,2,1,3,2,0,0,0,2,2,0,2,2,0,0,1
s: 5
t: 0.008
c: 11
mem: 0.0

i: 71,3,2,3,2,1,0,2,3,3,3,0,3,2,2,3,3,1,1,0,0,0,0,3,1,2,1,1,3,3,3,3,2,1,3,2,3,0,3,0,3,0,1,3,1,0,1,0,2,1,0,3,0,0,1,3,2,3
s: 7
t: 0.005
c: 11
mem: 0.0

i: 22,0,2,2,1,0,3,2,3,0,0,0,1,2,3,1,3,3,1,2,3,0,2,1,2,1,0,3,1,0,2,3,2,1,3,3,3,1,3,3,0,1,3,2,3,2,0,2,3,0,1,2,1,0,1,1,0,2
s: 6
t: 0.006
c: 12
mem: 0.0

i: 42,3,2,1,3,2,0,0,0,2,2,0,2,2,0,0,1,3,0,3,0,3,2,1,2,1,3,1,0,3,0,1,2,0,3,0,3,2,0,0,1,2,3,3,2,0,2,0,1,3,2,1,1,2,1,3,2,0
s: 5
t: 0.004
c: 9
mem: 0.0

i: 53,0,0,1,2,1,0,3,0,1,2,2,3,0,3,3,3,3,0,1,1,3,3,1,1,1,0,2,3,1,0,0,2,0,0,0,0,1,3,3,0,3,1,3,3,0,3,3,1,1,1,0,1,3,3,3,3,1
s: 8
t: 0.008
c: 11
mem: 0.0

i: 89,0,0,2,1,0,0,0,2,0,0,0,3,2,1,3,3,2,0,1,3,1,3,2,3,0,2,1,2,2,2,0,0,2,2,1,2,3,0,3,3,0,3,2,1,0,1,0,1,1,2,1,1,2,1,2,1,1
s: 6
t: 0.005
c: 11
mem: 0.0

i: 6,0,0,1,2,0,2,3,1,0,0,3,1,0,2,0,1,1,2,1,3,3,3,2,0,1,3,1,3,2,2,3,0,3,3,0,1,3,2,3,2,0,0,1,0,3,3,0,3,3,1,2,3,1,3,1,1,2
s: 6
t: 0.006
c: 12
mem: 0.0

i: 27,3,2,1,0,1,2,2,2,3,3,2,1,2,0,3,0,2,1,1,3,1,0,2,1,2,3,0,3,3,1,0,2,2,3,2,1,2,0,2,3,3,1,2,0,3,0,2,3,1,3,1,0,2,0,2,3,1
s: 8
t: 0.007
c: 12
mem: 0.0

i: 11,3,0,2,0,2,2,2,3,2,3,0,1,3,1,1,0,0,2,0,0,2,0,2,2,0,0,2,0,3,2,0,2,2,1,3,0,2,0,1,2,3,1,3,1,3,2,1,0,3,2,2,0,2,3,0,3,2
s: 8
t: 0.005
c: 11
mem: 0.0

i: 81,3,3,1,2,1,0,3,0,3,3,3,3,3,1,3,3,2,1,0,0,0,2,3,3,2,2,2,3,3,2,0,2,1,3,2,2,1,3,0,2,0,3,3,0,2,1,1,0,2,1,1,0,0,3,1,3,3
s: 6
t: 0.005
c: 13
mem: 0.0

i: 8,3,0,3,3,1,2,3,1,3,1,1,2,1,2,0,1,3,0,1,2,0,3,2,0,2,0,3,2,1,1,3,2,0,2,3,2,1,3,3,1,1,2,3,3,0,1,3,2,2,0,3,3,2,3,1,0,1
s: 5
t: 0.007
c: 11
mem: 0.0

i: 101,0,3,2,1,0,0,3,3,3,3,3,3,0,2,3,3,2,1,0,3,2,0,0,1,3,1,2,1,0,3,2,3,1,3,1,1,0,3,0,2,0,0,3,2,1,2,1,2,1,3,0,1,3,3,2,0,3
s: 4
t: 0.005
c: 12
mem: 0.0

i: 74,0,2,2,2,2,1,0,0,2,2,0,2,2,0,3,2,2,0,0,0,2,0,2,2,3,3,2,1,1,2,3,0,3,0,0,0,2,0,0,0,1,3,0,2,0,2,3,1,1,2,3,3,3,0,2,2,3
s: 5
t: 0.007
c: 9
mem: 0.0

i: 25,0,0,1,3,1,0,0,2,2,1,3,2,0,3,0,1,2,2,1,2,0,2,0,1,3,3,2,1,2,0,2,1,1,3,3,2,3,1,1,3,3,2,1,2,2,3,0,1,0,1,0,2,1,0,2,1,2
s: 5
t: 0.009
c: 13
mem: 0.0

i: 19,1,2,1,3,0,2,2,0,1,3,3,3,1,3,3,2,3,3,2,0,3,3,3,3,1,1,0,3,2,1,2,2,3,2,3,3,3,3,2,1,2,1,0,0,3,2,3,3,0,0,3,1,2,1,3,3,3
s: 7
t: 0.005
c: 12
mem: 0.0

i: 9,3,3,1,2,3,1,3,1,1,2,1,2,0,1,3,0,1,2,0,3,2,0,2,0,3,2,1,1,3,2,0,2,3,2,1,3,3,1,1,2,3,3,0,1,3,2,2,0,3,3,2,3,1,0,1,1,0
s: 10
t: 0.010
c: 21
mem: 0.0

i: 0,3,1,3,1,2,3,2,2,0,3,2,2,0,1,2,3,3,1,0,0,1,0,3,3,2,0,2,2,0,0,2,2,1,0,3,0,0,1,2,1,3,0,1,3,0,1,1,3,2,0,3,2,3,3,3,0,1
s: 7
t: 0.007
c: 11
mem: 0.0

i: 37,0,0,2,3,2,1,3,3,0,2,1,3,3,1,0,0,2,2,3,1,0,1,2,2,0,3,0,1,2,0,1,1,2,0,0,2,1,2,0,2,1,1,3,1,2,3,1,1,3,1,0,0,3,2,2,1,1
s: 6
t: 0.007
c: 17
mem: 0.0

i: 82,1,2,0,1,3,3,0,0,3,0,3,0,1,3,2,1,2,0,1,0,2,2,0,1,2,3,1,1,2,3,3,1,3,2,3,2,3,0,0,0,3,1,2,1,0,0,3,2,0,0,0,3,2,2,3,3,3
s: 7
t: 0.006
c: 12
mem: 0.0

i: 93,0,3,3,0,1,0,0,0,0,0,2,3,2,1,3,3,3,1,3,2,0,0,1,3,2,0,0,1,0,0,0,0,0,0,2,0,2,3,0,0,0,2,3,3,0,2,3,1,2,1,2,3,0,2,2,2,3
s: 7
t: 0.006
c: 11
mem: 0.0

i: 38,1,2,0,1,1,2,0,0,2,1,2,0,2,1,1,3,1,2,3,1,1,3,1,0,0,3,2,2,1,1,3,1,3,0,0,0,1,2,2,2,3,1,3,3,2,0,2,2,2,2,3,3,3,3,3,3,2
s: 6
t: 0.007
c: 11
mem: 0.0

i: 28,0,3,0,2,3,1,3,1,0,2,0,2,3,1,3,3,2,0,1,1,3,0,1,3,0,1,2,1,1,0,2,1,0,3,3,3,3,2,2,1,2,2,3,2,3,0,0,2,1,3,0,0,1,1,0,3,3
s: 7
t: 0.009
c: 14
mem: 16.0

i: 54,3,2,1,3,0,3,1,1,3,2,0,1,0,2,3,3,2,3,1,0,1,2,1,3,2,0,3,3,2,2,3,2,3,1,2,3,3,0,1,0,0,3,1,3,0,0,1,2,1,0,3,1,2,1,1,0,0
s: 5
t: 0.008
c: 16
mem: 0.0

i: 10,1,2,1,2,0,1,3,0,1,2,0,3,2,0,2,0,3,2,1,1,3,2,0,2,3,2,1,3,3,1,1,2,3,3,0,1,3,2,2,0,3,3,2,3,1,0,1,1,0,0,2,2,1,3,3,1,1
s: 6
t: 0.007
c: 12
mem: 0.0

i: 99,0,1,1,2,2,0,0,2,0,0,0,0,1,1,2,3,2,0,1,0,3,3,3,3,0,0,1,0,1,2,3,3,3,2,3,3,0,1,0,0,2,2,3,0,0,0,2,2,1,2,0,1,2,1,1,2,1
s: 6
t: 0.011
c: 16
mem: 0.0

i: 40,1,1,3,1,0,0,3,2,2,1,1,3,1,3,0,0,0,1,2,2,2,3,1,3,3,2,0,2,2,2,2,3,3,3,3,3,3,2,1,3,2,0,0,0,2,2,0,2,2,0,0,1,3,0,3,0,3
s: 7
t: 0.005
c: 12
mem: 0.0

i: 56,2,1,0,0,0,3,0,0,3,1,0,0,3,2,3,2,2,0,1,3,3,3,3,1,3,2,1,1,2,3,2,0,3,3,0,3,0,2,0,1,0,1,3,3,3,3,2,3,3,0,1,2,1,2,3,3,3
s: 5
t: 0.011
c: 13
mem: 0.0

i: 1,3,2,2,0,3,2,2,0,1,2,3,3,1,0,0,1,0,3,3,2,0,2,2,0,0,2,2,1,0,3,0,0,1,2,1,3,0,1,3,0,1,1,3,2,0,3,2,3,3,3,0,1,3,1,1,0,0
s: 7
t: 0.008
c: 12
mem: 0.0

i: 52,3,1,3,1,0,0,1,0,0,2,0,3,3,0,0,1,1,2,0,1,0,2,0,3,3,1,0,0,3,1,3,1,2,3,2,2,0,3,2,2,0,1,2,3,3,1,0,0,1,0,3,3,2,0,2,2,0
s: 8
t: 0.004
c: 10
mem: 0.0

i: 23,1,2,3,0,2,1,2,1,0,3,1,0,2,3,2,1,3,3,3,1,3,3,0,1,3,2,3,2,0,2,3,0,1,2,1,0,1,1,0,2,1,2,1,1,0,2,0,2,2,0,1,2,0,1,2,0,1
s: 10
t: 0.008
c: 18
mem: 0.0

i: 36,3,2,0,0,2,3,2,1,3,3,0,2,1,3,3,1,0,0,2,2,3,1,0,1,2,2,0,3,0,1,2,0,1,1,2,0,0,2,1,2,0,2,1,1,3,1,2,3,1,1,3,1,0,0,3,2,2
s: 7
t: 0.004
c: 10
mem: 0.0

i: 2,0,3,1,1,1,3,0,0,3,2,3,1,3,0,1,3,3,1,1,2,2,3,1,0,0,3,1,1,0,3,1,3,0,1,2,3,3,0,0,1,1,2,0,2,2,3,2,2,1,3,0,3,2,3,2,3,0
s: 6
t: 0.005
c: 10
mem: 0.0

i: 60,1,0,2,0,0,0,1,2,3,3,3,3,0,3,3,1,2,0,0,1,0,3,1,2,0,3,1,3,1,2,3,1,3,3,2,3,2,3,3,0,2,0,0,3,3,1,3,0,0,1,0,3,0,1,2,2,3
s: 5
t: 0.006
c: 13
mem: 0.0

i: 13,0,2,0,1,2,3,1,3,1,3,2,1,0,3,2,2,0,2,3,0,3,2,0,2,0,3,2,2,0,1,3,0,1,2,2,3,2,2,2,3,0,1,0,0,3,0,3,2,1,3,2,2,0,3,2,2,0
s: 7
t: 0.008
c: 14
mem: 0.0

i: 61,0,0,3,3,2,3,2,0,3,2,3,2,3,0,3,1,2,0,0,2,3,2,3,2,3,3,2,1,2,2,0,2,3,0,2,0,3,2,3,3,0,2,0,0,3,0,1,3,0,0,1,0,0,0,1,3,1
s: 5
t: 0.005
c: 11
mem: 0.0

i: 57,2,3,0,1,3,0,2,0,2,0,0,1,3,0,2,3,2,1,0,3,3,0,2,1,3,3,0,3,3,3,3,3,3,3,2,3,3,0,3,1,0,3,2,1,3,0,0,1,1,0,1,1,1,2,2,1,2
s: 6
t: 0.008
c: 18
mem: 0.0

i: 77,1,3,2,3,3,2,3,3,1,0,2,3,3,3,3,3,2,0,2,3,3,2,3,2,3,0,3,0,0,1,1,1,1,3,1,0,3,3,1,3,2,0,3,1,1,1,0,2,1,3,3,0,3,0,1,2,2
s: 6
t: 0.011
c: 15
mem: 0.0

i: 63,1,0,1,3,0,0,3,3,3,0,3,3,1,1,0,3,2,3,1,0,1,0,1,3,3,3,3,1,2,1,0,3,1,3,3,3,2,3,3,0,3,2,1,3,0,3,2,2,3,3,0,3,3,3,1,0,3
s: 11
t: 0.007
c: 13
mem: 0.0

i: 86,2,0,3,1,0,0,0,0,0,0,0,3,0,1,3,3,2,3,2,1,0,0,0,0,0,0,3,3,2,2,2,0,3,1,1,1,3,0,3,0,0,3,2,1,2,1,1,3,1,1,2,3,3,2,0,2,0
s: 5
t: 0.004
c: 9
mem: 0.0

i: 84,2,1,0,0,0,0,0,3,0,0,0,3,2,1,3,3,2,0,1,3,1,3,2,3,0,2,1,2,2,2,0,0,2,2,1,2,3,0,3,3,0,3,2,1,0,1,0,1,1,1,1,2,1,2,1,1,2
s: 6
t: 0.007
c: 11
mem: 0.0

i: 18,3,3,0,1,2,3,3,2,2,1,2,0,1,1,2,1,3,0,2,2,0,1,3,3,3,1,3,3,2,3,3,2,0,3,3,3,3,1,1,0,3,2,1,2,2,3,2,3,3,3,3,2,1,2,1,0,0
s: 8
t: 0.013
c: 19
mem: 0.0

i: 17,3,0,3,3,2,2,1,3,3,2,1,3,1,0,0,2,1,0,3,2,0,0,1,3,1,0,0,2,2,1,3,2,0,3,0,1,2,2,1,2,0,2,0,1,3,3,2,1,2,0,2,1,1,3,3,2,3
s: 6
t: 0.007
c: 11
mem: 0.0

i: 70,3,1,2,0,3,0,0,3,3,0,0,1,3,0,3,3,2,0,1,2,0,0,0,0,2,1,3,2,0,0,0,0,1,1,0,1,3,0,2,0,0,3,2,1,2,1,1,3,1,1,2,3,2,2,3,0,2
s: 5
t: 0.006
c: 10
mem: 0.0

i: 24,1,0,3,2,0,0,1,3,1,0,0,2,2,1,3,2,0,3,0,1,2,2,1,2,0,2,0,1,3,3,2,1,2,0,2,1,1,3,3,2,3,1,1,3,3,2,1,2,2,3,0,1,0,1,0,2,1
s: 7
t: 0.006
c: 12
mem: 0.0

i: 85,1,1,3,2,0,0,0,3,3,1,0,2,2,2,3,3,2,0,1,3,1,3,2,0,0,0,2,0,2,2,0,0,0,2,1,2,3,0,0,3,0,3,0,1,2,1,1,0,1,1,3,1,2,1,2,0,1
s: 6
t: 0.005
c: 12
mem: 0.0

i: 91,3,0,1,3,0,2,1,0,0,3,0,1,2,1,3,3,2,1,2,3,3,1,2,2,3,2,2,3,3,0,0,2,3,0,3,2,3,0,3,0,0,3,2,1,2,1,2,2,2,1,3,3,2,3,1,2,3
s: 6
t: 0.006
c: 13
mem: 0.0

i: 88,3,3,3,0,3,0,3,3,3,3,3,1,2,1,3,3,2,3,1,0,2,2,1,1,2,2,0,0,3,0,0,1,3,1,1,1,3,0,3,0,0,3,2,1,2,1,1,0,1,1,0,1,3,2,0,1,0
s: 6
t: 0.005
c: 11
mem: 0.0

i: 29,3,3,2,0,1,1,3,0,1,3,0,1,2,1,1,0,2,1,0,3,3,3,3,2,2,1,2,2,3,2,3,0,0,2,1,3,0,0,1,1,0,3,3,1,1,2,2,3,3,2,0,1,3,1,0,0,3
s: 5
t: 0.005
c: 13
mem: 0.0

i: 12,0,2,0,2,2,2,3,2,3,0,1,3,1,1,0,0,2,0,0,2,0,2,2,0,0,2,0,3,2,0,2,2,1,3,0,2,0,1,2,3,1,3,1,3,2,1,0,3,2,2,0,2,3,0,3,2,0
s: 5
t: 0.004
c: 10
mem: 0.0

max time: 0.01
min time: 0.00
avg time: 0.01

avg calls: 12.39
