vars: 2971
clauses: 15568
i: 0.52,0.39,0.48,0.5,0.65,0.71,0.73
s: 3
t: 0.947
c: 7
mem: 0.0

i: 0.36,0.56,0.48,0.5,0.43,0.45,0.53
s: 3
t: 0.657
c: 6
mem: 0.0

i: 0.88,0.42,0.48,0.5,0.52,0.73,0.75
s: 4
t: 0.833
c: 6
mem: 0.0

i: 0.17,0.39,0.48,0.5,0.53,0.3,0.39
s: 3
t: 0.706
c: 6
mem: 0.0

i: 0.69,0.67,0.48,0.5,0.3,0.39,0.24
s: 4
t: 0.498
c: 6
mem: 0.0

i: 0.64,0.46,0.48,0.5,0.48,0.73,0.76
s: 4
t: 0.589
c: 6
mem: 0.0

i: 0.54,0.57,0.48,0.5,0.56,0.81,0.83
s: 3
t: 0.932
c: 7
mem: 0.0

i: 0.43,0.37,0.48,0.5,0.53,0.35,0.44
s: 3
t: 0.620
c: 6
mem: 0.0

i: 0.31,0.47,0.48,0.5,0.29,0.28,0.39
s: 3
t: 0.591
c: 6
mem: 0.0

i: 0.55,0.47,0.48,0.5,0.57,0.78,0.8
s: 3
t: 0.924
c: 7
mem: 0.0

i: 0.78,0.68,0.48,0.5,0.83,0.4,0.29
s: 4
t: 0.194
c: 6
mem: 0.0

i: 0.26,0.4,0.48,0.5,0.36,0.26,0.37
s: 3
t: 0.595
c: 6
mem: 0.0

i: 0.67,0.39,0.48,0.5,0.36,0.38,0.46
s: 4
t: 0.628
c: 6
mem: 0.0

i: 0.0,0.51,0.48,0.5,0.35,0.67,0.44
s: 2
t: 1.192
c: 7
mem: 0.0

i: 0.63,0.71,0.48,0.5,0.6,0.4,0.39
s: 5
t: 0.533
c: 6
mem: 0.0

i: 0.74,0.44,0.48,0.5,0.55,0.88,0.89
s: 4
t: 0.963
c: 7
mem: 0.0

i: 0.33,0.45,0.48,0.5,0.45,0.88,0.89
s: 3
t: 0.980
c: 7
mem: 0.0

i: 0.07,0.4,0.48,0.5,0.54,0.35,0.44
s: 3
t: 0.713
c: 6
mem: 0.0

i: 0.65,0.57,0.48,0.5,0.47,0.47,0.51
s: 4
t: 0.372
c: 6
mem: 0.0

i: 0.63,0.8,0.48,0.5,0.46,0.31,0.29
s: 4
t: 0.475
c: 6
mem: 0.0

i: 0.58,0.6,0.48,0.5,0.59,0.73,0.76
s: 4
t: 1.314
c: 7
mem: 0.0

i: 0.76,0.71,0.48,0.5,0.5,0.71,0.75
s: 4
t: 0.987
c: 6
mem: 0.0

i: 0.57,0.38,0.48,0.5,0.06,0.49,0.33
s: 4
t: 0.672
c: 6
mem: 0.0

i: 0.69,0.8,0.48,0.5,0.46,0.57,0.26
s: 4
t: 0.480
c: 6
mem: 0.0

i: 0.34,0.51,0.48,0.5,0.44,0.37,0.46
s: 4
t: 0.565
c: 6
mem: 0.0

i: 0.72,0.42,0.48,0.5,0.65,0.77,0.79
s: 5
t: 0.547
c: 6
mem: 0.0

i: 0.61,0.47,0.48,0.5,0.0,0.8,0.32
s: 4
t: 0.935
c: 7
mem: 0.0

i: 0.74,0.56,0.48,0.5,0.47,0.68,0.3
s: 4
t: 0.706
c: 7
mem: 0.0

i: 0.83,0.37,0.48,0.5,0.61,0.71,0.74
s: 4
t: 1.039
c: 6
mem: 0.0

i: 0.36,0.39,0.48,0.5,0.48,0.22,0.23
s: 3
t: 0.596
c: 6
mem: 0.0

i: 0.72,0.86,0.48,0.5,0.17,0.55,0.21
s: 4
t: 0.558
c: 6
mem: 0.0

i: 0.3,0.37,0.48,0.5,0.59,0.41,0.49
s: 4
t: 0.563
c: 6
mem: 0.0

i: 0.81,0.52,0.48,0.5,0.57,0.78,0.8
s: 3
t: 0.737
c: 6
mem: 0.0

i: 0.32,0.39,0.48,0.5,0.53,0.28,0.38
s: 5
t: 0.441
c: 6
mem: 0.0

i: 0.7,0.61,0.48,0.5,0.56,0.52,0.43
s: 4
t: 0.429
c: 6
mem: 0.0

i: 0.34,0.49,0.48,0.5,0.58,0.85,0.8
s: 3
t: 0.943
c: 7
mem: 0.0

i: 0.63,0.54,0.48,0.5,0.65,0.79,0.81
s: 5
t: 0.859
c: 7
mem: 0.0

i: 0.79,0.54,0.48,0.5,0.5,0.66,0.68
s: 4
t: 0.680
c: 6
mem: 0.0

i: 0.58,0.34,0.48,0.5,0.56,0.87,0.81
s: 4
t: 0.989
c: 7
mem: 0.0

i: 0.24,0.35,0.48,0.5,0.31,0.19,0.31
s: 3
t: 0.579
c: 6
mem: 0.0

i: 0.23,0.32,0.48,0.5,0.55,0.25,0.35
s: 3
t: 0.694
c: 6
mem: 0.0

i: 0.68,0.82,0.48,0.5,0.38,0.65,0.56
s: 5
t: 0.601
c: 7
mem: 0.0

i: 0.7,0.64,0.48,0.5,0.47,0.51,0.47
s: 4
t: 0.382
c: 6
mem: 0.0

i: 0.71,0.52,0.48,0.5,0.64,1.0,0.99
s: 4
t: 0.953
c: 7
mem: 0.0

i: 0.66,0.53,0.48,0.5,0.59,0.66,0.66
s: 5
t: 0.907
c: 7
mem: 0.0

i: 0.34,0.42,0.48,0.5,0.41,0.34,0.43
s: 3
t: 0.635
c: 6
mem: 0.0

i: 0.27,0.3,0.48,0.5,0.71,0.28,0.39
s: 3
t: 0.645
c: 6
mem: 0.0

i: 0.47,0.29,0.48,0.5,0.51,0.33,0.43
s: 3
t: 0.600
c: 6
mem: 0.0

i: 0.64,0.84,0.48,0.5,0.37,0.45,0.4
s: 4
t: 0.422
c: 6
mem: 0.0

i: 0.84,0.44,0.48,0.5,0.48,0.71,0.74
s: 5
t: 1.254
c: 7
mem: 0.0

i: 0.16,0.43,0.48,0.5,0.54,0.27,0.37
s: 3
t: 0.739
c: 6
mem: 0.0

i: 0.04,0.31,0.48,0.5,0.41,0.29,0.39
s: 3
t: 0.645
c: 6
mem: 0.0

i: 0.5,0.37,0.48,0.5,0.66,0.64,0.69
s: 3
t: 1.085
c: 7
mem: 0.0

i: 0.31,0.44,0.48,0.5,0.5,0.79,0.82
s: 3
t: 1.034
c: 7
mem: 0.0

i: 0.64,0.76,0.48,0.5,0.45,0.35,0.38
s: 3
t: 0.759
c: 6
mem: 0.0

i: 0.63,0.47,0.48,0.5,0.51,0.82,0.84
s: 5
t: 0.910
c: 7
mem: 0.0

i: 0.24,0.43,0.48,0.5,0.37,0.28,0.38
s: 3
t: 0.678
c: 6
mem: 0.0

i: 0.74,0.82,0.48,0.5,0.49,0.49,0.41
s: 4
t: 0.533
c: 6
mem: 0.0

i: 0.68,0.67,0.48,0.5,0.49,0.4,0.34
s: 4
t: 0.581
c: 6
mem: 0.0

i: 0.4,0.35,0.48,0.5,0.45,0.33,0.42
s: 3
t: 0.670
c: 6
mem: 0.0

i: 0.51,0.46,0.48,0.5,0.58,0.31,0.41
s: 3
t: 0.584
c: 6
mem: 0.0

i: 0.18,0.3,0.48,0.5,0.46,0.24,0.35
s: 3
t: 0.692
c: 6
mem: 0.0

i: 0.0,0.38,0.48,0.5,0.42,0.48,0.55
s: 4
t: 0.594
c: 6
mem: 0.0

i: 0.76,0.73,0.48,0.5,0.44,0.39,0.39
s: 4
t: 0.519
c: 6
mem: 0.0

i: 0.79,0.41,0.48,0.5,0.66,0.81,0.83
s: 3
t: 0.671
c: 6
mem: 0.0

i: 0.66,0.71,0.48,0.5,0.41,0.5,0.35
s: 4
t: 0.540
c: 6
mem: 0.0

i: 0.35,0.48,0.48,0.5,0.56,0.4,0.48
s: 3
t: 0.712
c: 6
mem: 0.0

i: 0.65,0.51,0.48,0.5,0.66,0.54,0.33
s: 4
t: 0.221
c: 6
mem: 0.0

i: 0.59,0.61,0.48,0.5,0.42,0.42,0.37
s: 4
t: 0.588
c: 6
mem: 0.0

i: 0.61,0.6,0.48,0.5,0.44,0.39,0.38
s: 5
t: 0.520
c: 6
mem: 0.0

i: 0.47,0.59,0.48,0.5,0.52,0.76,0.79
s: 3
t: 1.059
c: 7
mem: 0.0

i: 0.64,0.66,0.48,0.5,0.41,0.39,0.2
s: 4
t: 0.579
c: 6
mem: 0.0

i: 0.38,0.3,0.48,0.5,0.43,0.29,0.39
s: 3
t: 0.647
c: 6
mem: 0.0

i: 0.25,0.37,0.48,0.5,0.41,0.33,0.42
s: 3
t: 0.654
c: 6
mem: 0.0

i: 0.69,0.39,0.48,0.5,0.57,0.76,0.79
s: 4
t: 1.033
c: 7
mem: 0.0

i: 0.46,0.59,0.48,0.5,0.36,0.76,0.23
s: 3
t: 1.068
c: 7
mem: 0.0

i: 0.17,0.52,0.48,0.5,0.49,0.37,0.46
s: 3
t: 0.605
c: 6
mem: 0.0

i: 0.63,0.49,0.48,0.5,0.79,0.45,0.28
s: 4
t: 0.245
c: 6
mem: 0.0

i: 0.63,0.75,0.48,0.5,0.64,0.73,0.66
s: 4
t: 1.222
c: 7
mem: 0.0

i: 0.33,0.47,0.48,0.5,0.53,0.18,0.29
s: 4
t: 0.698
c: 6
mem: 0.0

i: 0.67,0.7,0.48,0.5,0.46,0.45,0.33
s: 4
t: 0.533
c: 6
mem: 0.0

i: 0.63,0.65,0.48,0.5,0.66,0.67,0.71
s: 4
t: 1.203
c: 7
mem: 0.0

i: 0.5,0.49,0.48,0.5,0.49,0.46,0.53
s: 4
t: 0.639
c: 6
mem: 0.0

i: 0.34,0.28,0.48,0.5,0.41,0.35,0.44
s: 3
t: 0.674
c: 6
mem: 0.0

i: 0.41,0.51,0.48,0.5,0.58,0.2,0.31
s: 4
t: 0.631
c: 6
mem: 0.0

i: 0.63,0.86,0.48,0.5,0.39,0.47,0.34
s: 4
t: 0.551
c: 6
mem: 0.0

i: 0.24,0.34,0.48,0.5,0.38,0.3,0.4
s: 3
t: 0.653
c: 6
mem: 0.0

i: 0.74,0.47,0.48,0.5,0.5,0.57,0.42
s: 4
t: 0.565
c: 6
mem: 0.0

i: 0.61,0.52,0.48,0.5,0.54,0.67,0.52
s: 3
t: 1.329
c: 7
mem: 0.0

i: 0.26,0.5,0.48,0.5,0.44,0.32,0.41
s: 3
t: 0.660
c: 6
mem: 0.0

i: 0.71,0.71,0.48,0.5,0.4,0.54,0.39
s: 4
t: 0.577
c: 6
mem: 0.0

i: 0.52,0.36,0.48,0.5,0.41,0.28,0.38
s: 3
t: 0.669
c: 6
mem: 0.0

i: 0.89,0.55,0.48,0.5,0.51,0.72,0.76
s: 4
t: 1.265
c: 7
mem: 0.0

i: 0.67,0.84,0.48,0.5,0.74,0.54,0.37
s: 4
t: 0.215
c: 6
mem: 0.0

i: 0.4,0.5,0.48,0.5,0.65,0.82,0.84
s: 3
t: 0.964
c: 7
mem: 0.0

i: 0.52,0.54,0.48,0.5,0.62,0.76,0.79
s: 4
t: 0.840
c: 7
mem: 0.0

i: 0.31,0.23,0.48,0.5,0.73,0.05,0.14
s: 3
t: 0.596
c: 6
mem: 0.0

i: 0.36,0.41,0.48,0.5,0.48,0.47,0.54
s: 4
t: 0.674
c: 6
mem: 0.0

i: 0.43,0.39,0.48,0.5,0.47,0.31,0.41
s: 3
t: 0.663
c: 6
mem: 0.0

i: 0.2,0.46,0.48,0.5,0.57,0.78,0.81
s: 3
t: 1.061
c: 7
mem: 0.0

i: 0.72,0.46,0.48,0.5,0.51,0.66,0.7
s: 4
t: 1.391
c: 7
mem: 0.0

i: 0.29,0.28,0.48,0.5,0.44,0.23,0.34
s: 3
t: 0.624
c: 6
mem: 0.0

i: 0.69,0.66,0.48,0.5,0.41,0.5,0.25
s: 4
t: 0.615
c: 6
mem: 0.0

i: 0.77,0.55,0.48,0.5,0.51,0.78,0.74
s: 3
t: 0.697
c: 6
mem: 0.0

i: 0.4,0.42,0.48,0.5,0.37,0.27,0.27
s: 3
t: 0.651
c: 6
mem: 0.0

i: 0.6,0.76,1.0,0.5,0.77,0.59,0.52
s: 5
t: 0.366
c: 7
mem: 0.0

i: 0.35,0.51,0.48,0.5,0.61,0.71,0.74
s: 3
t: 1.112
c: 7
mem: 0.0

i: 0.69,0.43,0.48,0.5,0.59,0.74,0.77
s: 4
t: 0.636
c: 6
mem: 0.0

i: 0.42,0.35,0.48,0.5,0.58,0.15,0.27
s: 3
t: 0.644
c: 6
mem: 0.0

i: 0.7,0.53,0.48,0.5,0.7,0.86,0.87
s: 5
t: 0.565
c: 6
mem: 0.0

i: 0.22,0.43,0.48,0.5,0.48,0.16,0.28
s: 3
t: 0.644
c: 6
mem: 0.0

i: 0.52,0.57,0.48,0.5,0.42,0.47,0.54
s: 3
t: 0.787
c: 6
mem: 0.0

i: 0.49,0.42,0.48,0.5,0.53,0.79,0.81
s: 3
t: 1.221
c: 7
mem: 0.0

i: 0.74,0.78,0.48,0.5,0.75,0.54,0.15
s: 4
t: 0.184
c: 6
mem: 0.0

i: 0.71,0.4,0.48,0.5,0.71,0.7,0.74
s: 3
t: 1.382
c: 7
mem: 0.0

i: 0.45,0.4,0.48,0.5,0.61,0.74,0.77
s: 3
t: 1.142
c: 7
mem: 0.0

i: 0.48,0.41,0.48,0.5,0.51,0.9,0.88
s: 3
t: 1.163
c: 7
mem: 0.0

i: 0.27,0.35,0.48,0.5,0.51,0.77,0.79
s: 3
t: 1.131
c: 7
mem: 0.0

i: 0.5,0.66,0.48,0.5,0.31,0.92,0.92
s: 3
t: 1.159
c: 7
mem: 0.0

i: 0.48,0.49,0.48,0.5,0.52,0.77,0.71
s: 3
t: 1.070
c: 7
mem: 0.0

i: 0.63,0.42,0.48,0.5,0.48,0.77,0.8
s: 4
t: 0.575
c: 6
mem: 0.0

i: 0.6,0.46,0.48,0.5,0.45,0.81,0.83
s: 4
t: 0.939
c: 7
mem: 0.0

i: 0.47,0.55,0.48,0.5,0.58,0.71,0.75
s: 5
t: 1.212
c: 7
mem: 0.0

i: 0.41,0.57,0.48,0.5,0.39,0.21,0.32
s: 3
t: 0.615
c: 6
mem: 0.0

i: 0.79,0.36,0.48,0.5,0.46,0.82,0.7
s: 3
t: 0.736
c: 6
mem: 0.0

i: 0.59,0.29,0.48,0.5,0.64,0.75,0.77
s: 4
t: 0.660
c: 6
mem: 0.0

i: 0.47,0.46,0.48,0.5,0.62,0.74,0.77
s: 5
t: 0.628
c: 6
mem: 0.0

i: 0.64,0.72,0.48,0.5,0.49,0.42,0.19
s: 4
t: 0.584
c: 6
mem: 0.0

i: 0.49,0.43,0.48,0.5,0.49,0.3,0.4
s: 3
t: 0.636
c: 6
mem: 0.0

i: 0.54,0.49,0.48,0.5,0.4,0.87,0.88
s: 3
t: 1.143
c: 7
mem: 0.0

i: 0.44,0.51,0.48,0.5,0.47,0.26,0.36
s: 4
t: 0.632
c: 6
mem: 0.0

i: 0.57,0.54,0.48,0.5,0.37,0.28,0.33
s: 3
t: 0.774
c: 6
mem: 0.0

i: 0.23,0.58,0.48,0.5,0.37,0.53,0.59
s: 3
t: 0.627
c: 6
mem: 0.0

i: 0.06,0.61,0.48,0.5,0.49,0.92,0.37
s: 3
t: 1.169
c: 7
mem: 0.0

i: 0.38,0.4,0.48,0.5,0.63,0.25,0.35
s: 4
t: 0.656
c: 6
mem: 0.0

i: 0.64,0.57,0.48,0.5,0.7,0.33,0.26
s: 4
t: 0.253
c: 6
mem: 0.0

i: 0.64,0.78,0.48,0.5,0.5,0.36,0.38
s: 4
t: 0.489
c: 6
mem: 0.0

i: 0.54,0.47,0.48,0.5,0.28,0.33,0.42
s: 3
t: 0.700
c: 6
mem: 0.0

i: 0.23,0.48,0.48,0.5,0.59,0.88,0.89
s: 3
t: 1.071
c: 7
mem: 0.0

i: 0.16,0.51,0.48,0.5,0.33,0.39,0.48
s: 4
t: 0.728
c: 6
mem: 0.0

i: 0.48,0.45,0.48,0.5,0.6,0.78,0.8
s: 3
t: 1.195
c: 7
mem: 0.0

i: 0.49,0.29,0.48,0.5,0.56,0.24,0.35
s: 3
t: 0.729
c: 6
mem: 0.0

i: 0.66,0.48,0.48,0.5,0.54,0.7,0.74
s: 5
t: 0.608
c: 6
mem: 0.0

i: 0.63,0.57,0.48,0.5,0.49,0.7,0.2
s: 4
t: 0.669
c: 7
mem: 0.0

i: 0.43,0.59,0.48,0.5,0.52,0.49,0.56
s: 4
t: 0.583
c: 6
mem: 0.0

i: 0.63,0.69,0.48,0.5,0.65,0.41,0.28
s: 4
t: 0.202
c: 6
mem: 0.0

i: 0.65,0.47,0.48,0.5,0.59,0.3,0.4
s: 3
t: 0.642
c: 6
mem: 0.0

i: 0.69,0.65,0.48,0.5,0.63,0.48,0.41
s: 4
t: 0.603
c: 6
mem: 0.0

i: 0.12,0.43,0.48,0.5,0.63,0.7,0.74
s: 2
t: 1.212
c: 7
mem: 0.0

i: 0.75,0.84,0.48,0.5,0.35,0.52,0.33
s: 4
t: 0.626
c: 6
mem: 0.0

i: 0.68,0.78,0.48,0.5,0.43,0.44,0.42
s: 4
t: 0.573
c: 6
mem: 0.0

i: 0.74,0.49,0.48,0.5,0.42,0.54,0.36
s: 4
t: 0.608
c: 6
mem: 0.0

i: 0.81,0.44,0.48,0.5,0.42,0.67,0.68
s: 4
t: 0.705
c: 6
mem: 0.0

i: 0.44,0.35,0.48,0.5,0.44,0.52,0.59
s: 4
t: 0.567
c: 6
mem: 0.0

i: 0.66,0.74,0.48,0.5,0.31,0.38,0.43
s: 4
t: 0.557
c: 6
mem: 0.0

i: 0.5,0.57,0.48,0.5,0.71,0.61,0.66
s: 5
t: 1.231
c: 7
mem: 0.0

i: 0.67,0.81,0.48,0.5,0.25,0.42,0.25
s: 4
t: 0.601
c: 6
mem: 0.0

i: 0.7,0.71,0.48,0.5,0.42,0.84,0.85
s: 4
t: 1.225
c: 7
mem: 0.0

i: 0.64,0.81,0.48,0.5,0.37,0.39,0.44
s: 4
t: 0.573
c: 6
mem: 0.0

i: 0.41,0.48,0.48,0.5,0.51,0.44,0.51
s: 4
t: 0.639
c: 6
mem: 0.0

i: 0.64,0.58,0.48,0.5,0.48,0.78,0.73
s: 4
t: 0.970
c: 7
mem: 0.0

i: 0.56,0.68,0.48,0.5,0.77,0.36,0.45
s: 4
t: 0.729
c: 6
mem: 0.0

i: 0.61,0.45,0.48,0.5,0.48,0.35,0.41
s: 3
t: 0.787
c: 6
mem: 0.0

i: 0.43,0.32,0.48,0.5,0.33,0.45,0.52
s: 4
t: 0.661
c: 6
mem: 0.0

i: 0.39,0.31,0.48,0.5,0.38,0.34,0.43
s: 3
t: 0.733
c: 6
mem: 0.0

i: 0.22,0.36,0.48,0.5,0.35,0.39,0.47
s: 4
t: 0.598
c: 6
mem: 0.0

i: 0.41,0.43,0.48,0.5,0.5,0.24,0.25
s: 3
t: 0.686
c: 6
mem: 0.0

i: 0.44,0.56,0.48,0.5,0.5,0.46,0.54
s: 4
t: 0.661
c: 6
mem: 0.0

i: 0.23,0.34,0.48,0.5,0.43,0.26,0.37
s: 3
t: 0.719
c: 6
mem: 0.0

i: 0.6,0.5,1.0,0.5,0.54,0.77,0.8
s: 4
t: 0.803
c: 6
mem: 0.0

i: 0.61,0.66,0.48,0.5,0.46,0.87,0.88
s: 4
t: 0.989
c: 7
mem: 0.0

i: 0.33,0.37,0.48,0.5,0.46,0.65,0.69
s: 3
t: 1.292
c: 7
mem: 0.0

i: 0.29,0.37,0.48,0.5,0.48,0.44,0.52
s: 4
t: 0.706
c: 6
mem: 0.0

i: 0.29,0.3,0.48,0.5,0.45,0.03,0.17
s: 3
t: 0.679
c: 6
mem: 0.0

i: 0.47,0.28,0.48,0.5,0.56,0.2,0.25
s: 3
t: 0.688
c: 6
mem: 0.0

i: 0.41,0.51,0.48,0.5,0.53,0.75,0.78
s: 3
t: 1.189
c: 7
mem: 0.0

i: 0.11,0.5,0.48,0.5,0.58,0.72,0.68
s: 3
t: 1.160
c: 7
mem: 0.0

i: 0.87,0.49,0.48,0.5,0.61,0.76,0.79
s: 3
t: 0.772
c: 6
mem: 0.0

i: 0.34,0.45,0.48,0.5,0.38,0.24,0.35
s: 3
t: 0.680
c: 6
mem: 0.0

i: 0.51,0.49,0.48,0.5,0.53,0.14,0.26
s: 3
t: 0.755
c: 6
mem: 0.0

i: 0.44,0.28,0.48,0.5,0.43,0.27,0.37
s: 3
t: 0.703
c: 6
mem: 0.0

i: 0.41,0.43,0.48,0.5,0.45,0.31,0.41
s: 3
t: 0.688
c: 6
mem: 0.0

i: 0.36,0.47,0.48,0.5,0.51,0.69,0.72
s: 2
t: 1.288
c: 7
mem: 0.0

i: 0.51,0.54,0.48,0.5,0.41,0.34,0.43
s: 3
t: 0.743
c: 6
mem: 0.0

i: 0.37,0.44,0.48,0.5,0.42,0.39,0.47
s: 4
t: 0.576
c: 6
mem: 0.0

i: 0.68,0.76,0.48,0.5,0.84,0.45,0.27
s: 4
t: 0.219
c: 6
mem: 0.0

i: 0.67,0.61,0.48,0.5,0.51,0.37,0.38
s: 4
t: 0.623
c: 6
mem: 0.0

i: 0.52,0.81,0.48,0.5,0.72,0.38,0.38
s: 4
t: 0.666
c: 6
mem: 0.0

i: 0.39,0.32,0.48,0.5,0.46,0.24,0.35
s: 3
t: 0.693
c: 6
mem: 0.0

i: 0.47,0.47,0.48,0.5,0.22,0.16,0.26
s: 3
t: 0.735
c: 6
mem: 0.0

i: 0.24,0.57,0.48,0.5,0.63,0.34,0.43
s: 3
t: 0.718
c: 6
mem: 0.0

i: 0.61,0.75,0.48,0.5,0.51,0.33,0.33
s: 5
t: 0.189
c: 6
mem: 0.0

i: 0.23,0.4,0.48,0.5,0.39,0.28,0.38
s: 3
t: 0.766
c: 6
mem: 0.0

i: 0.1,0.49,0.48,0.5,0.41,0.67,0.21
s: 2
t: 1.477
c: 7
mem: 0.0

i: 0.38,0.44,0.48,0.5,0.43,0.2,0.31
s: 3
t: 0.675
c: 6
mem: 0.0

i: 0.29,0.47,0.48,0.5,0.41,0.23,0.34
s: 3
t: 0.658
c: 6
mem: 0.0

i: 0.74,0.7,0.48,0.5,0.66,0.65,0.69
s: 4
t: 1.312
c: 7
mem: 0.0

i: 0.86,0.55,0.48,0.5,0.63,0.81,0.83
s: 3
t: 0.746
c: 6
mem: 0.0

i: 0.25,0.37,0.48,0.5,0.43,0.26,0.36
s: 3
t: 0.654
c: 6
mem: 0.0

i: 0.43,0.4,0.48,0.5,0.58,0.75,0.78
s: 3
t: 1.237
c: 7
mem: 0.0

max time: 1.48
min time: 0.18
avg time: 0.75

avg calls: 6.29
