vars: 3658
clauses: 18818
i: 0.0,0.0,0.0,0.0,0.0,0.0,0.0,0.0,0.0,0.0,0.0,0.0,0.0,0.0,0.0,0.0,0.0,0.0,4.44,0.0,0.0,0.0,0.0,0.0,0.0,0.0,0.0,0.0,0.0,0.0,0.0,0.0,0.0,0.0,0.0,0.0,0.0,0.0,0.0,0.0,0.0,0.0,0.0,0.0,0.0,0.0,0.0,0.0,0.0,0.0,0.0,1.385,0.0,0.0,20.0,169,180
s: 25
t: 9.359
c: 45
mem: 9072.0

i: 0.0,1.16,0.0,0.0,0.0,0.0,0.0,0.0,0.0,0.0,0.0,0.0,0.0,0.0,0.0,0.0,0.0,0.0,1.16,0.0,0.0,0.0,0.0,0.0,0.0,0.0,1.16,0.0,0.0,0.0,0.0,0.0,1.16,0.0,0.0,0.0,0.0,0.0,0.0,0.0,0.0,0.0,0.0,0.0,1.16,0.0,0.0,0.0,0.196,0.39299999999999996,0.0,0.0,0.0,0.0,1.058,2,18
s: 20
t: 10.086
c: 51
mem: 5136.0

i: 0.0,0.0,0.0,0.0,0.0,0.61,0.0,0.0,0.0,0.0,0.0,0.61,0.0,0.0,0.0,0.0,0.0,0.0,1.85,0.0,0.0,0.0,0.0,0.0,0.0,0.0,0.0,0.0,0.0,0.0,0.0,0.0,0.0,0.0,0.0,0.0,0.0,0.0,0.0,0.0,0.0,0.0,0.0,0.0,0.61,0.0,0.0,0.0,0.0,0.0,0.0,0.0,0.0,0.0,1.0,1,35
s: 24
t: 8.715
c: 45
mem: 3184.0

i: 0.0,0.0,0.0,0.0,0.86,0.0,0.0,0.0,0.0,0.0,0.0,0.0,0.0,0.0,0.0,0.0,0.0,0.0,1.73,0.0,0.86,0.0,0.0,0.0,0.0,0.0,0.0,0.0,0.0,0.0,0.0,0.0,0.0,0.0,0.0,0.0,0.0,0.0,0.0,0.0,0.86,0.0,0.0,0.86,0.0,0.86,0.0,0.0,0.0,0.152,0.0,0.457,0.0,0.0,1.192,3,31
s: 24
t: 9.554
c: 48
mem: 2384.0

i: 0.1,0.0,0.1,0.0,0.4,0.1,0.1,0.0,0.2,0.2,0.4,0.5,0.0,0.6,0.0,0.91,0.2,0.0,1.72,4.26,1.72,0.0,0.4,0.2,0.0,0.0,0.0,0.0,0.0,0.0,0.0,0.0,0.0,0.0,0.0,0.0,0.0,0.0,0.0,0.0,0.0,0.0,0.0,0.0,0.0,0.0,0.0,0.0,0.0,0.09300000000000001,0.0,0.297,0.156,0.0,6.8,494,1428
s: 26
t: 11.086
c: 46
mem: 5296.0

i: 0.0,0.0,0.0,0.0,0.0,0.0,0.0,0.0,0.0,0.53,0.0,2.68,0.0,0.0,0.0,0.0,0.0,0.0,0.53,0.0,0.0,0.0,0.0,0.0,0.53,0.53,0.0,1.07,0.0,0.0,0.0,0.0,0.0,0.0,0.0,0.53,0.0,0.0,1.07,0.0,0.0,0.0,0.0,0.0,0.0,0.0,0.0,0.0,0.0,0.19399999999999998,0.0,0.0,0.0,0.0,3.7310000000000003,21,153
s: 22
t: 8.985
c: 48
mem: 1264.0

i: 0.0,0.0,0.36,0.0,0.0,0.73,0.0,0.0,0.0,0.0,0.0,1.46,0.36,0.0,0.0,0.0,0.0,0.0,0.0,0.0,0.0,0.0,0.0,0.0,0.0,0.0,0.0,0.0,0.0,0.0,0.0,0.0,0.0,0.0,0.0,0.0,0.36,0.0,0.0,0.0,0.0,0.0,0.0,0.0,0.0,0.0,0.0,0.0,0.0,0.049,0.0,0.049,0.0,0.0,1.919,54,167
s: 23
t: 9.207
c: 47
mem: 448.0

i: 0.0,0.0,0.0,0.0,0.0,0.65,0.0,0.65,0.0,0.65,0.0,1.97,0.0,0.0,0.0,0.0,0.0,0.0,0.0,0.0,0.0,0.0,0.0,0.0,0.0,0.0,0.65,0.0,0.0,0.0,0.0,0.0,0.0,0.0,0.0,0.0,0.0,0.0,0.0,0.0,0.0,0.0,0.0,0.0,0.65,0.0,0.0,0.0,0.10800000000000001,0.10800000000000001,0.0,0.0,0.10800000000000001,0.0,1.9240000000000002,9,102
s: 26
t: 15.065
c: 49
mem: 0.0

i: 0.0,0.0,1.58,0.0,0.0,0.0,0.0,0.0,0.0,0.0,0.0,0.0,0.0,0.0,0.0,0.0,0.0,0.0,0.0,0.0,0.0,0.0,0.0,0.0,0.0,0.0,0.0,0.0,0.0,0.0,0.0,0.0,0.0,0.0,0.0,1.58,0.0,0.0,1.58,0.0,0.0,0.0,0.0,0.0,0.0,0.0,0.0,0.0,0.0,0.0,0.0,0.0,0.0,0.0,1.464,7,41
s: 25
t: 10.181
c: 45
mem: 0.0

i: 0.0,0.0,0.0,0.0,0.0,0.0,0.0,0.0,0.0,0.85,0.0,0.85,0.0,0.0,0.0,1.28,0.0,0.0,0.85,0.0,0.42,0.0,0.0,0.0,1.7,1.28,0.85,1.28,0.42,0.42,0.42,0.42,0.0,0.42,0.42,0.85,0.42,0.0,0.0,0.42,0.0,0.0,0.42,0.0,0.42,0.0,0.0,0.0,0.0,0.369,0.073,0.0,0.0,0.0,2.44,12,144
s: 21
t: 16.773
c: 49
mem: 0.0

i: 0.0,0.0,0.0,0.0,0.0,0.0,0.0,0.0,0.48,0.0,0.48,0.0,0.0,0.0,0.0,0.48,0.48,0.0,1.44,0.0,2.88,0.0,0.96,0.0,0.0,0.0,0.0,0.0,0.0,0.0,0.0,0.0,0.0,0.0,0.0,0.0,0.0,0.0,0.0,0.0,0.0,0.0,0.0,0.0,0.48,0.0,0.0,0.0,0.0,0.076,0.0,0.305,0.381,0.0,1.8840000000000001,9,98
s: 29
t: 12.105
c: 47
mem: 128.0

i: 0.47,0.31,0.47,0.0,0.05,0.13,0.05,0.26,0.44,0.76,0.26,0.97,0.58,1.26,0.0,0.26,0.44,0.0,3.25,0.0,1.5,0.0,1.05,0.34,0.0,0.0,0.0,0.0,0.0,0.0,0.0,0.0,0.0,0.0,0.0,0.0,0.0,0.0,0.0,0.0,0.0,0.0,0.0,0.0,0.02,0.0,0.0,0.0,0.004,0.066,0.0,0.322,0.764,0.159,6.1,193,3038
s: 23
t: 17.723
c: 47
mem: 9120.0

i: 0.0,0.0,0.0,0.0,0.0,0.0,0.0,0.0,0.0,0.0,0.0,0.0,1.08,0.0,0.0,0.0,0.0,0.0,2.17,0.0,0.0,0.0,0.0,0.0,0.0,0.0,0.0,0.0,0.0,0.0,0.0,0.0,0.0,0.0,0.0,0.0,1.08,0.0,0.0,0.0,3.26,0.0,0.0,0.0,0.0,3.26,0.0,0.0,0.0,0.0,0.0,0.0,0.0,0.0,3.0660000000000003,10,46
s: 25
t: 14.455
c: 47
mem: 2064.0

i: 0.0,0.0,0.0,0.0,0.0,0.0,0.0,0.0,0.0,0.0,0.0,0.32,0.0,0.0,0.0,0.0,0.0,0.0,0.97,0.0,0.97,0.0,0.0,0.0,1.29,0.64,1.94,0.64,0.64,0.64,0.64,0.64,0.0,0.64,0.64,0.64,0.97,0.0,0.64,0.64,2.26,0.0,0.64,0.0,0.32,1.94,0.0,0.0,0.051,0.255,0.102,0.0,0.0,0.0,2.197,15,156
s: 23
t: 16.372
c: 48
mem: 2384.0

i: 0.46,0.0,0.0,0.0,0.69,0.46,0.0,0.46,0.0,0.23,0.23,0.0,1.61,0.0,0.46,0.0,0.92,1.84,1.84,0.0,0.69,0.0,1.61,0.0,0.0,0.0,0.0,0.0,0.0,0.0,0.0,0.0,0.0,0.0,0.0,0.0,0.0,0.0,0.0,0.92,0.0,0.0,0.0,0.0,0.0,0.0,0.0,0.0,0.0,0.037000000000000005,0.0,0.188,0.11199999999999999,0.0,3.105,30,354
s: 26
t: 13.770
c: 46
mem: 640.0

i: 0.36,0.36,0.0,0.0,1.8,0.0,0.0,0.0,0.0,0.0,0.0,1.44,0.0,0.0,0.0,0.0,0.72,0.0,0.36,0.0,1.08,0.0,0.0,0.0,1.8,0.0,0.0,0.0,0.72,0.36,0.0,0.0,0.0,0.0,0.0,0.0,0.36,0.0,0.0,0.0,0.0,0.0,0.0,0.0,0.0,0.0,0.0,0.0,0.0,0.0,0.0,0.0,0.0,0.0,1.636,12,54
s: 24
t: 18.423
c: 50
mem: 288.0

i: 0.0,0.0,0.0,0.0,0.0,0.0,0.0,0.0,0.0,0.0,0.0,0.0,0.0,0.0,0.0,0.0,0.0,0.0,0.0,0.0,3.57,0.0,3.57,0.0,0.0,0.0,0.0,0.0,0.0,0.0,0.0,0.0,0.0,0.0,0.0,0.0,0.0,0.0,0.0,0.0,0.0,0.0,0.0,0.0,0.0,0.0,0.0,0.0,0.0,0.0,0.0,0.606,0.606,0.0,3.111,10,28
s: 27
t: 23.618
c: 45
mem: 7632.0

i: 0.0,0.0,0.0,0.0,0.0,0.0,0.0,0.0,0.0,0.0,0.0,0.0,0.0,0.0,0.0,0.0,0.0,0.0,0.0,0.0,0.0,0.0,0.0,0.0,0.0,0.0,20.0,0.0,0.0,0.0,0.0,0.0,0.0,0.0,0.0,0.0,0.0,0.0,0.0,0.0,0.0,0.0,0.0,0.0,0.0,0.0,0.0,0.0,0.0,0.0,0.0,0.0,0.0,0.0,1.0,1,5
s: 20
t: 30.375
c: 45
mem: 6608.0

i: 0.0,0.0,0.0,0.0,0.88,0.0,0.0,0.0,0.0,2.65,0.88,0.0,0.0,0.0,0.0,0.0,0.0,0.0,1.76,0.0,0.0,0.0,0.0,0.0,1.76,0.88,1.76,0.88,0.88,0.88,0.88,0.88,0.0,0.88,0.88,0.88,0.88,0.0,0.88,0.88,0.0,0.0,0.88,0.0,2.65,0.0,0.0,0.0,0.142,0.855,0.0,0.285,0.0,0.0,1.777,12,80
s: 23
t: 18.311
c: 49
mem: 1248.0

i: 0.0,0.0,0.0,0.0,0.0,0.0,0.0,0.0,0.0,0.0,0.0,1.07,0.0,0.0,0.0,0.0,0.0,0.0,1.07,0.0,0.0,0.0,0.0,0.0,0.0,0.0,0.0,0.0,0.0,0.0,0.0,0.0,2.15,0.0,0.0,0.0,0.0,0.0,0.0,0.0,0.0,0.0,0.0,3.22,0.0,0.0,0.0,0.0,0.0,0.0,0.0,0.0,0.0,0.0,1.416,6,68
s: 22
t: 27.253
c: 48
mem: 2528.0

i: 0.33,0.0,0.33,0.0,0.0,0.0,0.66,0.0,0.0,0.0,0.0,1.32,0.0,0.0,0.0,0.66,0.99,0.0,2.64,0.0,0.99,0.0,0.66,0.0,0.0,0.0,0.0,0.0,0.0,0.0,0.0,0.0,0.0,0.0,0.0,0.0,0.0,0.0,0.66,0.0,0.0,0.0,0.0,0.0,0.0,0.0,0.0,0.0,0.0,0.11599999999999999,0.0,0.406,0.46399999999999997,0.348,6.932,43,513
s: 22
t: 28.976
c: 45
mem: 7136.0

i: 0.0,0.0,0.0,0.0,0.0,0.0,0.0,0.0,0.0,0.0,0.0,0.0,0.0,0.0,0.0,0.0,0.0,0.0,3.92,0.0,0.0,0.0,0.0,0.0,0.0,0.0,5.88,0.0,0.0,0.0,0.0,0.0,0.0,0.0,0.0,0.0,1.96,0.0,1.96,0.0,0.0,0.0,0.0,0.0,1.96,0.0,0.0,0.0,0.0,0.0,0.0,0.0,0.0,0.0,1.785,6,25
s: 18
t: 36.276
c: 44
mem: 3296.0

i: 0.0,0.82,0.32,0.0,1.14,0.32,0.0,0.16,0.0,0.65,0.0,2.13,0.0,0.0,0.0,0.16,0.0,0.0,1.47,0.0,1.47,0.0,0.98,0.32,0.0,0.0,0.0,0.0,0.0,0.0,0.0,0.0,0.0,0.0,0.0,0.0,0.0,0.0,0.0,0.0,0.0,0.0,0.0,0.16,0.0,0.0,0.0,0.0,0.0,0.0,0.0,0.0,0.29,0.028999999999999998,2.2569999999999997,13,158
s: 31
t: 26.397
c: 47
mem: 3152.0

i: 0.0,14.28,0.0,0.0,0.0,0.0,0.0,0.0,0.0,0.0,0.0,0.0,0.0,0.0,0.0,0.0,0.0,0.0,0.0,0.0,0.0,0.0,0.0,0.0,0.0,0.0,0.0,0.0,0.0,0.0,0.0,0.0,0.0,0.0,0.0,0.0,0.0,0.0,0.0,0.0,0.0,0.0,0.0,0.0,0.0,0.0,0.0,0.0,0.0,0.0,0.0,0.0,0.0,0.0,1.8,5,9
s: 22
t: 18.399
c: 45
mem: 2288.0

i: 0.0,0.0,0.0,0.0,0.0,0.0,0.0,0.0,0.0,0.0,0.0,0.0,0.0,0.0,0.0,0.0,0.0,0.0,0.0,0.0,0.0,0.0,0.0,0.0,0.0,0.0,0.0,0.0,0.0,0.0,0.0,0.0,0.0,0.0,0.0,0.0,0.0,0.0,0.0,0.0,0.0,0.0,0.0,0.0,0.0,0.0,0.0,0.0,0.0,0.0,0.0,0.0,0.0,0.0,1.0,1,3
s: 21
t: 23.470
c: 46
mem: 1856.0

i: 0.0,0.0,1.19,0.0,0.0,0.0,0.0,0.0,0.0,0.0,0.0,0.0,0.0,0.0,0.0,0.0,0.0,1.19,0.0,0.0,1.19,0.0,0.0,0.0,4.76,2.38,0.0,1.19,0.0,1.19,1.19,0.0,0.0,0.0,1.19,1.19,0.0,0.0,0.0,0.0,0.0,0.0,0.0,0.0,0.0,0.0,0.0,0.0,0.0,0.28600000000000003,0.0,0.28600000000000003,0.0,0.14300000000000002,2.7239999999999998,13,79
s: 25
t: 17.704
c: 48
mem: 1552.0

i: 0.0,0.0,0.0,0.0,0.0,0.0,0.0,0.0,0.0,0.0,0.0,0.0,0.0,0.0,0.0,0.0,0.0,0.0,0.0,0.0,0.0,0.0,0.0,0.0,0.0,0.0,0.0,0.0,0.0,0.0,0.0,0.0,0.0,0.0,0.0,0.0,0.0,0.0,0.0,0.0,0.0,0.0,0.0,0.0,0.0,0.0,0.0,0.0,0.0,0.1,0.0,0.0,0.0,0.0,2.5,33,125
s: 35
t: 15.669
c: 47
mem: 720.0

i: 0.35,0.0,0.35,0.0,0.0,0.0,0.0,0.0,0.0,0.0,0.0,0.35,0.0,0.0,0.0,0.0,0.0,0.0,1.42,0.0,0.71,0.0,0.0,0.0,0.0,0.0,0.35,0.0,0.0,0.0,0.0,0.0,0.35,0.0,0.0,0.0,0.0,0.0,0.0,0.0,0.0,0.0,0.0,0.0,0.0,0.0,0.0,0.0,0.0,0.0,0.0,0.0,0.0,0.0,1.2919999999999998,4,84
s: 21
t: 34.353
c: 48
mem: 3952.0

i: 0.0,0.0,0.0,0.0,0.0,0.0,0.0,0.0,0.0,0.0,0.0,0.0,0.0,0.0,0.0,0.0,0.0,0.0,0.0,0.0,0.0,0.0,0.0,0.0,0.0,0.0,0.07,0.0,0.07,0.0,0.0,0.0,0.07,0.0,0.0,0.0,0.0,0.0,0.0,0.07,0.0,0.0,0.0,0.0,0.0,0.0,0.0,0.0,0.0,0.10400000000000001,0.324,0.0,0.0,0.011000000000000001,4.4110000000000005,28,1866
s: 27
t: 29.382
c: 48
mem: 2240.0

i: 0.0,0.0,0.0,0.0,0.0,0.0,0.0,0.0,0.0,0.0,0.0,0.0,0.0,0.0,0.0,0.0,0.0,0.0,4.69,0.0,0.0,0.0,0.0,0.0,0.0,0.0,0.0,0.0,0.0,0.0,0.0,0.0,0.0,0.0,0.0,0.0,0.67,0.0,0.0,0.0,0.0,0.0,0.0,0.0,2.01,2.68,0.0,0.0,0.0,0.102,0.0,0.0,0.0,0.0,3.4,51,119
s: 27
t: 22.540
c: 44
mem: 1328.0

i: 2.0,0.0,0.0,0.0,0.0,0.0,0.0,0.0,0.0,0.0,2.0,2.0,0.0,0.0,0.0,0.0,0.0,0.0,2.0,0.0,8.0,0.0,0.0,0.0,0.0,0.0,0.0,0.0,0.0,0.0,0.0,0.0,0.0,0.0,0.0,0.0,0.0,0.0,0.0,0.0,0.0,0.0,0.0,0.0,0.0,0.0,0.0,0.0,0.0,0.0,0.0,0.0,0.0,0.0,5.888,29,53
s: 30
t: 19.347
c: 47
mem: 2112.0

i: 0.98,0.16,0.41,0.0,0.08,0.24,0.0,0.08,0.0,0.49,0.08,0.57,0.9,0.0,0.16,0.0,0.0,0.32,2.46,0.0,1.14,0.0,0.49,1.14,0.0,0.0,0.0,0.0,0.0,0.0,0.0,0.0,0.0,0.0,0.0,0.0,0.0,0.0,0.0,0.0,0.0,0.0,0.0,0.0,0.0,0.0,0.0,0.0,0.0,0.095,0.0,0.7509999999999999,0.255,0.095,4.163,84,712
s: 25
t: 28.319
c: 48
mem: 4528.0

i: 0.16,0.0,0.67,0.0,0.33,0.16,0.33,0.84,0.16,0.5,0.33,1.51,0.0,0.0,0.0,0.0,1.68,0.33,2.02,1.68,3.87,0.0,0.0,0.33,0.0,0.0,0.0,0.0,0.0,0.0,0.0,0.0,0.0,0.0,0.0,0.0,0.0,0.0,0.0,0.16,0.0,0.0,0.0,0.0,0.0,0.0,0.0,0.0,0.0,0.22399999999999998,0.0,1.151,0.055999999999999994,0.0,4.928,63,621
s: 25
t: 30.519
c: 45
mem: 9616.0

i: 0.17,0.26,1.21,0.0,0.43,0.6,0.43,0.26,0.69,0.52,0.26,1.3,0.17,0.0,0.6,0.78,0.17,1.39,2.43,0.17,1.13,0.0,0.95,0.17,0.0,0.0,0.0,0.0,0.0,0.0,0.0,0.0,0.0,0.0,0.0,0.0,0.0,0.0,0.0,0.08,0.0,0.0,0.0,0.0,0.08,0.0,0.0,0.0,0.0,0.10800000000000001,0.0,0.271,0.243,0.013000000000000001,6.395,583,1375
s: 23
t: 34.710
c: 47
mem: 4464.0

i: 0.17,0.0,0.08,0.0,0.43,0.08,0.08,0.43,0.08,0.08,0.0,0.6,0.17,0.17,0.0,0.0,0.17,0.08,1.2,0.0,3.14,0.0,0.34,0.08,0.0,0.0,0.0,0.0,0.0,0.0,0.0,0.0,0.0,0.0,0.0,0.0,0.0,0.0,0.0,0.0,0.0,0.0,0.0,0.0,0.0,0.0,0.0,0.0,0.0,0.085,0.027999999999999997,0.092,0.013999999999999999,0.0,4.16,48,1140
s: 26
t: 30.226
c: 47
mem: 2304.0

i: 0.0,0.0,0.0,0.0,0.0,0.0,0.0,0.0,0.0,0.0,0.0,0.0,0.0,0.0,0.0,0.0,0.0,0.0,4.76,0.0,0.0,0.0,0.0,0.0,0.0,0.0,0.0,0.0,0.0,0.0,0.0,0.0,0.0,0.0,0.0,0.0,0.0,0.0,0.0,0.0,0.0,0.0,0.0,0.0,4.76,0.0,0.0,0.0,0.0,0.0,0.0,0.0,0.0,0.0,1.571,3,11
s: 23
t: 26.971
c: 45
mem: 1232.0

i: 0.0,1.1,0.0,0.0,0.55,0.0,0.0,0.0,0.0,1.1,0.0,0.0,0.0,0.0,0.0,0.0,0.0,0.55,0.0,0.0,1.1,0.0,0.0,0.0,0.55,0.55,2.2,0.0,0.0,0.0,0.0,0.55,0.0,0.55,0.0,0.0,1.65,0.0,0.55,0.0,0.0,0.0,1.1,0.0,0.55,0.0,0.0,0.0,0.08800000000000001,0.355,0.08800000000000001,0.177,0.0,0.0,1.867,22,127
s: 22
t: 42.609
c: 50
mem: 5024.0

i: 1.18,0.39,0.59,0.0,0.0,0.98,0.19,0.19,1.38,0.39,0.0,0.98,0.0,0.19,0.0,0.98,0.0,0.0,2.56,0.39,1.38,0.0,0.0,1.38,0.0,0.0,0.0,0.0,0.0,0.0,0.0,0.0,0.0,0.0,0.0,0.0,0.0,0.0,0.0,0.0,0.0,0.0,0.0,0.0,0.0,0.0,0.0,0.0,0.0,0.23,0.0,0.741,0.306,0.025,6.652,76,632
s: 24
t: 44.855
c: 47
mem: 6400.0

i: 0.0,0.0,0.0,0.0,4.25,0.0,0.7,0.0,0.0,0.0,0.0,0.0,0.0,0.0,0.0,2.83,0.0,0.0,4.96,0.0,1.41,0.0,0.0,0.0,0.0,0.0,0.0,0.0,0.0,0.0,0.0,0.0,0.0,0.0,0.0,0.0,0.0,0.0,0.0,0.0,0.0,0.0,0.0,0.0,0.0,0.0,0.0,0.0,0.0,0.0,0.0,0.38,0.0,0.0,1.153,3,30
s: 33
t: 34.108
c: 48
mem: 2704.0

i: 0.31,0.0,0.0,0.0,0.0,0.0,0.0,0.0,0.0,0.0,0.31,0.31,0.31,0.0,0.0,0.0,0.31,0.0,2.79,0.0,1.55,0.0,0.0,0.0,0.0,0.0,0.0,0.0,0.0,0.0,0.0,0.0,0.0,0.0,0.0,0.31,0.0,0.0,0.0,0.0,0.0,0.0,0.0,0.0,0.0,0.0,0.0,0.0,0.114,0.0,0.0,0.057,0.0,0.0,2.972,18,110
s: 31
t: 33.249
c: 48
mem: 704.0

i: 0.0,0.24,0.0,0.0,0.24,0.0,0.0,0.24,0.0,0.49,0.0,0.0,0.0,1.48,0.0,0.0,0.0,0.0,0.99,0.0,0.0,0.0,0.0,0.0,0.49,0.0,0.24,0.0,0.0,0.0,0.24,0.0,0.0,0.0,0.24,0.0,0.74,0.0,0.0,0.0,0.0,0.0,0.0,0.0,0.0,0.0,0.0,0.0,0.0,0.0,0.0,0.0,0.16,0.0,9.31,235,1108
s: 23
t: 29.967
c: 47
mem: 0.0

i: 0.0,0.0,0.0,0.0,2.17,0.0,0.0,0.0,0.0,0.0,0.0,2.17,0.0,0.0,0.0,2.17,0.0,2.17,6.52,0.0,2.17,0.0,0.0,0.0,0.0,0.0,0.0,0.0,0.0,0.0,0.0,0.0,0.0,0.0,0.0,0.0,0.0,0.0,0.0,0.0,0.0,0.0,0.0,0.0,0.0,0.0,0.0,0.0,0.0,0.0,0.0,0.0,0.0,0.0,1.3330000000000002,5,16
s: 33
t: 35.431
c: 47
mem: 0.0

i: 0.0,0.33,0.33,0.0,1.65,0.33,0.66,0.0,0.0,0.16,0.16,0.99,0.0,0.0,0.0,0.82,0.33,0.16,2.81,0.0,0.99,0.0,0.49,0.33,0.0,0.0,0.0,0.0,0.0,0.0,0.0,0.0,0.16,0.0,0.0,0.0,0.0,0.0,0.0,0.0,0.0,0.0,0.0,0.0,0.0,0.0,0.0,0.0,0.0,0.024,0.07400000000000001,0.248,0.049,0.049,6.1610000000000005,350,727
s: 24
t: 48.475
c: 47
mem: 0.0

i: 0.0,0.0,0.0,0.0,0.98,0.0,0.0,0.0,0.0,0.98,0.98,0.98,0.0,0.0,0.0,0.98,0.0,0.98,2.94,0.0,1.96,0.0,0.0,0.0,0.98,0.98,0.0,0.0,0.0,0.0,0.0,0.0,0.0,0.0,0.0,0.0,0.0,0.0,0.0,0.0,0.0,0.0,0.0,0.0,0.0,0.98,0.0,0.0,0.0,0.0,0.0,0.278,0.0,0.0,2.95,18,59
s: 33
t: 31.356
c: 48
mem: 0.0

i: 0.0,0.56,0.0,0.0,0.0,0.0,0.0,0.0,0.0,0.0,0.0,0.56,0.0,0.0,0.0,0.0,0.0,0.0,2.27,0.0,0.0,0.0,0.0,0.56,0.0,0.0,0.0,0.0,0.0,0.0,0.0,0.0,0.0,0.0,0.0,0.0,0.0,0.0,0.0,0.0,0.0,0.0,0.0,0.56,0.56,0.0,0.0,0.0,0.0,0.099,0.0,0.0,0.0,0.099,1.035,2,29
s: 27
t: 38.262
c: 49
mem: 0.0

i: 0.0,0.0,0.0,0.0,0.0,0.0,0.49,0.99,0.0,2.48,0.0,0.49,0.0,0.0,0.0,0.0,0.0,0.0,0.0,0.0,0.0,0.0,0.0,0.0,3.48,2.48,0.49,0.0,0.0,0.0,0.0,0.0,0.0,0.0,0.0,0.0,1.99,0.0,0.0,0.0,0.0,0.0,0.0,0.0,0.0,0.0,0.0,0.0,0.336,0.588,0.168,0.0,0.0,0.0,5.61,42,331
s: 22
t: 46.537
c: 48
mem: 0.0

i: 0.45,0.68,0.68,0.0,1.92,0.0,0.56,0.45,0.0,0.45,0.22,1.81,0.0,0.0,0.79,0.22,0.11,1.81,2.38,0.0,1.36,0.0,0.11,0.22,0.0,0.0,0.0,0.0,0.0,0.0,0.0,0.0,0.0,0.0,0.0,0.0,0.0,0.0,0.0,0.11,0.0,0.0,0.0,0.0,0.0,0.11,0.0,0.0,0.019,0.057,0.0,0.574,0.134,0.019,3.155,94,385
s: 28
t: 45.586
c: 49
mem: 0.0

i: 0.06,0.0,0.19,0.0,0.06,0.06,0.0,0.0,0.0,0.13,0.0,0.26,0.06,0.0,0.0,0.0,0.0,0.0,0.52,0.0,0.46,0.0,0.0,0.0,2.57,0.92,0.0,0.06,0.13,0.52,0.32,0.0,0.06,0.0,0.26,0.13,0.32,0.0,0.26,0.0,0.0,0.0,0.0,0.0,0.06,0.0,0.0,0.13,0.009000000000000001,0.152,0.0,0.047,0.027999999999999997,0.0,1.9480000000000002,23,836
s: 26
t: 30.749
c: 50
mem: 0.0

i: 0.0,0.0,0.0,0.0,0.68,0.0,0.0,0.0,0.0,0.0,0.0,0.0,0.0,0.0,0.0,0.0,0.0,0.0,0.0,0.0,0.0,0.0,0.0,0.0,0.0,0.34,0.0,0.0,0.0,0.0,0.0,0.0,1.37,0.0,0.0,0.0,0.0,0.0,0.0,0.0,0.0,0.0,0.0,0.0,0.34,0.0,0.0,0.0,0.0,0.14300000000000002,0.0,0.0,0.0,0.0,1.784,18,141
s: 27
t: 25.709
c: 47
mem: 0.0

i: 0.0,0.0,0.0,0.0,0.0,0.0,0.0,0.0,0.0,0.0,0.0,0.0,0.0,0.0,0.0,0.0,0.0,0.68,4.08,0.0,0.68,0.0,0.0,0.0,0.0,0.0,0.0,0.0,0.0,0.0,0.0,0.0,0.0,0.0,0.0,0.0,0.68,0.0,0.0,0.0,0.0,0.68,0.0,0.0,1.36,0.68,0.0,0.0,0.0,0.38,0.0,0.0,0.0,0.0,1.607,6,45
s: 23
t: 40.888
c: 46
mem: 0.0

i: 0.0,0.0,1.28,0.0,0.0,0.0,0.0,0.0,0.0,0.0,0.0,1.28,0.0,0.0,0.0,0.0,0.0,0.0,1.28,0.0,6.41,0.0,0.0,1.28,0.0,0.0,0.0,0.0,0.0,0.0,0.0,0.0,0.0,0.0,0.0,0.0,0.0,0.0,0.0,0.0,0.0,0.0,0.0,0.0,0.0,0.0,0.0,0.0,0.0,0.0,0.0,0.0,0.204,0.0,5.181,25,57
s: 27
t: 80.421
c: 46
mem: 0.0

i: 0.0,0.62,0.62,0.0,0.0,0.62,0.0,2.82,0.0,0.31,0.31,2.5,0.0,0.0,0.0,2.5,0.0,0.0,5.32,0.31,1.56,0.0,0.0,0.62,0.0,0.0,0.0,0.0,0.0,0.0,0.0,0.0,0.0,0.0,0.0,0.0,0.0,0.0,0.0,0.0,0.0,0.0,0.0,0.0,0.0,0.0,0.0,0.0,0.0,0.055,0.0,0.111,0.111,0.055,1.672,6,92
s: 34
t: 41.872
c: 45
mem: 0.0

i: 0.0,0.0,0.0,0.0,0.0,0.0,0.0,0.0,1.81,0.0,0.0,0.0,0.0,0.0,0.0,0.0,0.0,0.0,7.27,0.0,1.81,0.0,0.0,0.0,0.0,0.0,1.81,0.0,0.0,0.0,0.0,0.0,0.0,0.0,0.0,0.0,0.0,0.0,0.0,0.0,0.0,0.0,0.0,0.0,0.0,0.0,0.0,0.0,0.0,0.316,0.0,0.0,0.0,0.0,1.125,2,9
s: 21
t: 57.769
c: 46
mem: 0.0

i: 0.0,0.0,0.5,0.0,0.5,0.0,0.0,0.0,0.0,0.5,0.0,1.01,0.0,0.0,0.0,0.0,0.5,1.01,2.03,0.0,3.04,0.0,0.0,0.0,1.52,0.5,1.01,1.01,0.0,1.01,0.0,0.0,0.0,0.0,1.01,0.0,0.0,0.0,0.0,0.0,0.0,0.0,0.0,0.0,0.0,0.0,0.0,0.0,0.0,0.551,0.0,0.055,0.0,0.0,4.275,45,248
s: 21
t: 52.410
c: 47
mem: 29440.0

i: 0.0,0.0,0.0,0.0,0.0,0.0,0.0,0.0,0.0,0.0,1.23,0.0,0.0,0.0,0.0,2.46,0.0,0.0,2.46,0.0,2.46,0.0,0.0,0.0,0.0,0.0,0.0,0.0,0.0,0.0,0.0,0.0,0.0,0.0,0.0,0.0,0.0,0.0,0.0,0.0,0.0,0.0,0.0,0.0,0.0,0.0,0.0,0.0,0.0,0.0,0.0,0.23199999999999998,0.465,0.0,2.687,12,43
s: 26
t: 64.528
c: 47
mem: 5088.0

i: 0.0,0.0,0.0,0.0,0.0,0.0,0.0,0.0,0.0,0.0,0.0,0.0,0.0,0.0,0.0,0.0,0.0,0.0,0.0,0.0,0.0,0.0,0.0,0.0,0.0,0.0,1.92,0.0,0.0,0.0,0.0,0.0,0.0,0.0,0.0,0.0,0.0,0.0,0.0,0.0,0.0,0.0,0.0,0.0,1.92,0.0,0.0,0.0,0.0,0.0,0.0,0.0,0.0,0.0,1.0,1,6
s: 19
t: 75.718
c: 46
mem: 2112.0

i: 0.0,0.0,0.83,0.0,1.66,0.41,0.0,0.0,0.0,0.0,0.0,0.41,0.0,0.0,0.0,0.41,0.0,0.0,2.08,0.0,4.16,0.0,0.0,0.0,0.0,0.0,0.0,0.0,0.0,0.0,0.0,0.0,0.0,0.0,0.0,0.0,0.0,0.0,0.0,0.0,0.0,0.0,0.0,0.0,0.0,0.0,0.0,0.0,0.0,0.218,0.0,0.0,0.0,0.0,2.35,12,134
s: 28
t: 50.829
c: 46
mem: 0.0

i: 0.0,0.0,0.0,0.0,0.0,0.0,0.0,0.0,0.0,0.0,0.0,0.0,0.0,0.0,0.0,0.0,0.0,0.0,0.0,0.0,0.0,0.0,0.0,0.0,0.0,0.0,0.0,0.0,0.0,0.0,0.0,0.0,0.0,0.0,0.0,0.0,0.0,0.0,0.0,0.0,0.0,0.0,0.0,0.0,0.0,0.0,0.0,0.0,0.0,0.0,0.0,5.0,0.0,0.0,1.0,1,2
s: 38
t: 47.586
c: 47
mem: 0.0

i: 0.32,0.0,0.16,0.0,0.0,0.0,0.0,0.0,0.0,0.0,0.0,1.29,0.48,0.0,0.0,0.16,0.0,0.0,2.43,0.0,0.32,0.0,0.0,0.0,0.0,0.0,0.0,0.0,0.0,0.0,0.0,0.0,0.0,0.0,0.0,0.0,0.0,0.0,0.16,0.0,0.0,0.0,0.0,0.0,0.48,0.16,0.0,0.0,0.0,0.0,0.0,0.08199999999999999,0.0,0.0,1.704,47,167
s: 29
t: 43.724
c: 46
mem: 0.0

i: 0.7,0.0,0.35,0.0,0.7,0.35,0.7,0.0,0.7,0.0,0.0,0.0,0.7,0.0,0.0,0.0,1.05,0.0,3.16,0.0,1.4,0.0,0.0,1.05,0.0,0.0,0.0,0.0,0.0,0.0,0.0,0.0,0.0,0.0,0.0,0.0,0.0,0.0,0.0,0.0,0.0,0.0,0.0,0.0,0.0,0.0,0.0,0.0,0.0,0.17300000000000001,0.0,0.23,0.0,0.0,4.596,60,262
s: 26
t: 52.143
c: 46
mem: 0.0

i: 0.0,0.29,0.29,0.0,0.58,0.0,0.58,0.0,0.0,0.58,0.29,0.29,0.0,0.0,0.0,1.46,0.29,0.87,1.16,0.87,1.16,0.0,0.0,0.0,0.0,0.0,0.0,0.0,0.0,0.0,0.0,0.0,0.0,0.0,0.0,0.0,0.0,0.0,0.0,0.0,0.0,0.0,0.0,0.0,0.29,0.0,0.0,0.0,0.0,0.086,0.0,0.606,0.0,0.043,3.591,37,352
s: 26
t: 82.325
c: 48
mem: 0.0

i: 0.17,0.0,0.17,0.0,1.45,0.34,0.05,0.05,0.05,0.05,0.05,0.52,0.29,0.05,0.0,0.0,0.69,0.05,4.24,0.23,1.04,0.0,0.75,0.05,0.0,0.0,0.0,0.0,0.0,0.0,0.0,0.0,0.0,0.0,0.0,0.0,0.0,0.0,0.0,0.0,0.0,0.0,0.0,0.0,0.0,0.0,0.0,0.0,0.01,0.051,0.0,0.02,0.163,0.0,1.796,12,460
s: 28
t: 61.986
c: 45
mem: 0.0

i: 0.0,0.0,0.0,0.0,0.0,0.0,0.0,0.0,0.0,0.0,0.0,0.0,0.0,2.63,0.0,0.0,0.0,0.0,0.0,0.0,0.0,0.0,0.0,0.0,0.0,0.0,0.0,0.0,0.0,0.0,0.0,0.0,0.0,0.0,0.0,0.0,0.0,0.0,0.0,0.0,0.0,0.0,0.0,0.0,0.0,0.0,0.0,0.0,0.0,0.0,0.0,0.0,0.0,0.0,1.8,7,18
s: 21
t: 43.049
c: 45
mem: 0.0

i: 0.17,0.17,0.0,0.0,0.52,0.0,0.0,0.43,0.0,0.17,0.17,0.35,0.0,0.0,0.0,0.87,0.0,0.0,1.4,0.17,0.87,0.0,0.0,0.17,0.0,0.0,0.0,0.0,0.0,0.0,0.0,0.0,0.0,0.0,0.0,0.0,0.0,0.0,0.0,0.0,0.0,0.0,0.0,0.0,0.0,0.0,0.0,0.0,0.0,0.376,0.0,0.25,0.721,0.0,2.742,35,617
s: 28
t: 72.165
c: 47
mem: 0.0

i: 0.0,0.0,2.43,0.0,0.0,0.0,0.0,0.0,0.27,0.0,0.0,2.16,0.0,0.0,0.0,0.0,0.0,0.0,0.27,0.0,1.62,0.0,0.0,0.0,0.27,0.54,0.0,0.0,0.27,0.0,0.0,0.0,0.27,0.0,0.0,0.0,0.0,0.0,0.0,0.27,0.0,0.0,0.0,0.0,0.0,0.0,0.0,0.0,0.0,0.344,0.0,0.0,0.0,0.0,2.319,12,167
s: 28
t: 42.207
c: 50
mem: 0.0

i: 0.0,0.0,0.0,0.0,0.0,0.0,0.0,0.0,0.0,0.0,0.0,0.0,0.0,0.0,0.0,0.0,0.0,0.0,0.0,0.0,0.0,0.0,0.0,0.0,2.17,0.0,0.0,0.0,0.0,0.0,0.0,0.0,0.0,0.0,2.17,0.0,0.0,0.0,0.0,0.0,0.0,0.0,0.0,0.0,0.0,0.0,0.0,0.0,0.0,0.682,0.0,0.0,0.0,0.0,4.208,15,101
s: 23
t: 35.247
c: 45
mem: 0.0

i: 0.08,0.08,0.76,0.0,0.85,1.02,0.25,0.17,0.59,0.08,0.17,0.59,0.17,0.0,2.21,0.25,0.08,0.93,1.62,0.17,0.42,0.0,0.85,0.08,0.0,0.0,0.0,0.0,0.0,0.0,0.0,0.0,0.0,0.0,0.0,0.0,0.0,0.0,0.0,0.08,0.0,0.0,0.17,0.08,0.08,0.08,0.0,0.0,0.0,0.065,0.0,0.486,0.11800000000000001,0.013000000000000001,7.561,669,1414
s: 26
t: 94.690
c: 48
mem: 0.0

i: 0.0,0.0,0.0,0.0,0.0,0.0,0.0,0.0,0.0,0.0,0.0,0.0,0.0,0.0,0.0,1.47,0.0,0.0,0.0,0.0,0.0,0.0,0.0,0.0,0.0,0.0,0.0,1.47,0.0,0.0,0.0,0.0,0.0,0.0,0.0,0.0,0.0,0.0,0.0,0.0,0.0,0.0,0.0,0.0,0.0,0.0,0.0,0.0,0.0,0.253,0.253,0.0,0.0,0.0,2.352,17,40
s: 29
t: 26.103
c: 45
mem: 0.0

i: 1.01,0.33,0.5,13.63,0.0,0.67,0.0,0.16,1.34,0.33,0.0,0.67,0.0,0.16,0.0,0.5,0.0,0.16,2.02,0.33,0.84,0.0,0.0,1.17,0.0,0.0,0.0,0.0,0.0,0.0,0.0,0.0,0.0,0.0,0.0,0.0,0.0,0.0,0.0,0.0,0.0,0.0,0.0,0.0,0.0,0.0,0.0,0.0,0.0,0.204,0.0,0.613,0.22899999999999998,0.051,9.652000000000001,151,888
s: 23
t: 82.227
c: 48
mem: 0.0

i: 0.0,0.13,0.55,0.0,0.27,0.13,0.0,0.0,0.0,0.27,0.0,1.38,0.0,0.0,0.0,0.13,0.0,0.0,1.94,0.0,0.97,0.0,0.0,0.0,0.13,1.11,0.0,0.0,0.0,0.0,0.0,0.0,0.0,0.0,0.0,0.0,0.55,0.0,0.0,0.0,0.0,0.0,0.13,0.0,0.0,0.0,0.0,0.0,0.075,0.025,0.0,0.025,0.0,0.0,5.695,82,598
s: 33
t: 25.854
c: 48
mem: 0.0

i: 0.0,0.0,0.0,0.0,0.0,0.0,0.0,0.0,0.0,0.0,0.0,0.0,0.0,0.0,0.0,0.0,0.0,0.0,0.0,0.0,0.0,0.0,0.0,0.0,0.0,0.0,0.0,0.0,0.0,0.0,0.0,0.0,0.0,0.0,0.0,0.0,0.0,0.0,0.0,0.0,0.0,0.0,0.0,0.0,0.0,0.0,0.0,0.0,0.0,0.0,0.0,0.0,0.0,0.0,1.166,2,7
s: 23
t: 47.210
c: 43
mem: 0.0

i: 0.0,0.79,0.0,0.0,0.0,0.0,0.0,0.0,0.0,0.0,0.0,0.0,0.0,0.0,0.0,0.79,1.58,1.58,3.96,0.0,1.58,0.0,0.0,0.0,0.0,0.0,0.0,0.0,0.0,0.0,0.0,0.0,0.0,0.0,0.0,0.0,0.0,0.0,0.0,0.0,0.0,0.0,0.0,0.0,0.79,0.0,0.0,0.0,0.0,0.268,0.0,0.268,0.0,0.0,2.815,26,107
s: 27
t: 73.589
c: 45
mem: 0.0

i: 0.0,0.0,0.0,0.0,0.0,0.0,0.0,0.0,0.0,0.0,0.0,0.0,0.0,0.0,0.0,0.0,0.0,0.0,2.46,0.0,0.0,0.0,0.0,0.0,0.0,0.0,0.0,0.0,0.0,0.0,0.0,0.0,0.0,0.0,0.0,0.0,0.61,0.0,0.0,0.0,0.0,0.0,0.0,0.0,0.61,0.0,0.0,0.0,0.0,0.11800000000000001,0.0,0.0,0.11800000000000001,0.0,1.59,5,35
s: 28
t: 41.042
c: 47
mem: 0.0

i: 0.0,0.0,0.0,0.0,0.76,0.0,0.0,0.0,0.0,0.0,0.0,0.0,0.0,0.0,0.0,0.0,0.76,0.0,0.0,0.0,0.0,0.0,0.0,0.0,2.3,0.76,0.0,0.0,0.0,1.53,0.0,0.0,0.0,0.0,0.0,0.0,0.0,0.0,0.0,0.0,0.0,0.0,0.0,0.0,0.0,0.0,0.0,0.0,0.0,0.0,0.0,0.0,0.0,0.0,2.3,7,138
s: 20
t: 50.786
c: 47
mem: 0.0

i: 0.0,0.0,0.0,0.0,0.0,0.0,0.0,0.0,0.0,0.0,0.0,0.0,0.0,0.0,0.0,0.0,0.0,0.0,0.0,0.0,0.0,0.0,0.0,0.0,0.0,0.0,0.0,0.0,0.0,0.0,0.0,0.0,0.0,0.0,0.0,0.0,0.0,0.0,0.0,0.0,7.14,0.0,0.0,0.0,0.0,7.14,0.0,0.0,0.0,0.0,0.0,0.0,0.0,0.0,5.5,10,11
s: 24
t: 75.060
c: 46
mem: 0.0

i: 0.0,0.0,0.0,0.0,1.36,0.45,0.45,0.0,0.0,0.0,0.0,0.0,0.45,0.0,0.0,0.45,0.45,0.45,1.81,0.0,0.9,0.0,0.0,0.0,0.0,0.0,0.0,0.0,0.0,0.0,0.0,0.0,0.0,0.0,0.0,0.0,0.0,0.0,0.0,0.0,0.0,0.0,0.0,0.0,0.0,0.0,0.0,0.0,0.0,0.135,0.0,0.135,0.0,0.0,5.571000000000001,46,117
s: 27
t: 65.979
c: 46
mem: 0.0

i: 0.0,0.9,0.0,0.0,0.0,0.0,0.0,0.0,0.0,0.0,0.0,0.0,0.0,0.0,0.0,0.9,0.0,1.81,3.63,0.0,2.72,0.0,0.0,0.0,0.0,0.0,0.0,0.0,0.0,0.0,0.0,0.0,0.0,0.0,0.0,0.0,0.0,0.0,0.0,0.0,0.0,0.0,0.0,0.0,0.9,0.0,0.0,0.0,0.0,0.0,0.0,0.165,0.165,0.0,6.266,41,94
s: 25
t: 78.985
c: 46
mem: 0.0

i: 0.0,0.0,0.0,0.0,0.0,0.0,0.0,0.0,0.0,0.0,0.0,1.03,0.0,0.0,0.0,0.0,0.0,0.0,3.09,0.0,0.0,0.0,0.0,0.0,1.03,0.0,0.0,0.0,0.0,1.03,0.0,0.0,0.0,0.0,0.0,0.0,0.0,0.0,0.0,0.0,0.0,0.0,0.0,0.0,1.03,0.0,0.0,0.0,0.0,0.0,0.0,0.0,0.0,0.0,1.666,7,25
s: 23
t: 58.176
c: 47
mem: 0.0

i: 0.0,0.48,0.48,0.0,0.48,0.0,0.0,0.48,0.0,0.0,0.0,0.96,0.0,0.0,1.92,0.0,0.48,0.96,2.88,0.0,2.88,0.0,1.44,0.0,0.0,0.0,0.0,0.0,0.0,0.0,0.0,0.0,0.0,0.0,0.0,0.0,0.0,0.0,0.0,0.48,0.0,0.0,0.0,0.0,0.0,0.0,0.0,0.0,0.0,0.084,0.0,0.084,0.336,0.0,3.2,12,80
s: 28
t: 90.749
c: 46
mem: 0.0

i: 0.2,0.0,0.1,0.0,0.0,0.0,0.0,0.1,0.0,0.0,0.0,0.4,0.1,0.0,0.0,0.0,0.2,0.0,0.0,0.0,0.0,0.0,0.1,0.0,4.5,0.1,0.0,0.0,0.0,0.0,0.0,0.0,0.1,0.0,0.0,0.1,0.1,0.1,0.0,0.0,0.0,0.6,0.0,0.0,0.0,0.0,0.0,0.0,0.092,0.079,0.0,0.0,0.013000000000000001,0.0,2.3609999999999998,26,562
s: 25
t: 56.309
c: 49
mem: 40080.0

i: 0.74,0.0,0.0,0.0,0.0,0.0,0.74,0.0,0.0,1.49,0.74,0.74,0.0,0.0,0.0,0.74,3.73,0.0,4.47,0.0,0.74,0.0,0.74,0.0,0.0,0.0,0.0,0.0,0.0,0.0,0.0,0.0,0.0,0.0,0.0,0.0,0.0,0.0,0.0,0.0,0.0,0.0,0.0,0.0,0.0,0.0,0.0,0.0,0.0,0.0,0.0,0.355,0.11800000000000001,0.23600000000000002,2.15,7,43
s: 28
t: 66.448
c: 44
mem: 3856.0

i: 0.0,0.0,0.0,0.0,0.0,0.0,0.0,0.0,0.0,0.0,0.0,0.0,0.0,0.0,0.0,0.0,0.0,0.0,1.33,0.0,1.33,0.0,0.0,0.0,4.0,0.0,0.0,0.0,0.0,0.0,0.0,0.0,0.0,0.0,0.0,0.0,0.0,0.0,0.0,0.0,0.0,0.0,0.0,0.0,0.0,0.0,0.0,0.0,0.21100000000000002,0.0,0.0,0.21100000000000002,0.0,0.0,1.38,4,29
s: 26
t: 56.626
c: 46
mem: 0.0

i: 0.0,0.0,0.85,0.0,1.36,0.0,0.0,0.0,0.0,0.17,0.0,0.34,0.17,0.0,0.0,0.0,0.0,0.0,0.85,0.0,0.0,0.0,0.0,0.0,0.0,0.0,0.0,0.0,0.0,0.0,0.0,0.0,0.0,0.0,0.0,0.0,0.0,0.0,0.0,0.0,0.0,0.0,0.0,0.0,0.0,0.0,0.0,0.0,0.034,0.0,0.0,0.0,0.0,0.0,1.085,3,89
s: 24
t: 58.082
c: 47
mem: 0.0

i: 0.0,0.0,0.23,0.0,0.23,0.0,0.0,0.0,0.23,0.0,0.0,0.0,0.0,1.43,0.0,0.0,0.23,0.0,0.23,0.0,2.14,0.0,0.0,0.0,0.23,0.0,0.0,0.0,0.0,0.0,0.0,0.0,0.0,0.0,0.0,0.0,0.23,0.0,0.0,0.0,0.0,1.9,0.0,0.0,0.0,0.0,0.0,0.0,0.11699999999999999,0.235,0.0,0.11699999999999999,0.0,0.16399999999999998,2.616,160,683
s: 25
t: 54.809
c: 46
mem: 0.0

i: 0.0,0.0,0.0,0.0,0.0,0.0,0.0,0.0,0.62,0.0,0.0,0.2,0.0,0.0,0.0,0.0,0.0,0.0,0.0,0.0,0.0,0.0,0.0,0.0,3.34,2.3,0.0,0.0,0.0,0.0,0.0,0.0,0.0,0.0,0.2,0.0,0.62,0.0,0.2,0.0,0.0,0.0,0.41,0.0,0.0,0.0,0.0,0.0,0.085,0.198,0.055999999999999994,0.0,0.0,0.45399999999999996,3.4139999999999997,108,536
s: 27
t: 48.667
c: 49
mem: 0.0

i: 0.02,0.02,0.0,0.0,0.0,0.0,0.0,0.0,0.05,0.08,0.02,0.17,0.0,0.0,0.0,0.0,0.02,0.11,0.02,0.0,0.0,0.0,0.0,0.0,0.44,0.26,0.0,0.0,0.02,0.05,0.0,0.0,0.0,0.0,0.0,0.02,0.14,0.0,0.0,0.0,0.35,0.0,0.02,0.0,0.11,1.15,0.0,0.0,0.024,0.17,0.0,0.126,0.0,0.0,3.637,49,2015
s: 29
t: 42.740
c: 50
mem: 0.0

i: 0.0,0.0,0.0,0.0,0.0,0.0,0.0,0.0,0.0,0.0,0.0,1.36,0.0,0.0,0.0,0.0,0.0,0.0,1.36,0.0,5.47,0.0,0.0,0.0,0.0,0.0,1.36,0.0,0.0,0.0,0.0,0.0,0.0,0.0,0.0,0.0,0.0,0.0,0.0,0.0,0.0,0.0,0.0,0.0,0.0,0.0,0.0,0.0,0.0,0.0,0.0,0.0,0.0,0.0,2.307,8,30
s: 20
t: 79.622
c: 47
mem: 0.0

i: 0.0,0.0,0.0,0.0,2.22,0.0,0.0,0.0,0.0,0.0,0.0,3.33,0.0,0.0,0.0,0.0,0.0,0.0,1.11,0.0,1.11,0.0,0.0,0.0,1.11,1.11,0.0,0.0,1.11,0.0,0.0,0.0,0.0,0.0,0.0,0.0,0.0,0.0,0.0,0.0,0.0,0.0,0.0,0.0,0.0,0.0,0.0,0.0,0.0,0.0,0.0,0.0,0.0,0.0,1.0,1,22
s: 20
t: 75.857
c: 48
mem: 0.0

i: 0.05,0.07,0.1,0.0,0.76,0.05,0.15,0.02,0.55,0.0,0.1,0.47,0.02,0.0,0.0,0.0,0.02,0.13,2.09,0.1,1.57,0.0,0.05,0.0,0.0,0.0,0.0,0.0,0.0,0.0,0.0,0.0,0.0,0.0,0.0,0.02,0.1,0.0,0.0,0.0,0.0,0.0,0.0,0.0,0.0,0.0,0.0,0.0,0.042,0.10099999999999999,0.016,0.25,0.046,0.059000000000000004,2.565,66,2258
s: 29
t: 71.666
c: 47
mem: 0.0

i: 0.0,0.0,0.0,0.0,0.0,0.0,0.0,0.0,0.0,0.0,0.0,1.62,0.0,0.0,0.0,0.0,0.0,0.0,0.0,0.0,0.0,0.0,0.0,0.0,0.0,0.0,0.0,0.0,0.0,0.0,0.0,0.0,0.0,0.0,0.0,0.81,0.0,0.0,0.0,0.0,0.0,0.0,0.0,0.0,0.0,0.0,0.0,0.0,0.0,0.0,0.0,0.0,0.0,0.0,1.578,5,60
s: 24
t: 47.272
c: 44
mem: 0.0

i: 0.0,0.49,0.0,0.0,0.0,0.0,0.0,0.0,0.0,0.0,0.0,0.49,0.0,0.0,0.0,0.0,0.0,0.0,2.94,0.0,1.47,0.0,0.0,0.0,0.0,0.0,0.0,0.0,0.0,0.0,0.0,0.0,0.0,0.0,0.0,0.0,0.0,0.0,0.0,0.0,0.0,0.0,0.0,0.0,0.0,0.0,0.0,0.0,0.0,0.24100000000000002,0.0,0.0,0.0,0.08,1.77,21,85
s: 29
t: 32.338
c: 50
mem: 0.0

i: 0.51,0.43,0.29,0.0,0.14,0.03,0.0,0.18,0.54,0.62,0.29,0.65,0.65,1.2,0.03,0.21,0.43,0.03,2.99,0.0,1.35,0.0,0.51,0.58,0.0,0.0,0.0,0.0,0.0,0.0,0.0,0.0,0.0,0.0,0.0,0.0,0.0,0.0,0.0,0.0,0.0,0.0,0.0,0.0,0.03,0.0,0.0,0.0,0.012,0.078,0.0,0.478,0.509,0.127,6.518,611,2340
s: 22
t: 112.100
c: 46
mem: 0.0

i: 0.0,0.68,0.0,0.0,4.08,0.0,0.68,0.0,0.0,0.68,1.36,1.36,0.0,0.0,0.0,0.0,0.68,0.68,2.72,0.0,1.36,0.0,0.0,0.0,0.0,0.0,0.0,0.0,0.0,0.0,0.0,0.0,0.0,0.0,0.0,0.0,0.0,0.0,0.0,0.0,0.0,0.0,0.0,0.0,0.0,0.0,0.0,0.0,0.0,0.0,0.0,0.0,0.111,0.0,6.587999999999999,68,112
s: 27
t: 73.337
c: 46
mem: 0.0

i: 0.47,0.95,0.95,0.0,0.47,0.0,0.0,0.47,0.0,1.9,0.0,2.38,0.0,0.95,0.0,0.47,0.0,0.0,1.9,0.0,5.23,0.0,0.0,0.0,0.0,0.0,0.0,0.0,0.0,0.0,0.0,0.0,0.0,0.0,0.0,0.0,0.0,0.0,0.0,0.0,0.0,0.0,0.0,0.0,0.0,0.0,0.0,0.0,0.0,0.253,0.0,1.6869999999999998,0.168,0.084,57.076,634,742
s: 23
t: 86.649
c: 47
mem: 0.0

i: 0.33,0.67,0.0,0.0,0.0,0.0,0.67,0.33,0.33,0.33,0.0,0.67,0.0,0.0,0.0,0.0,0.67,1.01,2.02,0.0,0.67,0.0,0.0,0.0,0.0,0.0,0.0,0.0,0.0,0.0,0.0,0.0,0.0,0.0,0.0,0.0,0.0,0.0,0.0,0.0,0.0,0.0,0.0,0.0,0.0,0.0,0.0,0.0,0.0,0.0,0.0,0.0,0.048,0.0,1.204,6,59
s: 32
t: 71.016
c: 46
mem: 0.0

i: 0.0,0.0,0.0,0.0,0.0,0.0,0.0,0.0,0.0,0.0,0.0,0.0,0.0,0.0,0.0,0.0,0.0,0.0,4.16,0.0,0.0,0.0,0.0,0.0,0.0,0.0,0.0,0.0,0.0,0.0,0.0,0.0,0.0,0.0,0.0,0.0,0.0,0.0,0.0,0.0,0.0,0.0,0.0,0.0,0.0,0.0,0.0,0.0,0.0,0.0,0.0,0.74,0.0,0.0,1.625,6,13
s: 22
t: 43.872
c: 45
mem: 0.0

i: 0.0,0.0,0.0,0.0,0.0,0.0,0.0,0.0,0.0,0.0,0.0,0.0,0.0,0.0,0.0,0.0,0.0,0.0,0.0,0.0,0.0,0.0,0.0,0.0,0.0,0.0,0.0,0.0,0.0,0.0,0.0,0.0,0.0,0.0,0.0,0.0,0.0,0.0,0.0,0.0,4.76,0.0,0.0,0.0,0.0,4.76,0.0,0.0,0.0,0.0,0.0,0.0,0.0,0.0,1.571,5,11
s: 26
t: 46.738
c: 46
mem: 0.0

i: 0.07,0.0,1.0,0.0,0.3,0.46,0.07,0.23,0.23,0.0,0.3,1.31,0.15,0.0,0.07,1.39,0.15,0.85,2.24,0.0,0.77,0.0,0.0,0.3,0.0,0.0,0.0,0.0,0.0,0.0,0.0,0.0,0.0,0.0,0.0,0.0,0.0,0.0,0.0,0.15,0.0,0.0,0.0,0.0,0.0,0.0,0.0,0.0,0.024,0.183,0.0,0.0,0.183,0.0,3.2110000000000003,84,700
s: 28
t: 60.591
c: 47
mem: 0.0

i: 0.0,0.0,0.0,0.0,0.0,0.0,0.0,0.0,0.0,0.0,0.0,1.25,0.0,0.0,0.0,0.0,0.0,0.0,1.25,0.0,3.75,0.0,0.0,0.0,0.0,0.0,0.0,0.0,0.0,0.0,0.0,0.0,0.0,0.0,0.0,0.0,0.0,0.0,0.0,0.0,0.0,0.0,0.0,0.0,1.25,0.0,0.0,0.0,0.0,0.715,0.0,0.0,0.0,0.0,1.411,4,24
s: 27
t: 60.901
c: 47
mem: 0.0

i: 0.0,1.86,0.0,0.0,0.0,0.0,0.0,0.0,0.0,0.93,0.0,0.0,0.0,0.0,0.0,0.0,0.0,0.0,0.0,0.0,0.0,0.0,0.0,0.0,2.8,1.86,1.86,0.93,0.93,0.93,0.93,0.93,0.0,0.93,0.93,0.93,0.93,0.0,0.93,0.93,0.0,0.93,0.93,0.0,0.93,0.0,0.0,0.0,0.0,0.457,0.152,0.0,0.0,0.0,2.097,13,86
s: 17
t: 85.270
c: 47
mem: 0.0

i: 0.0,0.0,0.48,0.0,0.96,0.0,0.0,0.0,0.48,0.0,0.0,0.0,0.0,0.0,0.0,0.96,0.96,0.0,1.44,0.0,0.48,0.0,0.96,0.0,0.0,0.0,0.0,0.0,0.0,0.0,0.0,0.0,0.0,0.0,0.0,0.0,0.0,0.0,0.0,0.0,0.0,0.0,0.0,0.0,0.48,0.0,0.0,0.0,0.0,0.133,0.066,0.46799999999999997,0.267,0.0,3.315,61,242
s: 29
t: 67.489
c: 46
mem: 0.0

i: 0.0,0.0,0.0,0.0,0.0,0.0,0.0,0.0,0.0,0.0,0.0,0.0,0.0,0.0,0.0,0.0,0.0,0.0,0.0,0.0,0.0,0.0,0.0,0.0,0.0,0.0,0.0,0.0,0.0,0.0,0.0,0.0,0.0,0.0,0.0,0.0,0.0,0.0,0.0,0.0,0.0,0.0,0.0,0.0,0.0,9.09,0.0,0.0,0.0,0.7190000000000001,0.0,0.0,0.0,0.0,1.0,1,4
s: 23
t: 61.470
c: 47
mem: 0.0

i: 0.0,0.0,0.0,0.0,0.0,0.0,0.0,0.0,0.0,0.0,0.0,0.0,0.0,0.0,0.0,0.0,0.0,0.0,4.16,0.0,0.0,0.0,0.0,0.0,4.16,0.0,4.16,0.0,0.0,0.0,0.0,0.0,0.0,0.0,0.0,0.0,0.0,0.0,0.0,0.0,0.0,0.0,0.0,0.0,0.0,0.0,0.0,0.0,0.0,0.0,0.7509999999999999,0.0,0.0,0.0,1.4280000000000002,4,10
s: 20
t: 72.907
c: 45
mem: 0.0

i: 0.0,0.57,0.0,0.0,0.0,0.0,0.0,0.0,0.0,0.0,0.57,0.57,1.15,0.0,0.0,0.0,0.0,1.73,3.46,0.0,1.15,0.0,0.0,0.0,0.0,0.0,0.0,0.0,0.0,0.0,0.0,0.0,0.0,0.0,0.0,0.0,0.0,0.0,0.0,0.0,0.0,0.0,0.0,0.0,0.0,0.0,0.0,0.0,0.0,0.0,0.0,0.107,0.0,0.0,1.421,7,54
s: 35
t: 58.673
c: 47
mem: 0.0

i: 0.0,0.17,0.0,0.0,0.0,0.0,0.17,0.52,0.0,0.17,0.35,0.52,0.0,0.0,0.0,0.0,0.17,0.7,0.87,0.0,0.7,1.92,0.35,0.0,0.0,0.0,0.0,0.0,0.0,0.0,0.0,0.0,0.0,0.0,0.0,0.0,0.0,0.0,0.0,0.0,0.0,0.0,0.0,0.0,0.0,0.0,0.0,0.0,0.028999999999999998,0.147,0.028999999999999998,0.11699999999999999,0.057999999999999996,0.235,3.5210000000000004,39,419
s: 32
t: 64.182
c: 47
mem: 0.0

i: 0.0,0.0,0.0,0.0,0.0,0.0,0.0,0.0,0.0,0.0,0.0,0.0,1.88,0.0,0.0,0.0,0.0,1.88,0.0,0.0,0.0,0.0,0.0,0.0,0.0,0.0,0.0,0.0,0.0,0.0,0.0,0.0,0.0,0.0,0.0,0.0,0.0,0.0,0.0,0.0,0.0,0.0,0.0,1.88,0.0,0.0,0.0,0.0,0.0,0.0,0.0,0.0,0.0,0.0,1.5330000000000001,5,23
s: 25
t: 60.805
c: 45
mem: 0.0

i: 0.0,0.0,0.11,0.0,0.11,0.0,0.0,0.11,0.0,0.0,0.0,0.0,0.11,0.23,0.0,0.0,0.11,0.0,0.0,0.0,0.0,0.0,0.11,0.0,3.45,0.0,0.0,0.0,0.0,0.0,0.0,0.0,0.0,0.0,0.0,0.0,0.11,0.0,0.0,0.0,0.0,0.0,0.0,0.0,0.0,0.0,0.0,0.0,0.047,0.157,0.0,0.0,0.078,0.0,2.351,28,508
s: 25
t: 39.360
c: 48
mem: 0.0

i: 0.0,0.42,0.0,0.0,0.42,0.42,0.0,0.0,0.0,0.0,0.0,0.0,0.0,0.0,0.0,0.42,0.0,0.42,4.2,0.0,0.0,0.0,0.42,0.0,0.0,0.0,0.0,0.0,0.0,0.0,0.0,0.0,0.0,0.0,0.0,0.0,0.0,0.0,0.0,0.0,0.0,0.0,0.0,0.0,0.42,0.0,0.0,0.0,0.0,0.08,0.0,0.644,0.161,0.0,2.522,14,111
s: 28
t: 72.938
c: 45
mem: 0.0

i: 0.0,0.0,0.0,0.0,0.0,0.0,0.0,0.0,0.0,0.0,0.0,1.25,0.0,0.0,0.0,0.0,0.0,0.0,2.5,0.0,0.0,0.0,0.0,0.0,0.0,0.0,0.0,0.0,0.0,0.0,0.0,0.0,0.0,0.0,0.0,0.0,0.0,0.0,0.62,0.0,0.0,0.0,0.0,0.62,0.62,0.0,0.0,0.0,0.0,0.35600000000000004,0.0,0.594,0.0,0.0,2.125,16,34
s: 28
t: 38.283
c: 47
mem: 0.0

i: 0.0,0.22,0.0,0.0,0.66,0.22,0.0,0.44,0.44,0.89,0.0,0.0,0.22,0.22,0.0,1.33,0.0,0.0,0.89,0.0,0.44,0.0,0.0,0.22,3.34,3.56,0.66,0.22,0.22,0.22,0.22,0.22,0.0,0.22,0.22,0.22,1.11,0.0,0.0,0.22,0.0,0.0,0.22,0.0,0.22,0.0,0.0,0.0,0.14800000000000002,0.37200000000000005,0.111,0.37200000000000005,0.223,0.0,3.425,42,411
s: 35
t: 64.662
c: 47
mem: 0.0

i: 0.0,0.0,0.0,0.0,0.0,0.0,0.0,0.56,0.0,0.0,0.0,0.0,0.0,0.0,0.0,0.0,0.0,0.0,1.12,0.0,0.0,0.0,0.0,0.0,0.0,0.0,0.0,0.0,0.0,0.0,0.0,0.0,0.0,0.0,0.0,0.0,0.0,0.0,1.12,0.0,0.0,0.0,0.0,0.0,1.12,0.56,0.0,0.0,0.0,0.18100000000000002,0.09,0.18100000000000002,0.0,0.0,4.5,34,153
s: 29
t: 38.228
c: 44
mem: 0.0

i: 0.0,0.0,0.0,0.0,0.0,0.0,0.0,5.88,0.0,0.0,0.0,0.0,0.0,0.0,0.0,0.0,0.0,0.0,0.0,0.0,0.0,0.0,0.0,0.0,0.0,0.0,0.0,0.0,0.0,0.0,0.0,0.0,0.0,0.0,0.0,0.0,0.0,0.0,0.0,0.0,0.0,0.0,0.0,0.0,0.0,0.0,0.0,0.0,0.0,0.0,0.0,0.0,0.0,0.0,1.0,1,10
s: 20
t: 64.102
c: 45
mem: 0.0

i: 0.0,0.55,0.55,0.0,2.23,0.55,0.0,0.55,0.0,0.0,0.55,0.0,0.0,0.0,0.0,0.0,0.0,1.11,1.67,0.0,2.23,0.0,0.0,0.55,0.0,0.0,0.0,0.0,0.0,0.0,0.55,0.0,0.0,0.0,0.0,0.0,0.55,0.0,0.0,0.0,0.0,0.0,0.0,0.0,0.0,0.0,0.0,0.0,0.0,0.265,0.0,0.08800000000000001,0.353,0.0,2.571,11,108
s: 26
t: 98.206
c: 47
mem: 52880.0

i: 0.0,0.0,0.0,0.0,0.0,0.0,0.0,0.0,0.0,0.0,0.0,0.0,0.0,0.0,0.0,0.0,0.0,0.0,0.33,0.0,0.0,0.0,0.0,0.0,0.0,0.0,0.0,0.0,0.0,0.0,0.0,0.0,0.0,0.0,0.0,0.0,0.0,0.0,0.0,0.0,0.0,0.0,0.0,0.0,0.0,0.67,0.0,0.33,0.0,0.042,0.0,0.0,0.0,0.0,2.519,46,131
s: 28
t: 44.933
c: 45
mem: 1360.0

i: 0.72,0.0,0.0,0.0,1.45,0.72,0.72,0.0,0.0,1.45,0.0,0.0,0.0,0.0,0.0,0.0,0.0,0.0,1.45,0.0,0.0,0.0,0.0,0.0,0.0,0.0,0.0,0.0,0.0,0.0,0.0,0.0,0.0,0.0,0.0,0.72,0.0,0.0,0.0,0.0,0.0,0.0,0.0,0.0,0.0,0.0,0.0,0.0,0.0,0.40399999999999997,0.0,0.134,0.0,0.0,3.0660000000000003,14,92
s: 29
t: 55.657
c: 46
mem: 2992.0

i: 0.0,0.0,1.31,0.0,0.0,0.0,0.0,0.0,0.0,0.0,0.0,1.31,0.0,0.0,0.0,0.0,0.0,0.0,1.31,0.0,5.26,0.0,0.0,1.31,0.0,0.0,0.0,0.0,0.0,0.0,0.0,0.0,0.0,0.0,0.0,0.0,0.0,0.0,0.0,0.0,0.0,0.0,0.0,0.0,0.0,0.0,0.0,0.0,0.0,0.0,0.0,0.0,0.19899999999999998,0.0,4.8180000000000005,25,53
s: 28
t: 120.500
c: 46
mem: 7872.0

i: 0.0,0.0,0.0,0.0,0.0,0.0,0.0,0.0,0.0,0.0,0.0,0.69,0.0,0.0,0.0,0.69,0.0,0.0,2.79,0.0,0.69,0.0,0.0,0.0,2.09,0.0,0.0,0.0,0.0,1.39,0.0,0.0,0.0,0.0,0.0,0.0,0.0,0.0,0.0,0.0,0.0,0.0,0.0,0.0,0.69,1.39,0.0,0.0,0.0,0.221,0.0,0.0,0.0,0.0,2.184,12,83
s: 25
t: 66.219
c: 48
mem: 1168.0

i: 0.0,0.0,0.0,0.0,0.0,0.0,0.0,0.0,0.0,0.0,0.0,0.0,0.0,0.0,0.0,1.0,2.0,0.0,4.0,0.0,2.0,0.0,0.0,0.0,0.0,0.0,0.0,0.0,0.0,0.0,0.0,0.0,0.0,0.0,0.0,0.0,0.0,0.0,0.0,0.0,0.0,0.0,0.0,0.0,0.0,0.0,0.0,0.0,0.0,0.38,0.0,0.0,0.0,0.0,1.806,11,56
s: 29
t: 64.846
c: 46
mem: 0.0

i: 0.0,0.0,0.0,0.0,0.0,0.0,0.0,0.0,0.0,0.0,0.0,1.38,0.0,0.0,0.0,0.0,0.0,0.0,1.38,0.0,1.38,0.0,0.0,0.0,1.38,1.38,2.77,0.0,0.0,0.0,0.0,0.0,0.0,0.0,0.0,0.0,1.38,0.0,1.38,0.0,0.0,0.0,1.38,0.0,0.0,0.0,0.0,0.0,0.0,0.0,0.22399999999999998,0.44799999999999995,0.0,0.0,1.4509999999999998,12,45
s: 22
t: 76.144
c: 50
mem: 1024.0

i: 0.0,0.0,0.0,0.0,0.0,0.0,0.0,0.0,0.0,0.0,0.0,0.0,0.0,0.0,0.0,0.0,0.0,0.0,2.32,0.0,0.0,0.0,0.0,0.0,0.0,0.0,0.0,0.0,0.0,0.0,0.0,0.0,0.0,0.0,0.0,0.0,0.0,0.0,0.0,0.0,0.0,0.0,0.0,0.0,2.32,2.32,0.0,0.0,0.0,0.0,0.0,0.0,0.0,0.0,1.666,5,25
s: 22
t: 66.179
c: 45
mem: 2384.0

i: 0.0,0.65,0.98,0.0,0.32,0.0,0.0,0.0,0.0,0.0,0.0,0.65,0.0,0.0,0.0,0.32,0.0,1.3,2.61,0.0,1.3,0.0,0.0,0.0,0.0,0.0,0.0,0.0,0.0,0.0,0.0,0.0,0.0,0.0,0.0,0.0,0.0,0.0,0.0,0.0,0.0,0.0,0.0,0.0,0.32,0.0,0.0,0.0,0.0,0.053,0.0,0.47700000000000004,0.0,0.0,4.273,121,312
s: 28
t: 85.388
c: 47
mem: 0.0

i: 0.0,0.0,0.0,0.0,0.0,0.0,0.0,0.0,0.0,0.0,0.0,2.77,0.0,0.0,0.0,0.0,0.0,0.0,2.77,0.0,0.0,0.0,0.0,0.0,5.55,2.77,2.77,2.77,5.55,2.77,2.77,2.77,0.0,2.77,2.77,2.77,0.0,0.0,0.0,2.77,0.0,0.0,0.0,0.0,0.0,0.0,0.0,0.0,0.0,1.229,0.0,0.0,0.0,0.0,3.25,11,39
s: 22
t: 77.418
c: 47
mem: 0.0

i: 2.32,0.0,0.0,0.0,0.0,0.0,0.0,0.0,0.0,0.0,0.0,0.0,0.0,0.0,0.0,0.0,0.0,0.0,0.0,0.0,0.0,0.0,0.0,0.0,0.0,0.0,0.0,0.0,0.0,0.0,0.0,0.0,0.0,0.0,0.0,0.0,0.0,0.0,0.0,0.0,0.0,0.0,0.0,0.0,0.0,0.0,0.0,0.0,0.0,0.0,0.0,0.27699999999999997,0.0,0.0,3.2,13,48
s: 26
t: 45.871
c: 44
mem: 0.0

i: 0.0,0.0,0.0,0.0,0.0,0.0,0.0,0.0,0.0,3.77,0.0,0.0,0.0,0.0,0.0,0.0,0.0,0.0,1.88,0.0,0.0,0.0,0.0,1.88,0.0,0.0,0.0,0.0,0.0,0.0,0.0,0.0,0.0,0.0,0.0,0.0,0.0,0.0,0.0,0.0,0.0,0.0,0.0,0.0,0.0,0.0,0.0,0.0,0.264,0.0,0.0,0.0,0.0,0.0,4.333,13,78
s: 31
t: 102.381
c: 48
mem: 0.0

i: 0.51,0.0,0.0,0.0,0.0,0.0,0.0,0.0,0.0,0.0,0.0,1.54,0.0,0.0,0.0,0.0,2.06,0.0,0.51,0.0,0.0,0.0,0.0,0.0,3.6,2.06,0.0,0.0,0.0,0.51,0.0,0.0,0.0,0.0,0.0,0.51,0.0,0.0,0.0,0.0,0.0,0.0,0.0,0.0,0.51,0.0,0.0,0.0,0.0,0.0,0.0,0.0,0.0,0.0,1.574,4,74
s: 22
t: 75.436
c: 47
mem: 0.0

i: 0.0,0.0,0.63,0.0,0.0,0.0,0.0,0.0,0.0,0.0,0.0,0.0,0.0,0.0,0.0,0.0,0.0,0.0,0.0,0.0,0.63,0.0,0.0,0.0,0.0,0.0,0.0,0.0,0.0,0.0,0.0,0.0,0.0,0.0,1.91,0.0,0.0,0.0,0.0,0.0,0.0,0.0,0.0,0.0,0.0,0.0,0.0,0.0,0.0,0.265,0.0,0.797,0.885,0.0,9.29,75,288
s: 28
t: 81.170
c: 45
mem: 0.0

i: 0.26,0.0,0.0,0.0,0.0,0.26,0.0,0.0,0.0,0.0,0.0,0.0,0.26,0.0,0.0,0.0,0.0,0.0,2.66,0.0,0.26,0.0,0.0,0.0,0.0,0.0,0.0,0.0,0.0,0.0,0.0,0.0,0.0,0.0,0.0,0.0,0.0,0.0,0.0,0.0,0.53,0.0,0.0,0.26,0.53,0.26,0.0,0.0,0.0,0.046,0.0,0.0,0.0,0.0,1.222,5,77
s: 28
t: 91.931
c: 46
mem: 0.0

i: 0.0,0.0,0.0,0.0,0.0,0.0,0.0,0.0,0.0,0.0,0.0,0.0,0.6,0.0,0.0,0.0,0.0,0.0,0.6,0.0,1.21,0.0,0.0,0.0,0.0,0.0,3.03,0.0,0.0,0.0,0.0,0.0,0.0,0.0,0.0,0.0,1.21,0.0,1.21,0.0,0.0,0.0,1.21,0.0,1.21,0.0,0.0,0.0,0.0,0.0,0.1,0.0,0.0,0.0,1.535,13,86
s: 21
t: 115.649
c: 45
mem: 0.0

i: 0.17,0.0,0.17,0.0,1.45,0.34,0.05,0.05,0.05,0.05,0.05,0.52,0.29,0.05,0.0,0.0,0.69,0.05,4.24,0.23,1.04,0.0,0.75,0.05,0.0,0.0,0.0,0.0,0.0,0.0,0.0,0.0,0.0,0.0,0.0,0.0,0.0,0.0,0.0,0.0,0.0,0.0,0.0,0.0,0.0,0.0,0.0,0.0,0.01,0.051,0.0,0.02,0.163,0.0,1.796,12,458
s: 28
t: 103.684
c: 45
mem: 0.0

i: 0.0,0.0,0.0,0.0,0.0,0.0,0.0,0.0,0.0,0.0,0.0,0.0,0.0,0.0,0.0,0.0,0.0,0.0,0.0,0.0,0.0,0.0,0.0,0.0,0.0,0.0,16.66,0.0,0.0,0.0,0.0,0.0,0.0,0.0,0.0,0.0,0.0,0.0,0.0,0.0,0.0,0.0,0.0,0.0,0.0,0.0,0.0,0.0,0.0,0.0,0.0,0.0,0.0,0.0,1.0,1,6
s: 19
t: 111.914
c: 45
mem: 0.0

i: 0.0,0.0,0.0,0.0,0.0,0.0,0.0,0.0,0.0,0.0,0.0,0.98,0.0,0.0,0.0,0.0,0.0,0.0,0.0,0.0,0.0,0.0,0.0,0.0,0.49,0.98,0.0,0.0,0.0,0.0,0.0,0.0,0.0,0.0,0.0,0.0,0.0,0.0,0.0,0.0,0.0,0.0,0.0,0.0,0.0,0.0,0.0,0.49,0.0,0.0,0.0,0.159,0.0,0.0,1.45,7,74
s: 21
t: 93.745
c: 47
mem: 0.0

i: 0.43,0.0,0.0,0.0,0.0,0.0,0.0,0.0,0.0,0.0,0.0,0.0,0.86,0.0,0.0,0.0,0.0,0.0,4.34,0.0,0.86,0.0,0.0,0.0,0.43,0.0,0.0,0.0,0.0,0.0,0.0,0.0,0.0,0.0,0.0,0.0,0.0,0.0,0.0,0.0,0.0,0.0,0.0,0.0,0.0,0.0,0.0,0.0,0.0,0.374,0.0,0.0,0.124,0.0,1.974,18,77
s: 27
t: 68.718
c: 47
mem: 0.0

i: 0.0,0.0,0.0,0.0,0.0,0.0,0.0,0.0,0.0,0.0,0.0,1.4,0.0,0.0,0.0,0.0,0.7,0.0,1.4,0.0,1.4,0.0,0.0,0.0,0.0,0.0,0.7,0.0,0.0,0.0,0.7,0.0,0.0,0.0,0.0,0.0,0.0,0.0,0.0,2.11,0.0,0.0,0.0,0.0,0.0,0.0,0.0,0.0,0.0,0.267,0.066,0.0,0.0,0.0,17.952,200,377
s: 26
t: 107.416
c: 47
mem: 0.0

i: 0.0,0.0,0.0,0.0,0.0,0.0,0.0,0.0,0.55,0.0,0.0,0.0,0.0,0.0,0.0,0.0,0.0,0.55,1.65,0.0,1.65,0.0,0.0,0.0,0.55,0.0,0.0,0.0,0.0,0.0,0.0,0.0,0.0,0.0,0.0,0.0,0.0,0.0,0.0,0.55,0.0,0.0,0.55,0.0,0.0,0.0,0.0,0.0,0.0,0.10400000000000001,0.314,0.0,0.052000000000000005,0.0,6.894,97,393
s: 27
t: 55.512
c: 47
mem: 0.0

i: 0.31,0.0,0.0,0.0,0.94,0.0,0.0,0.0,0.0,0.0,0.31,0.0,0.0,0.0,0.0,0.31,0.0,0.31,3.76,0.31,0.62,0.0,0.0,0.62,0.0,0.0,0.0,0.0,0.0,0.0,0.0,0.0,0.0,0.0,0.31,0.0,0.0,0.0,0.0,0.0,0.0,0.0,0.0,0.0,1.25,0.0,0.0,0.0,0.0,0.055,0.0,0.055,0.111,0.0,2.358,32,125
s: 31
t: 92.659
c: 46
mem: 0.0

i: 0.0,0.0,0.0,0.0,0.0,0.0,0.0,0.0,0.0,0.0,0.0,0.0,0.0,0.0,0.0,0.0,0.0,0.0,1.81,0.0,0.0,0.0,0.0,0.0,3.63,1.81,0.0,0.0,0.0,3.63,0.0,0.0,0.0,0.0,1.81,0.0,0.0,0.0,0.0,0.0,0.0,0.0,0.0,0.0,0.0,0.0,0.0,0.0,0.0,0.0,0.0,0.0,0.0,0.0,2.227,11,49
s: 23
t: 79.916
c: 47
mem: 0.0

i: 0.76,0.19,0.38,0.0,0.19,0.12,0.0,0.25,0.76,0.31,0.25,1.52,0.31,0.38,0.0,0.38,0.44,0.06,2.98,0.69,1.26,0.0,0.44,0.76,0.0,0.0,0.0,0.0,0.0,0.0,0.0,0.0,0.0,0.0,0.0,0.0,0.0,0.0,0.0,0.12,0.0,0.0,0.06,0.0,0.0,0.0,0.0,0.0,0.0,0.087,0.054000000000000006,0.439,0.24100000000000002,0.065,3.702,45,1070
s: 24
t: 154.972
c: 49
mem: 0.0

i: 0.0,0.0,0.26,0.0,0.26,0.13,0.0,0.0,0.0,0.0,0.0,0.52,0.0,0.0,0.0,0.0,0.39,0.0,1.05,0.0,1.05,0.0,0.0,0.0,0.39,0.0,0.0,0.0,0.0,0.0,0.0,0.0,0.0,0.0,0.0,0.13,0.0,0.0,0.0,0.0,0.0,0.0,0.0,0.0,0.0,0.0,0.0,0.0,0.017,0.08900000000000001,0.017,0.035,0.053,0.053,5.189,107,685
s: 26
t: 56.323
c: 47
mem: 0.0

i: 0.0,0.0,0.97,0.0,0.0,0.0,0.0,0.0,0.0,1.94,0.0,0.97,0.0,0.0,0.0,0.0,0.0,0.97,5.82,0.0,0.97,0.0,0.0,0.0,0.0,0.0,0.0,0.0,0.0,0.0,0.0,0.0,0.0,0.0,0.0,0.0,0.0,0.0,0.0,0.0,0.0,0.0,0.0,0.0,0.0,0.0,0.0,0.0,0.0,0.293,0.0,0.0,0.0,0.0,2.187,14,70
s: 26
t: 73.057
c: 48
mem: 0.0

i: 1.44,0.0,0.0,0.0,0.0,0.0,0.0,0.0,0.0,0.48,0.0,2.4,0.0,0.0,0.0,0.96,0.0,0.0,6.73,0.0,1.92,0.0,0.48,0.0,0.0,0.0,0.0,0.0,0.0,0.0,0.0,0.0,0.0,0.0,0.0,0.0,0.0,0.0,0.0,0.0,0.0,0.0,0.0,0.0,0.48,0.0,0.0,0.0,0.0,0.0,0.0,0.174,0.087,0.0,1.6119999999999999,12,50
s: 30
t: 86.056
c: 46
mem: 0.0

i: 0.0,0.0,4.0,0.0,0.0,0.0,0.0,0.0,0.0,0.0,0.0,0.0,0.0,0.0,0.0,0.0,0.0,0.0,4.0,0.0,0.0,0.0,0.0,0.0,0.0,0.0,0.0,0.0,0.0,0.0,0.0,0.0,0.0,0.0,0.0,0.0,0.0,0.0,0.0,0.0,0.0,0.0,0.0,0.0,0.0,0.0,0.0,0.0,0.0,0.0,0.0,0.0,0.0,0.0,1.0,1,6
s: 22
t: 84.361
c: 46
mem: 0.0

i: 0.34,1.03,0.34,0.0,1.03,0.0,2.41,0.34,0.0,1.72,2.06,2.06,0.68,0.0,0.34,0.0,0.0,3.44,4.13,0.0,2.06,0.0,0.0,0.0,0.0,0.0,0.0,0.0,0.0,0.0,0.0,0.0,0.0,0.0,0.0,0.0,0.0,0.0,0.0,0.0,0.0,0.0,0.0,0.0,0.0,0.0,0.0,0.0,0.0,0.11599999999999999,0.0,0.0,0.0,0.0,1.8880000000000001,6,68
s: 29
t: 114.537
c: 45
mem: 0.0

i: 0.0,0.0,0.0,0.0,0.0,0.0,0.0,0.0,0.0,0.0,0.0,0.0,0.0,0.0,0.0,0.0,0.0,0.0,0.0,0.0,0.0,0.0,0.0,0.0,0.0,0.0,0.0,0.0,0.0,0.0,0.0,0.0,0.0,0.0,0.0,0.0,0.0,0.0,0.0,0.0,0.0,0.0,0.0,0.0,0.0,0.0,0.0,0.0,0.0,0.0,0.0,0.0,0.0,0.0,6.666,15,20
s: 25
t: 67.386
c: 45
mem: 0.0

i: 0.45,0.9,0.9,0.0,0.45,0.0,0.0,0.45,0.0,1.8,0.0,2.26,0.0,0.45,0.0,0.45,0.0,0.0,1.8,0.0,4.97,0.0,0.0,0.0,0.0,0.0,0.0,0.0,0.0,0.0,0.0,0.0,0.0,0.0,0.0,0.0,0.0,0.0,0.0,0.0,0.0,0.0,0.0,0.0,0.0,0.0,0.0,0.0,0.0,0.244,0.0,1.631,0.244,0.081,64.416,708,773
s: 25
t: 114.520
c: 47
mem: 0.0

i: 0.0,0.0,0.0,0.0,3.12,0.0,1.04,1.04,0.0,1.04,0.0,1.04,0.0,0.0,0.0,2.08,0.0,0.0,2.08,0.0,1.04,0.0,0.0,0.0,0.0,0.0,0.0,0.0,0.0,0.0,0.0,0.0,0.0,0.0,0.0,0.0,0.0,0.0,0.0,0.0,0.0,0.0,0.0,0.0,1.04,0.0,0.0,0.0,0.0,0.0,0.0,0.0,0.0,0.0,10.692,65,139
s: 25
t: 107.960
c: 46
mem: 0.0

i: 0.0,0.49,1.97,0.0,2.46,0.0,0.0,0.0,0.0,0.0,0.0,0.0,0.49,0.0,0.0,0.49,1.47,0.49,4.43,0.0,0.49,0.0,0.0,0.0,0.0,0.0,0.0,0.0,0.0,0.0,0.0,0.0,0.0,0.0,0.0,0.0,0.0,0.0,0.0,0.0,0.0,0.0,0.0,0.0,0.0,0.0,0.0,0.0,0.0,0.0,0.0,0.424,0.0,0.0,12.692,152,330
s: 23
t: 149.139
c: 46
mem: 0.0

i: 0.0,0.0,0.81,0.0,0.27,0.0,0.0,0.0,0.0,0.27,0.0,0.27,0.27,0.0,0.0,0.0,0.0,0.0,2.16,0.0,0.54,0.0,0.0,0.0,0.0,0.0,0.0,0.0,0.0,0.0,0.0,0.0,0.0,0.0,0.0,0.0,0.0,0.0,0.0,0.0,0.0,0.0,0.0,0.0,0.54,0.27,0.0,0.0,0.045,0.091,0.0,0.045,0.0,0.0,2.0780000000000003,47,106
s: 30
t: 56.607
c: 46
mem: 0.0

i: 0.0,0.0,0.81,0.0,0.81,0.0,0.0,0.0,0.0,0.0,0.0,0.0,0.0,0.0,0.0,0.0,0.81,0.0,3.27,0.0,0.81,1.63,0.0,0.0,0.0,0.0,0.0,0.0,0.0,0.0,0.0,0.0,0.0,0.0,0.0,0.0,0.0,0.0,0.0,0.0,0.0,0.0,0.0,0.0,0.0,0.0,0.0,0.0,0.0,0.0,0.0,0.26,0.0,0.6509999999999999,13.5,86,189
s: 26
t: 109.993
c: 46
mem: 0.0

i: 1.63,0.0,0.0,0.0,2.45,0.0,0.0,0.0,0.0,0.0,0.0,0.0,0.0,0.0,0.0,0.81,0.0,0.0,3.27,0.0,1.63,0.0,0.0,0.0,0.0,0.0,0.0,0.0,0.0,0.0,0.0,0.0,0.0,0.0,0.0,0.0,0.81,0.0,0.0,0.0,0.0,0.0,0.0,0.0,0.0,0.0,0.0,0.0,0.0,0.0,0.0,0.258,0.0,0.0,2.826,20,65
s: 32
t: 88.444
c: 46
mem: 0.0

i: 0.0,0.0,0.0,0.0,0.0,0.0,0.0,0.0,0.0,0.0,0.0,1.61,0.0,0.0,0.0,0.0,0.0,0.0,0.53,0.0,0.0,0.0,0.0,0.0,1.61,0.53,0.0,0.0,0.53,0.0,0.0,0.0,0.0,0.0,0.0,0.53,0.0,0.0,0.0,0.0,0.0,0.53,0.0,1.07,0.0,0.0,0.0,0.53,0.0,0.0,0.0,0.0,0.0,0.0,1.375,5,99
s: 21
t: 127.176
c: 48
mem: 0.0

i: 0.0,0.0,0.0,0.0,0.0,0.0,0.0,0.26,0.39,0.0,0.13,0.52,0.26,0.0,0.0,0.0,0.0,0.0,0.0,0.0,0.0,0.0,0.0,0.0,4.22,0.13,0.0,0.0,0.0,0.0,0.0,0.0,0.0,0.0,0.0,0.13,0.13,0.0,0.0,0.0,0.0,0.0,0.0,0.13,0.0,0.0,0.0,0.0,0.017,0.107,0.0,0.0,0.071,0.0,2.8480000000000003,26,433
s: 23
t: 73.644
c: 47
mem: 0.0

i: 0.0,0.0,0.31,0.0,0.63,0.63,0.31,0.31,0.0,0.0,0.0,0.31,0.31,0.0,0.0,0.31,0.31,0.0,2.55,0.0,3.19,0.0,0.0,0.31,0.0,0.0,0.0,0.0,0.0,0.0,0.0,0.0,0.0,0.0,0.0,0.0,0.0,0.0,0.0,0.0,0.0,0.0,0.0,0.0,0.31,0.0,0.0,0.0,0.0,0.10800000000000001,0.0,0.0,0.163,0.054000000000000006,1.515,10,144
s: 27
t: 131.941
c: 47
mem: 0.0

i: 0.0,0.0,0.71,0.0,0.71,0.0,0.0,0.0,0.0,0.0,0.0,0.0,0.0,0.0,0.0,0.71,0.0,0.0,1.42,0.0,0.71,0.0,0.0,0.0,0.0,0.0,0.0,0.0,0.0,0.0,0.0,0.0,0.0,0.0,0.0,0.0,0.0,0.0,0.0,0.0,0.0,0.0,0.0,0.0,0.71,0.0,0.0,0.0,0.0,0.121,0.0,1.094,0.0,0.0,2.021,16,95
s: 29
t: 84.927
c: 45
mem: 0.0

i: 0.0,0.0,0.0,0.0,0.0,0.0,0.0,0.0,0.0,0.0,0.0,0.0,0.0,0.0,0.0,0.0,0.0,0.0,4.76,0.0,0.0,0.0,0.0,0.0,0.0,0.0,0.0,0.0,0.0,0.0,0.0,0.0,0.0,0.0,0.0,0.0,0.0,0.0,0.0,0.0,0.0,0.0,0.0,0.0,0.0,0.0,0.0,0.0,0.0,0.0,0.0,0.0,0.0,0.0,50.0,99,100
s: 35
t: 98.846
c: 48
mem: 0.0

i: 0.0,0.0,0.0,0.0,0.0,0.0,0.0,0.0,0.0,0.0,0.0,0.0,0.0,0.0,0.0,0.0,0.0,0.0,3.22,0.0,0.0,0.0,0.0,0.0,0.0,0.0,0.0,0.0,0.0,0.0,0.0,0.0,0.0,0.0,0.0,0.0,0.0,0.0,0.0,0.0,0.0,0.0,0.0,0.0,0.0,0.0,0.0,0.0,0.0,0.0,0.0,0.546,0.0,0.0,2.3,9,23
s: 25
t: 53.137
c: 44
mem: 0.0

i: 0.0,0.0,0.0,0.0,0.67,0.0,2.01,0.0,0.0,0.0,0.0,0.0,0.0,0.0,0.0,0.0,0.0,2.01,1.34,0.67,2.01,0.0,0.0,0.0,0.0,0.0,0.0,0.0,0.0,0.0,0.0,0.0,0.0,0.0,0.0,0.0,0.0,0.0,0.0,0.0,0.0,0.0,0.0,0.0,0.0,0.0,0.0,0.0,0.0,0.0,0.0,0.305,0.0,0.0,2.162,14,93
s: 32
t: 95.943
c: 46
mem: 65920.0

i: 0.0,0.0,0.0,0.0,0.0,0.0,0.0,0.0,0.0,0.0,0.0,0.0,0.0,0.0,0.0,0.0,0.0,0.0,0.0,0.0,0.0,0.0,0.0,0.0,0.0,0.0,0.0,0.0,0.0,0.0,0.0,0.0,0.0,0.0,0.0,0.0,0.0,0.0,0.0,0.0,0.0,0.0,0.0,0.0,0.0,0.0,0.0,0.0,0.0,0.0,0.0,0.0,0.0,0.0,1.0,1,4
s: 20
t: 92.080
c: 46
mem: 2000.0

i: 0.09,0.0,0.09,0.0,0.0,0.09,0.0,0.09,0.87,0.0,0.0,0.29,0.0,0.0,0.0,0.0,0.0,0.0,0.38,0.0,0.19,0.0,0.0,0.0,0.58,0.68,0.09,0.0,0.0,0.0,0.0,0.0,0.29,0.0,0.0,0.0,0.0,0.0,0.0,0.0,0.0,0.0,0.0,0.0,0.0,0.0,0.0,0.0,0.17300000000000001,0.17300000000000001,0.053,0.0,0.026000000000000002,0.0,3.7039999999999997,48,726
s: 21
t: 81.715
c: 45
mem: 128.0

i: 0.4,0.0,0.6,0.0,0.2,0.6,0.2,0.6,0.2,0.2,0.2,1.2,0.0,0.0,0.0,0.4,1.61,0.4,2.21,1.81,2.62,0.0,0.2,0.6,0.0,0.0,0.0,0.0,0.0,0.0,0.0,0.0,0.0,0.0,0.0,0.0,0.0,0.0,0.0,0.0,0.0,0.0,0.0,0.0,0.0,0.0,0.0,0.0,0.0,0.096,0.0,1.453,0.129,0.0,3.946,64,513
s: 25
t: 156.289
c: 45
mem: 10672.0

i: 0.09,0.38,0.57,0.0,0.48,0.38,0.0,0.0,0.0,0.38,0.0,1.53,0.19,0.0,0.09,0.0,0.09,0.0,3.55,0.0,1.24,0.0,0.0,0.0,0.0,0.0,0.0,0.0,0.0,0.0,0.0,0.0,0.0,0.0,0.0,0.0,0.0,0.0,0.0,0.0,0.0,0.0,0.0,0.0,0.0,0.0,0.0,0.0,0.038,0.038,0.0,0.24600000000000002,0.894,0.012,4.0,70,640
s: 24
t: 167.130
c: 47
mem: 4016.0

i: 0.0,0.0,0.0,0.0,0.0,0.0,0.0,0.0,0.0,0.0,0.0,0.0,0.0,0.0,0.0,0.0,0.0,0.0,0.0,0.0,0.0,0.0,0.0,0.0,0.0,0.0,14.28,0.0,0.0,0.0,0.0,0.0,0.0,0.0,0.0,0.0,0.0,0.0,0.0,0.0,0.0,0.0,0.0,0.0,0.0,0.0,0.0,0.0,0.0,0.0,0.0,0.0,0.0,0.0,1.0,1,7
s: 19
t: 126.950
c: 44
mem: 0.0

i: 0.0,0.0,0.0,0.0,2.46,0.0,0.0,0.0,0.0,1.23,0.0,0.0,0.0,0.0,0.0,0.0,0.0,0.0,2.46,0.0,1.23,0.0,0.0,0.0,0.0,0.0,0.0,0.0,0.0,0.0,0.0,0.0,0.0,0.0,0.0,0.0,0.0,0.0,0.0,0.0,0.0,0.0,0.0,2.46,0.0,0.0,0.0,0.0,0.245,0.0,0.0,0.0,0.0,0.0,1.166,3,14
s: 25
t: 71.859
c: 46
mem: 0.0

i: 0.09,0.0,0.27,0.0,0.36,0.09,0.0,0.18,0.09,0.0,0.0,0.73,0.0,0.36,0.0,0.0,0.0,0.0,2.01,0.0,3.38,0.0,0.36,0.09,0.0,0.0,0.0,0.0,0.0,0.0,0.0,0.0,0.0,0.0,0.0,0.0,0.0,0.0,0.0,0.0,0.0,0.0,0.0,0.0,0.27,0.0,0.0,0.0,0.016,0.048,0.032,0.257,0.032,0.032,3.6889999999999996,69,535
s: 26
t: 151.277
c: 46
mem: 0.0

i: 0.0,0.0,0.0,0.0,0.0,0.0,0.0,0.0,0.0,0.0,0.0,0.0,0.0,0.0,0.0,0.0,0.0,0.0,0.0,0.0,0.0,0.0,0.0,0.84,1.27,0.42,0.0,0.0,0.0,0.0,0.0,0.0,0.0,0.0,0.0,0.0,0.0,0.0,0.0,0.0,0.0,0.0,0.0,0.0,0.84,0.0,0.0,0.0,0.325,0.7809999999999999,0.0,0.0,0.0,0.0,4.758,14,276
s: 27
t: 79.707
c: 46
mem: 0.0

i: 0.13,0.13,0.13,0.0,0.55,0.27,0.27,0.13,1.11,0.27,0.0,0.97,0.27,0.0,0.13,0.0,0.0,0.0,3.91,0.13,2.65,0.0,0.13,0.55,0.0,0.0,0.0,0.0,0.0,0.0,0.0,0.0,0.0,0.0,0.0,0.0,0.0,0.0,0.0,0.13,0.0,0.0,0.0,0.0,0.0,0.0,0.0,0.0,0.0,0.018000000000000002,0.0,1.294,0.182,0.0,4.745,232,726
s: 25
t: 177.957
c: 47
mem: 0.0

i: 0.0,0.0,0.58,0.0,1.17,0.0,0.58,0.0,0.0,0.0,0.0,0.58,0.0,0.0,0.0,0.58,0.0,0.0,1.76,0.0,0.0,0.0,0.0,0.0,0.0,0.0,0.0,0.0,0.0,0.0,0.0,0.0,0.0,0.0,0.0,0.0,0.0,0.0,0.0,0.0,0.0,0.0,0.0,0.0,0.0,0.0,0.0,0.0,0.0,0.0,0.0,0.8290000000000001,0.0,0.0,2.529,8,86
s: 33
t: 99.089
c: 46
mem: 0.0

i: 0.0,0.0,0.0,0.0,0.0,0.0,0.0,0.0,0.0,0.0,0.0,0.0,0.0,0.0,0.0,0.0,0.0,0.0,2.29,0.0,0.0,0.0,0.0,0.0,2.29,0.0,0.0,0.0,0.0,0.0,0.0,0.0,0.0,0.0,0.0,0.0,0.0,0.0,0.0,0.0,0.0,0.0,0.0,0.0,0.76,0.0,0.0,0.0,0.0,0.258,0.0,0.0,0.0,0.0,3.74,53,101
s: 25
t: 74.470
c: 45
mem: 0.0

i: 0.0,0.0,0.0,0.0,0.0,0.0,0.0,0.0,0.0,0.0,0.0,0.0,1.09,0.0,0.0,0.0,0.0,0.0,2.19,0.0,0.0,0.0,0.0,0.0,0.0,0.0,0.0,0.0,0.0,0.0,0.0,0.0,0.0,0.0,0.0,0.0,0.0,0.0,0.0,0.0,0.0,0.0,0.0,0.0,0.0,1.09,0.0,0.0,0.0,0.0,0.0,0.0,0.0,0.0,3.304,47,76
s: 29
t: 56.165
c: 44
mem: 0.0

i: 0.0,0.0,0.0,0.0,0.0,0.0,0.0,0.0,0.0,0.0,0.0,4.58,0.0,0.0,0.0,0.0,0.91,0.0,0.0,0.0,0.91,0.0,0.0,0.0,1.83,0.0,0.0,0.0,0.0,0.91,0.0,0.0,0.0,0.0,0.0,0.91,0.0,0.0,0.91,0.0,0.0,0.0,0.0,0.0,0.0,0.0,0.0,0.0,0.0,0.124,0.0,0.249,0.0,0.0,2.576,14,67
s: 22
t: 84.985
c: 49
mem: 0.0

i: 0.0,0.0,1.4,0.0,0.0,0.0,0.0,0.0,0.0,0.0,0.0,0.0,0.0,0.0,0.0,1.4,0.0,0.0,0.0,0.0,0.0,0.0,0.0,0.0,0.0,0.0,0.0,0.0,0.0,0.0,0.0,0.0,0.0,0.0,0.0,0.0,0.0,0.0,0.0,0.0,0.0,0.0,0.0,0.0,0.0,0.0,0.0,0.0,0.0,0.0,0.0,1.6469999999999998,0.0,0.0,1.0,1,13
s: 33
t: 116.264
c: 47
mem: 0.0

i: 0.0,0.0,0.0,0.0,0.0,0.0,0.0,0.0,0.0,0.0,0.0,0.0,0.0,0.0,0.0,0.0,0.0,0.0,0.72,0.0,0.0,0.0,0.0,0.0,0.72,0.72,0.0,2.17,0.0,0.0,0.0,0.0,0.0,0.0,1.44,0.0,0.0,0.0,0.0,0.0,0.0,0.0,0.0,0.72,0.0,0.0,0.72,0.0,0.0,0.204,0.0,0.306,0.102,0.0,2.5380000000000003,22,99
s: 27
t: 44.108
c: 43
mem: 0.0

i: 0.0,0.95,0.95,0.0,0.0,0.0,0.0,0.0,0.0,0.0,0.0,0.0,0.0,0.0,0.0,0.0,0.0,0.0,0.47,0.47,1.91,0.0,0.0,0.47,0.0,0.0,0.0,0.0,0.0,0.0,0.0,0.47,0.0,0.0,0.0,0.0,0.0,0.0,0.0,0.0,0.0,0.0,0.0,0.0,0.0,0.0,0.0,0.0,0.067,0.20199999999999999,0.0,0.26899999999999996,0.0,0.0,4.18,45,464
s: 24
t: 175.945
c: 47
mem: 0.0

i: 0.0,0.34,0.0,0.0,0.68,0.0,0.68,0.0,0.0,0.34,0.34,0.0,0.0,0.0,0.0,0.34,0.0,1.36,3.42,0.0,2.73,0.0,0.0,0.0,0.34,0.34,0.0,0.0,0.0,0.0,0.0,0.0,0.34,0.0,0.0,0.0,0.0,0.0,0.0,0.0,0.0,0.0,0.0,0.0,0.0,0.0,0.0,0.0,0.0,0.0,0.0,0.048,0.048,0.0,1.411,15,96
s: 27
t: 103.684
c: 47
mem: 0.0

i: 0.9,0.0,0.0,0.0,0.0,0.0,0.9,0.0,0.0,0.0,0.0,0.0,0.0,0.0,0.0,0.0,0.9,0.9,1.81,0.0,2.72,0.0,0.0,0.9,0.0,0.0,0.0,0.0,0.0,0.0,0.0,0.0,0.0,0.0,0.0,0.0,0.0,0.0,0.0,0.0,0.0,0.0,0.0,0.0,0.0,0.0,0.0,0.0,0.0,0.0,0.0,0.564,0.0,0.0,2.818,19,62
s: 24
t: 185.295
c: 45
mem: 0.0

i: 0.33,0.0,0.67,0.0,0.22,0.0,0.0,0.0,0.44,0.11,0.0,0.33,0.0,0.0,0.0,0.56,0.0,0.0,1.79,0.0,1.12,0.0,0.0,0.22,0.0,0.0,0.0,0.0,0.0,0.0,0.0,0.0,0.0,0.0,0.0,0.0,0.0,0.11,0.0,0.0,0.0,0.0,0.11,0.0,0.0,0.0,0.0,0.0,0.0,0.157,0.0,0.373,0.196,0.078,2.576,75,389
s: 27
t: 153.068
c: 46
mem: 0.0

i: 0.0,0.0,0.65,0.0,0.32,0.0,0.0,0.0,0.0,0.0,0.0,0.32,0.0,0.0,0.0,0.0,0.0,0.0,0.0,0.0,0.0,0.0,0.0,0.0,0.0,0.0,0.0,0.0,0.0,0.0,0.0,0.0,0.0,0.0,0.0,0.0,0.0,0.0,0.0,0.0,0.0,0.0,0.0,0.0,0.0,0.0,0.0,0.0,0.0,0.061,0.061,0.061,0.0,0.0,1.392,11,71
s: 26
t: 102.831
c: 46
mem: 0.0

i: 0.21,0.0,0.21,0.21,0.63,0.0,0.0,0.0,0.0,0.0,0.42,0.0,0.21,0.0,0.0,0.84,0.0,0.42,1.9,0.0,0.0,0.0,0.21,0.0,0.0,0.0,0.0,0.0,0.0,0.0,0.0,0.0,0.0,0.0,0.0,0.0,0.21,0.0,0.0,0.0,0.0,0.0,0.0,0.0,0.0,0.0,0.0,0.0,0.0,0.031,0.0,0.374,0.062,0.0,2.892,71,405
s: 28
t: 80.424
c: 45
mem: 0.0

i: 0.0,0.0,0.0,0.0,0.0,0.78,0.0,2.34,0.0,0.78,0.78,1.56,0.0,0.0,0.0,0.0,0.78,0.0,3.12,0.0,0.78,0.0,0.78,0.0,0.0,0.0,0.0,0.0,0.0,0.0,0.0,0.0,0.0,0.0,0.0,0.0,0.0,0.0,0.0,0.0,0.0,0.0,0.0,0.0,0.0,0.0,0.0,0.0,0.0,0.0,0.0,0.889,0.0,0.0,2.13,15,49
s: 26
t: 121.976
c: 45
mem: 0.0

i: 0.0,0.0,0.0,0.0,2.22,0.0,0.0,0.0,0.0,0.0,0.0,0.0,0.0,0.0,0.0,0.0,0.0,0.0,0.74,0.0,0.0,0.0,0.0,0.0,0.0,0.0,0.0,0.0,0.0,0.0,0.0,0.0,0.0,0.0,0.0,0.74,0.0,0.0,0.0,0.0,0.0,0.0,0.0,0.0,0.0,0.0,0.0,0.74,0.0,0.09,0.0,0.0,0.0,0.0,1.357,6,38
s: 22
t: 93.259
c: 45
mem: 0.0

i: 0.41,0.0,0.41,0.0,0.41,0.0,0.0,0.0,0.41,0.83,0.0,0.0,0.0,0.0,0.0,0.0,0.41,0.0,1.66,0.0,1.25,3.75,0.0,0.0,0.0,0.0,0.0,0.0,0.0,0.0,0.0,0.0,0.0,0.0,0.0,0.0,0.0,0.0,0.0,0.0,0.0,0.0,0.0,0.0,0.0,0.0,0.0,0.0,0.0,0.0,0.0,0.0,0.0,0.6759999999999999,9.443999999999999,54,255
s: 26
t: 132.853
c: 46
mem: 0.0

i: 0.15,0.15,0.31,0.0,0.15,0.0,0.46,0.0,0.0,0.0,0.62,0.62,0.15,0.0,0.0,0.31,0.15,0.93,2.63,0.0,2.01,0.0,0.0,0.0,0.0,0.0,0.0,0.0,0.0,0.0,0.0,0.0,0.0,0.0,0.0,0.0,0.0,0.0,0.0,0.0,0.0,0.0,0.0,0.0,0.0,0.0,0.0,0.0,0.0,0.092,0.0,0.12300000000000001,0.0,0.0,6.268,196,608
s: 25
t: 150.978
c: 46
mem: 0.0

i: 0.28,0.14,0.14,0.0,0.0,0.0,0.14,0.0,0.42,0.0,0.84,0.98,0.0,0.0,0.0,0.0,0.28,0.0,1.82,2.53,1.12,10.82,0.84,0.28,0.0,0.0,0.0,0.0,0.0,0.0,0.0,0.0,0.0,0.0,0.0,0.0,0.0,0.0,0.0,0.0,0.0,0.0,0.0,0.0,0.0,0.0,0.0,0.0,0.0,0.0,0.13699999999999998,0.045,0.342,1.2329999999999999,14.88,79,1622
s: 25
t: 191.621
c: 47
mem: 0.0

i: 0.0,0.0,0.0,0.0,0.0,0.0,0.0,0.0,0.0,0.54,0.0,0.0,0.0,0.0,0.0,0.0,0.0,0.0,1.62,0.0,0.0,0.0,0.0,0.0,1.62,1.08,1.08,1.62,0.54,0.54,0.54,0.54,0.0,0.54,0.54,0.54,0.54,0.0,0.0,0.54,0.0,0.0,0.54,0.0,0.54,0.0,0.0,0.0,0.0,0.5589999999999999,0.0,0.0,0.0,0.0,3.0389999999999997,13,155
s: 23
t: 73.843
c: 47
mem: 0.0

i: 0.0,0.44,0.0,0.0,0.0,0.0,0.0,0.0,0.0,0.29,0.0,0.29,0.0,0.0,0.0,0.0,0.14,0.0,0.0,0.0,0.29,0.0,0.0,0.0,0.44,0.0,0.0,0.0,0.0,0.89,0.0,0.0,0.0,0.0,0.0,0.0,0.89,0.0,0.0,0.0,0.59,0.0,0.14,0.0,0.0,0.89,0.0,0.44,0.10099999999999999,0.135,0.016,0.0,0.0,0.0,2.2969999999999997,46,680
s: 27
t: 113.232
c: 52
mem: 0.0

i: 1.24,0.0,0.0,0.0,0.0,0.0,0.0,0.0,0.0,0.62,0.0,1.24,0.0,0.0,0.0,0.62,0.0,0.0,1.86,0.0,3.1,0.0,0.0,0.0,0.0,0.0,0.0,0.0,0.0,0.0,0.0,0.0,0.0,0.0,0.0,0.0,0.0,0.0,0.0,0.0,0.0,0.0,0.0,0.0,1.24,0.0,0.0,0.0,0.0,0.1,0.0,1.105,0.201,0.0,12.904000000000002,155,271
s: 22
t: 244.935
c: 45
mem: 0.0

i: 0.0,0.0,0.0,0.0,0.0,0.0,0.0,0.0,0.0,0.0,0.0,0.0,0.0,0.0,0.0,0.0,0.0,0.0,0.0,0.0,0.0,0.0,0.0,0.0,0.0,0.0,1.23,0.0,0.0,0.0,0.0,0.0,0.0,0.0,0.0,0.0,0.0,0.0,0.0,0.0,0.0,0.0,0.0,0.0,0.0,0.0,0.0,0.0,0.0,0.0,0.18600000000000003,0.0,0.0,0.0,3.677,28,114
s: 25
t: 86.927
c: 44
mem: 0.0

i: 0.0,0.0,0.0,0.0,0.13,0.26,0.0,0.0,0.0,0.13,0.0,1.17,0.13,0.13,0.0,0.0,0.52,0.0,0.0,0.0,0.0,0.0,0.0,0.0,3.64,0.65,0.0,0.0,0.13,0.52,0.0,0.0,0.0,0.0,0.0,0.39,0.13,0.0,0.0,0.0,0.0,0.0,0.0,0.0,0.0,0.0,0.0,0.0,0.135,0.10099999999999999,0.0,0.0,0.0,0.0,1.915,19,387
s: 26
t: 96.266
c: 49
mem: 0.0

i: 0.0,0.0,0.0,0.0,1.21,0.0,0.0,0.0,0.0,0.0,0.0,2.43,0.0,0.0,0.0,0.0,0.0,0.0,0.0,0.0,1.21,0.0,0.0,0.0,0.0,0.0,1.21,0.0,0.0,0.0,0.0,0.0,0.0,0.0,0.0,0.0,0.0,0.0,0.0,0.0,0.0,2.43,0.0,1.21,0.0,0.0,0.0,0.0,0.5670000000000001,0.37799999999999995,0.0,0.0,0.0,0.0,1.3330000000000002,3,24
s: 21
t: 197.940
c: 46
mem: 0.0

i: 0.0,0.0,0.0,0.0,0.0,0.0,0.0,0.0,0.0,0.0,0.0,0.0,0.0,0.0,0.0,0.0,0.0,0.0,1.47,0.0,0.0,0.0,0.0,0.0,0.0,0.0,0.0,0.0,0.0,0.0,0.0,0.0,0.0,0.0,0.0,0.0,0.0,0.0,0.0,0.0,0.0,1.47,0.0,0.0,0.0,1.47,0.0,0.0,0.0,0.335,0.0,0.0,0.0,0.16699999999999998,2.6519999999999997,11,61
s: 22
t: 124.871
c: 47
mem: 0.0

i: 0.0,0.0,0.0,0.0,0.0,0.0,0.0,0.0,0.0,1.22,0.0,0.0,0.0,0.0,0.0,0.0,0.0,0.61,1.84,0.0,0.0,0.0,0.0,0.0,2.45,1.84,1.22,1.22,0.61,0.61,0.61,0.61,0.0,0.61,1.22,0.61,0.61,0.0,0.0,0.61,0.0,0.0,0.61,0.0,0.61,0.0,0.0,0.0,0.095,0.38,0.19,0.19,0.0,0.0,1.857,12,104
s: 22
t: 181.636
c: 47
mem: 0.0

i: 0.0,0.0,0.0,0.0,0.0,0.0,0.0,0.65,0.0,1.3,0.0,0.0,0.0,0.0,0.0,0.0,0.0,0.32,0.32,0.0,0.65,0.0,0.0,0.0,4.9,4.24,0.32,0.0,0.0,0.65,0.0,0.0,0.0,0.0,0.0,0.0,1.63,0.0,0.0,0.0,0.98,0.0,0.0,0.0,0.65,0.0,0.0,0.0,0.153,0.562,0.102,0.0,0.0,0.0,5.555,42,500
s: 23
t: 118.578
c: 48
mem: 0.0

i: 0.0,0.0,0.0,0.0,0.0,0.49,0.0,0.0,0.99,0.49,0.0,0.0,0.0,0.0,0.0,0.0,0.0,0.0,0.0,0.0,0.0,0.0,0.0,0.0,0.0,0.49,0.99,0.0,0.0,0.0,0.49,0.0,2.48,0.0,0.49,0.0,0.49,0.0,0.0,0.0,0.0,0.0,0.0,0.0,0.0,0.0,0.0,0.0,0.0,0.062,0.0,0.0,0.0,0.0,2.824,29,161
s: 23
t: 149.899
c: 46
mem: 0.0

i: 0.0,0.0,0.44,0.0,0.0,0.0,0.0,0.0,0.0,0.0,0.0,0.44,0.0,0.0,0.0,0.0,0.0,0.0,0.0,0.0,0.0,0.0,0.0,0.0,1.76,1.76,0.0,0.0,0.0,0.0,0.0,0.0,0.0,0.0,0.0,0.0,0.88,0.0,0.88,0.0,0.0,0.0,0.44,0.0,0.0,0.0,0.0,0.44,0.0,0.0,0.061,0.0,0.0,0.0,1.949,17,230
s: 29
t: 121.160
c: 50
mem: 0.0

i: 0.0,0.9,0.0,0.0,0.9,0.0,0.9,0.0,0.0,0.9,0.0,0.0,0.0,0.0,0.0,1.81,0.0,1.81,1.81,0.0,0.0,0.0,0.0,0.0,0.0,0.0,0.0,0.0,0.0,0.0,0.0,0.0,0.0,0.0,0.0,0.9,0.0,0.0,0.0,0.0,0.0,0.0,0.0,0.0,0.0,0.0,0.0,0.0,0.0,0.319,0.0,1.492,0.0,19.829,5.3,66,106
s: 29
t: 209.802
c: 46
mem: 0.0

i: 0.0,0.0,0.0,0.0,0.0,0.0,0.0,0.0,0.0,0.0,0.0,0.37,0.37,0.0,0.0,0.0,0.0,0.0,1.49,0.0,0.0,0.0,0.0,0.0,0.0,0.0,0.0,0.0,0.0,0.0,0.0,0.0,0.0,0.0,0.0,0.37,0.0,0.0,0.0,0.0,0.37,0.0,0.0,0.0,1.11,0.37,0.0,0.0,0.0,0.131,0.0,0.0,0.0,0.0,1.4880000000000002,5,64
s: 27
t: 145.592
c: 49
mem: 0.0

i: 0.0,9.52,0.0,0.0,0.0,0.0,0.0,0.0,0.0,4.76,0.0,0.0,0.0,0.0,0.0,0.0,0.0,0.0,0.0,0.0,0.0,0.0,0.0,0.0,0.0,0.0,0.0,0.0,0.0,0.0,0.0,0.0,0.0,0.0,0.0,0.0,0.0,0.0,0.0,0.0,0.0,0.0,0.0,0.0,4.76,0.0,0.0,0.0,0.0,0.0,0.0,0.0,0.0,0.0,1.0,1,10
s: 23
t: 115.373
c: 46
mem: 0.0

i: 0.05,0.0,0.05,0.0,0.3,0.0,0.0,0.0,0.51,0.0,0.0,0.15,0.0,0.0,0.0,0.0,0.0,0.05,0.2,0.0,0.15,0.0,0.0,0.0,0.67,0.72,0.05,0.0,0.0,0.0,0.0,0.0,0.2,0.0,0.0,0.0,0.46,0.0,0.0,0.0,0.0,0.0,0.0,0.1,0.0,0.0,0.0,0.0,0.209,0.158,0.05,0.0,0.013999999999999999,0.0,3.764,85,1423
s: 19
t: 97.812
c: 45
mem: 0.0

i: 0.0,0.0,0.0,0.0,0.0,0.0,0.0,0.0,0.0,0.0,0.0,0.0,0.0,0.0,0.0,0.0,0.0,0.0,1.45,0.0,0.0,0.0,0.0,0.0,0.72,6.56,0.0,0.0,0.0,0.0,0.0,0.0,0.0,0.0,0.0,0.72,0.0,0.0,0.0,0.0,0.0,0.0,0.0,0.0,0.0,0.0,0.0,0.0,0.0,0.0,0.0,0.124,0.0,0.0,2.3609999999999998,30,85
s: 28
t: 63.442
c: 44
mem: 0.0

i: 0.07,0.37,0.81,0.0,0.51,0.29,0.07,0.0,0.07,0.37,0.07,1.48,0.14,0.0,0.07,0.0,0.14,0.44,3.55,0.0,1.85,0.0,0.0,0.07,0.0,0.0,0.0,0.0,0.0,0.0,0.0,0.0,0.0,0.0,0.0,0.0,0.14,0.0,0.0,0.0,0.0,0.0,0.0,0.0,0.0,0.0,0.0,0.0,0.052000000000000005,0.073,0.0,0.16699999999999998,0.16699999999999998,0.01,3.412,44,795
s: 24
t: 210.815
c: 47
mem: 72864.0

i: 0.0,0.0,0.0,0.0,0.0,0.0,0.0,0.0,0.0,0.79,0.0,0.79,0.0,0.0,0.0,0.0,0.0,0.79,1.58,0.0,2.38,0.0,0.0,0.0,0.0,0.0,0.0,0.0,0.0,0.0,0.0,0.0,0.0,0.0,0.0,0.0,0.79,0.0,0.0,0.0,0.0,0.0,0.0,0.0,1.58,0.0,0.0,0.0,0.135,0.405,0.0,0.27,0.0,0.0,1.608,13,37
s: 30
t: 131.983
c: 49
mem: 0.0

max time: 244.93
min time: 8.71
avg time: 72.34

avg calls: 46.59
