vars: 2015
clauses: 14089
i: 43.0,-4.0,76.0,0.0,44.0,12.0,33.0,32.0,0.0
s: 3
t: 0.797
c: 10
mem: 0.0

i: 39.0,-4.0,91.0,0.0,6.0,19.0,51.0,86.0,34.0
s: 3
t: 0.532
c: 8
mem: 0.0

i: 56.0,0.0,97.0,0.0,42.0,8.0,41.0,55.0,14.0
s: 4
t: 0.503
c: 10
mem: 0.0

i: 53.0,3.0,81.0,0.0,52.0,-1.0,28.0,30.0,2.0
s: 3
t: 0.726
c: 10
mem: 0.0

i: 53.0,0.0,86.0,0.0,52.0,-6.0,33.0,35.0,2.0
s: 3
t: 0.684
c: 10
mem: 0.0

i: 37.0,0.0,78.0,0.0,20.0,30.0,41.0,57.0,16.0
s: 3
t: 0.479
c: 7
mem: 0.0

i: 37.0,0.0,104.0,0.0,18.0,0.0,66.0,86.0,20.0
s: 3
t: 0.556
c: 8
mem: 0.0

i: 38.0,0.0,76.0,0.0,36.0,-18.0,38.0,40.0,2.0
s: 3
t: 0.726
c: 10
mem: 0.0

i: 45.0,2.0,76.0,0.0,44.0,0.0,31.0,32.0,2.0
s: 3
t: 0.672
c: 10
mem: 0.0

i: 50.0,-3.0,102.0,0.0,50.0,0.0,51.0,53.0,2.0
s: 3
t: 0.773
c: 10
mem: 0.0

i: 37.0,0.0,77.0,0.0,26.0,30.0,40.0,51.0,10.0
s: 3
t: 0.532
c: 8
mem: 0.0

i: 51.0,0.0,102.0,0.0,50.0,-21.0,51.0,53.0,2.0
s: 3
t: 0.651
c: 9
mem: 0.0

i: 37.0,0.0,76.0,0.0,26.0,-26.0,40.0,50.0,10.0
s: 3
t: 0.555
c: 8
mem: 0.0

i: 41.0,0.0,77.0,0.0,38.0,-9.0,36.0,38.0,2.0
s: 3
t: 0.735
c: 10
mem: 0.0

i: 81.0,0.0,84.0,0.0,-14.0,19.0,3.0,100.0,96.0
s: 5
t: 0.236
c: 9
mem: 0.0

i: 37.0,0.0,79.0,0.0,34.0,-4.0,43.0,46.0,2.0
s: 3
t: 0.725
c: 10
mem: 0.0

i: 42.0,-1.0,83.0,0.0,42.0,0.0,40.0,41.0,2.0
s: 3
t: 0.755
c: 10
mem: 0.0

i: 49.0,1.0,79.0,2.0,50.0,4.0,30.0,30.0,0.0
s: 3
t: 0.846
c: 10
mem: 0.0

i: 44.0,0.0,81.0,0.0,44.0,16.0,38.0,37.0,0.0
s: 2
t: 1.138
c: 10
mem: 0.0

i: 41.0,0.0,78.0,0.0,42.0,9.0,37.0,37.0,0.0
s: 2
t: 1.139
c: 10
mem: 0.0

i: 37.0,0.0,79.0,0.0,16.0,2.0,43.0,64.0,22.0
s: 3
t: 0.477
c: 7
mem: 0.0

i: 37.0,-2.0,80.0,0.0,18.0,-7.0,43.0,62.0,18.0
s: 3
t: 0.554
c: 8
mem: 0.0

i: 51.0,0.0,82.0,0.0,52.0,31.0,31.0,30.0,0.0
s: 3
t: 0.779
c: 9
mem: 0.0

i: 43.0,2.0,86.0,-1.0,42.0,0.0,43.0,45.0,2.0
s: 3
t: 0.729
c: 10
mem: 0.0

i: 55.0,0.0,88.0,3.0,54.0,0.0,32.0,33.0,2.0
s: 3
t: 0.605
c: 9
mem: 0.0

i: 43.0,0.0,79.0,-5.0,44.0,23.0,35.0,35.0,0.0
s: 3
t: 0.767
c: 9
mem: 0.0

i: 37.0,0.0,77.0,-7.0,36.0,5.0,40.0,41.0,0.0
s: 2
t: 1.035
c: 9
mem: 0.0

i: 37.0,0.0,79.0,0.0,24.0,-8.0,42.0,55.0,14.0
s: 3
t: 0.529
c: 8
mem: 0.0

i: 37.0,0.0,83.0,0.0,16.0,-5.0,47.0,68.0,22.0
s: 3
t: 0.466
c: 7
mem: 0.0

i: 43.0,2.0,90.0,0.0,42.0,0.0,47.0,49.0,2.0
s: 3
t: 0.711
c: 9
mem: 0.0

i: 56.0,-2.0,86.0,0.0,56.0,1.0,30.0,29.0,0.0
s: 3
t: 0.684
c: 9
mem: 0.0

i: 55.0,0.0,95.0,0.0,52.0,8.0,40.0,44.0,4.0
s: 4
t: 0.579
c: 10
mem: 0.0

i: 42.0,4.0,83.0,0.0,42.0,0.0,40.0,41.0,2.0
s: 3
t: 0.757
c: 10
mem: 0.0

i: 46.0,3.0,81.0,0.0,46.0,0.0,34.0,34.0,0.0
s: 3
t: 0.869
c: 10
mem: 0.0

i: 56.0,-1.0,86.0,0.0,56.0,5.0,31.0,30.0,0.0
s: 3
t: 0.701
c: 9
mem: 0.0

i: 41.0,0.0,86.0,-4.0,42.0,2.0,45.0,44.0,0.0
s: 2
t: 1.013
c: 9
mem: 0.0

i: 49.0,-1.0,95.0,-2.0,50.0,3.0,46.0,46.0,0.0
s: 2
t: 1.168
c: 10
mem: 0.0

i: 39.0,-2.0,91.0,0.0,6.0,12.0,52.0,86.0,34.0
s: 3
t: 0.541
c: 8
mem: 0.0

i: 56.0,4.0,94.0,0.0,50.0,0.0,38.0,45.0,6.0
s: 4
t: 0.602
c: 10
mem: 0.0

i: 105.0,0.0,106.0,0.0,70.0,0.0,1.0,36.0,36.0
s: 5
t: 0.199
c: 9
mem: 0.0

i: 37.0,0.0,80.0,0.0,30.0,-10.0,43.0,49.0,6.0
s: 3
t: 0.532
c: 8
mem: 0.0

i: 45.0,0.0,85.0,-1.0,44.0,-1.0,40.0,41.0,2.0
s: 3
t: 0.755
c: 10
mem: 0.0

i: 46.0,2.0,76.0,0.0,46.0,9.0,30.0,30.0,0.0
s: 3
t: 0.872
c: 10
mem: 0.0

i: 44.0,3.0,76.0,-1.0,44.0,2.0,32.0,32.0,0.0
s: 3
t: 0.876
c: 10
mem: 0.0

i: 43.0,0.0,99.0,0.0,42.0,-7.0,56.0,58.0,2.0
s: 3
t: 0.711
c: 9
mem: 0.0

i: 45.0,0.0,88.0,-2.0,44.0,0.0,43.0,44.0,0.0
s: 2
t: 1.145
c: 10
mem: 0.0

i: 55.0,0.0,93.0,0.0,38.0,-18.0,37.0,54.0,16.0
s: 4
t: 0.544
c: 10
mem: 0.0

i: 41.0,0.0,77.0,0.0,42.0,11.0,36.0,35.0,0.0
s: 3
t: 0.885
c: 10
mem: 0.0

i: 49.0,0.0,83.0,-1.0,50.0,26.0,34.0,34.0,0.0
s: 3
t: 0.777
c: 9
mem: 0.0

i: 37.0,0.0,74.0,0.0,26.0,-9.0,38.0,48.0,10.0
s: 3
t: 0.526
c: 8
mem: 0.0

i: 49.0,0.0,86.0,0.0,46.0,-28.0,37.0,39.0,2.0
s: 3
t: 0.759
c: 10
mem: 0.0

i: 41.0,-3.0,76.0,0.0,38.0,-12.0,35.0,37.0,2.0
s: 3
t: 0.753
c: 10
mem: 0.0

i: 55.0,0.0,81.0,0.0,56.0,25.0,25.0,24.0,0.0
s: 3
t: 0.840
c: 10
mem: 0.0

i: 37.0,0.0,80.0,0.0,30.0,-6.0,43.0,49.0,6.0
s: 3
t: 0.463
c: 7
mem: 0.0

i: 49.0,5.0,87.0,0.0,50.0,4.0,38.0,38.0,0.0
s: 2
t: 1.197
c: 10
mem: 0.0

i: 59.0,1.0,87.0,5.0,60.0,0.0,28.0,28.0,0.0
s: 3
t: 0.721
c: 9
mem: 0.0

i: 55.0,0.0,98.0,0.0,46.0,-1.0,42.0,51.0,8.0
s: 4
t: 0.543
c: 10
mem: 0.0

i: 37.0,0.0,79.0,0.0,16.0,12.0,42.0,63.0,22.0
s: 3
t: 0.475
c: 7
mem: 0.0

i: 43.0,0.0,85.0,0.0,42.0,-1.0,42.0,44.0,2.0
s: 3
t: 0.769
c: 10
mem: 0.0

i: 37.0,0.0,104.0,0.0,24.0,2.0,67.0,80.0,14.0
s: 3
t: 0.545
c: 8
mem: 0.0

i: 78.0,0.0,82.0,-1.0,-46.0,0.0,4.0,128.0,124.0
s: 5
t: 0.233
c: 9
mem: 0.0

i: 47.0,0.0,79.0,3.0,46.0,0.0,32.0,32.0,0.0
s: 3
t: 0.844
c: 10
mem: 0.0

i: 37.0,0.0,84.0,1.0,28.0,-10.0,47.0,55.0,8.0
s: 3
t: 0.549
c: 8
mem: 0.0

i: 56.0,9.0,75.0,11.0,-4.0,0.0,19.0,80.0,62.0
s: 4
t: 0.660
c: 10
mem: 0.0

i: 53.0,3.0,81.0,0.0,54.0,5.0,28.0,27.0,0.0
s: 3
t: 0.865
c: 10
mem: 0.0

i: 37.0,0.0,77.0,0.0,36.0,-6.0,40.0,41.0,2.0
s: 3
t: 0.759
c: 10
mem: 0.0

i: 53.0,-2.0,83.0,0.0,52.0,-24.0,30.0,32.0,2.0
s: 3
t: 0.754
c: 10
mem: 0.0

i: 41.0,1.0,84.0,0.0,38.0,0.0,44.0,46.0,2.0
s: 3
t: 0.770
c: 10
mem: 0.0

i: 36.0,-5.0,81.0,0.0,36.0,0.0,45.0,45.0,0.0
s: 2
t: 1.158
c: 10
mem: 0.0

i: 39.0,-3.0,75.0,0.0,38.0,0.0,35.0,36.0,0.0
s: 3
t: 0.810
c: 10
mem: 0.0

i: 51.0,0.0,91.0,0.0,52.0,23.0,40.0,39.0,0.0
s: 2
t: 1.155
c: 10
mem: 0.0

i: 55.0,0.0,79.0,0.0,10.0,14.0,23.0,68.0,46.0
s: 4
t: 0.655
c: 10
mem: 0.0

i: 37.0,0.0,79.0,0.0,26.0,1.0,42.0,53.0,10.0
s: 3
t: 0.571
c: 8
mem: 0.0

i: 49.0,1.0,82.0,0.0,50.0,16.0,33.0,33.0,0.0
s: 3
t: 0.898
c: 10
mem: 0.0

i: 44.0,1.0,95.0,0.0,44.0,0.0,51.0,51.0,0.0
s: 2
t: 1.097
c: 9
mem: 0.0

i: 44.0,5.0,79.0,0.0,42.0,-18.0,35.0,37.0,2.0
s: 3
t: 0.810
c: 10
mem: 0.0

i: 55.0,-2.0,77.0,0.0,26.0,-12.0,22.0,52.0,30.0
s: 4
t: 0.656
c: 10
mem: 0.0

i: 37.0,0.0,77.0,3.0,34.0,-12.0,41.0,44.0,2.0
s: 3
t: 0.812
c: 10
mem: 0.0

i: 37.0,0.0,77.0,-7.0,-10.0,4.0,40.0,87.0,46.0
s: 3
t: 0.553
c: 8
mem: 0.0

i: 43.0,0.0,81.0,0.0,44.0,24.0,38.0,37.0,0.0
s: 2
t: 1.205
c: 10
mem: 0.0

i: 56.0,0.0,78.0,0.0,8.0,24.0,22.0,70.0,48.0
s: 4
t: 0.662
c: 10
mem: 0.0

i: 106.0,-2.0,108.0,0.0,72.0,6.0,1.0,35.0,34.0
s: 5
t: 0.221
c: 9
mem: 0.0

i: 46.0,0.0,85.0,0.0,46.0,2.0,39.0,39.0,0.0
s: 2
t: 1.180
c: 10
mem: 0.0

i: 37.0,0.0,83.0,0.0,34.0,18.0,46.0,49.0,2.0
s: 3
t: 0.760
c: 10
mem: 0.0

i: 49.0,0.0,86.0,0.0,46.0,-1.0,38.0,40.0,2.0
s: 3
t: 0.780
c: 10
mem: 0.0

i: 45.0,-2.0,79.0,0.0,46.0,13.0,33.0,32.0,0.0
s: 3
t: 0.825
c: 10
mem: 0.0

i: 37.0,0.0,81.0,6.0,36.0,-6.0,43.0,44.0,2.0
s: 3
t: 0.786
c: 10
mem: 0.0

i: 37.0,-1.0,77.0,1.0,34.0,0.0,40.0,44.0,4.0
s: 3
t: 0.557
c: 8
mem: 0.0

i: 37.0,0.0,80.0,0.0,34.0,-12.0,43.0,46.0,2.0
s: 3
t: 0.783
c: 10
mem: 0.0

i: 41.0,0.0,81.0,-7.0,42.0,1.0,40.0,40.0,0.0
s: 2
t: 1.048
c: 9
mem: 0.0

i: 45.0,0.0,80.0,0.0,46.0,26.0,35.0,34.0,0.0
s: 3
t: 0.774
c: 9
mem: 0.0

i: 56.0,0.0,77.0,0.0,18.0,28.0,22.0,59.0,38.0
s: 4
t: 0.656
c: 10
mem: 0.0

i: 40.0,3.0,106.0,-1.0,38.0,0.0,65.0,67.0,2.0
s: 3
t: 0.718
c: 9
mem: 0.0

i: 47.0,0.0,79.0,8.0,46.0,0.0,31.0,32.0,0.0
s: 3
t: 0.476
c: 7
mem: 0.0

i: 41.0,0.0,87.0,0.0,42.0,24.0,46.0,46.0,0.0
s: 2
t: 1.146
c: 10
mem: 0.0

i: 44.0,-4.0,100.0,0.0,44.0,0.0,56.0,56.0,0.0
s: 2
t: 1.143
c: 10
mem: 0.0

i: 53.0,0.0,86.0,0.0,54.0,5.0,33.0,32.0,0.0
s: 3
t: 0.829
c: 10
mem: 0.0

i: 37.0,0.0,82.0,0.0,18.0,10.0,45.0,64.0,18.0
s: 3
t: 0.470
c: 7
mem: 0.0

i: 47.0,-1.0,78.0,0.0,46.0,0.0,31.0,32.0,0.0
s: 3
t: 0.863
c: 10
mem: 0.0

i: 37.0,3.0,104.0,0.0,20.0,-17.0,66.0,83.0,16.0
s: 3
t: 0.587
c: 8
mem: 0.0

i: 47.0,0.0,90.0,3.0,46.0,0.0,44.0,44.0,0.0
s: 2
t: 1.210
c: 10
mem: 0.0

i: 54.0,0.0,83.0,2.0,54.0,0.0,29.0,29.0,0.0
s: 3
t: 0.815
c: 10
mem: 0.0

i: 44.0,0.0,88.0,0.0,44.0,9.0,44.0,44.0,0.0
s: 2
t: 1.154
c: 10
mem: 0.0

i: 46.0,1.0,88.0,0.0,46.0,0.0,41.0,41.0,0.0
s: 2
t: 1.167
c: 10
mem: 0.0

i: 51.0,4.0,87.0,-1.0,52.0,16.0,36.0,35.0,0.0
s: 3
t: 0.882
c: 10
mem: 0.0

i: 81.0,0.0,84.0,0.0,-20.0,-12.0,4.0,105.0,102.0
s: 5
t: 0.218
c: 9
mem: 0.0

i: 37.0,0.0,79.0,0.0,26.0,23.0,42.0,53.0,10.0
s: 3
t: 0.535
c: 8
mem: 0.0

i: 58.0,1.0,86.0,0.0,56.0,0.0,27.0,29.0,2.0
s: 3
t: 0.611
c: 9
mem: 0.0

i: 51.0,1.0,77.0,0.0,52.0,13.0,26.0,25.0,0.0
s: 3
t: 0.892
c: 10
mem: 0.0

i: 41.0,0.0,87.0,5.0,38.0,-4.0,46.0,48.0,2.0
s: 3
t: 0.786
c: 10
mem: 0.0

i: 43.0,-4.0,81.0,0.0,44.0,13.0,38.0,37.0,0.0
s: 2
t: 1.165
c: 10
mem: 0.0

i: 54.0,0.0,80.0,-3.0,54.0,0.0,26.0,26.0,0.0
s: 3
t: 0.757
c: 9
mem: 0.0

i: 47.0,0.0,76.0,6.0,46.0,0.0,30.0,30.0,0.0
s: 3
t: 0.887
c: 10
mem: 0.0

i: 103.0,5.0,104.0,1.0,72.0,6.0,1.0,31.0,30.0
s: 5
t: 0.228
c: 9
mem: 0.0

i: 42.0,0.0,81.0,0.0,42.0,0.0,40.0,40.0,0.0
s: 2
t: 1.153
c: 10
mem: 0.0

i: 55.0,0.0,96.0,3.0,54.0,0.0,41.0,42.0,2.0
s: 3
t: 0.635
c: 9
mem: 0.0

i: 49.0,0.0,84.0,0.0,50.0,8.0,35.0,35.0,0.0
s: 3
t: 0.898
c: 10
mem: 0.0

i: 41.0,0.0,83.0,0.0,42.0,7.0,42.0,41.0,0.0
s: 2
t: 1.190
c: 10
mem: 0.0

i: 43.0,0.0,83.0,-5.0,42.0,-13.0,39.0,41.0,2.0
s: 3
t: 0.718
c: 9
mem: 0.0

i: 41.0,0.0,86.0,-5.0,38.0,-4.0,46.0,48.0,2.0
s: 3
t: 0.667
c: 9
mem: 0.0

i: 38.0,0.0,107.0,1.0,38.0,0.0,69.0,68.0,0.0
s: 2
t: 1.136
c: 9
mem: 0.0

i: 55.0,0.0,77.0,0.0,44.0,22.0,22.0,34.0,12.0
s: 4
t: 0.660
c: 10
mem: 0.0

i: 52.0,0.0,87.0,0.0,54.0,31.0,35.0,33.0,0.0
s: 3
t: 0.761
c: 9
mem: 0.0

i: 55.0,1.0,80.0,-4.0,54.0,0.0,25.0,26.0,2.0
s: 3
t: 0.656
c: 9
mem: 0.0

i: 56.0,0.0,97.0,-1.0,46.0,0.0,41.0,50.0,10.0
s: 4
t: 0.564
c: 10
mem: 0.0

i: 56.0,2.0,81.0,4.0,-6.0,-21.0,25.0,88.0,64.0
s: 4
t: 0.588
c: 10
mem: 0.0

i: 55.0,1.0,86.0,0.0,54.0,0.0,31.0,32.0,0.0
s: 3
t: 0.771
c: 9
mem: 0.0

i: 37.0,0.0,79.0,0.0,16.0,-15.0,43.0,64.0,22.0
s: 3
t: 0.487
c: 7
mem: 0.0

i: 53.0,1.0,84.0,0.0,52.0,-7.0,32.0,33.0,2.0
s: 3
t: 0.748
c: 10
mem: 0.0

i: 55.0,0.0,98.0,0.0,52.0,0.0,42.0,46.0,4.0
s: 4
t: 0.567
c: 10
mem: 0.0

i: 46.0,0.0,83.0,8.0,46.0,0.0,37.0,37.0,0.0
s: 2
t: 1.201
c: 10
mem: 0.0

i: 53.0,2.0,86.0,0.0,54.0,18.0,33.0,32.0,0.0
s: 3
t: 0.827
c: 10
mem: 0.0

i: 55.0,5.0,96.0,0.0,52.0,0.0,41.0,44.0,4.0
s: 4
t: 0.575
c: 10
mem: 0.0

i: 37.0,0.0,78.0,0.0,-4.0,-9.0,41.0,83.0,42.0
s: 3
t: 0.565
c: 8
mem: 0.0

i: 38.0,-3.0,81.0,0.0,38.0,0.0,43.0,43.0,0.0
s: 2
t: 1.187
c: 10
mem: 0.0

i: 49.0,1.0,77.0,0.0,46.0,-6.0,29.0,31.0,2.0
s: 3
t: 0.754
c: 10
mem: 0.0

i: 41.0,1.0,76.0,0.0,42.0,13.0,35.0,35.0,0.0
s: 3
t: 0.894
c: 10
mem: 0.0

i: 44.0,0.0,81.0,0.0,42.0,-22.0,38.0,40.0,2.0
s: 3
t: 0.806
c: 10
mem: 0.0

i: 37.0,0.0,79.0,0.0,2.0,25.0,42.0,76.0,34.0
s: 3
t: 0.568
c: 8
mem: 0.0

i: 43.0,0.0,83.0,-1.0,42.0,0.0,40.0,41.0,2.0
s: 3
t: 0.447
c: 6
mem: 0.0

i: 38.0,3.0,106.0,0.0,38.0,1.0,68.0,67.0,0.0
s: 2
t: 1.113
c: 9
mem: 0.0

i: 56.0,4.0,98.0,0.0,52.0,12.0,42.0,46.0,4.0
s: 4
t: 0.602
c: 10
mem: 0.0

i: 45.0,-2.0,81.0,0.0,44.0,-9.0,35.0,37.0,2.0
s: 3
t: 0.800
c: 10
mem: 0.0

i: 50.0,4.0,79.0,2.0,50.0,0.0,29.0,30.0,0.0
s: 3
t: 0.891
c: 10
mem: 0.0

i: 37.0,0.0,80.0,-7.0,36.0,0.0,43.0,44.0,2.0
s: 3
t: 0.666
c: 9
mem: 0.0

i: 39.0,-2.0,79.0,0.0,38.0,0.0,40.0,40.0,0.0
s: 2
t: 1.198
c: 10
mem: 0.0

i: 55.0,0.0,81.0,0.0,56.0,26.0,26.0,24.0,0.0
s: 3
t: 0.839
c: 10
mem: 0.0

i: 56.0,0.0,97.0,0.0,50.0,13.0,41.0,48.0,6.0
s: 4
t: 0.597
c: 10
mem: 0.0

i: 37.0,0.0,90.0,0.0,20.0,5.0,53.0,70.0,16.0
s: 3
t: 0.499
c: 7
mem: 0.0

i: 37.0,0.0,79.0,0.0,34.0,-17.0,43.0,46.0,2.0
s: 3
t: 0.796
c: 10
mem: 0.0

i: 37.0,0.0,76.0,8.0,24.0,0.0,40.0,53.0,14.0
s: 3
t: 0.591
c: 8
mem: 0.0

i: 43.0,2.0,78.0,7.0,42.0,0.0,35.0,37.0,2.0
s: 3
t: 0.780
c: 10
mem: 0.0

i: 49.0,0.0,86.0,0.0,46.0,-2.0,38.0,40.0,2.0
s: 3
t: 0.456
c: 6
mem: 0.0

i: 56.0,0.0,80.0,0.0,0.0,29.0,24.0,80.0,56.0
s: 4
t: 0.570
c: 10
mem: 0.0

i: 43.0,0.0,90.0,0.0,44.0,29.0,47.0,46.0,0.0
s: 2
t: 1.052
c: 9
mem: 0.0

i: 39.0,4.0,82.0,0.0,38.0,0.0,43.0,43.0,0.0
s: 2
t: 1.194
c: 10
mem: 0.0

i: 56.0,0.0,97.0,0.0,54.0,3.0,40.0,42.0,2.0
s: 3
t: 0.714
c: 9
mem: 0.0

i: 47.0,0.0,88.0,4.0,46.0,0.0,41.0,42.0,0.0
s: 2
t: 1.170
c: 10
mem: 0.0

i: 106.0,0.0,108.0,8.0,70.0,0.0,2.0,38.0,36.0
s: 5
t: 0.204
c: 9
mem: 0.0

i: 77.0,0.0,81.0,0.0,-40.0,10.0,4.0,123.0,118.0
s: 5
t: 0.230
c: 9
mem: 0.0

i: 45.0,0.0,85.0,0.0,44.0,706.0,41.0,41.0,0.0
s: 2
t: 1.063
c: 9
mem: 0.0

i: 43.0,0.0,76.0,0.0,42.0,-24.0,33.0,35.0,2.0
s: 3
t: 0.776
c: 10
mem: 0.0

i: 45.0,0.0,88.0,-2.0,46.0,-11.0,42.0,41.0,0.0
s: 2
t: 1.182
c: 10
mem: 0.0

i: 38.0,3.0,81.0,0.0,38.0,23.0,43.0,42.0,0.0
s: 2
t: 1.198
c: 10
mem: 0.0

i: 43.0,0.0,89.0,0.0,42.0,-12.0,46.0,48.0,2.0
s: 3
t: 0.738
c: 9
mem: 0.0

i: 50.0,0.0,86.0,0.0,50.0,0.0,35.0,37.0,2.0
s: 3
t: 0.805
c: 10
mem: 0.0

i: 45.0,0.0,79.0,0.0,46.0,26.0,34.0,33.0,0.0
s: 3
t: 0.821
c: 9
mem: 0.0

i: 49.0,2.0,83.0,0.0,46.0,-1.0,34.0,37.0,2.0
s: 3
t: 0.783
c: 10
mem: 0.0

i: 43.0,4.0,83.0,0.0,42.0,0.0,40.0,42.0,2.0
s: 3
t: 0.824
c: 10
mem: 0.0

i: 52.0,3.0,88.0,0.0,52.0,0.0,36.0,37.0,0.0
s: 3
t: 0.858
c: 10
mem: 0.0

i: 41.0,0.0,82.0,-1.0,38.0,-13.0,41.0,43.0,2.0
s: 3
t: 0.789
c: 10
mem: 0.0

i: 55.0,3.0,85.0,0.0,54.0,0.0,30.0,31.0,0.0
s: 3
t: 0.790
c: 9
mem: 0.0

i: 41.0,0.0,80.0,0.0,42.0,20.0,39.0,39.0,0.0
s: 2
t: 1.238
c: 10
mem: 0.0

i: 45.0,0.0,81.0,-1.0,44.0,-2.0,36.0,37.0,0.0
s: 3
t: 0.912
c: 10
mem: 0.0

i: 45.0,0.0,81.0,0.0,44.0,-1.0,36.0,37.0,0.0
s: 3
t: 0.797
c: 10
mem: 0.0

i: 51.0,3.0,86.0,0.0,52.0,13.0,35.0,34.0,0.0
s: 3
t: 0.931
c: 10
mem: 0.0

i: 51.0,0.0,83.0,0.0,50.0,-12.0,32.0,33.0,2.0
s: 3
t: 0.763
c: 10
mem: 0.0

i: 41.0,0.0,85.0,0.0,38.0,-9.0,44.0,46.0,2.0
s: 3
t: 0.820
c: 10
mem: 0.0

i: 45.0,-1.0,82.0,0.0,46.0,14.0,37.0,35.0,0.0
s: 2
t: 1.198
c: 10
mem: 0.0

i: 55.0,-4.0,80.0,1.0,24.0,29.0,25.0,57.0,32.0
s: 4
t: 0.560
c: 10
mem: 0.0

i: 55.0,5.0,87.0,-7.0,54.0,0.0,32.0,33.0,2.0
s: 3
t: 0.585
c: 8
mem: 0.0

i: 81.0,0.0,84.0,0.0,-12.0,11.0,3.0,97.0,94.0
s: 5
t: 0.209
c: 9
mem: 0.0

i: 39.0,3.0,76.0,0.0,38.0,0.0,36.0,37.0,0.0
s: 3
t: 0.905
c: 10
mem: 0.0

i: 37.0,0.0,103.0,0.0,34.0,6.0,66.0,69.0,4.0
s: 3
t: 0.481
c: 7
mem: 0.0

i: 53.0,2.0,104.0,0.0,54.0,4.0,50.0,49.0,0.0
s: 2
t: 1.061
c: 9
mem: 0.0

i: 45.0,0.0,87.0,2.0,44.0,-19.0,42.0,43.0,2.0
s: 3
t: 0.808
c: 10
mem: 0.0

i: 56.0,0.0,77.0,2.0,0.0,0.0,22.0,77.0,56.0
s: 4
t: 0.680
c: 10
mem: 0.0

i: 45.0,-45.0,81.0,0.0,44.0,0.0,36.0,37.0,2.0
s: 3
t: 0.360
c: 9
mem: 0.0

i: 41.0,0.0,89.0,7.0,38.0,0.0,48.0,50.0,2.0
s: 3
t: 0.807
c: 10
mem: 0.0

i: 53.0,-1.0,80.0,0.0,54.0,0.0,27.0,26.0,0.0
s: 3
t: 0.900
c: 10
mem: 0.0

i: 37.0,0.0,81.0,0.0,18.0,-18.0,44.0,63.0,18.0
s: 3
t: 0.522
c: 7
mem: 0.0

i: 38.0,3.0,76.0,0.0,36.0,-22.0,38.0,40.0,2.0
s: 3
t: 0.829
c: 10
mem: 0.0

i: 49.0,5.0,78.0,-7.0,50.0,2.0,29.0,29.0,0.0
s: 3
t: 0.880
c: 9
mem: 0.0

i: 44.0,1.0,79.0,-1.0,44.0,0.0,35.0,35.0,0.0
s: 3
t: 0.887
c: 10
mem: 0.0

i: 37.0,0.0,77.0,0.0,24.0,-13.0,40.0,54.0,14.0
s: 3
t: 0.545
c: 8
mem: 0.0

i: 55.0,0.0,81.0,0.0,-22.0,-10.0,26.0,105.0,78.0
s: 4
t: 0.577
c: 10
mem: 0.0

i: 37.0,0.0,103.0,0.0,34.0,17.0,66.0,69.0,4.0
s: 3
t: 0.510
c: 7
mem: 0.0

i: 37.0,0.0,78.0,0.0,18.0,-23.0,42.0,60.0,18.0
s: 3
t: 0.515
c: 7
mem: 0.0

i: 104.0,2.0,105.0,0.0,70.0,-29.0,1.0,35.0,34.0
s: 5
t: 0.239
c: 9
mem: 0.0

i: 55.0,0.0,77.0,0.0,-4.0,-7.0,21.0,82.0,60.0
s: 4
t: 0.639
c: 10
mem: 0.0

max time: 1.24
min time: 0.20
avg time: 0.75

avg calls: 9.32
