vars: 2800
clauses: 14462
i: 0.52,0.39,0.48,0.5,0.65,0.71,0.73
s: 4
t: 0.850
c: 7
mem: 2592.0

i: 0.36,0.56,0.48,0.5,0.43,0.45,0.53
s: 3
t: 0.570
c: 6
mem: 48.0

i: 0.88,0.42,0.48,0.5,0.52,0.73,0.75
s: 4
t: 0.842
c: 6
mem: 0.0

i: 0.17,0.39,0.48,0.5,0.53,0.3,0.39
s: 3
t: 0.692
c: 6
mem: 1472.0

i: 0.69,0.67,0.48,0.5,0.3,0.39,0.24
s: 4
t: 0.421
c: 6
mem: 1648.0

i: 0.64,0.46,0.48,0.5,0.48,0.73,0.76
s: 4
t: 0.589
c: 6
mem: 1056.0

i: 0.54,0.57,0.48,0.5,0.56,0.81,0.83
s: 3
t: 0.932
c: 7
mem: 912.0

i: 0.43,0.37,0.48,0.5,0.53,0.35,0.44
s: 3
t: 0.624
c: 6
mem: 1248.0

i: 0.31,0.47,0.48,0.5,0.29,0.28,0.39
s: 3
t: 0.653
c: 6
mem: 1216.0

i: 0.55,0.47,0.48,0.5,0.57,0.78,0.8
s: 4
t: 0.778
c: 7
mem: 1056.0

i: 0.78,0.68,0.48,0.5,0.83,0.4,0.29
s: 4
t: 0.194
c: 6
mem: 576.0

i: 0.26,0.4,0.48,0.5,0.36,0.26,0.37
s: 3
t: 0.676
c: 6
mem: 1168.0

i: 0.67,0.39,0.48,0.5,0.36,0.38,0.46
s: 4
t: 0.676
c: 6
mem: 672.0

i: 0.0,0.51,0.48,0.5,0.35,0.67,0.44
s: 3
t: 1.008
c: 7
mem: 1312.0

i: 0.63,0.71,0.48,0.5,0.6,0.4,0.39
s: 5
t: 0.463
c: 6
mem: 432.0

i: 0.74,0.44,0.48,0.5,0.55,0.88,0.89
s: 4
t: 0.871
c: 7
mem: 736.0

i: 0.33,0.45,0.48,0.5,0.45,0.88,0.89
s: 3
t: 0.917
c: 7
mem: 1136.0

i: 0.07,0.4,0.48,0.5,0.54,0.35,0.44
s: 3
t: 0.757
c: 6
mem: 1184.0

i: 0.65,0.57,0.48,0.5,0.47,0.47,0.51
s: 4
t: 1.068
c: 6
mem: 8048.0

i: 0.63,0.8,0.48,0.5,0.46,0.31,0.29
s: 4
t: 0.364
c: 6
mem: 0.0

i: 0.58,0.6,0.48,0.5,0.59,0.73,0.76
s: 5
t: 0.968
c: 7
mem: 0.0

i: 0.76,0.71,0.48,0.5,0.5,0.71,0.75
s: 4
t: 1.147
c: 6
mem: 0.0

i: 0.57,0.38,0.48,0.5,0.06,0.49,0.33
s: 4
t: 0.714
c: 6
mem: 0.0

i: 0.69,0.8,0.48,0.5,0.46,0.57,0.26
s: 4
t: 0.381
c: 6
mem: 0.0

i: 0.34,0.51,0.48,0.5,0.44,0.37,0.46
s: 4
t: 0.572
c: 6
mem: 0.0

i: 0.72,0.42,0.48,0.5,0.65,0.77,0.79
s: 5
t: 0.557
c: 6
mem: 0.0

i: 0.61,0.47,0.48,0.5,0.0,0.8,0.32
s: 4
t: 0.954
c: 7
mem: 0.0

i: 0.74,0.56,0.48,0.5,0.47,0.68,0.3
s: 4
t: 0.460
c: 6
mem: 0.0

i: 0.83,0.37,0.48,0.5,0.61,0.71,0.74
s: 3
t: 0.975
c: 6
mem: 0.0

i: 0.36,0.39,0.48,0.5,0.48,0.22,0.23
s: 3
t: 0.684
c: 6
mem: 0.0

i: 0.72,0.86,0.48,0.5,0.17,0.55,0.21
s: 4
t: 0.483
c: 6
mem: 0.0

i: 0.3,0.37,0.48,0.5,0.59,0.41,0.49
s: 4
t: 0.607
c: 6
mem: 0.0

i: 0.81,0.52,0.48,0.5,0.57,0.78,0.8
s: 3
t: 0.679
c: 6
mem: 0.0

i: 0.32,0.39,0.48,0.5,0.53,0.28,0.38
s: 5
t: 0.304
c: 6
mem: 0.0

i: 0.7,0.61,0.48,0.5,0.56,0.52,0.43
s: 4
t: 0.439
c: 6
mem: 0.0

i: 0.34,0.49,0.48,0.5,0.58,0.85,0.8
s: 3
t: 0.966
c: 7
mem: 0.0

i: 0.63,0.54,0.48,0.5,0.65,0.79,0.81
s: 4
t: 0.817
c: 7
mem: 0.0

i: 0.79,0.54,0.48,0.5,0.5,0.66,0.68
s: 4
t: 0.731
c: 6
mem: 0.0

i: 0.58,0.34,0.48,0.5,0.56,0.87,0.81
s: 4
t: 0.805
c: 7
mem: 0.0

i: 0.24,0.35,0.48,0.5,0.31,0.19,0.31
s: 3
t: 0.647
c: 6
mem: 0.0

i: 0.23,0.32,0.48,0.5,0.55,0.25,0.35
s: 3
t: 0.732
c: 6
mem: 0.0

i: 0.68,0.82,0.48,0.5,0.38,0.65,0.56
s: 5
t: 0.445
c: 6
mem: 0.0

i: 0.7,0.64,0.48,0.5,0.47,0.51,0.47
s: 4
t: 0.346
c: 6
mem: 0.0

i: 0.71,0.52,0.48,0.5,0.64,1.0,0.99
s: 4
t: 0.879
c: 7
mem: 0.0

i: 0.66,0.53,0.48,0.5,0.59,0.66,0.66
s: 5
t: 0.787
c: 7
mem: 0.0

i: 0.34,0.42,0.48,0.5,0.41,0.34,0.43
s: 3
t: 0.797
c: 6
mem: 0.0

i: 0.27,0.3,0.48,0.5,0.71,0.28,0.39
s: 3
t: 0.598
c: 6
mem: 0.0

i: 0.47,0.29,0.48,0.5,0.51,0.33,0.43
s: 3
t: 0.713
c: 6
mem: 0.0

i: 0.64,0.84,0.48,0.5,0.37,0.45,0.4
s: 4
t: 0.456
c: 6
mem: 0.0

i: 0.84,0.44,0.48,0.5,0.48,0.71,0.74
s: 3
t: 1.098
c: 6
mem: 0.0

i: 0.16,0.43,0.48,0.5,0.54,0.27,0.37
s: 3
t: 0.730
c: 6
mem: 0.0

i: 0.04,0.31,0.48,0.5,0.41,0.29,0.39
s: 3
t: 0.718
c: 6
mem: 0.0

i: 0.5,0.37,0.48,0.5,0.66,0.64,0.69
s: 3
t: 0.996
c: 7
mem: 0.0

i: 0.31,0.44,0.48,0.5,0.5,0.79,0.82
s: 3
t: 0.974
c: 7
mem: 0.0

i: 0.64,0.76,0.48,0.5,0.45,0.35,0.38
s: 3
t: 0.709
c: 6
mem: 0.0

i: 0.63,0.47,0.48,0.5,0.51,0.82,0.84
s: 4
t: 0.849
c: 7
mem: 0.0

i: 0.24,0.43,0.48,0.5,0.37,0.28,0.38
s: 3
t: 0.759
c: 6
mem: 0.0

i: 0.74,0.82,0.48,0.5,0.49,0.49,0.41
s: 4
t: 0.442
c: 6
mem: 0.0

i: 0.68,0.67,0.48,0.5,0.49,0.4,0.34
s: 4
t: 0.467
c: 6
mem: 0.0

i: 0.4,0.35,0.48,0.5,0.45,0.33,0.42
s: 3
t: 0.612
c: 6
mem: 0.0

i: 0.51,0.46,0.48,0.5,0.58,0.31,0.41
s: 3
t: 0.633
c: 6
mem: 0.0

i: 0.18,0.3,0.48,0.5,0.46,0.24,0.35
s: 3
t: 0.742
c: 6
mem: 0.0

i: 0.0,0.38,0.48,0.5,0.42,0.48,0.55
s: 3
t: 0.661
c: 6
mem: 0.0

i: 0.76,0.73,0.48,0.5,0.44,0.39,0.39
s: 4
t: 0.505
c: 6
mem: 0.0

i: 0.79,0.41,0.48,0.5,0.66,0.81,0.83
s: 3
t: 0.667
c: 6
mem: 0.0

i: 0.66,0.71,0.48,0.5,0.41,0.5,0.35
s: 4
t: 0.404
c: 6
mem: 0.0

i: 0.35,0.48,0.48,0.5,0.56,0.4,0.48
s: 3
t: 0.667
c: 6
mem: 0.0

i: 0.65,0.51,0.48,0.5,0.66,0.54,0.33
s: 4
t: 0.241
c: 6
mem: 0.0

i: 0.59,0.61,0.48,0.5,0.42,0.42,0.37
s: 4
t: 0.522
c: 6
mem: 0.0

i: 0.61,0.6,0.48,0.5,0.44,0.39,0.38
s: 5
t: 0.509
c: 6
mem: 0.0

i: 0.47,0.59,0.48,0.5,0.52,0.76,0.79
s: 3
t: 1.057
c: 7
mem: 0.0

i: 0.64,0.66,0.48,0.5,0.41,0.39,0.2
s: 4
t: 0.495
c: 6
mem: 0.0

i: 0.38,0.3,0.48,0.5,0.43,0.29,0.39
s: 3
t: 0.739
c: 6
mem: 0.0

i: 0.25,0.37,0.48,0.5,0.41,0.33,0.42
s: 3
t: 0.779
c: 6
mem: 0.0

i: 0.69,0.39,0.48,0.5,0.57,0.76,0.79
s: 4
t: 0.937
c: 7
mem: 0.0

i: 0.46,0.59,0.48,0.5,0.36,0.76,0.23
s: 3
t: 1.026
c: 7
mem: 0.0

i: 0.17,0.52,0.48,0.5,0.49,0.37,0.46
s: 3
t: 0.662
c: 6
mem: 0.0

i: 0.63,0.49,0.48,0.5,0.79,0.45,0.28
s: 4
t: 0.274
c: 6
mem: 0.0

i: 0.63,0.75,0.48,0.5,0.64,0.73,0.66
s: 4
t: 1.309
c: 7
mem: 0.0

i: 0.33,0.47,0.48,0.5,0.53,0.18,0.29
s: 3
t: 0.725
c: 6
mem: 0.0

i: 0.67,0.7,0.48,0.5,0.46,0.45,0.33
s: 4
t: 0.471
c: 6
mem: 0.0

i: 0.63,0.65,0.48,0.5,0.66,0.67,0.71
s: 4
t: 1.401
c: 7
mem: 0.0

i: 0.5,0.49,0.48,0.5,0.49,0.46,0.53
s: 4
t: 0.594
c: 6
mem: 0.0

i: 0.34,0.28,0.48,0.5,0.41,0.35,0.44
s: 3
t: 0.785
c: 6
mem: 0.0

i: 0.41,0.51,0.48,0.5,0.58,0.2,0.31
s: 4
t: 0.611
c: 6
mem: 0.0

i: 0.63,0.86,0.48,0.5,0.39,0.47,0.34
s: 4
t: 0.485
c: 6
mem: 0.0

i: 0.24,0.34,0.48,0.5,0.38,0.3,0.4
s: 3
t: 0.768
c: 6
mem: 0.0

i: 0.74,0.47,0.48,0.5,0.5,0.57,0.42
s: 4
t: 0.536
c: 6
mem: 0.0

i: 0.61,0.52,0.48,0.5,0.54,0.67,0.52
s: 4
t: 1.273
c: 7
mem: 0.0

i: 0.26,0.5,0.48,0.5,0.44,0.32,0.41
s: 3
t: 0.653
c: 6
mem: 0.0

i: 0.71,0.71,0.48,0.5,0.4,0.54,0.39
s: 4
t: 0.479
c: 6
mem: 0.0

i: 0.52,0.36,0.48,0.5,0.41,0.28,0.38
s: 3
t: 0.767
c: 6
mem: 0.0

i: 0.89,0.55,0.48,0.5,0.51,0.72,0.76
s: 4
t: 1.078
c: 6
mem: 0.0

i: 0.67,0.84,0.48,0.5,0.74,0.54,0.37
s: 4
t: 0.200
c: 6
mem: 0.0

i: 0.4,0.5,0.48,0.5,0.65,0.82,0.84
s: 3
t: 1.048
c: 7
mem: 0.0

i: 0.52,0.54,0.48,0.5,0.62,0.76,0.79
s: 4
t: 0.861
c: 7
mem: 0.0

i: 0.31,0.23,0.48,0.5,0.73,0.05,0.14
s: 4
t: 0.590
c: 6
mem: 0.0

i: 0.36,0.41,0.48,0.5,0.48,0.47,0.54
s: 3
t: 0.603
c: 6
mem: 0.0

i: 0.43,0.39,0.48,0.5,0.47,0.31,0.41
s: 3
t: 0.781
c: 6
mem: 0.0

i: 0.2,0.46,0.48,0.5,0.57,0.78,0.81
s: 3
t: 1.065
c: 7
mem: 0.0

i: 0.72,0.46,0.48,0.5,0.51,0.66,0.7
s: 4
t: 1.097
c: 7
mem: 0.0

i: 0.29,0.28,0.48,0.5,0.44,0.23,0.34
s: 3
t: 0.708
c: 6
mem: 0.0

i: 0.69,0.66,0.48,0.5,0.41,0.5,0.25
s: 4
t: 0.504
c: 6
mem: 0.0

i: 0.77,0.55,0.48,0.5,0.51,0.78,0.74
s: 3
t: 0.739
c: 6
mem: 0.0

i: 0.4,0.42,0.48,0.5,0.37,0.27,0.27
s: 3
t: 0.708
c: 6
mem: 0.0

i: 0.6,0.76,1.0,0.5,0.77,0.59,0.52
s: 5
t: 0.333
c: 7
mem: 0.0

i: 0.35,0.51,0.48,0.5,0.61,0.71,0.74
s: 3
t: 1.066
c: 7
mem: 0.0

i: 0.69,0.43,0.48,0.5,0.59,0.74,0.77
s: 4
t: 0.634
c: 6
mem: 0.0

i: 0.42,0.35,0.48,0.5,0.58,0.15,0.27
s: 3
t: 0.743
c: 6
mem: 0.0

i: 0.7,0.53,0.48,0.5,0.7,0.86,0.87
s: 5
t: 0.590
c: 6
mem: 0.0

i: 0.22,0.43,0.48,0.5,0.48,0.16,0.28
s: 3
t: 0.770
c: 6
mem: 0.0

i: 0.52,0.57,0.48,0.5,0.42,0.47,0.54
s: 3
t: 0.766
c: 6
mem: 0.0

i: 0.49,0.42,0.48,0.5,0.53,0.79,0.81
s: 3
t: 1.052
c: 7
mem: 0.0

i: 0.74,0.78,0.48,0.5,0.75,0.54,0.15
s: 4
t: 0.220
c: 6
mem: 0.0

i: 0.71,0.4,0.48,0.5,0.71,0.7,0.74
s: 4
t: 1.145
c: 7
mem: 0.0

i: 0.45,0.4,0.48,0.5,0.61,0.74,0.77
s: 3
t: 1.097
c: 7
mem: 0.0

i: 0.48,0.41,0.48,0.5,0.51,0.9,0.88
s: 3
t: 1.051
c: 7
mem: 0.0

i: 0.27,0.35,0.48,0.5,0.51,0.77,0.79
s: 3
t: 1.119
c: 7
mem: 0.0

i: 0.5,0.66,0.48,0.5,0.31,0.92,0.92
s: 3
t: 1.130
c: 7
mem: 0.0

i: 0.48,0.49,0.48,0.5,0.52,0.77,0.71
s: 3
t: 0.972
c: 7
mem: 0.0

i: 0.63,0.42,0.48,0.5,0.48,0.77,0.8
s: 4
t: 0.603
c: 6
mem: 0.0

i: 0.6,0.46,0.48,0.5,0.45,0.81,0.83
s: 4
t: 1.050
c: 7
mem: 0.0

i: 0.47,0.55,0.48,0.5,0.58,0.71,0.75
s: 4
t: 1.181
c: 7
mem: 0.0

i: 0.41,0.57,0.48,0.5,0.39,0.21,0.32
s: 3
t: 0.703
c: 6
mem: 0.0

i: 0.79,0.36,0.48,0.5,0.46,0.82,0.7
s: 3
t: 0.742
c: 6
mem: 0.0

i: 0.59,0.29,0.48,0.5,0.64,0.75,0.77
s: 4
t: 0.663
c: 6
mem: 0.0

i: 0.47,0.46,0.48,0.5,0.62,0.74,0.77
s: 5
t: 0.682
c: 6
mem: 0.0

i: 0.64,0.72,0.48,0.5,0.49,0.42,0.19
s: 4
t: 0.514
c: 6
mem: 0.0

i: 0.49,0.43,0.48,0.5,0.49,0.3,0.4
s: 3
t: 0.749
c: 6
mem: 0.0

i: 0.54,0.49,0.48,0.5,0.4,0.87,0.88
s: 3
t: 1.104
c: 7
mem: 0.0

i: 0.44,0.51,0.48,0.5,0.47,0.26,0.36
s: 4
t: 0.679
c: 6
mem: 0.0

i: 0.57,0.54,0.48,0.5,0.37,0.28,0.33
s: 3
t: 0.835
c: 6
mem: 0.0

i: 0.23,0.58,0.48,0.5,0.37,0.53,0.59
s: 3
t: 0.625
c: 6
mem: 0.0

i: 0.06,0.61,0.48,0.5,0.49,0.92,0.37
s: 3
t: 1.222
c: 7
mem: 0.0

i: 0.38,0.4,0.48,0.5,0.63,0.25,0.35
s: 3
t: 0.836
c: 6
mem: 0.0

i: 0.64,0.57,0.48,0.5,0.7,0.33,0.26
s: 4
t: 0.244
c: 6
mem: 0.0

i: 0.64,0.78,0.48,0.5,0.5,0.36,0.38
s: 4
t: 0.479
c: 6
mem: 0.0

i: 0.54,0.47,0.48,0.5,0.28,0.33,0.42
s: 3
t: 0.687
c: 6
mem: 0.0

i: 0.23,0.48,0.48,0.5,0.59,0.88,0.89
s: 3
t: 1.118
c: 7
mem: 0.0

i: 0.16,0.51,0.48,0.5,0.33,0.39,0.48
s: 4
t: 0.756
c: 7
mem: 0.0

i: 0.48,0.45,0.48,0.5,0.6,0.78,0.8
s: 4
t: 1.006
c: 7
mem: 0.0

i: 0.49,0.29,0.48,0.5,0.56,0.24,0.35
s: 3
t: 0.778
c: 6
mem: 0.0

i: 0.66,0.48,0.48,0.5,0.54,0.7,0.74
s: 6
t: 1.071
c: 7
mem: 0.0

i: 0.63,0.57,0.48,0.5,0.49,0.7,0.2
s: 4
t: 0.550
c: 6
mem: 0.0

i: 0.43,0.59,0.48,0.5,0.52,0.49,0.56
s: 4
t: 0.582
c: 6
mem: 0.0

i: 0.63,0.69,0.48,0.5,0.65,0.41,0.28
s: 4
t: 0.217
c: 6
mem: 0.0

i: 0.65,0.47,0.48,0.5,0.59,0.3,0.4
s: 3
t: 0.668
c: 6
mem: 0.0

i: 0.69,0.65,0.48,0.5,0.63,0.48,0.41
s: 4
t: 0.564
c: 6
mem: 0.0

i: 0.12,0.43,0.48,0.5,0.63,0.7,0.74
s: 3
t: 1.052
c: 7
mem: 0.0

i: 0.75,0.84,0.48,0.5,0.35,0.52,0.33
s: 4
t: 0.491
c: 6
mem: 0.0

i: 0.68,0.78,0.48,0.5,0.43,0.44,0.42
s: 4
t: 0.457
c: 6
mem: 0.0

i: 0.74,0.49,0.48,0.5,0.42,0.54,0.36
s: 4
t: 0.549
c: 6
mem: 0.0

i: 0.81,0.44,0.48,0.5,0.42,0.67,0.68
s: 4
t: 0.696
c: 6
mem: 0.0

i: 0.44,0.35,0.48,0.5,0.44,0.52,0.59
s: 3
t: 0.664
c: 6
mem: 0.0

i: 0.66,0.74,0.48,0.5,0.31,0.38,0.43
s: 4
t: 0.474
c: 6
mem: 0.0

i: 0.5,0.57,0.48,0.5,0.71,0.61,0.66
s: 4
t: 1.089
c: 7
mem: 0.0

i: 0.67,0.81,0.48,0.5,0.25,0.42,0.25
s: 4
t: 0.481
c: 6
mem: 0.0

i: 0.7,0.71,0.48,0.5,0.42,0.84,0.85
s: 4
t: 1.193
c: 7
mem: 0.0

i: 0.64,0.81,0.48,0.5,0.37,0.39,0.44
s: 4
t: 0.467
c: 6
mem: 0.0

i: 0.41,0.48,0.48,0.5,0.51,0.44,0.51
s: 3
t: 0.626
c: 6
mem: 0.0

i: 0.64,0.58,0.48,0.5,0.48,0.78,0.73
s: 4
t: 1.036
c: 7
mem: 0.0

i: 0.56,0.68,0.48,0.5,0.77,0.36,0.45
s: 4
t: 0.748
c: 6
mem: 0.0

i: 0.61,0.45,0.48,0.5,0.48,0.35,0.41
s: 3
t: 0.751
c: 6
mem: 0.0

i: 0.43,0.32,0.48,0.5,0.33,0.45,0.52
s: 4
t: 0.637
c: 6
mem: 0.0

i: 0.39,0.31,0.48,0.5,0.38,0.34,0.43
s: 3
t: 0.813
c: 6
mem: 0.0

i: 0.22,0.36,0.48,0.5,0.35,0.39,0.47
s: 4
t: 0.585
c: 6
mem: 0.0

i: 0.41,0.43,0.48,0.5,0.5,0.24,0.25
s: 3
t: 0.790
c: 6
mem: 0.0

i: 0.44,0.56,0.48,0.5,0.5,0.46,0.54
s: 4
t: 0.536
c: 6
mem: 0.0

i: 0.23,0.34,0.48,0.5,0.43,0.26,0.37
s: 3
t: 0.776
c: 6
mem: 0.0

i: 0.6,0.5,1.0,0.5,0.54,0.77,0.8
s: 4
t: 0.801
c: 6
mem: 0.0

i: 0.61,0.66,0.48,0.5,0.46,0.87,0.88
s: 4
t: 0.954
c: 7
mem: 0.0

i: 0.33,0.37,0.48,0.5,0.46,0.65,0.69
s: 3
t: 1.123
c: 7
mem: 0.0

i: 0.29,0.37,0.48,0.5,0.48,0.44,0.52
s: 4
t: 0.690
c: 6
mem: 0.0

i: 0.29,0.3,0.48,0.5,0.45,0.03,0.17
s: 3
t: 0.728
c: 6
mem: 0.0

i: 0.47,0.28,0.48,0.5,0.56,0.2,0.25
s: 3
t: 0.748
c: 6
mem: 0.0

i: 0.41,0.51,0.48,0.5,0.53,0.75,0.78
s: 3
t: 0.985
c: 7
mem: 0.0

i: 0.11,0.5,0.48,0.5,0.58,0.72,0.68
s: 3
t: 1.027
c: 7
mem: 0.0

i: 0.87,0.49,0.48,0.5,0.61,0.76,0.79
s: 3
t: 0.897
c: 6
mem: 0.0

i: 0.34,0.45,0.48,0.5,0.38,0.24,0.35
s: 3
t: 0.819
c: 6
mem: 0.0

i: 0.51,0.49,0.48,0.5,0.53,0.14,0.26
s: 3
t: 0.761
c: 6
mem: 0.0

i: 0.44,0.28,0.48,0.5,0.43,0.27,0.37
s: 3
t: 0.820
c: 6
mem: 0.0

i: 0.41,0.43,0.48,0.5,0.45,0.31,0.41
s: 3
t: 0.718
c: 6
mem: 0.0

i: 0.36,0.47,0.48,0.5,0.51,0.69,0.72
s: 3
t: 1.121
c: 7
mem: 0.0

i: 0.51,0.54,0.48,0.5,0.41,0.34,0.43
s: 3
t: 0.886
c: 6
mem: 0.0

i: 0.37,0.44,0.48,0.5,0.42,0.39,0.47
s: 4
t: 0.630
c: 6
mem: 0.0

i: 0.68,0.76,0.48,0.5,0.84,0.45,0.27
s: 4
t: 0.212
c: 6
mem: 0.0

i: 0.67,0.61,0.48,0.5,0.51,0.37,0.38
s: 4
t: 0.539
c: 6
mem: 0.0

i: 0.52,0.81,0.48,0.5,0.72,0.38,0.38
s: 4
t: 0.876
c: 6
mem: 0.0

i: 0.39,0.32,0.48,0.5,0.46,0.24,0.35
s: 3
t: 0.815
c: 6
mem: 0.0

i: 0.47,0.47,0.48,0.5,0.22,0.16,0.26
s: 3
t: 0.785
c: 6
mem: 0.0

i: 0.24,0.57,0.48,0.5,0.63,0.34,0.43
s: 3
t: 0.747
c: 6
mem: 0.0

i: 0.61,0.75,0.48,0.5,0.51,0.33,0.33
s: 5
t: 0.188
c: 6
mem: 0.0

i: 0.23,0.4,0.48,0.5,0.39,0.28,0.38
s: 3
t: 0.876
c: 6
mem: 0.0

i: 0.1,0.49,0.48,0.5,0.41,0.67,0.21
s: 3
t: 1.324
c: 7
mem: 0.0

i: 0.38,0.44,0.48,0.5,0.43,0.2,0.31
s: 3
t: 0.793
c: 6
mem: 0.0

i: 0.29,0.47,0.48,0.5,0.41,0.23,0.34
s: 3
t: 0.778
c: 6
mem: 0.0

i: 0.74,0.7,0.48,0.5,0.66,0.65,0.69
s: 4
t: 1.487
c: 7
mem: 0.0

i: 0.86,0.55,0.48,0.5,0.63,0.81,0.83
s: 3
t: 0.786
c: 6
mem: 0.0

i: 0.25,0.37,0.48,0.5,0.43,0.26,0.36
s: 3
t: 0.841
c: 6
mem: 0.0

i: 0.43,0.4,0.48,0.5,0.58,0.75,0.78
s: 3
t: 1.099
c: 7
mem: 0.0

max time: 1.49
min time: 0.19
avg time: 0.74

avg calls: 6.28
