avg vars: 383.50
avg cos: 712.17
avg cps : 538.67
i: 0,0,0,0,0,0,1,0,0,1,1,0,8,1,0,0
s: 7
t: 0.116
c: 16
mem: 0.0

i: 0,0,1,0,0,0,0,0,0,1,0,0,0,0,0,0
s: 8
t: 0.137
c: 17
mem: 0.0

i: 0,0,1,0,0,1,1,1,1,0,0,1,0,1,0,1
s: 7
t: 0.100
c: 15
mem: 0.0

i: 0,0,1,0,0,1,1,1,1,1,1,0,4,0,0,0
s: 9
t: 0.082
c: 17
mem: 0.0

i: 1,0,0,1,0,0,0,1,1,1,0,0,4,1,0,1
s: 6
t: 0.096
c: 13
mem: 0.0

i: 1,0,1,0,1,0,0,0,0,1,0,0,6,0,0,0
s: 6
t: 0.100
c: 14
mem: 0.0

i: 1,0,0,1,1,0,0,1,1,1,0,0,2,1,0,0
s: 6
t: 0.095
c: 13
mem: 0.0

i: 0,1,1,0,1,0,0,0,1,1,0,0,2,1,0,0
s: 5
t: 0.106
c: 14
mem: 0.0

i: 1,0,0,1,0,0,0,1,1,1,0,0,4,1,1,1
s: 6
t: 0.087
c: 13
mem: 0.0

i: 0,0,0,0,0,1,1,1,1,0,1,0,0,1,0,0
s: 9
t: 0.101
c: 14
mem: 0.0

i: 1,0,0,1,0,0,0,1,1,1,0,0,2,1,0,0
s: 6
t: 0.089
c: 12
mem: 0.0

i: 0,0,1,0,0,1,0,1,1,0,0,1,0,1,1,0
s: 7
t: 0.081
c: 14
mem: 0.0

i: 0,1,1,0,1,0,0,0,1,1,0,0,2,1,1,0
s: 5
t: 0.108
c: 14
mem: 0.0

i: 0,0,1,0,0,1,1,0,0,0,0,0,8,0,0,1
s: 5
t: 0.092
c: 15
mem: 0.0

i: 0,0,1,0,0,1,1,1,1,1,0,0,4,0,0,0
s: 9
t: 0.071
c: 16
mem: 0.0

i: 0,1,1,0,0,1,1,0,1,1,0,0,2,1,0,1
s: 10
t: 0.132
c: 15
mem: 0.0

i: 0,0,1,0,0,1,0,1,1,0,0,1,0,1,0,0
s: 7
t: 0.094
c: 14
mem: 0.0

i: 1,0,0,1,0,0,1,1,1,1,0,0,4,1,0,1
s: 6
t: 0.086
c: 13
mem: 0.0

i: 1,0,0,1,0,0,1,1,1,1,0,0,4,1,0,0
s: 6
t: 0.081
c: 13
mem: 0.0

i: 1,0,0,1,0,0,0,1,1,1,0,0,4,1,0,0
s: 6
t: 0.088
c: 13
mem: 0.0

i: 1,0,0,1,0,1,1,1,1,1,0,1,2,1,0,1
s: 6
t: 0.096
c: 14
mem: 0.0

i: 0,0,1,0,0,1,1,0,0,0,0,0,6,0,0,0
s: 7
t: 0.131
c: 15
mem: 0.0

i: 1,0,1,1,0,1,1,0,1,1,0,0,4,1,0,1
s: 8
t: 0.124
c: 15
mem: 0.0

i: 0,1,1,0,1,0,1,0,1,1,0,0,2,1,0,0
s: 10
t: 0.124
c: 14
mem: 0.0

i: 0,0,1,0,0,1,1,1,1,0,0,1,0,1,0,0
s: 7
t: 0.092
c: 14
mem: 0.0

i: 0,0,0,1,0,1,1,1,1,1,0,1,0,1,0,1
s: 5
t: 0.130
c: 16
mem: 0.0

i: 1,0,0,1,0,1,1,1,1,1,0,0,4,1,0,1
s: 6
t: 0.077
c: 13
mem: 0.0

i: 0,0,1,0,0,0,1,0,0,0,0,0,0,0,0,0
s: 9
t: 0.113
c: 16
mem: 0.0

i: 1,0,1,0,1,0,0,0,0,1,1,0,6,0,1,0
s: 6
t: 0.120
c: 16
mem: 0.0

i: 0,1,1,0,0,0,1,0,1,1,0,0,2,1,0,1
s: 5
t: 0.128
c: 15
mem: 0.0

i: 0,0,1,0,0,1,0,1,1,1,0,0,4,0,0,0
s: 9
t: 0.081
c: 16
mem: 0.0

i: 0,0,1,0,0,1,1,1,1,0,1,1,0,1,0,1
s: 7
t: 0.115
c: 16
mem: 0.0

i: 0,0,1,0,0,0,1,1,1,1,0,0,4,1,0,0
s: 10
t: 0.145
c: 16
mem: 0.0

i: 0,0,1,0,0,0,0,0,0,1,0,0,6,0,0,0
s: 6
t: 0.092
c: 14
mem: 0.0

i: 1,0,0,1,0,0,0,1,1,1,0,0,4,0,1,0
s: 6
t: 0.091
c: 14
mem: 0.0

i: 0,1,1,0,1,1,0,0,1,1,0,0,2,1,0,0
s: 5
t: 0.111
c: 14
mem: 0.0

i: 1,0,1,0,1,0,0,0,0,1,1,0,6,0,0,0
s: 6
t: 0.111
c: 15
mem: 0.0

i: 1,0,0,1,0,0,0,1,1,1,0,0,2,0,0,1
s: 6
t: 0.082
c: 13
mem: 0.0

i: 0,1,1,0,1,0,1,0,1,1,0,0,2,1,0,1
s: 10
t: 0.123
c: 14
mem: 0.0

i: 0,0,1,0,1,0,1,0,0,1,0,0,6,0,0,0
s: 8
t: 0.156
c: 16
mem: 0.0

i: 0,1,1,0,1,1,1,0,1,1,0,0,2,1,0,0
s: 10
t: 0.124
c: 14
mem: 0.0

i: 1,0,0,1,0,0,1,1,1,1,0,0,2,0,1,1
s: 6
t: 0.078
c: 13
mem: 0.0

i: 0,0,1,0,0,0,0,0,1,1,0,0,4,1,0,1
s: 10
t: 0.245
c: 17
mem: 0.0

i: 1,0,0,1,0,0,1,1,1,1,0,0,4,1,1,1
s: 6
t: 0.081
c: 13
mem: 0.0

i: 0,0,1,0,0,0,1,1,1,1,0,0,0,1,0,0
s: 9
t: 0.141
c: 16
mem: 0.0

i: 0,1,1,0,0,0,1,0,1,1,0,0,2,1,0,0
s: 5
t: 0.105
c: 14
mem: 0.0

i: 1,0,0,1,0,0,0,1,1,1,0,0,4,1,1,0
s: 6
t: 0.082
c: 13
mem: 0.0

i: 0,0,1,0,0,1,1,1,1,1,0,0,4,1,0,0
s: 10
t: 0.164
c: 16
mem: 0.0

i: 0,0,1,0,0,1,1,0,0,0,1,0,0,0,0,0
s: 9
t: 0.139
c: 17
mem: 0.0

i: 0,0,1,0,0,0,1,1,1,1,1,0,0,1,0,0
s: 9
t: 0.140
c: 16
mem: 0.0

i: 0,1,1,0,1,0,0,0,1,1,0,0,2,1,0,1
s: 5
t: 0.095
c: 14
mem: 0.0

i: 1,0,0,1,0,0,0,1,1,1,0,0,2,1,0,1
s: 6
t: 0.077
c: 12
mem: 0.0

i: 0,1,1,0,1,1,0,0,1,1,0,0,2,1,0,1
s: 5
t: 0.127
c: 14
mem: 0.0

i: 1,0,0,1,0,0,1,1,1,1,0,0,4,0,0,1
s: 6
t: 0.092
c: 13
mem: 0.0

i: 0,0,1,0,1,0,0,0,0,1,0,0,6,0,0,0
s: 6
t: 0.105
c: 15
mem: 0.0

i: 0,0,1,0,0,1,1,0,0,0,0,0,5,0,0,0
s: 8
t: 0.094
c: 16
mem: 0.0

i: 1,0,0,1,0,1,1,1,1,1,0,1,0,0,0,1
s: 5
t: 0.105
c: 15
mem: 0.0

i: 0,0,1,0,0,1,1,0,0,0,0,0,4,0,0,0
s: 9
t: 0.078
c: 16
mem: 0.0

i: 0,1,1,0,0,0,0,0,1,1,0,0,2,1,0,1
s: 5
t: 0.132
c: 16
mem: 0.0

max time: 0.25
min time: 0.07
avg time: 0.11

avg calls: 14.59
