vars: 2992
clauses: 16026
i: 0.52,0.39,0.48,0.5,0.65,0.71,0.73
s: 3
t: 0.670
c: 7
mem: 1360.0

i: 0.36,0.56,0.48,0.5,0.43,0.45,0.53
s: 3
t: 0.464
c: 6
mem: 2496.0

i: 0.88,0.42,0.48,0.5,0.52,0.73,0.75
s: 4
t: 0.639
c: 6
mem: 2256.0

i: 0.17,0.39,0.48,0.5,0.53,0.3,0.39
s: 3
t: 0.492
c: 6
mem: 2000.0

i: 0.69,0.67,0.48,0.5,0.3,0.39,0.24
s: 4
t: 0.331
c: 6
mem: 2016.0

i: 0.64,0.46,0.48,0.5,0.48,0.73,0.76
s: 4
t: 0.444
c: 6
mem: 2096.0

i: 0.54,0.57,0.48,0.5,0.56,0.81,0.83
s: 3
t: 0.713
c: 7
mem: 720.0

i: 0.43,0.37,0.48,0.5,0.53,0.35,0.44
s: 3
t: 0.458
c: 6
mem: 1200.0

i: 0.31,0.47,0.48,0.5,0.29,0.28,0.39
s: 3
t: 0.449
c: 6
mem: 688.0

i: 0.55,0.47,0.48,0.5,0.57,0.78,0.8
s: 3
t: 0.740
c: 7
mem: 464.0

i: 0.78,0.68,0.48,0.5,0.83,0.4,0.29
s: 4
t: 0.136
c: 6
mem: 336.0

i: 0.26,0.4,0.48,0.5,0.36,0.26,0.37
s: 3
t: 0.489
c: 6
mem: 1456.0

i: 0.67,0.39,0.48,0.5,0.36,0.38,0.46
s: 4
t: 0.528
c: 6
mem: 736.0

i: 0.0,0.51,0.48,0.5,0.35,0.67,0.44
s: 3
t: 0.909
c: 7
mem: 2176.0

i: 0.63,0.71,0.48,0.5,0.6,0.4,0.39
s: 4
t: 0.427
c: 6
mem: 832.0

i: 0.74,0.44,0.48,0.5,0.55,0.88,0.89
s: 4
t: 0.743
c: 7
mem: 976.0

i: 0.33,0.45,0.48,0.5,0.45,0.88,0.89
s: 3
t: 0.732
c: 7
mem: 496.0

i: 0.07,0.4,0.48,0.5,0.54,0.35,0.44
s: 3
t: 0.514
c: 6
mem: 416.0

i: 0.65,0.57,0.48,0.5,0.47,0.47,0.51
s: 4
t: 0.282
c: 6
mem: 400.0

i: 0.63,0.8,0.48,0.5,0.46,0.31,0.29
s: 4
t: 0.354
c: 6
mem: 368.0

i: 0.58,0.6,0.48,0.5,0.59,0.73,0.76
s: 5
t: 0.904
c: 7
mem: 2288.0

i: 0.76,0.71,0.48,0.5,0.5,0.71,0.75
s: 4
t: 0.754
c: 6
mem: 624.0

i: 0.57,0.38,0.48,0.5,0.06,0.49,0.33
s: 4
t: 0.475
c: 6
mem: 1456.0

i: 0.69,0.8,0.48,0.5,0.46,0.57,0.26
s: 4
t: 0.370
c: 6
mem: 608.0

i: 0.34,0.51,0.48,0.5,0.44,0.37,0.46
s: 4
t: 0.462
c: 6
mem: 656.0

i: 0.72,0.42,0.48,0.5,0.65,0.77,0.79
s: 5
t: 0.413
c: 6
mem: 1184.0

i: 0.61,0.47,0.48,0.5,0.0,0.8,0.32
s: 4
t: 0.733
c: 7
mem: 544.0

i: 0.74,0.56,0.48,0.5,0.47,0.68,0.3
s: 4
t: 0.477
c: 7
mem: 464.0

i: 0.83,0.37,0.48,0.5,0.61,0.71,0.74
s: 3
t: 0.822
c: 6
mem: 1088.0

i: 0.36,0.39,0.48,0.5,0.48,0.22,0.23
s: 3
t: 0.469
c: 6
mem: 320.0

i: 0.72,0.86,0.48,0.5,0.17,0.55,0.21
s: 4
t: 0.426
c: 6
mem: 640.0

i: 0.3,0.37,0.48,0.5,0.59,0.41,0.49
s: 4
t: 0.411
c: 6
mem: 240.0

i: 0.81,0.52,0.48,0.5,0.57,0.78,0.8
s: 3
t: 0.502
c: 6
mem: 528.0

i: 0.32,0.39,0.48,0.5,0.53,0.28,0.38
s: 3
t: 0.561
c: 6
mem: 448.0

i: 0.7,0.61,0.48,0.5,0.56,0.52,0.43
s: 4
t: 0.396
c: 6
mem: 528.0

i: 0.34,0.49,0.48,0.5,0.58,0.85,0.8
s: 3
t: 0.706
c: 7
mem: 448.0

i: 0.63,0.54,0.48,0.5,0.65,0.79,0.81
s: 5
t: 0.663
c: 7
mem: 288.0

i: 0.79,0.54,0.48,0.5,0.5,0.66,0.68
s: 4
t: 0.503
c: 6
mem: 464.0

i: 0.58,0.34,0.48,0.5,0.56,0.87,0.81
s: 4
t: 0.746
c: 7
mem: 544.0

i: 0.24,0.35,0.48,0.5,0.31,0.19,0.31
s: 3
t: 0.459
c: 6
mem: 112.0

i: 0.23,0.32,0.48,0.5,0.55,0.25,0.35
s: 3
t: 0.510
c: 6
mem: 272.0

i: 0.68,0.82,0.48,0.5,0.38,0.65,0.56
s: 4
t: 0.460
c: 7
mem: 288.0

i: 0.7,0.64,0.48,0.5,0.47,0.51,0.47
s: 4
t: 0.375
c: 6
mem: 224.0

i: 0.71,0.52,0.48,0.5,0.64,1.0,0.99
s: 5
t: 0.594
c: 7
mem: 336.0

i: 0.66,0.53,0.48,0.5,0.59,0.66,0.66
s: 5
t: 0.734
c: 7
mem: 288.0

i: 0.34,0.42,0.48,0.5,0.41,0.34,0.43
s: 3
t: 0.504
c: 6
mem: 816.0

i: 0.27,0.3,0.48,0.5,0.71,0.28,0.39
s: 3
t: 0.416
c: 6
mem: 304.0

i: 0.47,0.29,0.48,0.5,0.51,0.33,0.43
s: 3
t: 0.493
c: 6
mem: 384.0

i: 0.64,0.84,0.48,0.5,0.37,0.45,0.4
s: 4
t: 0.364
c: 6
mem: 384.0

i: 0.84,0.44,0.48,0.5,0.48,0.71,0.74
s: 3
t: 0.842
c: 6
mem: 480.0

i: 0.16,0.43,0.48,0.5,0.54,0.27,0.37
s: 3
t: 0.453
c: 6
mem: 176.0

i: 0.04,0.31,0.48,0.5,0.41,0.29,0.39
s: 3
t: 0.523
c: 6
mem: 192.0

i: 0.5,0.37,0.48,0.5,0.66,0.64,0.69
s: 3
t: 0.753
c: 7
mem: 416.0

i: 0.31,0.44,0.48,0.5,0.5,0.79,0.82
s: 3
t: 0.761
c: 7
mem: 240.0

i: 0.64,0.76,0.48,0.5,0.45,0.35,0.38
s: 3
t: 0.568
c: 6
mem: 720.0

i: 0.63,0.47,0.48,0.5,0.51,0.82,0.84
s: 4
t: 0.677
c: 7
mem: 352.0

i: 0.24,0.43,0.48,0.5,0.37,0.28,0.38
s: 3
t: 0.488
c: 6
mem: 192.0

i: 0.74,0.82,0.48,0.5,0.49,0.49,0.41
s: 4
t: 0.367
c: 6
mem: 240.0

i: 0.68,0.67,0.48,0.5,0.49,0.4,0.34
s: 4
t: 0.253
c: 6
mem: 192.0

i: 0.4,0.35,0.48,0.5,0.45,0.33,0.42
s: 3
t: 0.513
c: 6
mem: 144.0

i: 0.51,0.46,0.48,0.5,0.58,0.31,0.41
s: 3
t: 0.431
c: 6
mem: 256.0

i: 0.18,0.3,0.48,0.5,0.46,0.24,0.35
s: 3
t: 0.515
c: 6
mem: 176.0

i: 0.0,0.38,0.48,0.5,0.42,0.48,0.55
s: 3
t: 0.453
c: 6
mem: 224.0

i: 0.76,0.73,0.48,0.5,0.44,0.39,0.39
s: 4
t: 0.376
c: 6
mem: 416.0

i: 0.79,0.41,0.48,0.5,0.66,0.81,0.83
s: 3
t: 0.520
c: 6
mem: 864.0

i: 0.66,0.71,0.48,0.5,0.41,0.5,0.35
s: 4
t: 0.357
c: 6
mem: 240.0

i: 0.35,0.48,0.48,0.5,0.56,0.4,0.48
s: 3
t: 0.485
c: 6
mem: 1216.0

i: 0.65,0.51,0.48,0.5,0.66,0.54,0.33
s: 4
t: 0.163
c: 6
mem: 128.0

i: 0.59,0.61,0.48,0.5,0.42,0.42,0.37
s: 4
t: 0.436
c: 6
mem: 400.0

i: 0.61,0.6,0.48,0.5,0.44,0.39,0.38
s: 5
t: 0.404
c: 6
mem: 272.0

i: 0.47,0.59,0.48,0.5,0.52,0.76,0.79
s: 3
t: 0.799
c: 7
mem: 400.0

i: 0.64,0.66,0.48,0.5,0.41,0.39,0.2
s: 4
t: 0.352
c: 6
mem: 400.0

i: 0.38,0.3,0.48,0.5,0.43,0.29,0.39
s: 3
t: 0.510
c: 6
mem: 208.0

i: 0.25,0.37,0.48,0.5,0.41,0.33,0.42
s: 3
t: 0.518
c: 6
mem: 128.0

i: 0.69,0.39,0.48,0.5,0.57,0.76,0.79
s: 4
t: 0.788
c: 7
mem: 592.0

i: 0.46,0.59,0.48,0.5,0.36,0.76,0.23
s: 3
t: 0.832
c: 7
mem: 384.0

i: 0.17,0.52,0.48,0.5,0.49,0.37,0.46
s: 3
t: 0.451
c: 6
mem: 176.0

i: 0.63,0.49,0.48,0.5,0.79,0.45,0.28
s: 4
t: 0.169
c: 6
mem: 160.0

i: 0.63,0.75,0.48,0.5,0.64,0.73,0.66
s: 4
t: 0.922
c: 7
mem: 1632.0

i: 0.33,0.47,0.48,0.5,0.53,0.18,0.29
s: 4
t: 0.430
c: 6
mem: 416.0

i: 0.67,0.7,0.48,0.5,0.46,0.45,0.33
s: 4
t: 0.384
c: 6
mem: 352.0

i: 0.63,0.65,0.48,0.5,0.66,0.67,0.71
s: 4
t: 0.883
c: 7
mem: 1360.0

i: 0.5,0.49,0.48,0.5,0.49,0.46,0.53
s: 4
t: 0.447
c: 6
mem: 192.0

i: 0.34,0.28,0.48,0.5,0.41,0.35,0.44
s: 3
t: 0.498
c: 6
mem: 80.0

i: 0.41,0.51,0.48,0.5,0.58,0.2,0.31
s: 4
t: 0.429
c: 6
mem: 144.0

i: 0.63,0.86,0.48,0.5,0.39,0.47,0.34
s: 4
t: 0.366
c: 6
mem: 192.0

i: 0.24,0.34,0.48,0.5,0.38,0.3,0.4
s: 3
t: 0.520
c: 6
mem: 272.0

i: 0.74,0.47,0.48,0.5,0.5,0.57,0.42
s: 4
t: 0.389
c: 6
mem: 400.0

i: 0.61,0.52,0.48,0.5,0.54,0.67,0.52
s: 3
t: 1.017
c: 7
mem: 2000.0

i: 0.26,0.5,0.48,0.5,0.44,0.32,0.41
s: 3
t: 0.522
c: 6
mem: 96.0

i: 0.71,0.71,0.48,0.5,0.4,0.54,0.39
s: 4
t: 0.375
c: 6
mem: 432.0

i: 0.52,0.36,0.48,0.5,0.41,0.28,0.38
s: 3
t: 0.489
c: 6
mem: 208.0

i: 0.89,0.55,0.48,0.5,0.51,0.72,0.76
s: 4
t: 0.813
c: 6
mem: 928.0

i: 0.67,0.84,0.48,0.5,0.74,0.54,0.37
s: 4
t: 0.139
c: 6
mem: 0.0

i: 0.4,0.5,0.48,0.5,0.65,0.82,0.84
s: 3
t: 0.766
c: 7
mem: 384.0

i: 0.52,0.54,0.48,0.5,0.62,0.76,0.79
s: 4
t: 0.692
c: 7
mem: 320.0

i: 0.31,0.23,0.48,0.5,0.73,0.05,0.14
s: 3
t: 0.411
c: 6
mem: 0.0

i: 0.36,0.41,0.48,0.5,0.48,0.47,0.54
s: 4
t: 0.422
c: 6
mem: 96.0

i: 0.43,0.39,0.48,0.5,0.47,0.31,0.41
s: 3
t: 0.526
c: 6
mem: 256.0

i: 0.2,0.46,0.48,0.5,0.57,0.78,0.81
s: 3
t: 0.786
c: 7
mem: 656.0

i: 0.72,0.46,0.48,0.5,0.51,0.66,0.7
s: 3
t: 0.973
c: 7
mem: 944.0

i: 0.29,0.28,0.48,0.5,0.44,0.23,0.34
s: 3
t: 0.483
c: 6
mem: 80.0

i: 0.69,0.66,0.48,0.5,0.41,0.5,0.25
s: 4
t: 0.378
c: 6
mem: 224.0

i: 0.77,0.55,0.48,0.5,0.51,0.78,0.74
s: 3
t: 0.487
c: 6
mem: 208.0

i: 0.4,0.42,0.48,0.5,0.37,0.27,0.27
s: 3
t: 0.485
c: 6
mem: 496.0

i: 0.6,0.76,1.0,0.5,0.77,0.59,0.52
s: 5
t: 0.230
c: 7
mem: 160.0

i: 0.35,0.51,0.48,0.5,0.61,0.71,0.74
s: 2
t: 0.896
c: 7
mem: 864.0

i: 0.69,0.43,0.48,0.5,0.59,0.74,0.77
s: 4
t: 0.456
c: 6
mem: 512.0

i: 0.42,0.35,0.48,0.5,0.58,0.15,0.27
s: 3
t: 0.473
c: 6
mem: 832.0

i: 0.7,0.53,0.48,0.5,0.7,0.86,0.87
s: 5
t: 0.385
c: 6
mem: 192.0

i: 0.22,0.43,0.48,0.5,0.48,0.16,0.28
s: 3
t: 0.497
c: 6
mem: 160.0

i: 0.52,0.57,0.48,0.5,0.42,0.47,0.54
s: 3
t: 0.538
c: 6
mem: 368.0

i: 0.49,0.42,0.48,0.5,0.53,0.79,0.81
s: 3
t: 0.859
c: 7
mem: 784.0

i: 0.74,0.78,0.48,0.5,0.75,0.54,0.15
s: 4
t: 0.148
c: 6
mem: 0.0

i: 0.71,0.4,0.48,0.5,0.71,0.7,0.74
s: 3
t: 0.982
c: 7
mem: 832.0

i: 0.45,0.4,0.48,0.5,0.61,0.74,0.77
s: 2
t: 0.939
c: 7
mem: 464.0

i: 0.48,0.41,0.48,0.5,0.51,0.9,0.88
s: 3
t: 0.823
c: 7
mem: 448.0

i: 0.27,0.35,0.48,0.5,0.51,0.77,0.79
s: 3
t: 0.863
c: 7
mem: 672.0

i: 0.5,0.66,0.48,0.5,0.31,0.92,0.92
s: 3
t: 0.869
c: 7
mem: 368.0

i: 0.48,0.49,0.48,0.5,0.52,0.77,0.71
s: 3
t: 0.749
c: 7
mem: 352.0

i: 0.63,0.42,0.48,0.5,0.48,0.77,0.8
s: 4
t: 0.505
c: 7
mem: 80.0

i: 0.6,0.46,0.48,0.5,0.45,0.81,0.83
s: 4
t: 0.712
c: 7
mem: 368.0

i: 0.47,0.55,0.48,0.5,0.58,0.71,0.75
s: 4
t: 0.875
c: 7
mem: 464.0

i: 0.41,0.57,0.48,0.5,0.39,0.21,0.32
s: 3
t: 0.398
c: 6
mem: 0.0

i: 0.79,0.36,0.48,0.5,0.46,0.82,0.7
s: 3
t: 0.493
c: 6
mem: 272.0

i: 0.59,0.29,0.48,0.5,0.64,0.75,0.77
s: 4
t: 0.452
c: 6
mem: 256.0

i: 0.47,0.46,0.48,0.5,0.62,0.74,0.77
s: 5
t: 0.438
c: 6
mem: 240.0

i: 0.64,0.72,0.48,0.5,0.49,0.42,0.19
s: 4
t: 0.408
c: 6
mem: 272.0

i: 0.49,0.43,0.48,0.5,0.49,0.3,0.4
s: 3
t: 0.509
c: 6
mem: 576.0

i: 0.54,0.49,0.48,0.5,0.4,0.87,0.88
s: 3
t: 0.851
c: 7
mem: 384.0

i: 0.44,0.51,0.48,0.5,0.47,0.26,0.36
s: 3
t: 0.557
c: 6
mem: 112.0

i: 0.57,0.54,0.48,0.5,0.37,0.28,0.33
s: 3
t: 0.539
c: 6
mem: 192.0

i: 0.23,0.58,0.48,0.5,0.37,0.53,0.59
s: 3
t: 0.452
c: 6
mem: 304.0

i: 0.06,0.61,0.48,0.5,0.49,0.92,0.37
s: 3
t: 0.886
c: 7
mem: 1360.0

i: 0.38,0.4,0.48,0.5,0.63,0.25,0.35
s: 3
t: 0.535
c: 6
mem: 832.0

i: 0.64,0.57,0.48,0.5,0.7,0.33,0.26
s: 4
t: 0.179
c: 6
mem: 672.0

i: 0.64,0.78,0.48,0.5,0.5,0.36,0.38
s: 4
t: 0.376
c: 6
mem: 240.0

i: 0.54,0.47,0.48,0.5,0.28,0.33,0.42
s: 3
t: 0.537
c: 6
mem: 368.0

i: 0.23,0.48,0.48,0.5,0.59,0.88,0.89
s: 3
t: 0.804
c: 7
mem: 544.0

i: 0.16,0.51,0.48,0.5,0.33,0.39,0.48
s: 4
t: 0.527
c: 6
mem: 304.0

i: 0.48,0.45,0.48,0.5,0.6,0.78,0.8
s: 3
t: 0.843
c: 7
mem: 240.0

i: 0.49,0.29,0.48,0.5,0.56,0.24,0.35
s: 3
t: 0.570
c: 6
mem: 160.0

i: 0.66,0.48,0.48,0.5,0.54,0.7,0.74
s: 5
t: 0.548
c: 7
mem: 288.0

i: 0.63,0.57,0.48,0.5,0.49,0.7,0.2
s: 4
t: 0.479
c: 7
mem: 192.0

i: 0.43,0.59,0.48,0.5,0.52,0.49,0.56
s: 4
t: 0.399
c: 6
mem: 208.0

i: 0.63,0.69,0.48,0.5,0.65,0.41,0.28
s: 4
t: 0.144
c: 6
mem: 16.0

i: 0.65,0.47,0.48,0.5,0.59,0.3,0.4
s: 3
t: 0.475
c: 6
mem: 384.0

i: 0.69,0.65,0.48,0.5,0.63,0.48,0.41
s: 4
t: 0.471
c: 6
mem: 224.0

i: 0.12,0.43,0.48,0.5,0.63,0.7,0.74
s: 3
t: 0.874
c: 7
mem: 592.0

i: 0.75,0.84,0.48,0.5,0.35,0.52,0.33
s: 4
t: 0.389
c: 6
mem: 608.0

i: 0.68,0.78,0.48,0.5,0.43,0.44,0.42
s: 4
t: 0.371
c: 6
mem: 304.0

i: 0.74,0.49,0.48,0.5,0.42,0.54,0.36
s: 4
t: 0.457
c: 6
mem: 208.0

i: 0.81,0.44,0.48,0.5,0.42,0.67,0.68
s: 4
t: 0.546
c: 6
mem: 240.0

i: 0.44,0.35,0.48,0.5,0.44,0.52,0.59
s: 3
t: 0.432
c: 6
mem: 192.0

i: 0.66,0.74,0.48,0.5,0.31,0.38,0.43
s: 4
t: 0.384
c: 6
mem: 256.0

i: 0.5,0.57,0.48,0.5,0.71,0.61,0.66
s: 5
t: 0.846
c: 7
mem: 1152.0

i: 0.67,0.81,0.48,0.5,0.25,0.42,0.25
s: 4
t: 0.380
c: 6
mem: 16.0

i: 0.7,0.71,0.48,0.5,0.42,0.84,0.85
s: 4
t: 0.905
c: 7
mem: 848.0

i: 0.64,0.81,0.48,0.5,0.37,0.39,0.44
s: 4
t: 0.385
c: 6
mem: 96.0

i: 0.41,0.48,0.48,0.5,0.51,0.44,0.51
s: 4
t: 0.476
c: 6
mem: 256.0

i: 0.64,0.58,0.48,0.5,0.48,0.78,0.73
s: 4
t: 0.744
c: 7
mem: 448.0

i: 0.56,0.68,0.48,0.5,0.77,0.36,0.45
s: 4
t: 0.470
c: 6
mem: 176.0

i: 0.61,0.45,0.48,0.5,0.48,0.35,0.41
s: 3
t: 0.527
c: 6
mem: 320.0

i: 0.43,0.32,0.48,0.5,0.33,0.45,0.52
s: 3
t: 0.558
c: 6
mem: 288.0

i: 0.39,0.31,0.48,0.5,0.38,0.34,0.43
s: 3
t: 0.545
c: 6
mem: 112.0

i: 0.22,0.36,0.48,0.5,0.35,0.39,0.47
s: 4
t: 0.453
c: 6
mem: 112.0

i: 0.41,0.43,0.48,0.5,0.5,0.24,0.25
s: 3
t: 0.506
c: 6
mem: 112.0

i: 0.44,0.56,0.48,0.5,0.5,0.46,0.54
s: 4
t: 0.519
c: 7
mem: 320.0

i: 0.23,0.34,0.48,0.5,0.43,0.26,0.37
s: 3
t: 0.539
c: 6
mem: 112.0

i: 0.6,0.5,1.0,0.5,0.54,0.77,0.8
s: 4
t: 0.565
c: 6
mem: 368.0

i: 0.61,0.66,0.48,0.5,0.46,0.87,0.88
s: 4
t: 0.708
c: 7
mem: 240.0

i: 0.33,0.37,0.48,0.5,0.46,0.65,0.69
s: 3
t: 0.959
c: 7
mem: 224.0

i: 0.29,0.37,0.48,0.5,0.48,0.44,0.52
s: 4
t: 0.434
c: 6
mem: 544.0

i: 0.29,0.3,0.48,0.5,0.45,0.03,0.17
s: 3
t: 0.501
c: 6
mem: 128.0

i: 0.47,0.28,0.48,0.5,0.56,0.2,0.25
s: 3
t: 0.502
c: 6
mem: 80.0

i: 0.41,0.51,0.48,0.5,0.53,0.75,0.78
s: 2
t: 0.917
c: 7
mem: 352.0

i: 0.11,0.5,0.48,0.5,0.58,0.72,0.68
s: 3
t: 0.898
c: 7
mem: 400.0

i: 0.87,0.49,0.48,0.5,0.61,0.76,0.79
s: 3
t: 0.517
c: 6
mem: 240.0

i: 0.34,0.45,0.48,0.5,0.38,0.24,0.35
s: 3
t: 0.542
c: 6
mem: 288.0

i: 0.51,0.49,0.48,0.5,0.53,0.14,0.26
s: 3
t: 0.495
c: 6
mem: 272.0

i: 0.44,0.28,0.48,0.5,0.43,0.27,0.37
s: 3
t: 0.543
c: 6
mem: 176.0

i: 0.41,0.43,0.48,0.5,0.45,0.31,0.41
s: 3
t: 0.531
c: 6
mem: 96.0

i: 0.36,0.47,0.48,0.5,0.51,0.69,0.72
s: 2
t: 0.929
c: 7
mem: 336.0

i: 0.51,0.54,0.48,0.5,0.41,0.34,0.43
s: 3
t: 0.542
c: 6
mem: 96.0

i: 0.37,0.44,0.48,0.5,0.42,0.39,0.47
s: 4
t: 0.441
c: 6
mem: 96.0

i: 0.68,0.76,0.48,0.5,0.84,0.45,0.27
s: 4
t: 0.131
c: 6
mem: 16.0

i: 0.67,0.61,0.48,0.5,0.51,0.37,0.38
s: 4
t: 0.267
c: 6
mem: 432.0

i: 0.52,0.81,0.48,0.5,0.72,0.38,0.38
s: 4
t: 0.544
c: 6
mem: 384.0

i: 0.39,0.32,0.48,0.5,0.46,0.24,0.35
s: 3
t: 0.548
c: 6
mem: 144.0

i: 0.47,0.47,0.48,0.5,0.22,0.16,0.26
s: 3
t: 0.535
c: 6
mem: 144.0

i: 0.24,0.57,0.48,0.5,0.63,0.34,0.43
s: 3
t: 0.501
c: 6
mem: 176.0

i: 0.61,0.75,0.48,0.5,0.51,0.33,0.33
s: 5
t: 0.127
c: 6
mem: 352.0

i: 0.23,0.4,0.48,0.5,0.39,0.28,0.38
s: 3
t: 0.517
c: 6
mem: 560.0

i: 0.1,0.49,0.48,0.5,0.41,0.67,0.21
s: 3
t: 1.091
c: 7
mem: 544.0

i: 0.38,0.44,0.48,0.5,0.43,0.2,0.31
s: 3
t: 0.511
c: 6
mem: 16.0

i: 0.29,0.47,0.48,0.5,0.41,0.23,0.34
s: 3
t: 0.502
c: 6
mem: 208.0

i: 0.74,0.7,0.48,0.5,0.66,0.65,0.69
s: 4
t: 1.064
c: 7
mem: 528.0

i: 0.86,0.55,0.48,0.5,0.63,0.81,0.83
s: 3
t: 0.540
c: 6
mem: 32.0

i: 0.25,0.37,0.48,0.5,0.43,0.26,0.36
s: 3
t: 0.547
c: 6
mem: 256.0

i: 0.43,0.4,0.48,0.5,0.58,0.75,0.78
s: 2
t: 0.966
c: 7
mem: 576.0

max time: 1.09
min time: 0.13
avg time: 0.55

avg calls: 6.29
