avg vars: 1151.00
avg cos: 2391.00
avg cps : 1912.00
i: 4.334,3.6944,0,0,0,0,0,33.3,1,2,0,-0.359,2.838,1.557,8.943999999999999,3,1.013,1.139,0,0,0,1.178,0,0,0,0,1.97,0.15,0,10.072000000000001,2.195,0,0,0,0,3.4210000000000003,2.952,0,7.598,0,0
s: 16
t: 0.002
c: 19
mem: 48.0

i: 4.895,3.5219,1,0,2,0,3,37.5,0,2,4,0.0,3.52,1.16,10.099,4,1.0590000000000002,1.137,0,1,0,1.252,1,0,1,0,2.292,-0.008,0,20.340999999999998,1.696,0,3,4,2,3.977,3.1919999999999997,2,8.892000000000001,0,1
s: 15
t: 0.001
c: 22
mem: 0.0

i: 3.932,2.7496,2,0,0,0,0,31.3,2,0,0,0.0,4.294,2.585,9.11,0,0.9740000000000001,1.133,0,0,0,1.306,0,1,0,0,1.942,-0.006,1,0.0,4.891,0,0,0,0,6.867000000000001,1.7080000000000002,0,12.258,0,2
s: 7
t: 0.001
c: 15
mem: 0.0

i: 4.732,3.3007,2,0,0,0,2,50.0,0,0,0,0.0,3.373,0.875,9.579,0,1.025,1.094,0,0,0,1.374,1,0,1,0,2.194,0.045,0,0.0,0.8540000000000001,0,2,0,0,4.034,2.444,0,8.794,0,2
s: 8
t: 0.001
c: 15
mem: 0.0

i: 4.6419999999999995,3.0034,0,0,0,0,2,42.1,1,1,0,0.0,3.093,1.187,9.631,2,0.987,1.12,0,0,0,1.256,1,0,0,0,2.2,-0.024,0,0.0,1.4869999999999999,0,1,0,1,3.639,2.315,0,8.009,0,0
s: 18
t: 0.001
c: 19
mem: 0.0

i: 4.802,2.6956,1,0,2,0,2,43.8,0,0,4,0.682,3.385,0.664,10.012,0,1.003,1.109,0,0,0,1.351,3,0,0,0,2.364,-0.006999999999999999,0,0.0,1.146,0,2,4,2,3.945,2.167,2,8.71,0,0
s: 13
t: 0.001
c: 19
mem: 0.0

i: 4.641,3.0853,0,0,0,0,2,44.4,0,2,0,0.0,3.233,1.261,9.714,4,1.011,1.1159999999999999,0,0,0,1.249,1,0,0,0,2.214,0.013999999999999999,0,10.165,1.7830000000000001,0,1,0,0,3.6639999999999997,2.583,0,8.192,0,0
s: 20
t: 0.002
c: 22
mem: 0.0

i: 5.715,2.0229,0,0,4,1,7,43.3,0,2,6,-0.299,4.337,0.971,11.472000000000001,9,0.991,1.122,0,0,0,1.275,5,0,0,0,2.617,0.0,0,13.095999999999998,2.313,1,3,6,0,3.97,2.099,3,9.415,1,0
s: 12
t: 0.001
c: 15
mem: 0.0

i: 4.607,3.1387,0,0,2,0,2,50.0,0,1,2,0.0,3.168,1.187,9.631,2,1.014,1.11,0,0,0,1.295,1,0,0,0,2.194,-0.027000000000000003,0,0.0,1.544,0,1,1,1,3.6919999999999997,2.87,1,8.242,0,0
s: 9
t: 0.001
c: 13
mem: 0.0

i: 5.126,2.3232,0,1,11,0,7,47.2,1,3,11,0.0,4.103,0.8320000000000001,10.931,6,1.02,1.117,0,1,0,1.2819999999999998,4,0,0,0,2.418,0.0,0,22.238000000000003,3.9819999999999998,0,4,8,1,3.9560000000000004,2.594,3,9.333,0,0
s: 12
t: 0.001
c: 17
mem: 0.0

i: 4.303,3.1007,1,0,0,0,0,41.7,1,0,0,0.0,2.938,0.862,9.067,0,0.977,1.097,0,0,0,1.439,1,0,0,0,2.115,0.125,0,0.0,0.956,0,0,0,0,4.069,1.9169999999999998,0,8.506,0,0
s: 7
t: 0.001
c: 13
mem: 0.0

i: 4.77,3.3837,0,0,1,0,2,40.0,0,3,2,0.0,3.299,1.185,9.882,6,1.057,1.13,0,1,0,1.212,1,0,0,0,2.2359999999999998,0.015,0,20.072,1.74,0,2,2,1,3.8339999999999996,3.333,1,8.516,0,0
s: 8
t: 0.001
c: 12
mem: 0.0

i: 4.923,3.5834,0,0,1,0,2,40.0,0,3,2,0.0,3.299,1.185,9.911,6,1.057,1.13,0,1,0,1.213,1,0,0,0,2.267,0.015,0,20.135,1.5630000000000002,0,2,2,1,3.861,3.333,1,8.517999999999999,0,0
s: 8
t: 0.001
c: 13
mem: 0.0

i: 5.312,2.3744,1,0,0,0,2,38.5,2,4,0,0.0,4.151,1.7730000000000001,10.862,15,0.993,1.123,0,0,0,1.258,2,0,0,0,2.351,0.0,0,13.18,3.7489999999999997,0,2,0,0,4.4319999999999995,2.1790000000000003,0,9.497,0,0
s: 8
t: 0.001
c: 13
mem: 0.0

i: 4.414,2.1712,1,0,0,0,0,33.3,0,0,0,0.0,2.995,0.802,9.183,0,0.9790000000000001,1.135,0,0,0,1.23,1,0,1,0,2.101,-0.064,0,0.0,0.975,0,0,0,0,3.658,1.849,0,7.9879999999999995,0,1
s: 10
t: 0.001
c: 15
mem: 0.0

i: 4.0,2.5101,0,0,0,0,0,25.0,2,1,0,0.0,2.199,0.8109999999999999,8.318,0,0.988,1.156,0,0,0,1.1179999999999999,0,0,0,0,1.732,-0.552,0,0.0,1.0,0,0,0,1,2.97,2.833,0,6.539,0,0
s: 13
t: 0.001
c: 18
mem: 16.0

i: 3.975,2.8897,0,0,0,0,0,32.3,2,0,0,0.0,3.699,3.322,9.707,0,0.961,1.141,0,0,0,1.209,0,0,0,0,1.9780000000000002,0.0,0,0.0,8.122,0,0,0,0,2.9939999999999998,1.55,0,7.896,0,0
s: 13
t: 0.002
c: 17
mem: 0.0

i: 5.495,2.7485,0,0,0,4,8,38.7,12,2,0,0.0,4.274,1.0590000000000002,11.72,8,0.975,1.127,0,0,0,1.271,2,0,0,0,2.494,0.0,0,0.0,3.8789999999999996,0,2,0,2,3.895,2.059,0,9.318,0,0
s: 14
t: 0.003
c: 15
mem: 0.0

i: 5.386,2.1526,0,0,0,0,6,60.0,0,2,0,-0.132,3.9730000000000003,0.5479999999999999,10.964,8,1.002,1.083,0,0,0,1.3359999999999999,10,0,0,0,2.548,0.0,0,25.26,1.599,0,0,0,0,4.029,2.367,0,9.184,0,0
s: 10
t: 0.002
c: 14
mem: 0.0

i: 4.562,3.2789,4,0,0,0,0,25.0,2,0,0,0.0,4.705,0.9179999999999999,9.184,0,1.071,1.077,0,0,0,1.641,0,1,0,0,2.0,-0.207,0,0.0,1.521,0,0,0,0,7.129,2.278,0,12.952,0,4
s: 7
t: 0.001
c: 12
mem: 0.0

i: 4.675,2.6951,0,0,0,0,1,44.0,1,2,0,0.083,3.4739999999999998,1.911,10.014,7,0.998,1.1159999999999999,0,0,0,1.264,1,0,0,0,2.189,-0.002,0,10.994000000000002,3.45,0,0,0,0,3.6,2.4619999999999997,0,8.445,0,0
s: 20
t: 0.002
c: 21
mem: 0.0

i: 4.17,2.8963,0,0,0,0,0,30.8,2,1,0,0.0,2.4659999999999997,0.971,8.597000000000001,2,0.9890000000000001,1.1440000000000001,0,0,0,1.196,0,0,0,0,1.848,0.363,0,9.505,1.5419999999999998,0,0,0,0,3.18,2.867,0,7.056,0,0
s: 16
t: 0.001
c: 19
mem: 0.0

i: 4.383,3.2291,0,0,0,0,0,32.6,2,2,0,0.022000000000000002,4.136,3.8819999999999997,10.272,4,0.97,1.14,0,0,0,1.199,0,0,0,0,2.0580000000000003,0.0,0,11.783,11.382,0,0,0,0,3.366,1.7890000000000001,0,8.51,0,0
s: 18
t: 0.001
c: 20
mem: 0.0

i: 4.724,1.7824,0,0,0,0,0,34.9,1,3,0,-0.779,4.016,3.7110000000000003,10.425,6,0.98,1.135,0,0,0,1.212,1,0,0,0,2.31,0.0,0,22.241,9.474,1,0,0,0,3.637,2.0869999999999997,0,8.645,0,0
s: 18
t: 0.001
c: 22
mem: 0.0

i: 5.125,3.3889,0,0,0,1,0,30.8,5,0,0,0.0,2.821,1.2990000000000002,10.01,0,0.96,1.1440000000000001,0,0,0,1.246,0,0,0,0,2.149,-0.062,0,0.0,2.097,0,0,0,0,3.283,1.76,0,7.401,0,0
s: 15
t: 0.001
c: 16
mem: 0.0

i: 4.372,3.5554,0,0,0,0,0,29.2,2,3,0,-0.233,3.138,1.922,9.494,3,1.0070000000000001,1.147,0,0,0,1.136,0,0,0,0,2.031,-0.026000000000000002,0,10.251,3.412,0,0,0,0,3.355,2.6,0,7.811,0,0
s: 17
t: 0.003
c: 20
mem: 0.0

i: 4.461,3.6265,0,0,8,0,0,25.7,0,0,0,0.0,3.242,2.117,9.797,0,0.975,1.161,0,0,0,1.182,0,0,0,0,2.084,-0.006999999999999999,0,0.0,3.798,0,0,4,0,3.216,1.8330000000000002,3,7.767,0,0
s: 15
t: 0.003
c: 18
mem: 0.0

i: 4.86,3.3466,1,0,0,0,3,40.0,0,2,0,0.0,3.4530000000000003,1.273,9.967,4,1.02,1.122,0,0,0,1.25,1,0,1,0,2.282,-0.008,0,0.0,1.6340000000000001,0,3,0,0,3.932,2.374,0,8.641,0,1
s: 9
t: 0.002
c: 15
mem: 0.0

i: 4.303,3.0128,3,0,0,0,0,27.3,2,0,0,0.0,3.295,1.459,8.815,0,1.046,1.136,0,0,0,1.28,0,0,1,0,1.932,-0.226,0,0.0,1.745,0,0,0,0,3.819,2.778,0,8.704,0,3
s: 7
t: 0.001
c: 12
mem: 0.0

i: 5.489,3.5897,0,0,0,2,4,36.6,7,2,0,0.0,3.678,1.194,11.033,6,0.982,1.1320000000000001,0,0,0,1.237,1,0,0,0,2.463,0.0,0,0.0,1.828,0,1,0,2,3.853,2.275,0,8.662,0,0
s: 13
t: 0.002
c: 14
mem: 0.0

i: 4.947,4.3619,2,0,0,0,0,28.6,0,4,0,-2.4090000000000003,4.298,1.371,9.956,4,1.101,1.126,0,0,0,1.246,0,1,0,0,2.214,-0.027999999999999997,0,20.21,2.2319999999999998,0,0,0,2,6.9110000000000005,3.75,0,12.27,0,2
s: 8
t: 0.001
c: 12
mem: 0.0

i: 3.95,2.7989,0,0,0,0,0,31.0,2,1,0,0.0,3.364,2.807,9.296,1,0.9690000000000001,1.143,0,0,0,1.18,0,0,0,0,1.956,-0.002,0,0.0,5.6979999999999995,0,0,0,1,2.9760000000000004,1.857,0,7.5520000000000005,0,0
s: 13
t: 0.003
c: 14
mem: 0.0

i: 5.206,3.5794,0,0,1,0,0,30.6,1,3,3,-0.919,3.965,3.1889999999999996,10.627,2,0.985,1.147,0,0,0,1.18,0,0,0,0,2.22,0.0,0,22.35,8.266,0,0,4,1,3.4730000000000003,2.306,2,8.611,0,0
s: 13
t: 0.001
c: 16
mem: 0.0

i: 4.821000000000001,1.7046,0,0,0,0,0,36.4,0,2,0,0.0,3.1830000000000003,0.0,10.081,4,0.998,1.1320000000000001,0,0,0,1.147,4,0,0,0,2.487,0.004,0,0.0,1.669,1,0,0,0,3.552,1.8330000000000002,0,8.16,0,0
s: 11
t: 0.002
c: 17
mem: 0.0

i: 5.332000000000001,5.581,0,0,0,1,0,35.9,1,7,0,-2.1719999999999997,3.9419999999999997,2.396,10.694,21,1.032,1.133,0,0,0,1.169,0,0,0,0,2.315,0.0,0,33.28,2.891,0,0,0,1,3.529,3.083,0,8.812999999999999,0,0
s: 11
t: 0.002
c: 15
mem: 0.0

i: 4.386,3.408,0,0,0,0,0,32.5,2,4,0,-0.09,4.167,3.7739999999999996,10.379000000000001,8,0.98,1.14,0,0,0,1.186,0,0,0,0,2.068,0.0,0,23.377,10.97,0,0,0,0,3.3760000000000003,2.044,0,8.67,0,0
s: 17
t: 0.003
c: 20
mem: 0.0

i: 4.414,4.3883,0,1,0,0,0,9.1,0,2,0,-0.662,2.946,1.379,9.222000000000001,2,1.097,1.219,0,0,0,1.074,0,0,0,0,2.0,0.171,0,18.567,2.133,0,0,1,4,3.6889999999999996,4.167,4,8.139,0,0
s: 11
t: 0.002
c: 15
mem: 0.0

i: 5.236000000000001,3.778,5,0,0,0,6,46.7,1,0,0,0.0,5.013,0.799,10.434000000000001,0,1.045,1.058,0,0,0,1.58,1,1,0,0,2.414,0.004,1,0.0,0.873,0,5,0,0,6.982,2.146,0,13.184000000000001,0,5
s: 9
t: 0.001
c: 13
mem: 16.0

i: 5.284,5.2824,3,0,0,0,0,26.3,2,6,0,-1.0090000000000001,4.0280000000000005,2.187,10.651,10,1.024,1.131,0,0,0,1.244,0,0,0,0,2.314,0.0,0,23.28,2.965,0,0,0,0,4.823,2.7089999999999996,0,9.752,0,0
s: 8
t: 0.001
c: 13
mem: 0.0

i: 3.0,2.0093,0,0,0,0,0,22.2,0,1,0,0.0,1.926,0.9179999999999999,6.593999999999999,0,0.998,1.162,0,0,0,1.102,0,0,0,0,1.4140000000000001,0.861,0,0.0,1.3330000000000002,0,0,0,0,2.7310000000000003,2.5,0,6.0329999999999995,0,0
s: 12
t: 0.001
c: 14
mem: 0.0

i: 4.732,3.09,0,0,0,0,0,25.0,0,3,3,-2.406,3.185,0.8809999999999999,9.802999999999999,6,1.107,1.177,0,0,0,1.126,1,0,0,0,2.2359999999999998,-0.028999999999999998,0,30.54,0.95,0,0,0,3,3.6319999999999997,3.722,3,8.205,0,0
s: 16
t: 0.001
c: 19
mem: 0.0

i: 4.97,3.3797,0,0,0,0,4,40.9,3,1,0,0.0,3.193,0.861,10.06,4,0.983,1.123,0,0,0,1.272,1,0,0,0,2.307,0.013000000000000001,0,0.0,0.9620000000000001,0,1,0,1,3.7739999999999996,2.267,0,8.238999999999999,0,0
s: 14
t: 0.001
c: 18
mem: 0.0

i: 4.2139999999999995,3.0057,0,0,0,0,0,25.0,1,2,0,0.0,2.608,1.459,8.755,1,1.005,1.156,0,0,0,1.104,0,0,0,0,1.902,-0.23600000000000002,0,0.0,2.052,0,0,0,1,3.0869999999999997,2.722,0,6.989,0,0
s: 15
t: 0.001
c: 17
mem: 0.0

i: 5.0,3.5426,3,0,0,1,0,25.0,2,0,0,0.0,3.2239999999999998,0.722,9.657,0,1.078,1.135,0,0,1,1.3659999999999999,0,0,0,0,2.0,0.389,0,0.0,0.8,0,0,0,0,4.227,3.117,0,8.859,0,3
s: 13
t: 0.001
c: 16
mem: 0.0

i: 5.2010000000000005,3.8748,0,0,2,0,3,40.0,0,6,3,-3.157,3.707,1.254,10.498,12,1.092,1.129,0,1,0,1.1740000000000002,1,0,0,0,2.404,-0.001,0,42.199,1.609,0,1,2,2,3.94,3.7560000000000002,1,8.937000000000001,0,0
s: 8
t: 0.001
c: 14
mem: 0.0

i: 4.802,1.7802,2,0,5,0,2,39.4,0,0,4,0.0,3.892,0.0,10.46,0,0.986,1.113,0,0,0,1.339,4,0,0,0,2.384,0.0,0,0.0,3.735,0,0,5,1,4.341,1.824,2,9.301,0,0
s: 12
t: 0.001
c: 15
mem: 0.0

i: 5.12,3.2785,0,0,0,0,3,36.8,3,6,0,-1.775,4.156000000000001,2.419,10.777999999999999,18,1.004,1.131,0,0,0,1.195,1,0,0,0,2.4,0.0,0,36.905,3.3680000000000003,0,0,0,0,3.852,2.481,0,9.032,3,0
s: 15
t: 0.001
c: 20
mem: 0.0

i: 4.499,2.3714,0,0,0,0,0,40.0,0,0,0,0.0,2.924,1.125,9.311,0,0.965,1.125,0,0,0,1.266,1,0,0,0,2.136,0.039,0,0.0,1.4809999999999999,1,0,0,0,3.304,1.854,0,7.542000000000001,0,0
s: 11
t: 0.001
c: 13
mem: 0.0

i: 5.021,3.5325,0,0,0,0,4,38.9,0,5,0,-1.291,3.45,1.124,10.277000000000001,10,1.072,1.127,0,0,0,1.147,1,0,0,0,2.343,0.005,0,10.312999999999999,1.6230000000000002,0,3,0,4,3.8339999999999996,3.611,0,8.537,0,0
s: 18
t: 0.001
c: 21
mem: 0.0

i: 5.171,3.8233,0,0,4,0,4,34.5,2,5,4,0.0,3.798,1.45,10.639000000000001,11,1.043,1.1420000000000001,0,2,0,1.196,1,0,0,0,2.417,0.0,0,42.668,1.814,0,3,4,1,3.972,3.265,2,9.052,0,0
s: 13
t: 0.001
c: 17
mem: 0.0

i: 4.17,3.1822,2,0,0,0,0,20.0,0,0,0,0.532,2.9589999999999996,0.971,8.597000000000001,0,1.002,1.117,0,0,0,1.4080000000000001,0,0,0,0,1.848,0.387,0,0.0,1.5419999999999998,0,0,0,1,4.016,2.611,1,8.452,0,0
s: 7
t: 0.001
c: 12
mem: 0.0

i: 5.13,3.5144,0,0,0,1,0,30.0,5,1,0,0.0,3.0610000000000004,1.761,10.106,1,0.972,1.145,0,0,0,1.2,0,0,0,0,2.175,-0.021,0,0.0,2.7289999999999996,0,0,0,1,3.292,2.108,0,7.587000000000001,0,0
s: 11
t: 0.001
c: 15
mem: 0.0

i: 5.114,2.4193,0,0,0,0,4,47.1,3,0,0,0.0,3.66,0.703,10.497,0,0.9690000000000001,1.11,0,0,0,1.324,2,0,0,0,2.374,0.0,0,0.0,2.7060000000000004,0,0,0,0,3.7710000000000004,1.875,0,8.682,0,0
s: 12
t: 0.001
c: 16
mem: 0.0

i: 5.138,3.6483,3,0,0,0,4,46.7,0,2,0,-1.188,3.792,1.124,10.297,4,1.085,1.1,0,0,0,1.31,1,0,1,0,2.3680000000000003,0.004,0,10.567,1.45,0,3,0,1,4.147,3.139,0,9.259,0,3
s: 7
t: 0.001
c: 13
mem: 0.0

i: 4.2139999999999995,2.8141,0,0,0,0,0,33.3,2,0,0,0.0,2.582,1.459,8.755,0,0.961,1.138,0,0,0,1.27,0,0,0,0,1.902,-0.19699999999999998,0,0.0,2.052,0,0,0,0,3.09,1.972,0,7.037999999999999,0,0
s: 13
t: 0.001
c: 16
mem: 0.0

i: 3.6180000000000003,2.1906,0,0,0,0,0,29.4,2,0,0,0.0,2.333,1.5219999999999998,7.853,0,0.9590000000000001,1.147,0,0,0,1.178,0,0,0,0,1.732,0.294,0,0.0,2.094,0,0,0,0,2.7939999999999996,1.7,0,6.332999999999999,0,0
s: 16
t: 0.001
c: 19
mem: 0.0

i: 5.192,4.4911,1,0,0,0,0,28.6,4,4,0,0.0,3.904,2.7969999999999997,10.588,10,0.986,1.143,0,0,0,1.181,0,0,0,0,2.242,0.0,0,11.913,5.313,0,0,0,1,4.433,2.213,0,9.217,0,0
s: 8
t: 0.001
c: 11
mem: 0.0

i: 3.4139999999999997,2.1848,0,0,0,0,0,18.2,2,1,0,0.0,2.211,1.0,7.4079999999999995,0,1.0070000000000001,1.178,0,0,0,0.9990000000000001,0,0,0,0,1.618,-0.603,0,0.0,1.7069999999999999,0,0,1,3,2.79,3.25,1,6.251,0,0
s: 15
t: 0.002
c: 18
mem: 0.0

i: 4.745,1.8876,0,0,4,0,3,40.0,2,0,7,0.0,3.937,1.936,10.509,0,0.9740000000000001,1.128,0,0,0,1.2690000000000001,2,0,0,1,2.283,0.0,0,0.0,5.249,0,3,8,2,3.6889999999999996,1.8559999999999999,2,8.783,0,0
s: 14
t: 0.001
c: 18
mem: 0.0

i: 4.543,2.7404,0,0,0,0,1,47.6,1,1,0,0.078,3.315,1.705,9.722000000000001,1,0.988,1.109,0,0,0,1.296,1,0,0,0,2.166,-0.008,0,10.53,2.905,0,0,0,0,3.611,2.394,0,8.295,0,0
s: 10
t: 0.002
c: 14
mem: 0.0

i: 3.802,2.6771,0,0,2,0,0,20.0,2,0,0,0.0,2.715,1.95,8.394,0,0.986,1.179,0,0,0,1.083,0,0,0,0,1.848,0.131,0,0.0,2.885,0,0,4,5,2.937,2.3569999999999998,3,6.869,0,0
s: 15
t: 0.003
c: 18
mem: 0.0

i: 4.783,3.2512,1,0,0,0,2,50.0,0,1,0,0.0,3.319,1.187,9.668,2,1.022,1.1,0,0,0,1.321,1,0,1,0,2.222,-0.026000000000000002,0,10.142999999999999,1.358,0,1,0,0,3.911,2.716,0,8.565,0,1
s: 7
t: 0.001
c: 10
mem: 0.0

i: 5.003,2.9434,0,0,3,0,3,50.0,0,0,3,0.0,3.347,0.629,10.084,0,0.982,1.1079999999999999,0,0,0,1.321,3,0,0,0,2.351,0.004,0,0.0,1.075,0,1,2,2,3.8760000000000003,2.0909999999999997,1,8.48,0,0
s: 7
t: 0.001
c: 10
mem: 0.0

i: 4.85,2.209,3,0,6,0,5,46.4,0,1,6,-0.374,4.117,0.6970000000000001,10.609000000000002,2,1.033,1.111,0,0,0,1.318,2,0,1,0,2.299,0.0,0,11.732000000000001,4.266,0,5,4,2,4.051,2.544,2,9.469,0,3
s: 15
t: 0.003
c: 19
mem: 0.0

i: 5.1770000000000005,3.0834,2,0,0,0,5,52.6,0,1,0,0.0,3.7539999999999996,0.773,10.418,3,1.0270000000000001,1.093,0,0,0,1.337,3,0,1,0,2.426,0.001,0,0.0,1.085,0,3,0,1,4.122,2.504,0,9.163,0,2
s: 10
t: 0.002
c: 13
mem: 0.0

i: 4.965,3.6277,1,0,2,0,3,37.5,0,2,4,0.0,3.52,1.16,10.099,4,1.0590000000000002,1.137,0,1,0,1.249,1,0,1,0,2.305,-0.008,0,20.482,1.5530000000000002,0,3,4,2,3.969,3.1919999999999997,2,8.892000000000001,0,1
s: 15
t: 0.001
c: 21
mem: 0.0

i: 5.206,3.3847,0,0,1,0,0,30.8,1,2,1,-0.9470000000000001,3.713,2.9,10.415999999999999,0,0.9790000000000001,1.145,0,0,0,1.187,0,0,0,0,2.218,0.0,0,10.57,6.77,0,0,2,0,3.47,2.167,1,8.295,0,0
s: 14
t: 0.002
c: 15
mem: 0.0

i: 4.692,2.7215,0,0,2,0,2,40.7,2,2,3,-0.39299999999999996,3.5469999999999997,1.876,10.164,3,1.002,1.126,0,0,0,1.2590000000000001,1,0,0,0,2.2359999999999998,0.001,0,21.814,3.3560000000000003,0,1,3,1,3.659,2.6189999999999998,1,8.548,0,0
s: 11
t: 0.002
c: 15
mem: 0.0

i: 5.029,1.6864,2,0,7,0,2,38.8,0,0,6,0.0,4.128,0.0,10.839,0,0.9790000000000001,1.119,0,0,0,1.308,5,0,0,0,2.418,0.0,0,0.0,3.219,0,0,7,0,4.348,1.71,2,9.423,0,0
s: 11
t: 0.001
c: 15
mem: 0.0

i: 4.499,2.8945,1,0,0,0,1,46.7,1,0,0,0.0,3.185,1.125,9.311,0,0.991,1.107,0,0,0,1.3230000000000002,1,0,1,0,2.136,0.043,0,0.0,1.4809999999999999,0,0,0,0,3.6919999999999997,2.16,0,8.337,0,1
s: 9
t: 0.001
c: 14
mem: 0.0

i: 4.8069999999999995,3.2147,0,0,2,0,3,40.0,2,0,3,0.0,3.0869999999999997,0.8809999999999999,9.833,0,0.976,1.129,0,0,0,1.288,1,0,0,0,2.246,-0.024,0,0.0,1.06,0,1,2,2,3.7039999999999997,2.1109999999999998,1,8.099,0,0
s: 8
t: 0.001
c: 11
mem: 16.0

i: 3.8789999999999996,2.9588,0,0,0,0,0,33.3,0,0,4,0.0,3.091,2.281,8.743,0,0.998,1.1520000000000001,0,0,0,1.251,0,0,0,0,1.902,0.047,0,0.0,3.685,0,0,4,1,3.2710000000000004,2.833,3,7.905,0,0
s: 15
t: 0.001
c: 20
mem: 16.0

i: 4.922,3.5578,0,0,3,0,3,35.0,0,3,4,0.0,3.45,1.258,10.152000000000001,6,1.042,1.1440000000000001,0,1,0,1.195,1,0,0,0,2.309,0.005,0,20.579,1.768,0,3,4,2,3.865,3.042,2,8.639,0,0
s: 15
t: 0.001
c: 19
mem: 0.0

i: 4.732,2.2384,0,0,0,0,0,30.0,0,0,0,0.0,2.92,0.0,9.728,0,0.981,1.1540000000000001,0,0,0,1.156,3,0,0,0,2.303,-0.021,0,0.0,0.5,0,0,6,0,3.3689999999999998,1.625,2,7.49,0,0
s: 15
t: 0.003
c: 17
mem: 0.0

i: 5.35,4.5704,0,0,0,2,0,29.4,6,4,0,-0.44299999999999995,3.468,1.975,10.725,16,1.004,1.147,0,0,0,1.1320000000000001,0,0,0,0,2.2880000000000003,-0.002,0,11.395,3.488,0,0,0,2,3.56,2.798,0,8.234,0,0
s: 13
t: 0.002
c: 15
mem: 0.0

i: 3.8789999999999996,3.1116,0,0,0,0,0,26.1,0,3,0,0.0,2.995,2.281,8.743,0,1.0070000000000001,1.1540000000000001,0,0,0,1.107,0,0,0,0,1.902,0.047,0,0.0,3.685,0,0,0,0,3.0469999999999997,2.278,0,7.3229999999999995,0,0
s: 14
t: 0.001
c: 16
mem: 0.0

i: 5.459,2.9274,0,0,0,2,2,37.8,5,1,0,0.0,3.5469999999999997,1.571,10.843,2,0.9740000000000001,1.129,0,0,0,1.265,1,0,0,0,2.378,-0.001,0,0.0,2.74,0,1,0,1,3.7039999999999997,2.089,0,8.48,0,0
s: 15
t: 0.001
c: 19
mem: 0.0

i: 5.5089999999999995,5.4486,2,0,0,0,0,29.6,6,1,0,0.0,5.083,2.383,10.95,6,0.961,1.1320000000000001,0,0,0,1.3969999999999998,0,0,0,0,2.414,0.0,0,0.0,3.022,0,0,0,0,10.427999999999999,1.604,0,14.7,0,0
s: 9
t: 0.001
c: 13
mem: 0.0

i: 5.291,4.2076,0,0,0,1,0,32.0,3,3,0,-0.561,3.262,1.686,10.308,7,1.0070000000000001,1.141,0,0,0,1.185,0,0,0,0,2.244,0.013999999999999999,0,21.759,2.733,0,0,0,0,3.5669999999999997,2.8710000000000004,0,8.163,0,0
s: 13
t: 0.002
c: 15
mem: 0.0

i: 4.235,3.3919,0,0,0,0,0,28.6,2,3,0,-0.255,3.0389999999999997,1.975,9.118,1,1.014,1.149,0,0,0,1.124,0,0,0,0,1.962,0.048,0,10.129,3.449,0,0,0,0,3.35,2.685,0,7.6770000000000005,0,0
s: 16
t: 0.003
c: 18
mem: 0.0

i: 4.641,3.0954,0,0,4,0,2,57.1,0,0,4,0.0,3.292,1.261,9.714,0,1.006,1.101,0,0,0,1.35,1,0,0,0,2.214,0.015,0,0.0,1.7830000000000001,0,0,2,0,3.7260000000000004,2.833,2,8.435,0,0
s: 8
t: 0.002
c: 10
mem: 0.0

i: 4.372,3.4629,0,0,0,0,0,38.5,2,0,0,2.495,3.1289999999999996,1.922,9.494,0,0.9640000000000001,1.128,0,0,0,1.288,0,0,0,0,2.031,-0.023,0,0.0,3.412,0,0,0,0,3.363,2.033,0,7.909,0,0
s: 18
t: 0.003
c: 20
mem: 0.0

i: 4.0,2.3041,0,0,0,0,0,40.0,0,0,0,0.0,3.301,0.0,9.314,0,0.965,1.125,0,0,0,1.274,1,0,0,0,2.0,0.004,0,0.0,1.244,0,0,0,0,3.237,1.75,0,7.8870000000000005,0,0
s: 10
t: 0.002
c: 13
mem: 0.0

i: 5.735,1.9915,0,0,0,2,0,35.3,2,2,0,0.0,3.48,1.074,11.020999999999999,4,0.985,1.1340000000000001,0,0,0,1.18,6,0,0,0,2.641,0.0,0,0.0,1.239,2,0,0,2,3.656,2.083,0,8.176,0,0
s: 14
t: 0.002
c: 15
mem: 0.0

i: 4.0,2.2975,0,0,0,0,0,26.7,0,1,0,0.0,2.6260000000000003,0.0,8.623,0,0.998,1.158,0,0,0,1.095,1,0,0,0,2.0,0.128,0,0.0,0.667,0,0,2,1,3.093,2.0,1,6.9510000000000005,0,0
s: 12
t: 0.001
c: 14
mem: 0.0

i: 3.0,1.925,0,1,0,0,0,11.1,0,0,0,0.0,1.922,0.9179999999999999,6.593999999999999,0,0.997,1.203,1,0,0,1.033,0,0,0,0,1.4140000000000001,0.852,0,0.0,1.3330000000000002,0,0,1,3,2.6839999999999997,2.833,2,5.93,0,0
s: 13
t: 0.001
c: 15
mem: 0.0

i: 5.175,3.753,0,0,0,1,0,34.5,3,1,0,1.296,3.2110000000000003,1.859,10.165,2,0.975,1.136,0,0,0,1.224,0,0,0,0,2.175,0.013000000000000001,0,0.0,3.341,0,0,0,1,3.4010000000000002,2.265,0,7.962999999999999,0,0
s: 14
t: 0.001
c: 17
mem: 0.0

i: 5.365,2.9284,0,0,0,1,1,40.7,3,0,0,0.0,3.245,1.455,10.315,0,0.966,1.123,0,0,0,1.2790000000000001,1,0,0,0,2.315,-0.006999999999999999,0,0.0,1.8969999999999998,0,0,0,0,3.641,1.8559999999999999,0,8.128,0,0
s: 14
t: 0.001
c: 15
mem: 0.0

i: 4.694,1.7937,1,0,6,0,0,32.5,0,0,6,0.902,3.673,0.5,10.219,0,0.975,1.137,0,0,0,1.228,2,0,0,0,2.2359999999999998,0.0,0,0.0,3.872,0,0,4,2,3.8560000000000003,1.75,2,8.613999999999999,0,0
s: 17
t: 0.001
c: 18
mem: 0.0

i: 4.732,3.1657,0,0,0,0,3,42.9,3,0,0,0.0,3.075,0.8809999999999999,9.802999999999999,0,0.9670000000000001,1.119,0,0,0,1.331,1,0,0,0,2.2359999999999998,-0.023,0,0.0,0.95,0,0,0,0,3.69,1.889,0,8.082,0,0
s: 9
t: 0.001
c: 12
mem: 0.0

i: 4.782,3.0562,0,0,1,0,2,40.0,0,2,2,-0.8959999999999999,3.324,1.273,9.947000000000001,4,1.015,1.129,0,0,0,1.215,1,0,0,0,2.251,-0.008,0,10.38,1.9509999999999998,0,1,2,2,3.708,2.773,1,8.322000000000001,0,0
s: 10
t: 0.001
c: 15
mem: 0.0

i: 4.382,2.2073,0,0,2,0,0,32.4,0,1,2,0.254,3.426,0.544,9.692,2,0.977,1.143,0,0,0,1.195,1,0,0,0,2.066,0.001,0,11.274000000000001,1.489,0,0,2,1,3.34,1.976,1,7.922999999999999,0,0
s: 12
t: 0.001
c: 14
mem: 0.0

i: 4.3469999999999995,3.0603,0,0,0,0,0,31.0,1,2,0,-0.08199999999999999,3.1919999999999997,2.3,9.338,3,0.986,1.143,0,0,0,1.167,0,0,0,0,2.011,0.013000000000000001,0,10.622,4.098,0,0,0,0,3.3569999999999998,2.2880000000000003,0,7.732,0,0
s: 18
t: 0.001
c: 20
mem: 0.0

i: 4.992,2.5242,0,0,2,0,6,43.8,2,0,6,0.0,3.677,0.75,10.568,0,0.981,1.122,0,0,0,1.298,2,0,0,0,2.3680000000000003,0.0,0,0.0,2.478,0,2,4,4,3.822,2.125,2,8.764,0,0
s: 12
t: 0.001
c: 14
mem: 0.0

i: 4.607,2.9443,0,0,0,0,2,42.1,1,1,0,0.0,3.093,1.187,9.631,2,0.987,1.12,0,0,0,1.242,1,0,0,0,2.194,-0.024,0,0.0,1.544,0,1,0,1,3.635,2.315,0,8.009,0,0
s: 18
t: 0.002
c: 19
mem: 0.0

i: 4.901,2.5104,2,0,1,0,5,48.0,0,3,2,0.0,4.0280000000000005,0.946,10.600999999999999,8,1.051,1.107,0,1,0,1.295,2,0,1,0,2.329,0.0,0,20.982,3.43,0,5,2,0,4.016,2.781,1,9.395,0,2
s: 13
t: 0.001
c: 18
mem: 0.0

i: 5.365,3.1068,0,0,0,1,1,39.1,2,2,0,0.0,3.287,1.455,10.315,5,0.998,1.127,0,0,0,1.217,1,0,0,0,2.315,-0.008,0,0.0,1.8969999999999998,0,0,0,1,3.657,2.4019999999999997,0,8.196,0,0
s: 14
t: 0.001
c: 16
mem: 0.0

i: 4.8069999999999995,3.3875,2,0,0,0,3,46.2,0,1,0,0.0,3.4619999999999997,0.8809999999999999,9.833,2,1.048,1.103,0,0,0,1.317,1,0,1,0,2.246,-0.026000000000000002,0,0.0,1.06,0,3,0,1,4.0089999999999995,2.802,0,8.87,0,2
s: 7
t: 0.001
c: 10
mem: 0.0

i: 4.691,3.9139,0,0,0,0,0,26.7,0,5,0,-2.845,3.138,1.436,9.666,5,1.0859999999999999,1.153,0,0,0,1.0659999999999998,0,0,0,0,2.117,0.053,0,19.412,2.428,0,0,0,3,3.49,4.2410000000000005,0,8.03,0,0
s: 16
t: 0.001
c: 19
mem: 0.0

i: 5.236000000000001,3.9153,6,0,0,0,6,50.0,0,0,0,0.0,4.045,0.799,10.434000000000001,0,1.133,1.0759999999999998,0,0,0,1.4080000000000001,1,0,1,0,2.414,0.004,0,0.0,0.873,0,6,0,0,4.337,2.889,0,9.676,0,6
s: 9
t: 0.001
c: 13
mem: 0.0

i: 4.842,3.2871,0,0,1,0,2,41.2,0,4,2,-1.093,3.483,1.258,10.136000000000001,8,1.069,1.127,0,1,0,1.199,1,0,0,0,2.278,0.005,0,30.593000000000004,2.113,0,1,2,1,3.8489999999999998,3.5,1,8.704,0,0
s: 9
t: 0.001
c: 16
mem: 0.0

i: 4.922,3.5441,0,0,5,0,3,41.2,0,2,7,0.0,3.486,1.258,10.152000000000001,4,1.05,1.137,0,1,0,1.254,1,0,0,0,2.309,0.005,0,20.471,1.768,0,2,5,2,3.88,3.292,3,8.746,0,0
s: 15
t: 0.001
c: 20
mem: 0.0

i: 4.931,2.9714,0,0,3,0,3,41.2,0,2,6,0.0,3.5069999999999997,1.028,10.238999999999999,4,1.05,1.137,0,1,0,1.273,3,0,0,1,2.375,-0.002,0,20.668000000000003,1.723,0,1,6,1,3.966,2.875,3,8.841000000000001,0,0
s: 12
t: 0.002
c: 19
mem: 0.0

i: 5.047,2.2477,1,0,2,0,4,52.2,0,0,4,0.0,3.678,0.0,10.4,0,0.988,1.09,0,0,0,1.3659999999999999,6,0,0,1,2.414,0.0,0,0.0,1.443,0,4,4,1,4.046,1.929,1,8.933,0,0
s: 10
t: 0.001
c: 14
mem: 0.0

i: 5.307,3.0431,10,0,0,0,12,52.2,0,1,0,0.0,5.7010000000000005,0.7190000000000001,11.155999999999999,4,1.089,1.03,0,0,0,1.5830000000000002,2,1,0,0,2.485,0.0,1,0.0,3.176,0,12,0,0,6.99,2.217,0,13.877,0,10
s: 10
t: 0.001
c: 12
mem: 0.0

i: 6.242000000000001,9.1775,0,0,3,12,0,30.0,3,0,3,0.0,4.727,1.6369999999999998,12.421,0,1.311,1.3769999999999998,0,0,3,0.883,0,0,0,0,2.694,0.0,0,0.0,2.9219999999999997,0,0,3,0,3.991,5.825,1,9.745,0,27
s: 13
t: 0.001
c: 17
mem: 0.0

i: 5.6370000000000005,2.2966,0,0,0,1,0,38.5,3,0,0,1.646,3.1439999999999997,0.853,10.63,0,0.9640000000000001,1.128,0,0,0,1.2670000000000001,3,0,0,0,2.5540000000000003,-0.006,0,0.0,0.986,2,0,0,0,3.676,1.6580000000000001,0,8.065,0,0
s: 12
t: 0.002
c: 16
mem: 0.0

i: 4.3469999999999995,3.1269,0,0,0,0,0,33.3,1,2,0,-0.076,3.8089999999999997,3.3089999999999997,9.933,3,0.975,1.138,0,0,0,1.202,0,0,0,0,2.019,0.0,0,10.914000000000001,8.395,0,0,0,0,3.358,1.96,0,8.298,0,0
s: 19
t: 0.002
c: 21
mem: 0.0

i: 5.0,5.0476,1,0,0,0,0,11.1,0,3,0,0.0,2.872,0.722,9.657,0,1.092,1.153,0,0,0,1.125,0,0,0,0,2.0,0.446,0,18.375,0.8,0,0,0,1,4.712,4.583,0,9.302999999999999,0,0
s: 8
t: 0.001
c: 9
mem: 0.0

i: 5.045,2.1704,0,0,4,0,4,53.3,0,0,5,0.0,3.772,0.0,10.481,0,0.98,1.1,0,0,0,1.338,4,0,0,1,2.385,0.0,0,0.0,2.9010000000000002,0,2,4,1,3.886,1.9509999999999998,1,8.877,0,0
s: 10
t: 0.001
c: 13
mem: 0.0

i: 4.655,2.4090000000000003,0,0,0,0,0,35.0,1,3,0,0.094,3.2039999999999997,2.182,9.765,6,1.02,1.135,0,0,0,1.157,1,0,0,0,2.256,0.013999999999999999,0,10.698,2.989,0,0,0,0,3.542,2.667,0,8.185,0,0
s: 19
t: 0.002
c: 21
mem: 0.0

i: 4.796,3.4006,0,0,2,0,2,41.2,1,2,2,0.0,3.278,1.185,9.882,4,1.024,1.127,0,1,0,1.253,1,0,0,0,2.2430000000000003,0.015,0,20.317,1.686,0,1,2,0,3.835,2.9330000000000003,1,8.497,0,0
s: 9
t: 0.001
c: 11
mem: 0.0

i: 5.04,3.8356,0,0,2,0,2,37.5,0,4,4,0.0,3.513,1.258,10.158999999999999,8,1.087,1.141,0,2,0,1.204,1,0,0,0,2.323,0.005,0,40.909,1.7109999999999999,0,2,4,0,3.946,3.611,2,8.854,0,0
s: 15
t: 0.001
c: 20
mem: 0.0

i: 4.303,3.0634,0,0,0,0,0,21.4,2,3,0,0.0,2.648,1.459,8.815,2,1.037,1.1640000000000001,0,0,0,0.995,0,0,0,0,1.932,-0.253,0,0.0,1.745,0,0,0,3,3.102,3.722,0,6.978,0,0
s: 15
t: 0.003
c: 17
mem: 0.0

i: 4.235,2.7848,0,0,0,0,0,29.6,2,1,0,0.0,2.946,1.975,9.118,1,0.973,1.146,0,0,0,1.168,0,0,0,0,1.962,0.039,0,0.0,3.449,0,0,0,1,3.0639999999999996,2.093,0,7.229,0,0
s: 16
t: 0.003
c: 18
mem: 0.0

i: 4.6419999999999995,3.0494,0,0,2,0,2,40.0,1,0,2,0.0,3.08,1.187,9.631,0,0.976,1.129,0,0,0,1.275,1,0,0,0,2.2,-0.024,0,0.0,1.4869999999999999,0,1,2,1,3.634,1.9809999999999999,1,8.001,0,0
s: 9
t: 0.001
c: 10
mem: 0.0

i: 5.027,3.5931,4,0,0,0,4,50.0,0,0,0,0.0,3.764,0.861,10.084,0,1.079,1.085,0,0,0,1.3980000000000001,1,0,1,0,2.318,0.013999999999999999,0,0.0,0.9840000000000001,0,4,0,0,4.211,2.7110000000000003,0,9.329,0,4
s: 14
t: 0.001
c: 17
mem: 0.0

i: 3.6180000000000003,2.2408,0,0,1,0,0,25.0,2,0,1,0.0,2.359,1.5219999999999998,7.853,0,0.97,1.161,0,0,0,1.133,0,0,0,0,1.732,0.32299999999999995,0,0.0,2.094,0,0,1,2,2.8110000000000004,2.1,1,6.385,0,0
s: 15
t: 0.001
c: 20
mem: 0.0

i: 3.0,2.5124,0,0,0,0,0,33.3,1,0,0,0.0,2.081,0.9179999999999999,6.593999999999999,0,0.998,1.1520000000000001,0,0,0,1.3030000000000002,0,0,0,0,1.4140000000000001,0.917,0,0.0,1.3330000000000002,0,0,1,0,3.201,3.5,1,6.984,0,0
s: 17
t: 0.003
c: 18
mem: 0.0

i: 4.645,3.6462,0,0,4,0,0,23.1,0,2,4,-0.987,3.347,2.117,9.828,2,1.018,1.173,0,0,0,1.104,0,0,0,0,2.0980000000000003,-0.008,0,10.217,4.0489999999999995,0,0,3,7,3.432,3.097,4,8.142999999999999,0,0
s: 11
t: 0.001
c: 13
mem: 0.0

i: 5.995,2.3808,8,0,0,3,0,41.7,0,0,0,0.39399999999999996,4.378,0.752,11.527999999999999,0,1.074,1.102,0,0,0,1.3730000000000002,6,0,1,0,2.805,0.0,0,0.0,1.0759999999999998,4,0,0,0,4.407,2.6,0,9.952,0,8
s: 14
t: 0.001
c: 19
mem: 0.0

i: 4.372,3.3652,0,0,0,0,0,33.3,1,2,0,-0.177,3.139,2.246,9.253,3,0.993,1.139,0,0,0,1.186,0,0,0,0,2.024,-0.025,0,10.624,3.412,0,0,0,0,3.3939999999999997,2.517,0,7.787999999999999,0,0
s: 17
t: 0.001
c: 20
mem: 0.0

i: 4.17,3.2723,0,0,0,0,0,22.2,1,3,0,-1.19,2.555,0.971,8.597000000000001,0,1.083,1.162,0,0,0,1.018,0,0,0,0,1.848,0.46,0,9.118,1.5419999999999998,0,0,0,2,3.333,4.433,0,7.2989999999999995,0,0
s: 14
t: 0.001
c: 19
mem: 0.0

i: 4.644,3.122,0,0,0,0,0,33.3,2,2,0,0.23800000000000002,3.9389999999999996,3.418,10.195,6,0.973,1.138,0,0,0,1.21,0,0,0,0,2.094,0.0,0,11.181,9.52,0,0,0,0,3.525,1.931,0,8.459,0,0
s: 17
t: 0.003
c: 20
mem: 0.0

i: 4.928,2.4843,0,0,0,0,0,34.2,1,3,0,0.171,3.6060000000000003,2.125,10.295,6,0.992,1.137,0,0,0,1.199,1,0,0,0,2.36,0.0,0,22.913,3.3,2,0,0,0,3.5380000000000003,2.375,0,8.342,0,0
s: 17
t: 0.002
c: 18
mem: 0.0

i: 5.336,2.228,2,0,4,0,2,58.3,0,2,2,0.284,4.113,1.013,10.917,6,1.037,1.07,0,0,0,1.3769999999999998,6,0,0,0,2.526,0.0,0,24.788,1.706,0,0,2,0,4.238,2.8,2,9.511000000000001,0,0
s: 12
t: 0.001
c: 16
mem: 0.0

i: 4.404,3.5332,0,0,0,0,0,30.4,0,4,0,-0.595,3.272,2.187,9.589,6,1.0270000000000001,1.145,0,0,0,1.128,0,0,0,0,2.053,0.015,0,21.015,3.667,0,0,0,0,3.4019999999999997,2.985,0,8.054,0,0
s: 16
t: 0.001
c: 20
mem: 0.0

i: 4.414,3.81,1,0,0,0,0,28.6,2,2,0,-0.741,3.0589999999999997,1.379,9.222000000000001,1,1.037,1.145,0,0,0,1.195,0,0,1,0,2.0,0.149,0,9.797,2.133,0,0,0,0,3.822,3.0869999999999997,0,8.259,0,1
s: 10
t: 0.001
c: 12
mem: 0.0

i: 5.072,2.524,0,0,0,0,2,36.4,2,4,0,-0.888,4.154,3.02,10.632,12,0.986,1.1320000000000001,0,0,0,1.212,1,0,0,0,2.351,0.0,0,24.704,6.968,0,0,0,0,3.7939999999999996,2.167,0,8.904,2,0
s: 18
t: 0.002
c: 22
mem: 0.0

i: 4.499,2.9639,0,0,1,0,1,41.2,0,0,2,0.0,2.9760000000000004,1.125,9.311,0,0.9790000000000001,1.127,0,0,0,1.266,1,0,0,0,2.136,0.043,0,0.0,1.4809999999999999,0,1,2,1,3.5610000000000004,2.021,1,7.846,0,0
s: 9
t: 0.001
c: 13
mem: 0.0

i: 5.646,4.6399,6,0,0,2,0,25.0,2,0,0,0.0,3.827,0.8109999999999999,10.505,0,1.199,1.114,0,0,2,1.392,0,0,0,0,2.303,-0.086,0,0.0,1.411,0,0,0,0,4.444,3.3960000000000004,0,9.531,0,6
s: 13
t: 0.001
c: 19
mem: 0.0

i: 4.97,3.5669999999999997,3,0,0,0,4,46.2,0,1,0,0.0,3.66,0.861,10.06,2,1.073,1.099,0,0,0,1.334,1,0,1,0,2.307,0.015,0,0.0,0.9620000000000001,0,4,0,1,4.106,2.9,0,9.154,0,3
s: 13
t: 0.001
c: 17
mem: 0.0

i: 4.928,1.7361,0,0,0,0,2,45.0,0,0,0,0.0,3.753,0.0,10.505999999999998,0,0.968,1.114,0,0,0,1.29,3,0,0,0,2.3480000000000003,0.0,0,0.0,3.091,2,0,0,0,3.685,1.722,0,8.6,0,0
s: 15
t: 0.002
c: 20
mem: 0.0

i: 5.611000000000001,2.1018,0,0,0,1,4,45.0,0,2,0,0.0,3.889,0.5479999999999999,10.936,4,0.987,1.114,0,0,0,1.2590000000000001,3,0,0,0,2.488,0.0,0,0.0,2.3209999999999997,0,2,0,2,3.787,2.171,0,8.859,0,0
s: 13
t: 0.001
c: 15
mem: 0.0

i: 4.982,2.3549,0,0,2,0,0,40.0,0,2,2,-0.18600000000000003,3.3289999999999997,0.762,10.226,6,1.015,1.129,0,0,0,1.216,3,0,0,0,2.424,0.004,0,22.105999999999998,1.0270000000000001,2,0,2,1,3.673,2.682,1,8.272,0,0
s: 11
t: 0.001
c: 16
mem: 0.0

i: 4.499,3.0314,0,0,0,0,1,50.0,0,1,0,0.0,3.0269999999999997,1.125,9.311,2,0.998,1.104,0,0,0,1.291,1,0,0,0,2.136,0.045,0,10.006,1.4809999999999999,0,0,0,0,3.592,2.583,0,7.979,0,0
s: 18
t: 0.002
c: 21
mem: 0.0

i: 4.527,3.7942,0,0,0,0,0,32.5,4,4,0,-0.11699999999999999,4.14,3.427,10.56,10,0.981,1.14,0,0,0,1.1840000000000002,0,0,0,0,2.13,0.0,0,23.699,9.594,0,0,0,0,3.3930000000000002,2.086,0,8.693,0,0
s: 16
t: 0.001
c: 21
mem: 0.0

i: 4.985,2.0546,0,0,0,0,0,38.7,0,1,0,1.982,3.408,0.569,10.158,3,0.977,1.127,0,0,0,1.236,2,0,0,0,2.327,0.001,0,11.652999999999999,2.096,1,0,0,0,3.5469999999999997,1.974,0,8.148,0,0
s: 11
t: 0.001
c: 16
mem: 0.0

i: 5.175,3.9016,0,0,0,1,0,29.6,3,3,0,-0.239,3.227,1.859,10.165,3,1.002,1.146,0,0,0,1.146,0,0,0,0,2.175,0.013999999999999999,0,10.355,3.341,0,0,0,0,3.389,2.5380000000000003,0,7.979,0,0
s: 13
t: 0.001
c: 14
mem: 0.0

i: 5.256,2.6157,0,0,0,1,0,34.6,3,1,0,0.44799999999999995,3.133,0.861,10.335,2,0.977,1.136,0,0,0,1.252,1,0,0,0,2.327,0.012,0,11.089,1.037,1,0,0,0,3.497,2.175,0,7.914,0,0
s: 15
t: 0.001
c: 18
mem: 0.0

i: 4.303,3.0468,1,0,0,0,0,23.1,2,2,0,0.0,2.9130000000000003,1.459,8.815,1,1.0390000000000001,1.156,0,0,0,1.09,0,0,1,0,1.932,-0.244,0,0.0,1.745,0,0,0,2,3.5789999999999997,3.407,0,7.899,0,1
s: 10
t: 0.001
c: 12
mem: 0.0

i: 4.56,4.4123,0,0,0,0,0,33.3,4,4,0,-0.945,3.9789999999999996,3.022,10.432,10,0.987,1.139,0,0,0,1.183,0,0,0,0,2.156,0.0,0,23.320999999999998,6.935,0,0,0,0,3.542,2.25,0,8.631,0,0
s: 17
t: 0.001
c: 22
mem: 0.0

i: 5.105,2.1775,0,0,0,0,0,35.6,0,7,0,-3.7560000000000002,4.024,1.0090000000000001,10.889000000000001,18,1.022,1.1340000000000001,0,0,0,1.153,2,0,0,0,2.381,0.0,0,46.833,4.315,4,0,0,2,3.6439999999999997,2.935,0,8.901,0,0
s: 14
t: 0.003
c: 18
mem: 0.0

i: 4.596,3.1791,0,0,2,0,2,37.5,0,0,4,0.0,2.997,0.875,9.54,0,0.991,1.14,0,0,0,1.254,1,0,0,0,2.175,0.045,0,0.0,1.069,0,2,4,4,3.638,2.417,2,7.968999999999999,0,0
s: 21
t: 0.002
c: 23
mem: 16.0

i: 3.986,2.958,0,0,0,0,0,32.1,2,1,0,0.0,4.008,3.792,10.039,1,0.965,1.141,0,0,0,1.198,0,0,0,0,1.9869999999999999,0.0,0,0.0,10.955,0,0,0,1,3.01,1.685,0,8.228,0,0
s: 17
t: 0.001
c: 19
mem: 0.0

i: 4.596,3.2495,1,0,0,0,2,46.2,0,1,0,0.0,3.214,0.875,9.54,2,1.023,1.1079999999999999,0,0,0,1.3,1,0,1,0,2.175,0.046,0,0.0,1.069,0,2,0,1,3.8789999999999996,2.681,0,8.472999999999999,0,1
s: 7
t: 0.001
c: 10
mem: 0.0

i: 4.675,2.4203,0,0,0,0,2,52.2,0,1,0,0.0,3.495,0.0,9.971,4,0.9890000000000001,1.099,0,0,0,1.306,2,0,0,0,2.2359999999999998,0.001,0,0.0,2.8289999999999997,0,2,0,0,3.6639999999999997,2.064,0,8.488,0,0
s: 10
t: 0.001
c: 13
mem: 0.0

i: 4.875,2.7569999999999997,0,0,0,0,0,35.3,1,3,0,-0.444,3.12,1.2329999999999999,9.856,6,1.03,1.135,0,0,0,1.19,1,0,0,0,2.2880000000000003,-0.026000000000000002,0,21.128,1.585,1,0,0,0,3.588,3.0189999999999997,0,8.043,0,0
s: 17
t: 0.002
c: 19
mem: 0.0

i: 4.0,2.4305,1,0,0,0,0,27.3,2,0,0,0.0,3.4939999999999998,0.8109999999999999,8.318,0,0.9790000000000001,1.137,0,0,0,1.386,0,1,0,0,1.732,-0.48,0,0.0,1.0,0,0,0,0,6.874,2.021,0,11.569,0,1
s: 8
t: 0.002
c: 9
mem: 0.0

i: 4.782,2.9304,0,0,0,0,2,43.5,2,1,0,0.0,3.2939999999999996,1.273,9.947000000000001,2,0.9840000000000001,1.117,0,0,0,1.28,1,0,0,0,2.251,-0.006999999999999999,0,10.288,1.9509999999999998,0,0,0,0,3.6710000000000003,2.333,0,8.238,0,0
s: 10
t: 0.001
c: 14
mem: 0.0

i: 4.835,2.2543,0,0,3,0,3,53.8,0,0,4,0.0,3.6660000000000004,0.0,10.423,0,0.982,1.099,0,0,0,1.354,4,0,0,1,2.417,0.0,0,0.0,2.345,0,0,4,1,3.9419999999999997,1.944,1,8.839,0,0
s: 10
t: 0.001
c: 15
mem: 0.0

i: 5.492999999999999,2.3368,0,0,0,1,0,38.5,2,0,0,1.531,3.145,0.853,10.592,0,0.9640000000000001,1.128,0,0,0,1.288,3,0,0,0,2.53,-0.006,0,0.0,0.818,2,0,0,0,3.662,1.7080000000000002,0,8.011000000000001,0,0
s: 11
t: 0.001
c: 14
mem: 0.0

i: 5.28,2.0284,1,0,3,0,4,54.5,0,3,5,-0.647,4.44,0.636,11.127,10,1.022,1.092,0,0,0,1.327,6,1,0,0,2.551,0.0,1,25.24,2.585,1,2,4,1,6.881,2.525,1,11.664000000000001,0,1
s: 15
t: 0.001
c: 18
mem: 0.0

i: 5.247999999999999,4.2601,3,0,0,0,0,20.8,0,3,0,-0.08,3.68,1.8880000000000001,10.249,5,1.021,1.133,0,0,0,1.287,0,0,0,0,2.229,-0.008,0,10.819,3.06,0,0,1,1,4.819,2.6639999999999997,1,9.618,0,0
s: 8
t: 0.001
c: 12
mem: 0.0

i: 4.923,2.7189,1,0,2,0,2,46.7,0,1,2,0.013999999999999999,3.395,0.664,10.037,2,1.018,1.097,0,0,0,1.327,3,0,0,0,2.376,-0.008,0,10.934000000000001,1.057,0,1,2,1,4.0089999999999995,2.4330000000000003,1,8.695,0,0
s: 7
t: 0.001
c: 10
mem: 0.0

i: 5.437,2.5380000000000003,5,0,0,1,4,50.0,1,0,0,0.0,4.239,0.9540000000000001,10.89,0,1.0290000000000001,1.094,0,0,1,1.375,2,0,1,0,2.424,0.0,0,0.0,2.444,0,2,0,0,4.252,2.411,0,9.708,0,5
s: 10
t: 0.001
c: 14
mem: 0.0

i: 4.562,4.1592,1,0,0,0,0,10.0,0,2,0,-0.713,2.978,0.9179999999999999,9.184,0,1.082,1.175,0,0,0,1.1520000000000001,0,0,0,0,2.0,-0.27399999999999997,0,9.461,1.521,0,0,0,4,4.3069999999999995,4.148,2,8.83,0,0
s: 10
t: 0.001
c: 12
mem: 0.0

i: 4.783,3.1257,0,0,1,0,2,40.0,1,0,3,0.0,3.08,1.187,9.668,0,0.976,1.129,0,0,0,1.273,1,0,0,0,2.222,-0.024,0,0.0,1.358,0,1,2,1,3.65,1.9809999999999999,1,8.005,0,0
s: 9
t: 0.001
c: 13
mem: 0.0

i: 5.459,3.1356,1,0,2,0,4,41.7,0,3,2,0.0,3.784,1.0290000000000001,10.764000000000001,6,1.0290000000000001,1.113,0,0,0,1.28,3,0,0,0,2.4619999999999997,0.0,0,22.285999999999998,1.5830000000000002,0,2,2,3,4.748,2.906,1,9.674,0,0
s: 10
t: 0.002
c: 14
mem: 0.0

i: 4.691,4.0085,0,0,0,0,0,33.3,0,4,0,-2.748,3.1460000000000004,1.436,9.666,6,1.064,1.139,0,0,0,1.141,0,0,0,0,2.117,0.053,0,19.662,2.428,0,0,0,2,3.5639999999999996,3.944,0,8.128,0,0
s: 16
t: 0.001
c: 22
mem: 16.0

i: 4.655,4.0026,0,0,0,0,0,31.8,2,3,0,-0.11,3.176,1.761,9.722999999999999,6,1.013,1.1420000000000001,0,0,0,1.161,0,0,0,0,2.1069999999999998,-0.027000000000000003,0,10.614,2.989,0,0,0,1,3.531,2.967,0,8.001,0,0
s: 16
t: 0.001
c: 19
mem: 0.0

i: 4.91,2.8789,0,0,0,0,3,52.6,0,1,0,0.0,3.3569999999999998,0.629,10.06,2,0.993,1.0979999999999999,0,0,0,1.319,3,0,0,0,2.333,0.004,0,0.0,1.207,0,1,0,1,3.86,2.273,0,8.487,0,0
s: 7
t: 0.001
c: 10
mem: 0.0

i: 5.119,3.7467,4,0,0,0,5,46.2,0,1,0,0.0,3.825,0.8320000000000001,10.265,2,1.0979999999999999,1.095,0,0,0,1.344,1,0,1,0,2.365,-0.008,0,0.0,0.9520000000000001,0,5,0,1,4.216,2.98,0,9.376,0,4
s: 14
t: 0.001
c: 16
mem: 0.0

i: 5.0680000000000005,3.8515,0,0,3,0,3,36.8,1,4,4,0.0,3.576,1.23,10.309000000000001,8,1.067,1.14,0,2,0,1.216,1,0,0,0,2.351,-0.002,0,41.43600000000001,1.581,0,2,4,0,3.9619999999999997,3.4619999999999997,2,8.914,0,0
s: 15
t: 0.001
c: 21
mem: 0.0

i: 4.958,3.5995,2,0,1,0,3,42.9,0,2,2,0.0,3.647,1.16,10.099,4,1.084,1.117,0,1,0,1.2990000000000002,1,0,1,0,2.303,-0.008,0,20.422,1.6019999999999999,0,3,2,0,4.0569999999999995,3.202,1,9.118,0,2
s: 8
t: 0.001
c: 10
mem: 16.0

i: 4.481,2.7716,0,0,0,0,0,33.3,0,2,0,-0.065,2.5660000000000003,0.929,9.052999999999999,1,1.047,1.139,0,0,0,1.127,1,0,0,0,2.136,-0.239,0,9.677,0.9640000000000001,0,0,0,0,3.4539999999999997,3.033,0,7.487,0,0
s: 16
t: 0.001
c: 19
mem: 0.0

i: 4.303,2.9558,0,0,0,0,0,25.0,2,2,0,0.0,2.608,1.459,8.815,2,1.005,1.156,0,0,0,1.056,0,0,0,0,1.932,-0.22899999999999998,0,0.0,1.745,0,0,0,2,3.083,3.056,0,6.914,0,0
s: 15
t: 0.002
c: 17
mem: 0.0

i: 4.414,3.7375,0,0,0,0,0,35.3,3,1,0,1.188,2.812,1.379,9.222000000000001,1,0.985,1.1340000000000001,0,0,0,1.258,0,0,0,0,2.0,0.135,0,10.177999999999999,2.133,0,0,0,0,3.467,2.6189999999999998,0,7.7139999999999995,0,0
s: 19
t: 0.003
c: 21
mem: 0.0

i: 4.17,3.3271,1,1,0,0,0,10.0,0,0,0,0.11599999999999999,2.767,0.971,8.597000000000001,0,1.0270000000000001,1.183,1,0,0,1.193,0,0,0,0,1.848,0.419,0,0.0,1.5419999999999998,0,0,1,5,3.8489999999999998,3.167,3,8.14,0,0
s: 9
t: 0.001
c: 12
mem: 0.0

i: 4.0,3.0780000000000003,0,0,0,0,0,22.2,1,1,0,-0.33299999999999996,2.306,0.8109999999999999,8.318,0,1.022,1.171,0,0,0,1.113,0,0,0,0,1.732,-0.65,0,9.222000000000001,1.0,0,0,1,2,3.281,3.667,1,7.135,0,0
s: 14
t: 0.001
c: 17
mem: 0.0

i: 4.562,2.931,0,1,0,0,0,33.3,0,2,2,-0.603,3.052,0.875,9.54,2,1.062,1.153,1,0,0,1.166,1,0,0,0,2.17,0.05,0,20.392,1.14,0,0,4,2,3.5869999999999997,3.292,2,8.026,0,0
s: 15
t: 0.001
c: 20
mem: 0.0

i: 5.516,2.7057,1,0,2,0,4,41.4,0,2,4,0.0,3.872,0.732,10.806,8,1.012,1.1179999999999999,0,0,0,1.29,2,0,0,0,2.426,0.0,0,24.454,2.676,0,4,4,4,4.738,2.681,2,9.664,0,0
s: 14
t: 0.001
c: 18
mem: 0.0

i: 3.7319999999999998,2.4062,0,0,0,0,0,27.8,2,1,0,0.0,2.555,1.585,8.16,1,0.9790000000000001,1.15,0,0,0,1.1340000000000001,0,0,0,0,1.8019999999999998,-0.205,0,0.0,2.488,0,0,0,1,2.8739999999999997,2.333,0,6.649,0,0
s: 13
t: 0.002
c: 19
mem: 0.0

i: 3.7319999999999998,2.6724,0,0,0,0,0,20.0,1,2,0,0.0,2.616,1.585,8.16,1,1.0190000000000001,1.172,0,0,0,1.024,0,0,0,0,1.8019999999999998,-0.247,0,0.0,2.488,0,0,1,3,2.938,3.167,1,6.7989999999999995,0,0
s: 13
t: 0.002
c: 17
mem: 0.0

i: 5.777,2.3194,0,0,0,2,0,33.3,3,2,0,0.0,3.323,1.126,10.946,6,0.987,1.139,0,0,0,1.182,3,0,0,0,2.6069999999999998,-0.002,0,0.0,1.274,3,0,0,1,3.675,2.097,0,8.164,0,0
s: 14
t: 0.003
c: 15
mem: 0.0

i: 5.489,2.1976,0,0,0,2,4,35.0,7,3,0,-0.11699999999999999,4.423,3.682,11.345,8,0.9740000000000001,1.135,0,0,0,1.225,1,0,0,0,2.4659999999999997,0.0,0,12.335999999999999,11.779000000000002,0,1,0,1,3.8539999999999996,1.943,0,9.163,0,0
s: 13
t: 0.002
c: 14
mem: 0.0

i: 3.0,1.8205,0,0,0,0,0,22.2,2,1,0,0.0,1.926,0.9179999999999999,6.593999999999999,0,0.998,1.162,0,0,0,1.06,0,0,0,0,1.4140000000000001,0.826,0,0.0,1.3330000000000002,0,0,0,1,2.6510000000000002,3.167,0,5.86,0,0
s: 15
t: 0.003
c: 16
mem: 0.0

i: 4.792,1.7397,6,0,0,0,0,30.0,0,0,2,2.068,4.217,0.5479999999999999,10.477,0,0.99,1.1059999999999999,0,0,0,1.364,2,0,0,0,2.242,0.0,0,0.0,5.632999999999999,0,0,4,0,4.476,1.85,2,9.806000000000001,0,0
s: 16
t: 0.002
c: 19
mem: 0.0

i: 4.562,3.0804,0,0,1,0,2,41.2,1,0,2,0.0,2.984,0.875,9.54,0,0.9790000000000001,1.127,0,0,0,1.2819999999999998,1,0,0,0,2.17,0.043,0,0.0,1.14,0,1,2,2,3.627,2.167,1,7.954,0,0
s: 9
t: 0.001
c: 13
mem: 0.0

i: 5.119,2.5804,0,0,0,0,4,54.5,0,0,0,0.0,3.4339999999999997,0.0,10.355,0,0.9740000000000001,1.094,0,0,0,1.369,7,0,0,0,2.471,0.001,0,0.0,0.7509999999999999,0,0,0,0,3.9410000000000003,1.806,0,8.592,0,0
s: 10
t: 0.001
c: 12
mem: 0.0

i: 4.77,3.0583,0,0,0,0,2,45.0,1,1,0,1.014,3.217,1.185,9.882,2,0.987,1.114,0,0,0,1.288,1,0,0,0,2.2359999999999998,0.013999999999999999,0,0.0,1.74,0,1,0,1,3.69,2.4,0,8.228,0,0
s: 10
t: 0.001
c: 13
mem: 0.0

i: 4.935,3.5136,3,0,0,0,4,46.2,0,1,0,0.0,4.069,0.861,10.06,2,1.0659999999999998,1.091,0,0,0,1.379,1,1,1,0,2.303,0.013999999999999999,1,0.0,1.047,0,4,0,1,6.88,2.764,0,11.635,0,3
s: 8
t: 0.001
c: 10
mem: 0.0

i: 5.004,3.5241,3,1,3,0,4,37.5,0,0,4,0.0,3.71,1.16,10.116,0,1.052,1.13,1,0,0,1.319,1,0,1,0,2.327,-0.008,0,0.0,1.268,0,4,3,3,4.102,2.682,2,9.166,0,3
s: 13
t: 0.001
c: 21
mem: 0.0

i: 4.651,2.7156,0,0,0,0,0,31.3,0,1,0,0.292,2.826,0.917,9.502,3,0.998,1.148,0,0,0,1.19,1,0,0,0,2.214,-0.07400000000000001,0,10.5,0.9179999999999999,0,0,2,0,3.4819999999999998,2.452,1,7.624,0,0
s: 20
t: 0.003
c: 21
mem: 0.0

i: 4.645,0.8039,0,0,0,0,0,34.1,3,12,0,-0.966,5.043,1.182,11.662,23,0.9890000000000001,1.137,0,0,0,1.173,6,0,0,0,2.475,0.0,0,38.399,11.072000000000001,0,0,0,0,3.58,1.9980000000000002,0,9.841000000000001,0,0
s: 16
t: 0.003
c: 19
mem: 0.0

i: 4.803999999999999,1.7705,0,0,6,0,2,50.0,0,4,6,-0.22399999999999998,4.203,0.465,10.828,12,1.02,1.1079999999999999,0,0,0,1.2690000000000001,3,0,0,0,2.283,0.0,0,23.61,6.12,0,0,6,0,3.741,2.5,2,9.265,0,0
s: 10
t: 0.002
c: 15
mem: 0.0

i: 5.236000000000001,3.9253,5,0,0,0,6,46.2,0,1,0,0.0,3.967,0.799,10.434000000000001,2,1.123,1.09,0,0,0,1.3519999999999999,1,0,1,0,2.414,0.004,0,0.0,0.873,0,6,0,1,4.295,3.0460000000000003,0,9.557,0,5
s: 9
t: 0.001
c: 13
mem: 0.0

i: 4.525,3.8301,0,0,0,0,0,31.6,3,2,0,-0.039,3.418,2.468,9.786,5,0.98,1.1420000000000001,0,0,0,1.179,0,0,0,0,2.119,-0.002,0,11.115,3.889,0,0,0,0,3.3789999999999996,2.1430000000000002,0,7.95,0,0
s: 17
t: 0.001
c: 19
mem: 0.0

i: 5.318,3.1083,0,0,0,1,2,40.0,3,1,0,0.0,3.272,1.16,10.388,2,0.981,1.125,0,0,0,1.263,1,0,0,0,2.318,-0.006999999999999999,0,0.0,1.7819999999999998,0,1,0,1,3.702,2.235,0,8.244,0,0
s: 14
t: 0.001
c: 16
mem: 0.0

i: 4.861000000000001,2.4143,0,0,0,0,2,45.5,0,0,0,0.0,3.1860000000000004,0.0,9.863,0,0.968,1.113,0,0,0,1.3,3,0,0,0,2.303,-0.006999999999999999,0,0.0,1.047,0,0,0,0,3.657,1.733,0,8.068999999999999,0,0
s: 10
t: 0.001
c: 13
mem: 0.0

i: 4.825,2.4725,0,0,0,0,0,33.3,0,2,0,0.0,3.15,1.185,9.902000000000001,4,0.993,1.139,0,0,0,1.177,1,0,0,0,2.263,0.013000000000000001,0,0.0,1.476,1,0,0,2,3.367,2.55,0,7.747000000000001,0,0
s: 19
t: 0.002
c: 21
mem: 0.0

i: 5.332999999999999,4.7127,0,0,0,2,0,27.9,6,5,0,0.0,3.6310000000000002,2.0269999999999997,10.770999999999999,18,1.003,1.15,0,0,0,1.107,0,0,0,0,2.303,0.0,0,0.0,3.918,0,0,0,4,3.386,2.7060000000000004,0,8.142999999999999,0,0
s: 15
t: 0.002
c: 17
mem: 0.0

i: 3.4139999999999997,2.6294,0,0,0,0,0,37.5,1,1,0,0.0,2.333,1.0,7.4079999999999995,1,1.012,1.13,0,0,0,1.215,0,0,0,0,1.618,-0.66,0,0.0,1.7069999999999999,0,0,0,1,3.188,3.5,0,7.035,0,0
s: 16
t: 0.003
c: 17
mem: 0.0

i: 5.0,2.595,0,1,6,0,2,48.0,0,1,8,0.0,3.647,0.7809999999999999,10.242,2,1.003,1.115,0,0,0,1.29,2,0,0,0,2.327,0.0,0,10.782,2.451,0,2,6,0,3.728,2.356,2,8.668,0,0
s: 16
t: 0.003
c: 19
mem: 0.0

i: 5.313,3.4071,1,0,3,0,2,31.6,0,2,4,0.0,3.492,1.16,10.388,4,1.031,1.136,0,0,0,1.244,1,0,0,0,2.311,-0.008,0,21.362,1.8330000000000002,0,2,3,4,4.725,3.114,2,9.499,0,0
s: 8
t: 0.002
c: 9
mem: 0.0

i: 5.35,2.0188,4,0,0,0,12,53.3,0,7,0,-5.135,4.7,0.899,11.524000000000001,18,1.062,1.092,0,0,0,1.297,6,0,1,0,2.522,0.0,0,49.638999999999996,5.027,0,4,0,2,4.18,2.932,0,10.094,2,4
s: 11
t: 0.002
c: 14
mem: 0.0

i: 3.4139999999999997,2.2525,0,0,0,0,0,20.0,2,2,0,0.0,2.2430000000000003,1.0,7.4079999999999995,0,1.031,1.166,0,0,0,0.98,0,0,0,0,1.618,-0.642,0,0.0,1.7069999999999999,0,0,0,2,2.8169999999999997,3.75,0,6.32,0,0
s: 15
t: 0.002
c: 19
mem: 0.0

i: 5.0889999999999995,1.8308,0,0,0,0,2,40.0,0,4,0,-0.809,4.0489999999999995,0.49,10.802999999999999,14,0.996,1.125,0,0,0,1.213,3,0,0,0,2.373,0.0,0,25.000999999999998,4.39,0,0,0,0,3.8,2.222,0,8.91,2,0
s: 16
t: 0.001
c: 19
mem: 0.0

i: 4.412,3.4019999999999997,0,0,0,0,0,32.8,2,4,0,-0.327,4.486000000000001,4.297,10.675,6,0.9740000000000001,1.14,0,0,0,1.193,0,0,0,0,2.086,0.0,0,23.775,15.507,0,0,0,0,3.405,1.889,0,8.926,0,0
s: 16
t: 0.001
c: 20
mem: 0.0

i: 5.075,2.4622,0,0,0,0,4,48.3,0,3,0,-0.203,3.7680000000000002,0.922,10.517999999999999,9,1.01,1.1079999999999999,0,0,0,1.263,2,0,0,0,2.369,0.0,0,12.065999999999999,2.847,0,2,0,1,3.827,2.52,0,8.828,0,0
s: 10
t: 0.001
c: 14
mem: 0.0

max time: 0.00
min time: 0.00
avg time: 0.00

avg calls: 16.11
