avg vars: 867.00
avg cos: 1747.00
avg cps : 1363.00
i: -0.7369,0.0202,-2.0955,2.3047,-0.043,0.5198,1.0163,-1.3777,-1.7923,-2.6323,-0.3107,1.9094,-0.7287,-0.2864,-0.2179,0.1735,-1.881,0.9371,0.6456,-0.1887
s: 9
t: 0.001
c: 12
mem: 16.0

i: -1.0414,-0.3033,-0.3761,0.1483,1.1994,0.04,0.077,-2.8141,-0.2288,-2.1853,-0.536,-0.5365,-1.1721,-0.8971,-1.7693,-0.9034,-0.9684,0.7111,-1.5042,-1.5611
s: 9
t: 0.000
c: 10
mem: 0.0

i: 0.5776,0.2284,-0.4686,-0.04,-0.2545,-1.3776,0.8498,-0.9145,-0.6456,-0.6384,-1.8037,0.4651,-0.8144,-0.2019,0.1153,0.0085,1.426,0.614,0.5061,-0.3871
s: 9
t: 0.001
c: 10
mem: 0.0

i: -0.4268,-1.0519,-0.1375,0.981,0.2565,-0.3638,-0.5733,-1.3327,-1.539,-0.6185,0.1984,-0.0114,-0.0233,-1.1313,-1.7979,-0.1397,-2.6148,-1.2855,-0.8193,-1.2554
s: 7
t: 0.000
c: 10
mem: 0.0

i: 0.4959,0.1851,1.7137,0.8216,0.9604,-0.2108,-0.1513,0.3261,-0.1472,0.2256,2.3232,3.9785,0.4003,-1.017,0.7435,1.5975,-2.0081,-0.2746,1.4453,0.8122
s: 8
t: 0.000
c: 13
mem: 0.0

i: -0.9881,0.1865,-1.2325,-2.0397,-1.357,-0.4986,1.0906,0.9208,-1.2138,-0.001,-1.8621,-0.5302,-1.3858,0.2253,-2.449,1.2574,-0.192,-0.8635,0.0376,-0.3883
s: 7
t: 0.000
c: 10
mem: 0.0

i: -0.5357,-0.7873,-1.0169,-0.172,-1.2529,0.9934,-0.5218,-0.4285,-1.0244,-0.4719,0.1555,0.3868,0.2986,0.5733,0.2505,1.0239,-0.32299999999999995,0.6769,-2.0241,-1.9734
s: 9
t: 0.001
c: 10
mem: 0.0

i: 0.8343,1.4352,0.0872,-0.3619,-1.0987,1.0651,1.5421,2.2894,0.3133,0.8731,0.3679,0.0315,-1.524,-0.037000000000000005,1.9173,-0.1617,1.4046,0.3996,0.5715,0.7611
s: 10
t: 0.001
c: 11
mem: 0.0

i: 0.4542,-0.8451,-0.3094,0.149,-1.0911,-1.7557,1.0651,1.263,-0.2029,-0.0195,0.2166,-1.5008,-1.9589,-0.5932,-0.5702,-0.3481,-1.1364,0.3362,-0.9813,-2.0456
s: 12
t: 0.001
c: 13
mem: 0.0

i: 0.1836,-1.6489,0.116,1.1347,-0.6402,-0.7471,0.7196,1.4683,1.1349,-0.187,-0.087,0.2523,-0.5881,0.9999,-0.5632,0.9919,2.2057,-0.6051,0.5713,-0.0734
s: 7
t: 0.000
c: 10
mem: 0.0

i: 0.2668,-0.4272,-0.2348,-1.2431,-0.5384,0.0767,2.9443,1.0588,0.2329,1.4275,1.8354,-0.4147,0.5509,0.3568,2.1588,0.4301,0.4112,0.0441,0.4581,0.4246
s: 9
t: 0.001
c: 12
mem: 0.0

i: -0.5619,-0.3473,-0.9888,-2.1355,-2.7397,-0.4271,0.1245,-0.7074,-0.6877,-0.9861,0.2323,-0.5755,0.4789,-2.2604,-1.2063,-1.4089,-0.1376,-0.0948,0.5369,0.9327
s: 9
t: 0.001
c: 12
mem: 0.0

i: 0.5002,-1.3595,-0.9764,-0.1914,-1.7196,-1.3230000000000002,0.4746,1.1388,-0.6347,0.7121,-0.7114,0.7211,-1.2342,-0.9426,-0.7015,-1.0097,-1.288,-1.7675,-0.1681,-0.3303
s: 7
t: 0.000
c: 9
mem: 0.0

i: 0.1472,0.4044,0.2848,0.7742,0.7266,0.9614,-0.1435,0.6074,0.8064,-1.0462,-1.3866,-0.305,0.2754,0.7008,-0.4838,0.5760000000000001,-1.9059,0.019,-0.4087,0.0035
s: 10
t: 0.001
c: 11
mem: 0.0

i: 1.7653,3.6242,1.3137,0.8353,0.743,0.3292,0.7199,1.3384,-1.4599,-0.3923,-1.9033,1.6057,0.5704,-0.7186,2.6243,0.5348,0.7558,-0.2713,2.5798,-2.0708
s: 8
t: 0.000
c: 11
mem: 0.0

i: -0.4996,2.0203,-0.1352,1.934,0.9372,0.2645,0.5937,0.6065,1.336,0.9233,0.3309,-0.0723,0.3765,1.9323,0.517,1.5949,-0.8495,1.6387,1.3554,0.765
s: 7
t: 0.000
c: 8
mem: 0.0

i: -0.1139,-0.3204,-0.3581,-2.0165,-0.055,1.0434,-0.0919,0.8502,0.4279,1.2783,0.13,1.9296,-1.7339,-0.4631,-1.307,1.0652,0.2212,0.7763,0.6764,0.9298
s: 8
t: 0.000
c: 11
mem: 0.0

i: 1.2614,1.364,-0.8626,-0.3371,-2.0746,-0.9637,0.2915,0.3317,0.2782,-0.4687,-0.633,-0.6523,-0.0146,-0.2676,-1.1198,1.8656,1.9055,-0.235,1.8693,2.9464
s: 9
t: 0.001
c: 11
mem: 0.0

i: -1.1172,0.5344,-0.6785,-0.9921,-0.2251,1.249,-0.7721,1.5149,-2.0283,-0.1892,-0.3718,-0.6106,-1.9772,0.5681,-0.2666,-1.4511,-0.0625,-0.5859,-0.9058,0.5966
s: 7
t: 0.000
c: 8
mem: 0.0

i: -0.8234,-1.8757,-1.2157,-0.6295,-0.4136,-0.8187,-0.6366,-0.5962,-0.7324,0.8944,-0.0691,-1.7968,-0.5606,0.6559999999999999,-0.8859,-1.3738,-0.0642,1.0946,-0.1763,-0.3968
s: 9
t: 0.001
c: 12
mem: 0.0

i: 0.9515,0.8361,0.8023,1.0991,2.1046,0.8064,0.9442,0.5058,0.329,-1.0047,1.9735,1.5558,-0.0316,0.7904,1.0744,0.1973,-0.0334,0.4658,1.5342,0.7273
s: 8
t: 0.000
c: 10
mem: 0.0

i: -1.3484,-0.0214,-0.3382,-0.6572,0.677,2.1666,0.0343,0.6585,0.8555,0.5861,3.0115,-0.2285,2.4554,1.8014,1.1353,-0.9237,0.0569,-1.9733,0.74,1.1682
s: 9
t: 0.000
c: 11
mem: 0.0

i: -1.2526,0.2272,0.4953,-0.7843,0.1435,1.5351,0.4834,0.0222,-0.0963,1.968,1.0138,-0.0221,0.9385,1.2659,0.028,1.8662,-1.1904,0.0847,-0.0032,-0.4642
s: 12
t: 0.001
c: 14
mem: 0.0

i: 3.1628,-0.1464,0.0245,0.6141,0.6183,-0.0694,-1.5864,-0.1498,1.9357,0.4235,0.1285,-2.5851,-0.0704,0.1772,0.8926,-1.1327,-0.3757,0.6578,2.1793,1.589
s: 9
t: 0.001
c: 11
mem: 0.0

i: -0.1449,2.2152,2.238,-0.6094,-0.5304,0.6197,0.3670000000000001,1.9559,-1.4088,3.3956,2.3867,0.3677,0.6616,0.4815,0.7842,-1.2911,-0.197,-0.1062,1.1414,0.8044
s: 7
t: 0.000
c: 10
mem: 0.0

i: -0.8474,-1.1348,-0.135,0.9903,-1.2086,-0.7072,-1.8544,1.7671,-0.9387,0.3597,-0.9466,-1.2867,-0.6366,-0.631,-1.6096,-0.9495,0.6761,-0.4133,-1.6038,-1.4081
s: 6
t: 0.000
c: 9
mem: 0.0

i: 0.3546,-0.3473,-0.1014,1.7706,1.4964,0.8529,2.3975,-0.1641,0.7032,0.3788,2.4381,1.0208,0.6702,0.2707,-0.5592,0.4494,3.2585,-0.7172,-0.7941,0.6607
s: 8
t: 0.000
c: 11
mem: 0.0

i: 2.085,-1.7273,-0.2604,-0.8777,-0.1952,-0.3711,-0.1177,1.0119,0.8884,0.0066,0.9364,1.3479,0.1592,1.3097,0.1783,2.7706,-0.872,0.2875,0.6477,-0.6304
s: 8
t: 0.000
c: 12
mem: 0.0

i: -0.3752,-1.7864,0.2442,-0.7796,-0.0301,-1.8413,-0.0981,1.2753,-0.3046,-1.1989,-1.5662,0.6318,-0.4488,-1.8653,-1.7631,-0.465,0.637,0.5883,-0.6282,-1.5969
s: 5
t: 0.000
c: 9
mem: 0.0

i: 2.133,0.1317,2.7195,1.3513,-1.1509,-0.0927,1.5066,1.2786,0.8929,0.3712,0.1071,1.6365,1.4495,-0.2377,0.8249,-1.3438,0.3364,0.8644,0.0361,-0.207
s: 8
t: 0.000
c: 10
mem: 0.0

i: -1.1935,1.3108,-1.7356,-0.8807,0.4297,1.669,-0.6327,-1.4173,2.3353,1.3333,-2.2315,1.3711,0.611,-0.0808,-0.787,-0.5759,-0.8161,0.0426,-0.8098,-0.041
s: 9
t: 0.001
c: 12
mem: 0.0

i: 0.1261,0.1612,-1.5858,-0.664,-0.0793,-1.2436,-0.1092,0.773,-0.1682,2.8024,-0.5534,0.7606,0.4282,2.0225,2.9123,2.0633,0.5313,0.5949,1.3819,-0.4313
s: 9
t: 0.001
c: 11
mem: 0.0

i: 1.4838,1.2463,-0.4477,-0.1783,0.9111,-0.8846,1.9544,0.1041,-0.6763,-0.9929,-2.0884,0.1561,-0.0203,0.0757,-0.8863,-2.2338,1.5973,0.9023,0.0849,-1.9904
s: 7
t: 0.000
c: 10
mem: 0.0

i: -0.3521,-0.242,-0.1559,0.2159,-1.8271,-0.7909,-0.6423,-0.4214,-0.9904,-0.9038,-0.6857,-0.0945,-0.9405,-1.5657,-1.1656,1.8568,-1.34,-1.6411,-1.49,-1.1238
s: 7
t: 0.000
c: 10
mem: 0.0

i: -1.5415,-0.6826,-1.8776,-1.1733,1.47,0.0244,-1.3969999999999998,-0.4002,-0.142,-0.3919,-0.228,-1.2564,-0.8791,1.4823,-2.1914,-0.2367,-0.1331,-0.5547,-1.1055,-2.1226
s: 6
t: 0.000
c: 8
mem: 0.0

i: 0.5386,-0.5173,1.9804,-1.2811,0.9877,-0.149,1.0647,0.6328,0.8359,0.2023,0.6509999999999999,-0.5379999999999999,0.6151,0.6809,-0.8363,0.3223,1.4882,-0.7464,0.8502,0.7098
s: 10
t: 0.001
c: 12
mem: 0.0

i: 1.5469,0.2065,1.6418,-1.1454,-0.1992,0.5233,0.1226,-0.4729,0.7185,-0.1216,-0.0181,0.9745,0.5820000000000001,-0.5286,2.2634,0.5088,-1.0815,0.342,2.4021,2.301
s: 9
t: 0.001
c: 12
mem: 0.0

i: -1.0526,-0.013,-1.0847,1.5315,-0.0937,1.1109,0.586,-0.5466,-0.2585,0.3397,-0.0415,0.3459,-0.2608,-0.6833,-0.6641,0.8633,-0.1447,-0.2665,-0.0209,-0.8759
s: 11
t: 0.001
c: 12
mem: 0.0

i: -1.7361,0.9571,-0.0232,1.0504,0.07400000000000001,-0.3,-1.4151,-0.89,-0.1579,-0.0666,1.0873,-0.4947,-0.6635,-0.2891,-1.1193,0.8768,0.7499,-0.9059,-2.2681,0.264
s: 8
t: 0.000
c: 10
mem: 0.0

i: -1.1229,-0.1001,0.3541,0.0754,-0.7774,-0.5784,-1.1418,0.433,0.9528,0.7164,0.4307,1.0645,0.6952,1.3746,-0.7302,0.2392,1.9776,0.4323,1.1265,1.1086
s: 9
t: 0.001
c: 11
mem: 0.0

i: 0.5571,-0.1137,1.3529,1.8624,-1.5457,0.7121,0.5622,-0.5646,-0.8241,-0.6724,0.5752,0.5641,2.3343,1.3003,-0.4772,1.0263,-1.0201,0.0793,0.0235,-0.4414
s: 9
t: 0.001
c: 12
mem: 0.0

i: 0.7916,1.616,-0.4696,-2.9133,0.4471,-0.728,-1.6662,-1.8547,-2.191,-0.1933,-1.1175,-1.369,-0.8833,-0.9058,-0.7465,0.4902,1.0008,-0.1442,0.0324,-0.7917
s: 8
t: 0.000
c: 10
mem: 0.0

i: 1.6636,-0.6047,-0.3785,0.5022,0.9482,-0.1875,1.4409999999999998,0.7156,1.9895,0.4724,0.4071,1.0058,1.5791,-0.3952,2.294,-0.4648,0.8496,0.394,0.617,2.1099
s: 9
t: 0.001
c: 10
mem: 0.0

i: 1.327,2.1662,-0.7659,0.0059,-0.0168,-0.4041,-0.258,0.3209,-0.5565,1.9499,1.1785,1.0271,0.1231,0.8927,-0.3889,1.0582,2.4786,-0.723,-1.0672,-0.5415
s: 7
t: 0.000
c: 10
mem: 0.0

i: -1.3205,-1.8993,-0.4157,0.0864,0.2669,-0.4481,-0.3391,0.2641,0.6843,-1.5408,0.4696,0.5896,-0.4365,-1.9262,-2.7719,1.1238,1.1482,0.5053,-1.2836,0.867
s: 5
t: 0.000
c: 8
mem: 0.0

i: 0.3745,1.0344,-1.5057,0.9022,0.4936,1.5396,0.306,1.3371,1.6996,1.5239,1.6376,-0.3238,0.2677,0.7116,1.1064,0.8672,-0.0005,0.7111,-1.0044,-0.1589
s: 10
t: 0.001
c: 11
mem: 0.0

i: -1.3872,1.1569,0.6227,-0.066,-2.0121,-1.0908,-0.0748,-0.9295,-1.5506,-0.2582,-2.0909,-0.7395,-0.4404,-1.5797,0.9774,0.6194,1.5627,1.164,-0.5154,-1.7113
s: 6
t: 0.000
c: 7
mem: 0.0

i: 0.7076,0.8378,0.5341,-0.0167,-0.2763,1.0224,0.2935,0.8074,0.4437,0.6395,0.2967,0.9143,1.1034,1.0352,1.4945,-0.2932,0.0114,0.5024,-1.9849,0.4706
s: 11
t: 0.001
c: 12
mem: 0.0

i: 2.1704,-0.087,0.5659,0.8876,-1.0711,-0.6518,-0.1842,0.8728,0.6527,0.6508,0.4762,1.1656,0.5992,-0.4267,3.5485,0.7627,0.7863,0.1018,0.2271,-0.0424
s: 9
t: 0.000
c: 10
mem: 0.0

i: 0.1936,1.3408,0.4027,0.3493,0.9037,1.7931,0.7222,-0.5724,-1.3088,0.1587,0.5075,-0.8896,1.4221,0.3443,0.9915,0.2012,0.2879,2.0986,0.6639,1.4859
s: 7
t: 0.000
c: 10
mem: 0.0

i: -0.5998,0.0565,-1.6279,-0.408,-0.6641,0.1857,-1.1711,0.693,-0.9534,0.7092,-1.1936,0.2573,1.1678,1.8977,0.3529,-2.0982,-1.7645,-0.3759,0.7809,-0.5053
s: 9
t: 0.001
c: 11
mem: 0.0

i: -0.3921,0.3137,0.64,0.9785,0.3046,1.0971,0.3775,0.5709,1.8472,0.1512,-0.0114,0.6785,1.964,-0.3921,0.0621,1.8324,0.3353,-1.152,1.4015,-0.4843
s: 8
t: 0.000
c: 14
mem: 0.0

i: -0.4535,-1.0138,-0.616,0.7923,0.1238,-0.2445,0.3631,-0.2295,0.7354,-0.3499,-1.7021,0.607,0.7825,-1.1452,-0.2208,0.7074,0.6145,1.3894,2.1862,-0.1079
s: 10
t: 0.001
c: 13
mem: 0.0

i: 0.403,0.2859,-2.5334,-2.0585,-0.5027,0.1829,0.5429999999999999,-0.3677,-1.133,-0.0119,-0.3958,-0.2996,0.4304,0.1582,1.0801,-0.3567,-0.0011,-1.2295,0.6405,1.5024
s: 9
t: 0.001
c: 10
mem: 0.0

i: -0.2414,-0.4441,1.75,0.8187,1.8032,2.1630000000000003,2.0997,1.253,0.1238,0.6893,-0.5716,1.0737,0.0227,1.5839,-0.83,0.6722,1.5288,1.2722,1.7776,-0.6192
s: 8
t: 0.000
c: 11
mem: 0.0

i: -0.0464,2.95,0.0862,-0.8128,0.6911,0.443,0.349,1.1235,0.4939,0.6663,-0.6768,0.5735,0.0965,1.6869999999999998,0.0141,-0.1421,0.6152,0.22,-0.7376,-0.1767
s: 8
t: 0.000
c: 11
mem: 0.0

i: -1.2191,1.8377,-2.0241,-0.615,-0.8508,-0.8379,0.3831,-1.3714,-0.687,0.5219,-1.6467,-0.9614,0.3406,-0.1329,0.2648,-0.0678,-1.726,0.8584,-1.328,1.2335
s: 8
t: 0.000
c: 9
mem: 0.0

i: 1.2243,-1.519,0.1026,0.5568,1.7023,1.1124,0.8384,-0.5613,-0.8924,-0.0248,-1.0769,1.4619,1.5128,1.8075,1.0486,2.44,1.3038,0.466,-1.5201,-1.1821
s: 8
t: 0.000
c: 11
mem: 0.0

i: -0.4270000000000001,0.7061,-2.4995,0.4438,1.3723,-0.3472,-0.1341,0.2535,0.2018,0.7813,-0.1198,-1.0671,-1.2488,-0.3263,-0.0911,0.6019,0.0512,-0.536,0.39,-0.5227
s: 9
t: 0.000
c: 10
mem: 0.0

i: 1.556,0.7943,-0.2212,2.305,-0.171,0.5393,0.5332,0.8183,-0.2853,1.2578,1.2944,1.3530000000000002,1.6555,-0.4183,0.1305,0.0779,-0.1602,-0.8911,-0.3294,0.4866
s: 8
t: 0.000
c: 9
mem: 0.0

i: 0.5362,0.8248,0.7746,0.3703,1.2014,0.6722,0.6718,0.4835,0.8848,1.3495,0.2297,-0.1252,1.2564,0.1829,1.245,-0.562,0.0676,0.0619,0.8395,0.4753
s: 9
t: 0.000
c: 10
mem: 0.0

i: 0.8714,-1.19,-1.4192,1.1142,-1.3743,-1.4409,-1.5589,-0.7498,-1.246,-1.4074,0.4834,-0.7018,-0.7927,0.6920000000000001,0.0886,0.2074,-1.6677,0.3036,0.2975,-1.7592
s: 7
t: 0.000
c: 9
mem: 0.0

i: -0.0708,-0.2498,-1.5999,-1.1951,0.9169,1.7842,0.406,-0.8827,-0.7945,1.2749,-0.3751,1.7164,-0.8303,1.1434,0.9623,-0.2181,0.4712,0.8698,0.5666,0.7023
s: 8
t: 0.000
c: 11
mem: 0.0

i: -0.8241,0.8775,-2.2474,0.2271,0.207,0.2398,-0.1868,0.2019,-2.194,0.5754,0.1119,-1.5664,-1.8535,-0.8903,0.2164,-0.0484,0.5617,-0.3812,-0.7991,-0.4692
s: 8
t: 0.000
c: 12
mem: 0.0

i: -1.061,-0.096,0.1762,0.2971,0.1637,0.1678,0.1812,-0.2059,0.7869,-1.3430000000000002,-1.2061,-0.2001,-0.3885,-0.0321,-1.557,-1.3549,0.8422,0.1156,-1.7172,0.1308
s: 8
t: 0.000
c: 10
mem: 0.0

i: 0.0452,-1.0062,0.3629,-1.2402,-2.6665,0.0932,-0.0176,-1.4547,-1.1602,-0.3935,-1.8057,1.5787,0.2553,-1.4315,-0.4002,-1.3868,0.0851,-1.3159,-2.4632,-1.8416
s: 5
t: 0.000
c: 8
mem: 0.0

i: 0.1457,-0.1547,0.2694,-0.2975,2.8074,-0.563,0.7843,-0.2701,-0.8599,0.6844,-0.0714,1.0011,0.3357,-0.7753,-0.2321,1.4011,0.6565,1.7609,0.7013,1.2014
s: 7
t: 0.000
c: 12
mem: 0.0

i: 0.417,-1.321,0.1648,-1.2647,-0.1989,-0.9164,0.467,-1.2986,-0.8342,-1.1406,-0.5814,-1.4311,-1.1598,-0.8166,0.4187,-0.9573,-0.8667,-0.5404,1.1391,-0.6199
s: 8
t: 0.000
c: 10
mem: 0.0

i: -0.3831,0.2445,-1.4113,-1.171,-0.6559,-1.2828,-0.0852,-1.7563,0.7464,-1.0512,-1.0542,-1.6141,0.6920000000000001,-1.1331,-0.4597,0.2542,-2.2492,-0.6039,0.1184,-0.2029
s: 8
t: 0.000
c: 11
mem: 0.0

i: 1.7943,1.3552,1.2163,-0.0309,0.3875,0.2139,0.3723,-0.6171,1.4528,-1.6893,1.5496,1.371,0.6722,0.1614,-0.5179,1.8369,-0.9478,1.1271,0.6984,0.0561
s: 9
t: 0.001
c: 11
mem: 0.0

i: 0.8473,-0.3126,1.5247,0.7225,-0.0787,0.46,0.7515,-0.7490000000000001,-0.0808,1.3702,0.9498,0.8245,-0.1629,2.3374,0.1929,0.5764,1.9527,1.374,0.7297,1.2046
s: 8
t: 0.000
c: 9
mem: 0.0

i: -0.1137,-0.713,0.2407,-1.0629,-0.9979,-0.7789,1.4649,0.5996,1.1558,1.3235,1.1482,0.2109,-1.5108,-0.9394,-0.8945,-0.1885,-0.6713,-0.9713,1.2722,0.8906
s: 12
t: 0.001
c: 13
mem: 0.0

i: 1.0499,-0.882,-0.9134,1.3132,-0.0358,-0.9022,0.6592,-3.0042,2.1396,1.4399,0.8336,0.0682,-0.7838,-2.0592,0.9306,1.6826,0.6872,-0.4988,1.1772,0.2602
s: 9
t: 0.001
c: 10
mem: 0.0

i: 0.5773,1.5564,0.7972,3.3184,2.3027,1.0887,0.8504,0.4461,0.0306,-0.746,0.3338,-0.3525,-0.6766,-0.4211,1.1803,1.5145,1.1475,0.7449,0.0312,-0.4239
s: 7
t: 0.000
c: 9
mem: 0.0

i: -1.4365,0.502,-0.2387,-0.2735,-1.2329,-0.2054,1.0827,-1.5309,0.4351,1.1018,-2.3184,0.6757,-0.9876,0.1904,-0.9548,0.5906,-1.015,-1.2867,-0.192,0.3759
s: 7
t: 0.000
c: 9
mem: 0.0

i: -0.1163,-0.5735,-0.7302,-0.8167,-0.9405,0.7702,-0.485,1.1674,1.3155,0.1142,0.3088,1.1181,1.9792,2.1305,0.2954,2.7338,0.049,-2.1626,0.1876,1.5725
s: 9
t: 0.001
c: 11
mem: 0.0

i: -1.0321,-0.8493,-2.1579,-0.4884,-0.315,-0.5235,0.1927,-0.3051,-1.0372,0.7383,0.6613,0.4503,-2.05,0.368,-2.3241,0.6768,0.5545,-0.3576,-1.3234,-0.3741
s: 8
t: 0.000
c: 12
mem: 0.0

i: -0.6713,-0.9688,0.6705,-0.36,2.0152,-2.565,-2.2809,-0.7499,-1.9938,-1.5859,-1.4858,-0.6326,-0.9152,-0.1531,0.3756,-0.7575,0.5417,-2.459,0.4811,-0.7079
s: 6
t: 0.000
c: 7
mem: 0.0

i: 1.6016,-0.0971,0.7722,-1.7314,-1.7419,1.2012,-0.4841,-1.4959,-0.7584,0.0544,-0.7207,0.4662,-1.5282,0.5461,-0.0768,-0.7491,-0.2151,0.1176,0.0186,-0.4269
s: 9
t: 0.001
c: 12
mem: 0.0

i: 0.0013,1.9257,0.7208,0.6063,0.8878,-1.9164,-0.6459,0.7069,0.1857,1.9469,-0.5949,-0.1725,-1.2929,1.0114,2.3054,0.3101,0.1879,-0.7776,-2.1515,2.1905
s: 8
t: 0.000
c: 9
mem: 0.0

i: 0.5022,-0.1539,-0.9992,-0.2132,2.4799,-0.2207,-0.9476,-0.086,0.6969,-1.1316,-0.9647,-1.6669,0.2131,0.4184,1.6895,-0.6156,0.2629,-0.9284,-1.0193,-0.7885
s: 9
t: 0.001
c: 11
mem: 0.0

i: -1.8832,-1.1753,-0.4719,-0.6864,-0.9993,0.2221,-1.2191,-1.3975,-0.0108,-0.6234,-1.656,-0.7684,-0.4279,-1.7899,-0.32299999999999995,-0.3122,1.4701,-1.2272,-1.0946,-0.1896
s: 7
t: 0.000
c: 8
mem: 0.0

i: -0.7211,0.2493,0.0515,1.0419,-0.7538,-2.2491,-1.1989,0.6052,-2.0132,0.7489,-1.7071,-0.2922,-1.1133,-1.727,-0.5842,-0.1359,0.2102,-0.5505,0.3857,-0.3276
s: 7
t: 0.000
c: 9
mem: 0.0

i: 0.9488,0.459,-0.3344,-0.2852,-0.5593,0.2885,1.4666,1.7586,-0.9574,-1.0874,0.9421,0.6396,1.1302,0.3629,1.3361,1.3575,1.5562,0.3903,1.3395,-0.0352
s: 9
t: 0.001
c: 10
mem: 0.0

i: 0.3612,1.8508,0.9779,2.2088,1.4141,0.627,1.1262,1.0604,2.4999,-4.1999,1.3873,0.24,-0.1112,0.5734,-0.1992,1.9312,1.3136,-0.017,0.5804,0.3734
s: 8
t: 0.000
c: 10
mem: 0.0

i: 0.6631,0.9346,1.1184,1.269,1.5155,0.5974,2.0063,0.8625,0.3581,-1.6847,-0.0015,-0.5032,0.7809999999999999,1.5689,0.8688,0.2161,-0.4866,-0.4143,0.1993,2.1013
s: 6
t: 0.000
c: 9
mem: 0.0

i: 0.6675,0.5575,1.1577,1.7955,0.4628,1.9303,0.8449,0.3982,0.9235,0.1757,0.7974,0.6005,0.9907,0.0156,0.3499,0.2372,0.6546,0.6159,-0.7795,0.0068
s: 8
t: 0.000
c: 10
mem: 0.0

i: -1.1965,-0.9219,0.4787,-1.3857,0.5733,0.7149,0.4402,0.2075,1.1302,1.1661,0.1678,-0.0696,1.3115,-0.4631,1.0838,-0.5895,0.9125,3.1101,-0.4961,1.7384
s: 11
t: 0.001
c: 13
mem: 0.0

i: -0.9966,0.0413,0.6742,0.7198,-0.158,-0.3854,2.2478,1.1453,2.6384,0.4586,1.0759,2.7757,1.4173,0.6566,-0.6807,-1.1439,0.5207,-0.5863,0.5037,0.5332
s: 8
t: 0.000
c: 10
mem: 0.0

i: -1.443,1.3022,0.7275,0.8718,-2.1491,-0.8220000000000001,0.11,-0.3622,-0.6291,0.0078,-2.3031,0.9679,0.4165,-1.4475,0.1524,0.129,2.5449,-0.1866,0.0165,1.4903
s: 7
t: 0.000
c: 8
mem: 0.0

i: 2.3085,-0.2563,-1.8582,0.6183,1.1758,-1.1163,-0.899,-1.8017,0.0189,1.619,0.6293,0.0797,0.7864,1.3285,-1.8909,-0.7694,0.47,-1.2706,-0.5987,0.3082
s: 9
t: 0.001
c: 11
mem: 0.0

i: -0.9575,-1.4612,-1.2513,2.3251,1.2581,0.1992,-1.4677,-0.1631,-0.6225,1.0513,-0.4312,-0.2077,0.94,0.8317,0.2312,1.6922,0.7791,0.4777,0.5451,0.2463
s: 8
t: 0.000
c: 10
mem: 0.0

i: 1.0365,-0.3766,-0.61,-3.0107,-1.781,0.2007,-1.2765,0.3354,0.0746,-0.3353,-0.4407,-1.8843,-0.2997,-0.4009,0.7347,-1.1439,-0.5614,0.4692,-1.2737,-2.4484
s: 8
t: 0.000
c: 10
mem: 0.0

i: -1.198,-0.5788,1.0924,0.9915,-0.5466,0.4701,0.0585,-0.527,-3.2906,-1.3036,-2.2945,-1.3046,-1.5262,-0.6561,-0.7217,0.4692,-2.009,1.6908,-0.59,-0.8565
s: 7
t: 0.000
c: 10
mem: 0.0

i: 1.7209,1.0498,0.096,0.2407,-0.073,1.0705,0.3561,-0.131,1.518,0.224,-0.7425,0.2097,1.545,0.6182,1.6321,0.6759999999999999,0.0825,-0.6445,0.8703,0.9339
s: 10
t: 0.001
c: 13
mem: 0.0

i: 0.5123,0.013,-0.5762,-1.654,1.5639,0.76,2.342,-0.3338,1.548,-0.0545,0.3542,-0.6236,1.1954,-1.1299,0.6196,1.1843,1.1288,0.4463,0.2018,0.5661
s: 8
t: 0.000
c: 10
mem: 0.0

i: 1.2977,-1.4235,-1.5103,-0.2502,-1.3512,0.4744,0.326,-0.3720000000000001,0.7462,0.245,-1.3493,0.208,-2.2239,-0.1863,0.0969,-0.3534,-1.0624,-0.2835,-0.6186,-2.1002
s: 8
t: 0.000
c: 9
mem: 0.0

i: 1.1047,-1.207,-1.4214,-0.2627,1.3556,0.7739,0.3505,-0.2651,0.4352,0.5208,0.5673,-1.5574,-0.2021,-1.2101,-0.7491,0.1495,1.2247,-0.9373,-0.7240000000000001,-1.1317
s: 8
t: 0.000
c: 9
mem: 0.0

i: -2.3164,0.8419,-1.2368,-0.2076,-0.1294,0.3124,-0.9814,-0.2832,0.2879,0.9856,-0.8449,0.5701,0.1203,-1.0875,2.1277,-0.5596,-0.5321,-1.608,-2.1666,0.3035
s: 13
t: 0.001
c: 15
mem: 0.0

i: -0.1631,-0.1055,0.1966,0.5558,-0.1973,0.0179,1.5676,0.0692,0.9359,-1.0724,1.6599,-0.1731,0.2235,0.9287,-0.5249,0.622,-0.1796,1.4684,-0.5223,1.9276
s: 8
t: 0.000
c: 10
mem: 0.0

i: -0.0357,0.8906,0.8624,0.2193,-0.3365,-1.5527,1.4321,-0.9607,0.7634,-1.8977,-0.1283,-1.5559,0.9346,-1.2722,-0.2031,-0.6937,-1.2187,0.441,0.2181,-0.3625
s: 9
t: 0.001
c: 12
mem: 0.0

i: 1.3351,0.4083,0.3299,-0.2946,2.0227,1.5952,-0.1335,-0.7503,2.0465,0.0899,0.8734,0.1762,-0.9483,1.2006,0.5651,-0.2366,1.548,0.8468,0.5795,0.1478
s: 8
t: 0.001
c: 11
mem: 0.0

i: 1.863,1.3537,-1.6751,-0.0898,0.4961,1.9499,-0.7359,0.0184,0.21600000000000005,0.1288,0.6579999999999999,0.7785,0.7558,1.064,1.7979,0.1769,-0.7419,0.7458,0.1004,0.2863
s: 10
t: 0.001
c: 13
mem: 0.0

i: -1.6328,-0.6748,1.0084,-1.0997,0.6114,-0.3116,1.3272,-2.5651,-1.5922,-0.2542,0.8429,0.568,-0.4572,-0.9135,-1.1013,-0.1021,-2.3392,0.8179,-1.7621,0.578
s: 8
t: 0.001
c: 11
mem: 0.0

i: 0.1167,-0.1665,0.9932,-0.0003,1.4473,1.7164,0.8696,1.0588,0.8904,0.8538,3.4841,0.3236,-0.2419,1.186,2.0012,0.5572,-0.4533,1.6355,-0.1908,1.9634
s: 9
t: 0.001
c: 11
mem: 0.0

i: 0.0791,0.4215,-0.7072,-0.6763,0.0854,-1.5923,1.1146,0.7226,0.0778,-0.7266,-0.0968,-1.2314,0.6017,-0.4444,1.1722,-0.2263,-0.2984,-1.5812,-1.3064,0.648
s: 10
t: 0.001
c: 12
mem: 0.0

i: -0.0985,0.0165,0.0974,0.6085,-0.3188,1.4986,0.8645,1.0342,-1.2438,-0.1885,0.9211,1.4862,-1.798,-1.069,0.0958,-0.3336,0.8357,-0.4017,0.6036,0.4534
s: 9
t: 0.001
c: 11
mem: 0.0

i: -0.9945,-0.6225,-2.2341,-0.619,-0.4959,1.7611,-2.1935,-0.0405,-0.5723,-0.0477,0.0131,-0.0895,-0.7737,-0.199,-0.2049,-1.1758,-1.2099,-0.5205,0.1407,-0.2837
s: 9
t: 0.000
c: 10
mem: 0.0

i: -1.6284,2.0806,0.1269,-0.5684,0.4087,1.5821,0.9549,-0.8627,-0.2547,0.1153,0.6929,2.1322,-1.0543,1.3895,-0.8618,0.4698,2.5197,0.604,0.7089,-1.07
s: 9
t: 0.001
c: 12
mem: 0.0

i: -0.8092,1.1237,-1.1604,-1.042,-0.2817,-0.4211,0.7407,-1.2523,-1.0204,0.0769,-0.6905,-0.0572,-0.1042,-1.1011,-0.1335,-0.6829999999999999,-0.5447,-1.0811,-1.811,-1.7067
s: 12
t: 0.001
c: 15
mem: 0.0

i: -0.4068,-0.3366,3.2166,0.4311,0.2013,0.8349,0.9447,1.7368,0.0531,1.5229,0.2796,-0.6609999999999999,0.376,1.1193,-0.5125,2.0021,-0.2363,0.8019,0.3226,1.9172
s: 9
t: 0.001
c: 11
mem: 0.0

i: -0.7071,-1.2494,-0.8082,-0.4427,-1.1829,0.4323,2.9076,-0.8979,-1.0318,0.5531,0.5866,-1.7247,-1.2992,-1.355,-1.3532,0.039,-1.0183,-0.8677,-1.856,0.8199
s: 6
t: 0.000
c: 9
mem: 0.0

i: -0.386,-2.3003,0.4755,0.9371,1.1073,0.462,-0.8906,0.232,0.5789,-0.9949,0.2718,2.8723,0.4162,-0.6319,-0.1347,-0.0969,0.9743,2.6292,1.5042,0.8675
s: 7
t: 0.000
c: 8
mem: 0.0

i: -0.4533,-0.6617,1.0347,-0.5699,-2.1464,0.7448,-1.5068,-1.537,0.6273,-2.635,0.2822,-0.5997,-0.7615,-0.4307,0.6062,-1.0674,0.0332,-1.4944,-1.712,-0.8042
s: 7
t: 0.000
c: 9
mem: 0.0

i: 1.0635,0.746,1.4962,1.5427,0.4716,-0.3486,-0.6476,0.4483,0.7416,-0.6609999999999999,0.5266,1.6101,0.7863,-0.6112,-1.4369999999999998,-0.4253,0.084,1.57,-0.3523,-1.2838
s: 9
t: 0.001
c: 11
mem: 0.0

i: 1.4476,-1.6504,-1.1042,-2.0214,-1.0039,-2.6148,-1.1484,-1.0493,-1.4121,-1.4435,-0.2739,-1.7384,-1.3717,-0.3602,-2.1414,-0.0025,-0.0316,-0.9527,-0.3622,-1.2095
s: 8
t: 0.000
c: 11
mem: 0.0

i: 1.4133,0.6926,1.1451,0.3103,0.7833,0.4319,0.4847,-0.0392,0.1212,0.6825,0.7093,2.4733,1.679,-0.4752,0.5423,0.5542,2.0893,0.2125,-0.6394,0.5857
s: 8
t: 0.000
c: 13
mem: 0.0

i: -0.0881,-1.3342,0.1767,1.0241,-3.4928,2.0558,-1.1488,0.501,1.0616,-1.435,-0.8924,-1.0741,-1.2937,-0.061,-1.9862,0.0924,0.6449,0.466,0.4299,-1.6816
s: 8
t: 0.000
c: 11
mem: 0.0

i: -0.0127,1.7753,-0.3715,0.3443,2.1644,-0.3373,-0.3032,0.0171,-1.3335,0.9553,-1.7326,-0.7748,-0.3517,-1.9464,-1.6033,-0.4558,-0.3139,-0.0118,0.108,-0.9444
s: 8
t: 0.000
c: 11
mem: 0.0

i: -0.2028,-0.8107,-0.3647,-1.7533,-2.0782,-0.8553,-0.9129,-1.0944,0.4920000000000001,-1.3709,-1.9408,-2.1933,0.2188,0.2333,-3.1006,-0.0943,0.0045,-1.6518,-0.609,-0.355
s: 9
t: 0.001
c: 11
mem: 0.0

i: -0.0741,-1.1555,2.0172,-0.0028,-0.7453,-0.3591,1.4274,-0.3457,0.6865,-1.9126,1.1106,0.5905,-0.1929,-0.1369,0.7303,2.2523,2.1876,-1.261,-0.1805,-0.4732
s: 9
t: 0.001
c: 11
mem: 0.0

i: 0.9955,0.7145,-0.8385,-0.9538,-1.7076,0.8111,-2.0017,-0.3748,0.9029,-1.0911,-0.8831,0.5559,-0.8632,0.2858,-0.0203,-0.1649,1.1722,1.604,-1.1374,0.3361
s: 9
t: 0.001
c: 11
mem: 0.0

i: -2.647,-0.2078,-0.1764,-2.2009,0.1826,-1.7808,-0.3393,-0.5366,-1.6636,-0.4946,-2.5709,-0.3506,-1.5495,-0.6865,-1.7391,-1.8328,-1.2603,0.145,-1.6927,0.1498
s: 6
t: 0.000
c: 7
mem: 0.0

i: 1.8909,0.6583,0.769,-0.6251,-0.3313,-0.5941,-1.5019,-0.8708,-1.0193,0.9606,0.5517,0.3748,-0.885,-0.2306,0.2487,-0.2843,-0.5972,-2.1119,0.8456,-1.0698
s: 8
t: 0.000
c: 10
mem: 0.0

i: 1.3345,0.0972,0.5052,-0.0043,0.4361,-0.0816,0.1773,-0.056,-0.6301,1.4754,-0.3497,-0.0604,1.6829,0.5377,1.4009,0.3181,0.0861,-1.007,-0.2386,0.8972
s: 10
t: 0.001
c: 14
mem: 0.0

i: -0.8055,0.221,-0.2539,-2.2675,-1.1171,-1.0669,-0.9572,0.235,-1.8233,-0.5063,0.629,0.8695,-0.0797,-0.1583,0.2233,-0.1746,0.8956,-0.6884,1.4945,-0.9044
s: 8
t: 0.000
c: 9
mem: 0.0

i: -1.151,-0.0575,-2.1364,-0.7605,0.3666,1.8641,-0.0127,-0.2702,-0.3659,0.5075,-0.6745,-0.2313,-0.4863,-0.0873,-1.0364,-1.4336,-0.9559,-2.0376,-0.6287,0.7769
s: 8
t: 0.000
c: 10
mem: 0.0

i: -0.2256,-1.3117,1.3065,-0.0896,-0.9022,-0.4429,-0.6587,-0.8443,-0.1897,0.317,1.0655,2.7334,-0.6469,-1.0512,-0.7412,0.7186,0.0863,0.4512,-1.4724,0.4415
s: 7
t: 0.000
c: 9
mem: 0.0

i: 0.6051,-0.8563,0.4805,-0.1357,0.3848,0.4535,0.5753,1.218,0.0281,1.3596,0.7166,1.1564,-0.4106,1.9034,0.2109,-0.3172,1.983,1.3391,-0.5523,-0.8406
s: 9
t: 0.001
c: 10
mem: 0.0

i: 1.0147,-0.3187,0.6571,0.9041,0.9476,-0.7508,-0.1065,1.1842,0.2145,0.2131,0.1344,0.6736,0.9258,0.695,-0.6699,0.3157,0.1566,-0.5212,0.2675,-0.2642
s: 10
t: 0.001
c: 11
mem: 0.0

i: -1.0138,0.4086,-0.4065,0.0005,0.3967,0.8312,1.3093,0.0926,1.2145,-1.2994,0.332,0.7009,0.2034,1.5798,0.0599,0.7114,-0.8353,-1.6916,0.0442,2.2631
s: 12
t: 0.001
c: 13
mem: 0.0

i: 2.3487,0.2433,-0.3652,-0.1547,0.4489,0.3596,0.7308,1.8342,0.2118,-0.857,1.1153,0.9691,1.0104,0.3824,-1.0988,1.8926,0.9834,1.0503,-0.03,-0.4712
s: 9
t: 0.001
c: 10
mem: 0.0

i: -0.8204,-0.944,-0.6008,1.0781,-1.4318,-1.0377,0.5516,-0.5886,-0.9325,-0.8407,-0.866,0.1049,-1.2349,-0.8425,-0.1595,0.568,-0.1869,-1.2345,0.01,0.7361
s: 11
t: 0.001
c: 13
mem: 0.0

i: 0.0435,1.3484,1.5348,1.5189,2.2430000000000003,1.0683,1.2356,-0.1292,0.5907,-0.5711,1.2099,0.8501,2.3951,-1.3892,0.5139,-0.7991,0.0724,-0.1994,0.1844,0.6317
s: 7
t: 0.000
c: 10
mem: 0.0

i: -0.4438,0.6487,-1.9564,-1.5359,1.4464,-0.0975,-0.8663,-1.3363,-1.4024,-1.1423,-1.0205,0.5887,-0.0651,-1.2235,0.4301,0.1606,-1.8933,-2.0875,-1.0859,-0.0129
s: 6
t: 0.000
c: 9
mem: 0.0

i: 1.1777,-1.6781,0.8591,-0.487,1.4969,1.6351,1.5055,0.4899,-0.6426,0.9557,1.1105,1.2531,0.1236,1.0597,0.4878,1.1942,1.9403,-0.2088,1.3008,-0.1811
s: 8
t: 0.000
c: 11
mem: 0.0

i: 0.6616,-0.5969,1.571,-0.512,-0.5165,-0.4608,0.3394,0.2207,1.4562,-2.0008,-0.898,-0.5545,0.9217,-0.3145,1.4083,0.1588,-1.4159,0.7811,0.1664,-0.7524
s: 11
t: 0.001
c: 12
mem: 0.0

i: 0.1848,-0.1142,1.2579,-1.2317,-1.6808,-1.5398,-1.3205,0.2833,-0.9814,-2.9228,0.2433,-2.0945,-1.4302,0.8455,0.2797,0.3483,-0.1491,-0.6194,-0.7768,0.4992
s: 7
t: 0.000
c: 10
mem: 0.0

i: -0.1409,1.8843,0.0139,2.0497,-1.204,0.2098,0.1688,-0.2659,-0.3389,1.0464,0.7515,2.1618,1.7895,1.3575,0.4351,0.1371,0.2814,1.3834,1.425,-0.0321
s: 9
t: 0.001
c: 11
mem: 0.0

i: 1.2378,0.2183,1.0086,-0.3571,-0.493,0.6486,2.1135,2.2229,1.4544,1.3762,-0.5308,-0.2819,-0.919,-0.8477,0.8277,-1.5108,-0.8895,2.1928,1.4636,1.3559
s: 9
t: 0.001
c: 11
mem: 0.0

i: 0.5235,-0.2902,0.0333,0.129,-0.3092,1.1652,-0.0538,2.0816,0.6464,0.4941,-1.5422,-0.3413,0.005,2.5723,0.9386,0.4086,-0.4148,-2.2078,2.2613,-0.8641
s: 10
t: 0.001
c: 11
mem: 0.0

i: -3.3280000000000003,-1.3854,0.299,-1.0618,1.1821,-1.1228,-0.8877,-1.1389,0.1159,-0.5758,1.2984,-1.8993,-1.1353,-0.8171,1.6156,-1.0566,0.4464,-0.7044,0.5093,0.1983
s: 6
t: 0.000
c: 8
mem: 0.0

i: 0.7202,0.2817,1.3628,0.8374,0.9008,1.0378,0.6974,0.7314,-1.0623,1.0229,2.7162,-1.3216,2.2243,1.3372,0.0651,-0.3722,-0.6009,-0.6617,0.6333,2.8849
s: 8
t: 0.000
c: 10
mem: 0.0

i: -1.0507,-1.3093,-0.5379,0.2217,-0.9423,-1.7433,-0.6491,-0.5026,-0.5398,2.5274,0.6847,-1.9426,-1.7492,-1.2319,-2.1239,0.7289,-0.8425,1.4463,-1.0291,0.8953
s: 7
t: 0.000
c: 10
mem: 0.0

i: 0.2747,1.5649,1.4998,0.7879999999999999,0.257,0.7412,-0.3792,0.1764,1.8081,1.4017,0.4673,-0.359,1.7975,0.5243,0.9821,-0.9579,0.3763,1.1776,-0.1989,0.2111
s: 11
t: 0.001
c: 14
mem: 0.0

i: -0.4829,-0.0415,-1.3932,0.0296,-1.713,-0.5634,0.0702,0.1349,0.2583,1.0972,2.3544,-1.3156,-0.0991,-0.3658,-1.2591,0.6628,-0.4533,1.0272,-0.2357,-0.5652
s: 9
t: 0.001
c: 12
mem: 0.0

i: -1.6492,0.2266,-2.2333,0.5731,-0.5412,-0.1912,-1.0481,0.1532,-0.8083,0.2298,-1.8562,-1.4787,-0.5504,-2.1175,-1.5664,-2.6614,-1.1235,-0.6882,-0.9608,-1.3337
s: 7
t: 0.000
c: 8
mem: 0.0

i: 0.9815,-2.7002,-0.4663,1.0229,-0.2164,-1.7244,-0.1285,0.721,-0.1941,-0.9698,-2.7327,0.9607,0.5319,-0.1312,0.1128,-0.0722,-0.1739,-0.2532,-1.5076,0.7697
s: 9
t: 0.001
c: 11
mem: 0.0

i: 2.042,1.6294,-0.3738,0.7879999999999999,3.3011,-0.2841,0.1598,0.5599,0.5693,0.3029,0.062,1.7956,-0.4507,0.0849,-0.4503,0.1216,0.8489,1.3517,0.4538,0.4842
s: 8
t: 0.000
c: 10
mem: 0.0

i: 0.0813,1.8112,0.6045,0.9546,1.1071,0.4885,0.3092,2.4897,-1.5264,-1.8435,1.0451,1.4945,1.6915,0.8207,1.1405,-0.8252,0.6672,0.5604,2.4277,0.3582
s: 7
t: 0.000
c: 9
mem: 0.0

i: -0.0428,0.8787,-0.7754,-1.2171,-0.2311,-0.6576,1.1475,-0.0742,-1.4683,1.0425,1.1062,-1.1294,0.4666,-0.7857,0.8226,-0.8736,0.2384,0.3858,2.2445,1.5899
s: 12
t: 0.001
c: 14
mem: 0.0

i: -1.197,1.5763,0.5494,2.1514,-0.5257,0.9184,1.1353,0.3475,1.6666,1.1996,0.9062,-0.5316,-1.0792,0.3694,1.5063,-0.43,1.4939,0.3967,1.6535,-0.2222
s: 9
t: 0.001
c: 11
mem: 0.0

i: 1.1832,0.935,-0.0917,-0.4426,2.1138,1.0274,0.2197,1.0591,0.8606,-0.8846,-2.3166,1.2382,1.0141,0.1799,0.9439,-0.5491,-0.1926,-0.1972,1.3361,1.4905
s: 9
t: 0.001
c: 11
mem: 0.0

i: 1.2033,-0.1075,0.9742,0.4236,-0.4195,1.0874,0.511,1.4093,0.1405,1.2447,2.7647,-1.2683,0.1459,-0.4168,0.8489,1.3975,1.1126,-0.1192,0.0948,1.0712
s: 11
t: 0.001
c: 13
mem: 0.0

i: -0.4174,-0.3294,-0.4059,1.2469,-0.003,-0.0794,-2.1393,1.1572,1.7102,-0.1683,-0.1818,-0.6994,-0.6829,-0.27,-0.4916,-1.2258,0.5459,0.6873,-0.7747,-0.7425
s: 8
t: 0.000
c: 10
mem: 0.0

i: -1.9057,0.2698,0.1993,-1.1658,0.968,0.0782,-2.282,-0.4293,-0.5035,-0.3679,0.7062,-0.6709,-0.4939,0.8131,-0.6271,0.7808,0.3107,0.5151,0.0436,0.4724
s: 6
t: 0.000
c: 8
mem: 0.0

i: -0.5552,2.3354,1.0625,-0.4841,1.9999,0.6791,0.7973,-0.674,1.0507,0.1607,0.6005,0.5842,-0.0055,-0.2315,1.838,-0.0718,-0.1866,0.9151,-0.4405,0.7944
s: 8
t: 0.000
c: 9
mem: 0.0

i: -1.0068,-0.2172,0.4305,-0.2543,1.0991,1.4146,0.8244,0.8252,-0.4269,0.3670000000000001,-1.2703,-1.0995,0.6679,0.2541,0.3082,0.3685,0.4434,-1.1588,-0.4258,0.1384
s: 11
t: 0.001
c: 13
mem: 0.0

i: 1.3885,1.556,-0.1209,-0.765,1.148,1.8935,-0.6533,2.1659,1.6017,0.2307,-1.0254,0.8161,0.1059,0.0768,-3.3591,0.5078,0.5648,1.0024,0.395,0.9024
s: 9
t: 0.001
c: 10
mem: 0.0

i: 0.7735,1.2114,0.8393,-1.5438,-1.2828,-0.9309,1.067,2.0963,1.2422,0.4041,1.1595,-1.9426,1.0097,-0.8764,0.195,1.8084,0.0353,1.1873,0.3473,-0.2361
s: 8
t: 0.000
c: 10
mem: 0.0

i: -0.5503,-0.4969,0.6387,1.2969,0.3382,1.2986,1.2027,1.9475,-0.0975,1.0785,0.7496,-1.3218,-0.3669,-0.3835,0.2444,0.8242,1.5394,-0.1124,0.9598,1.2725
s: 11
t: 0.001
c: 13
mem: 0.0

i: 0.752,0.4658,0.5661,0.134,0.5824,0.6701,0.5676,0.2654,0.5816,0.1961,1.5362,-0.3024,1.8026,0.7377,0.2192,0.7689,0.2821,-0.0163,1.5418,-0.6438
s: 9
t: 0.001
c: 10
mem: 0.0

i: -0.0996,-1.9577,0.6692,-0.6098,-1.2562,-0.8315,-0.7913,1.1194,-2.0647,0.363,-2.4166,-1.7525,0.1631,0.5136,-0.6257,-1.8846,-0.3813,-0.7177,0.5422,-0.6807
s: 6
t: 0.000
c: 8
mem: 0.0

i: -0.8701,0.5456,-1.7224,-0.4764,-0.3746,0.8844,-1.3284,0.172,-1.4448,-1.231,-0.5063,1.1216,0.9923,-1.3208,2.1898,-0.6438,-0.0044,-1.048,1.3896,-0.1309
s: 8
t: 0.000
c: 10
mem: 0.0

i: 0.8395,0.4629,-1.0235,-2.0888,-0.4584,-1.5883,0.116,0.8267,0.7644,-0.1731,-0.2995,-0.5654,-1.5721,0.6684,-1.0558,-0.7185,-1.3085,-1.2524,0.6412,-0.5789
s: 9
t: 0.001
c: 10
mem: 0.0

i: -0.1359,-1.7886,-1.7815,0.3131,1.9645,0.6369,1.8791,0.7741,-0.0695,-0.3324,-0.0727,-0.3694,0.342,1.4288,-0.6698,2.2769,-0.5657,-0.8466,0.3542,-0.0162
s: 9
t: 0.001
c: 11
mem: 0.0

i: -0.4034,-0.2643,1.0174,0.5436,0.911,-0.1704,-0.4729,-0.3726,1.1093,0.3185,0.9326,1.7212,1.6247,-0.3617,0.6958,2.4564,-0.0127,-0.6698,-0.077,0.5710000000000001
s: 7
t: 0.000
c: 10
mem: 0.0

i: -1.9617,-1.9342,0.7729,-0.8352,-0.4022,-0.276,1.4395,0.1581,0.9498,-0.29100000000000004,0.0579,-0.7918,-0.02,-1.1461,-1.61,-1.1137,0.6043,-0.8237,-1.3318,-0.6472
s: 10
t: 0.001
c: 11
mem: 0.0

i: 1.4266,-2.0785,0.847,-0.7207,0.1663,0.5029,1.0957,0.5087,0.3552,0.2277,0.3958,-0.1242,-0.6981,0.8488,0.3873,-1.1106,-0.2719,-0.4283,-1.3909,-1.903
s: 11
t: 0.001
c: 12
mem: 0.0

i: 0.9952,1.5369,-1.3021,0.6327,-1.3704,1.0566,-1.8968,1.0464,0.16,0.581,0.9672,1.0552,0.4779,2.7224,1.7336,1.5162,1.7182,1.501,-0.4765,1.257
s: 8
t: 0.000
c: 9
mem: 0.0

i: 0.3094,1.6613,0.5545,0.4045,-1.3382,0.6577,0.0124,0.0263,-0.0037,0.1666,0.7505,0.3312,-0.3299,-0.4056,1.3358,-0.2974,0.411,1.1765,1.1476,0.1314
s: 9
t: 0.001
c: 12
mem: 0.0

i: -0.0094,-0.2896,0.6825,2.2091,-0.9462,0.1257,0.8445,-0.1873,0.8173,-0.6251,-1.4981,1.8045,-0.8715,1.0756,0.9469,-1.3619,2.8073,0.8189,-1.2586,1.107
s: 7
t: 0.000
c: 8
mem: 0.0

i: 2.1138,-0.9006,0.414,1.6379,0.0243,0.7159,-1.0727,1.7392,-0.8874,-0.4441,-1.2442,2.4075,1.7658,1.6523,0.1148,0.7299,1.5091,1.655,0.2252,0.4303
s: 6
t: 0.000
c: 8
mem: 0.0

i: -1.0525,0.3373,-0.6921,-1.1288,0.2617,1.0781,-0.0688,-0.2915,0.3276,-0.9582,0.0038,-1.504,-1.4658,-1.1834,-1.7164,0.3989,-1.4185,-1.3512,0.691,-0.4615
s: 9
t: 0.001
c: 11
mem: 0.0

i: 0.5066,-0.3098,0.277,-0.1225,-0.5393,1.0167,-0.6584,0.8579,0.9153,-1.4443,1.1426,-1.8478,-0.4502,2.8884,0.0815,0.1785,1.2097,-0.0393,-0.1075,-0.3116
s: 10
t: 0.001
c: 12
mem: 0.0

i: -0.6709999999999999,0.941,0.3649,0.7566,2.6685,2.4949,2.5554,-0.9493,-0.5055,-0.5514,-0.202,0.722,0.0655,0.9024,0.2924,0.4416,-0.7849,0.6924,1.306,2.3113
s: 7
t: 0.000
c: 9
mem: 0.0

i: -0.0613,-1.7432,-2.4482,-0.2062,-1.8167,-0.2982,-0.2858,0.0887,-1.7563,0.511,-1.1437,-0.5467,1.1339,-0.0172,-1.6144,-1.0736,-1.6333,-0.6042,1.4074,0.0194
s: 5
t: 0.000
c: 9
mem: 0.0

i: -1.3002,-0.4379,1.1837,2.1613,0.245,1.3909,1.3871,1.4495,0.5895,-0.0079,-0.7536,1.1356,0.2618,1.8076,-0.1929,0.7027,0.5875,-0.1581,0.2884,-0.6707
s: 13
t: 0.001
c: 15
mem: 0.0

i: -0.6337,1.1649,-0.1964,0.1387,1.0323,-1.4443,1.1382,0.5022,0.3112,-0.5591,-1.2159,0.9945,-0.3645,-0.6605,0.4626,-0.6803,0.7275,-2.2704,0.7647,-2.0269
s: 9
t: 0.001
c: 10
mem: 0.0

i: -0.4696,-0.2932,0.3092,0.1909,-0.809,-0.6483,0.6535,1.0665,0.4759,0.0458,0.7142,0.2739,0.18600000000000005,-0.4642,0.3049,-1.1366,-0.0233,-0.6093,0.4511,0.943
s: 10
t: 0.001
c: 12
mem: 0.0

i: -0.1907,-1.4242,-0.3089,-1.1435,-0.2613,0.0564,-1.2459,-0.8157,0.0809,-1.7401,1.4318,-0.5992,0.0306,-2.6276,-2.5019,-0.9751,-1.6469,0.7032,0.2079,0.8735
s: 10
t: 0.001
c: 11
mem: 0.0

i: -1.2346,-0.8302,-1.0702,-0.1126,-1.9165,-0.9223,-1.1354,-0.6908,-0.3501,-0.405,0.2856,-0.7073,-1.5194,-1.6977,-1.9846,-0.2932,0.8221,-0.7478,-0.0826,-0.1358
s: 8
t: 0.000
c: 10
mem: 0.0

i: 1.0726,-0.7513,0.1548,-0.5245,-0.0014,0.7509,0.8927,-0.3751,0.482,1.7295,2.6963,0.8082,-1.5607,1.9495,0.5549,0.2052,-0.5953,0.2144,2.3808,4.279
s: 9
t: 0.001
c: 11
mem: 0.0

i: -2.3993,0.3799,0.2136,-0.5583,-2.0512,-0.7933,0.7405,-1.3516,-2.3082,-0.318,-0.3279,0.0679,0.0381,-0.7289,-0.6982,-1.0981,-1.2664,0.6551,0.236,0.447
s: 10
t: 0.001
c: 11
mem: 0.0

i: -0.5894,-0.4059,0.698,-1.4845,-1.0594,-0.0612,-1.0271,1.2309,-1.3714,0.7923,-1.1132,0.3035,-0.2657,1.494,-0.565,-0.1032,-0.2578,-0.5920000000000001,-0.1958,-0.8272
s: 11
t: 0.001
c: 13
mem: 0.0

i: -0.0837,-1.7339,0.2565,-1.6908,-1.3623,-2.1181,-0.4488,-0.8235,-1.6452,1.0332,-2.0892,-1.5364,-0.5356,-1.4012,-1.1756,-0.0912,-0.504,0.6013,2.2702,-0.9928
s: 7
t: 0.000
c: 11
mem: 0.0

i: 0.2068,0.0647,0.5429999999999999,1.9996,0.7469,1.3236,0.223,0.8707,-0.254,0.6794,0.7044,2.7277,1.0275,1.1423,0.234,-1.1966,0.4311,-0.5296,-1.1859,-0.4708
s: 8
t: 0.000
c: 9
mem: 0.0

i: -0.1506,0.3394,-0.7003,-0.4312,-0.0242,-0.5645,0.0993,1.9685,-0.7190000000000001,0.1504,-1.1558,-2.0971,-0.0519,-1.6486,0.8068,-0.5662,0.2957,-0.4431,-1.4976,0.3677
s: 7
t: 0.000
c: 8
mem: 0.0

i: -1.7411,1.8134,0.4996,0.794,1.6771,0.5122,0.6638,1.2002,-0.8294,0.2487,-0.5486,0.325,-0.0314,1.6155,-0.3587,0.9532,0.5049,-1.0759999999999998,-0.5902,-1.2085
s: 8
t: 0.000
c: 9
mem: 0.0

i: 0.228,-0.2243,-0.523,-0.2872,0.3422,1.4029,-0.0248,1.6128,1.2435,-0.4087,-0.5421,1.288,0.4063,0.4755,1.5959,-1.2707,0.4981,0.1184,1.482,-0.1975
s: 10
t: 0.001
c: 11
mem: 0.0

i: -0.17800000000000002,0.1612,-0.7939,0.8384,-0.1779,1.4668,0.8476,2.1166,-0.3689,2.3035,2.0875,-0.0472,0.3763,-0.0024,0.8508,0.1538,0.3042,0.9594,0.5834,-0.0406
s: 8
t: 0.000
c: 10
mem: 0.0

i: -0.5671,2.0786,-0.4419,0.9079,0.5113,1.8218,0.2233,0.0693,-0.555,2.0773,-1.7743,-0.623,-0.6116,0.6454,-0.7068,1.4998,0.5743,-0.3155,1.3447,0.3923
s: 10
t: 0.001
c: 12
mem: 0.0

i: -2.3247,-1.501,-2.0083,0.7952,-0.5396,-0.4611,1.2562,-1.7318,-0.1473,0.469,-0.4839,-1.5558,-1.2809,-1.534,-1.4322,-0.056,-0.6184,-0.5561,-0.5318,0.7148
s: 6
t: 0.000
c: 7
mem: 0.0

i: 0.55,-1.1987,-0.9792,-0.341,0.5,-1.6097,-1.2213,-0.7838,-0.4233,-1.0499,0.3,0.6705,-1.6813,-1.1704,0.6264,-0.5448,-0.9291,0.1951,-0.9355,-1.1766
s: 7
t: 0.000
c: 10
mem: 0.0

i: 0.3399,0.5645,-0.1471,0.8275,-0.0797,-0.0757,0.1937,1.7129,1.1247,-0.9606,-1.336,0.6158,0.6489,1.3147,-0.7304,1.9758,-0.2084,1.4891,0.7796,-0.1821
s: 10
t: 0.001
c: 14
mem: 0.0

i: 0.6095,0.8618,-0.4198,1.2288,1.7508,1.2064,-0.0365,0.1433,1.9246,1.0633,-0.7964,1.0653,1.1923,0.7847,2.3678,0.5720000000000001,1.0735,-1.1039,-0.6723,0.3767
s: 8
t: 0.000
c: 10
mem: 0.0

i: -0.1274,0.0761,1.9628,-0.5082,0.4721,0.3818,-1.0017,0.4607,0.2411,2.5631,1.1684,1.3,0.2913,1.5238,0.8149,-0.1042,1.6753,0.317,-0.4633,0.9235
s: 8
t: 0.000
c: 11
mem: 0.0

i: -0.7657,0.2292,1.1325,0.6136,2.2278,0.1855,2.7912,1.2427,0.9711,-0.7552,0.4931,0.247,-0.5089,2.9094,-0.069,-1.1182,0.8219,-0.9255,1.8284,0.4453
s: 8
t: 0.000
c: 10
mem: 0.0

i: 0.5663,2.3509,0.9706,1.0754,0.5447,-0.4486,2.7136,-0.5399,-0.0482,0.8112,1.5046,0.0085,0.1809,0.1105,-0.3264,1.2321,-1.5868,0.8676,0.4661,-0.2342
s: 11
t: 0.001
c: 12
mem: 0.0

i: -1.183,0.1354,-2.1269,-0.9369,-0.1313,0.4013,-0.8147,0.6457,-0.8155,-1.4624,0.8207,0.6402,0.9912,0.4054,-0.1833,1.1328,0.2893,0.0428,0.5382,-0.0763
s: 10
t: 0.001
c: 11
mem: 0.0

max time: 0.00
min time: 0.00
avg time: 0.00

avg calls: 10.58
