avg vars: 4047.17
avg cos: 7864.67
avg cps : 5777.83
i: 0,0,0,0,0,0,1,0,0,1,1,0,8,1,0,0
s: 8
t: 0.005
c: 10
mem: 0.0

i: 0,0,1,0,0,0,0,0,0,1,0,0,0,0,0,0
s: 8
t: 0.004
c: 14
mem: 0.0

i: 0,0,1,0,0,1,1,1,1,0,0,1,0,1,0,1
s: 9
t: 0.005
c: 12
mem: 0.0

i: 0,0,1,0,0,1,1,1,1,1,1,0,4,0,0,0
s: 8
t: 0.007
c: 15
mem: 0.0

i: 1,0,0,1,0,0,0,1,1,1,0,0,4,1,0,1
s: 5
t: 0.004
c: 8
mem: 0.0

i: 1,0,1,0,1,0,0,0,0,1,0,0,6,0,0,0
s: 8
t: 0.006
c: 14
mem: 0.0

i: 1,0,0,1,1,0,0,1,1,1,0,0,2,1,0,0
s: 5
t: 0.002
c: 7
mem: 0.0

i: 0,1,1,0,1,0,0,0,1,1,0,0,2,1,0,0
s: 7
t: 0.005
c: 13
mem: 0.0

i: 1,0,0,1,0,0,0,1,1,1,0,0,4,1,1,1
s: 5
t: 0.002
c: 7
mem: 0.0

i: 0,0,0,0,0,1,1,1,1,0,1,0,0,1,0,0
s: 7
t: 0.003
c: 13
mem: 0.0

i: 1,0,0,1,0,0,0,1,1,1,0,0,2,1,0,0
s: 5
t: 0.002
c: 7
mem: 0.0

i: 0,0,1,0,0,1,0,1,1,0,0,1,0,1,1,0
s: 9
t: 0.003
c: 12
mem: 0.0

i: 0,1,1,0,1,0,0,0,1,1,0,0,2,1,1,0
s: 7
t: 0.003
c: 12
mem: 0.0

i: 0,0,1,0,0,1,1,0,0,0,0,0,8,0,0,1
s: 8
t: 0.003
c: 10
mem: 0.0

i: 0,0,1,0,0,1,1,1,1,1,0,0,4,0,0,0
s: 8
t: 0.004
c: 15
mem: 0.0

i: 0,1,1,0,0,1,1,0,1,1,0,0,2,1,0,1
s: 9
t: 0.004
c: 12
mem: 0.0

i: 0,0,1,0,0,1,0,1,1,0,0,1,0,1,0,0
s: 9
t: 0.004
c: 12
mem: 0.0

i: 1,0,0,1,0,0,1,1,1,1,0,0,4,1,0,1
s: 5
t: 0.002
c: 8
mem: 0.0

i: 1,0,0,1,0,0,1,1,1,1,0,0,4,1,0,0
s: 5
t: 0.002
c: 7
mem: 0.0

i: 1,0,0,1,0,0,0,1,1,1,0,0,4,1,0,0
s: 5
t: 0.002
c: 7
mem: 0.0

i: 1,0,0,1,0,1,1,1,1,1,0,1,2,1,0,1
s: 6
t: 0.002
c: 8
mem: 0.0

i: 0,0,1,0,0,1,1,0,0,0,0,0,6,0,0,0
s: 8
t: 0.003
c: 10
mem: 0.0

i: 1,0,1,1,0,1,1,0,1,1,0,0,4,1,0,1
s: 8
t: 0.004
c: 11
mem: 0.0

i: 0,1,1,0,1,0,1,0,1,1,0,0,2,1,0,0
s: 10
t: 0.004
c: 13
mem: 0.0

i: 0,0,1,0,0,1,1,1,1,0,0,1,0,1,0,0
s: 9
t: 0.004
c: 11
mem: 0.0

i: 0,0,0,1,0,1,1,1,1,1,0,1,0,1,0,1
s: 7
t: 0.004
c: 12
mem: 0.0

i: 1,0,0,1,0,1,1,1,1,1,0,0,4,1,0,1
s: 6
t: 0.003
c: 8
mem: 0.0

i: 0,0,1,0,0,0,1,0,0,0,0,0,0,0,0,0
s: 8
t: 0.003
c: 12
mem: 0.0

i: 1,0,1,0,1,0,0,0,0,1,1,0,6,0,1,0
s: 8
t: 0.004
c: 14
mem: 0.0

i: 0,1,1,0,0,0,1,0,1,1,0,0,2,1,0,1
s: 8
t: 0.003
c: 11
mem: 0.0

i: 0,0,1,0,0,1,0,1,1,1,0,0,4,0,0,0
s: 8
t: 0.004
c: 15
mem: 0.0

i: 0,0,1,0,0,1,1,1,1,0,1,1,0,1,0,1
s: 6
t: 0.003
c: 12
mem: 0.0

i: 0,0,1,0,0,0,1,1,1,1,0,0,4,1,0,0
s: 11
t: 0.007
c: 14
mem: 0.0

i: 0,0,1,0,0,0,0,0,0,1,0,0,6,0,0,0
s: 8
t: 0.005
c: 14
mem: 0.0

i: 1,0,0,1,0,0,0,1,1,1,0,0,4,0,1,0
s: 5
t: 0.002
c: 7
mem: 0.0

i: 0,1,1,0,1,1,0,0,1,1,0,0,2,1,0,0
s: 7
t: 0.003
c: 12
mem: 0.0

i: 1,0,1,0,1,0,0,0,0,1,1,0,6,0,0,0
s: 8
t: 0.004
c: 14
mem: 0.0

i: 1,0,0,1,0,0,0,1,1,1,0,0,2,0,0,1
s: 5
t: 0.002
c: 7
mem: 0.0

i: 0,1,1,0,1,0,1,0,1,1,0,0,2,1,0,1
s: 10
t: 0.004
c: 12
mem: 0.0

i: 0,0,1,0,1,0,1,0,0,1,0,0,6,0,0,0
s: 9
t: 0.006
c: 16
mem: 0.0

i: 0,1,1,0,1,1,1,0,1,1,0,0,2,1,0,0
s: 7
t: 0.003
c: 13
mem: 0.0

i: 1,0,0,1,0,0,1,1,1,1,0,0,2,0,1,1
s: 5
t: 0.002
c: 7
mem: 0.0

i: 0,0,1,0,0,0,0,0,1,1,0,0,4,1,0,1
s: 10
t: 0.005
c: 14
mem: 0.0

i: 1,0,0,1,0,0,1,1,1,1,0,0,4,1,1,1
s: 5
t: 0.002
c: 7
mem: 0.0

i: 0,0,1,0,0,0,1,1,1,1,0,0,0,1,0,0
s: 8
t: 0.005
c: 14
mem: 0.0

i: 0,1,1,0,0,0,1,0,1,1,0,0,2,1,0,0
s: 8
t: 0.004
c: 11
mem: 0.0

i: 1,0,0,1,0,0,0,1,1,1,0,0,4,1,1,0
s: 5
t: 0.002
c: 7
mem: 0.0

i: 0,0,1,0,0,1,1,1,1,1,0,0,4,1,0,0
s: 10
t: 0.006
c: 14
mem: 0.0

i: 0,0,1,0,0,1,1,0,0,0,1,0,0,0,0,0
s: 8
t: 0.004
c: 10
mem: 0.0

i: 0,0,1,0,0,0,1,1,1,1,1,0,0,1,0,0
s: 8
t: 0.005
c: 14
mem: 0.0

i: 0,1,1,0,1,0,0,0,1,1,0,0,2,1,0,1
s: 7
t: 0.004
c: 10
mem: 0.0

i: 1,0,0,1,0,0,0,1,1,1,0,0,2,1,0,1
s: 5
t: 0.003
c: 7
mem: 0.0

i: 0,1,1,0,1,1,0,0,1,1,0,0,2,1,0,1
s: 7
t: 0.004
c: 12
mem: 0.0

i: 1,0,0,1,0,0,1,1,1,1,0,0,4,0,0,1
s: 5
t: 0.003
c: 7
mem: 0.0

i: 0,0,1,0,1,0,0,0,0,1,0,0,6,0,0,0
s: 8
t: 0.005
c: 13
mem: 0.0

i: 0,0,1,0,0,1,1,0,0,0,0,0,5,0,0,0
s: 8
t: 0.004
c: 10
mem: 0.0

i: 1,0,0,1,0,1,1,1,1,1,0,1,0,0,0,1
s: 6
t: 0.003
c: 8
mem: 0.0

i: 0,0,1,0,0,1,1,0,0,0,0,0,4,0,0,0
s: 8
t: 0.003
c: 10
mem: 0.0

i: 0,1,1,0,0,0,0,0,1,1,0,0,2,1,0,1
s: 7
t: 0.003
c: 10
mem: 0.0

max time: 0.01
min time: 0.00
avg time: 0.00

avg calls: 10.95
