avg vars: 402.50
avg cos: 722.33
avg cps : 574.83
i: 0,0,0,0,0,0,1,0,0,1,1,0,8,1,0,0
s: 8
t: 0.145
c: 17
mem: 0.0

i: 0,0,1,0,0,0,0,0,0,1,0,0,0,0,0,0
s: 10
t: 0.190
c: 17
mem: 0.0

i: 0,0,1,0,0,1,1,1,1,0,0,1,0,1,0,1
s: 6
t: 0.107
c: 15
mem: 0.0

i: 0,0,1,0,0,1,1,1,1,1,1,0,4,0,0,0
s: 9
t: 0.096
c: 16
mem: 0.0

i: 1,0,0,1,0,0,0,1,1,1,0,0,4,1,0,1
s: 7
t: 0.110
c: 13
mem: 0.0

i: 1,0,1,0,1,0,0,0,0,1,0,0,6,0,0,0
s: 7
t: 0.138
c: 16
mem: 0.0

i: 1,0,0,1,1,0,0,1,1,1,0,0,2,1,0,0
s: 6
t: 0.117
c: 13
mem: 0.0

i: 0,1,1,0,1,0,0,0,1,1,0,0,2,1,0,0
s: 7
t: 0.126
c: 15
mem: 0.0

i: 1,0,0,1,0,0,0,1,1,1,0,0,4,1,1,1
s: 7
t: 0.105
c: 13
mem: 0.0

i: 0,0,0,0,0,1,1,1,1,0,1,0,0,1,0,0
s: 7
t: 0.141
c: 16
mem: 0.0

i: 1,0,0,1,0,0,0,1,1,1,0,0,2,1,0,0
s: 6
t: 0.133
c: 13
mem: 0.0

i: 0,0,1,0,0,1,0,1,1,0,0,1,0,1,1,0
s: 6
t: 0.141
c: 16
mem: 0.0

i: 0,1,1,0,1,0,0,0,1,1,0,0,2,1,1,0
s: 7
t: 0.128
c: 15
mem: 0.0

i: 0,0,1,0,0,1,1,0,0,0,0,0,8,0,0,1
s: 8
t: 0.119
c: 16
mem: 0.0

i: 0,0,1,0,0,1,1,1,1,1,0,0,4,0,0,0
s: 10
t: 0.106
c: 17
mem: 0.0

i: 0,1,1,0,0,1,1,0,1,1,0,0,2,1,0,1
s: 11
t: 0.159
c: 16
mem: 0.0

i: 0,0,1,0,0,1,0,1,1,0,0,1,0,1,0,0
s: 6
t: 0.129
c: 16
mem: 0.0

i: 1,0,0,1,0,0,1,1,1,1,0,0,4,1,0,1
s: 7
t: 0.101
c: 13
mem: 0.0

i: 1,0,0,1,0,0,1,1,1,1,0,0,4,1,0,0
s: 7
t: 0.099
c: 13
mem: 0.0

i: 1,0,0,1,0,0,0,1,1,1,0,0,4,1,0,0
s: 7
t: 0.113
c: 13
mem: 0.0

i: 1,0,0,1,0,1,1,1,1,1,0,1,2,1,0,1
s: 9
t: 0.124
c: 15
mem: 0.0

i: 0,0,1,0,0,1,1,0,0,0,0,0,6,0,0,0
s: 9
t: 0.135
c: 16
mem: 0.0

i: 1,0,1,1,0,1,1,0,1,1,0,0,4,1,0,1
s: 9
t: 0.162
c: 17
mem: 0.0

i: 0,1,1,0,1,0,1,0,1,1,0,0,2,1,0,0
s: 7
t: 0.135
c: 15
mem: 0.0

i: 0,0,1,0,0,1,1,1,1,0,0,1,0,1,0,0
s: 6
t: 0.125
c: 16
mem: 0.0

i: 0,0,0,1,0,1,1,1,1,1,0,1,0,1,0,1
s: 8
t: 0.139
c: 16
mem: 0.0

i: 1,0,0,1,0,1,1,1,1,1,0,0,4,1,0,1
s: 8
t: 0.103
c: 14
mem: 0.0

i: 0,0,1,0,0,0,1,0,0,0,0,0,0,0,0,0
s: 8
t: 0.141
c: 16
mem: 0.0

i: 1,0,1,0,1,0,0,0,0,1,1,0,6,0,1,0
s: 7
t: 0.125
c: 16
mem: 0.0

i: 0,1,1,0,0,0,1,0,1,1,0,0,2,1,0,1
s: 7
t: 0.153
c: 16
mem: 0.0

i: 0,0,1,0,0,1,0,1,1,1,0,0,4,0,0,0
s: 10
t: 0.108
c: 17
mem: 0.0

i: 0,0,1,0,0,1,1,1,1,0,1,1,0,1,0,1
s: 6
t: 0.113
c: 15
mem: 0.0

i: 0,0,1,0,0,0,1,1,1,1,0,0,4,1,0,0
s: 9
t: 0.149
c: 15
mem: 0.0

i: 0,0,1,0,0,0,0,0,0,1,0,0,6,0,0,0
s: 7
t: 0.150
c: 16
mem: 0.0

i: 1,0,0,1,0,0,0,1,1,1,0,0,4,0,1,0
s: 7
t: 0.125
c: 14
mem: 0.0

i: 0,1,1,0,1,1,0,0,1,1,0,0,2,1,0,0
s: 7
t: 0.123
c: 15
mem: 0.0

i: 1,0,1,0,1,0,0,0,0,1,1,0,6,0,0,0
s: 7
t: 0.142
c: 16
mem: 0.0

i: 1,0,0,1,0,0,0,1,1,1,0,0,2,0,0,1
s: 8
t: 0.114
c: 14
mem: 0.0

i: 0,1,1,0,1,0,1,0,1,1,0,0,2,1,0,1
s: 7
t: 0.144
c: 16
mem: 0.0

i: 0,0,1,0,1,0,1,0,0,1,0,0,6,0,0,0
s: 9
t: 0.173
c: 17
mem: 0.0

i: 0,1,1,0,1,1,1,0,1,1,0,0,2,1,0,0
s: 7
t: 0.123
c: 15
mem: 0.0

i: 1,0,0,1,0,0,1,1,1,1,0,0,2,0,1,1
s: 6
t: 0.136
c: 14
mem: 0.0

i: 0,0,1,0,0,0,0,0,1,1,0,0,4,1,0,1
s: 10
t: 0.179
c: 16
mem: 0.0

i: 1,0,0,1,0,0,1,1,1,1,0,0,4,1,1,1
s: 7
t: 0.109
c: 13
mem: 0.0

i: 0,0,1,0,0,0,1,1,1,1,0,0,0,1,0,0
s: 8
t: 0.131
c: 15
mem: 0.0

i: 0,1,1,0,0,0,1,0,1,1,0,0,2,1,0,0
s: 7
t: 0.123
c: 16
mem: 0.0

i: 1,0,0,1,0,0,0,1,1,1,0,0,4,1,1,0
s: 7
t: 0.101
c: 13
mem: 0.0

i: 0,0,1,0,0,1,1,1,1,1,0,0,4,1,0,0
s: 9
t: 0.144
c: 15
mem: 0.0

i: 0,0,1,0,0,1,1,0,0,0,1,0,0,0,0,0
s: 8
t: 0.134
c: 15
mem: 0.0

i: 0,0,1,0,0,0,1,1,1,1,1,0,0,1,0,0
s: 8
t: 0.135
c: 15
mem: 0.0

i: 0,1,1,0,1,0,0,0,1,1,0,0,2,1,0,1
s: 7
t: 0.159
c: 16
mem: 0.0

i: 1,0,0,1,0,0,0,1,1,1,0,0,2,1,0,1
s: 6
t: 0.130
c: 13
mem: 0.0

i: 0,1,1,0,1,1,0,0,1,1,0,0,2,1,0,1
s: 7
t: 0.132
c: 16
mem: 0.0

i: 1,0,0,1,0,0,1,1,1,1,0,0,4,0,0,1
s: 7
t: 0.139
c: 14
mem: 0.0

i: 0,0,1,0,1,0,0,0,0,1,0,0,6,0,0,0
s: 7
t: 0.137
c: 16
mem: 0.0

i: 0,0,1,0,0,1,1,0,0,0,0,0,5,0,0,0
s: 7
t: 0.126
c: 16
mem: 0.0

i: 1,0,0,1,0,1,1,1,1,1,0,1,0,0,0,1
s: 8
t: 0.133
c: 16
mem: 0.0

i: 0,0,1,0,0,1,1,0,0,0,0,0,4,0,0,0
s: 7
t: 0.122
c: 16
mem: 0.0

i: 0,1,1,0,0,0,0,0,1,1,0,0,2,1,0,1
s: 7
t: 0.162
c: 16
mem: 0.0

max time: 0.19
min time: 0.10
avg time: 0.13

avg calls: 15.20
