avg vars: 7105.30
avg cos: 25672.30
avg cps : 11887.60
i: 1,3,0,-3.693,-0.568,0.727,1.236,0.612,1.5019999999999998,-0.804,-0.763,-0.34600000000000003,0.7879999999999999
s: 6
t: 0.643
c: 14
mem: 0.0

i: 0,6,1,-2.594,0.621,-0.292,0.521,0.26,1.204,-0.337,0.261,-0.332,-0.51
s: 9
t: 0.640
c: 14
mem: 0.0

i: 1,2,1,-1.891,1.776,-0.518,1.461,-1.05,0.5670000000000001,-0.307,1.152,-0.239,0.325
s: 9
t: 0.536
c: 14
mem: 0.0

i: 1,3,0,-2.91,0.918,-0.138,-0.382,0.115,0.29,0.418,0.757,-0.898,-0.189
s: 9
t: 0.707
c: 14
mem: 0.0

i: 0,13,1,-2.7230000000000003,1.975,-0.636,0.336,-0.677,0.156,-0.342,0.479,0.381,-0.7290000000000001
s: 9
t: 0.569
c: 14
mem: 0.0

i: 0,6,1,-2.625,1.551,0.298,0.324,-1.05,0.746,0.067,0.603,0.342,-0.413
s: 9
t: 0.638
c: 14
mem: 0.0

i: 1,3,0,-3.034,-1.274,0.263,1.521,0.66,1.622,-0.361,-0.468,-0.74,0.517
s: 6
t: 0.610
c: 14
mem: 0.0

i: 1,1,1,-2.945,1.724,-0.312,-0.239,-0.447,1.36,0.014,-0.102,0.021,-0.564
s: 9
t: 0.733
c: 14
mem: 0.0

i: 0,12,0,-2.959,1.061,-0.35100000000000003,1.745,-0.851,0.344,-0.373,-0.7290000000000001,0.048,0.815
s: 9
t: 0.558
c: 14
mem: 0.0

i: 0,11,0,-2.527,-0.926,-0.5710000000000001,1.6130000000000002,0.628,1.229,-0.687,-0.8079999999999999,-0.354,0.625
s: 6
t: 0.813
c: 14
mem: 0.0

i: 0,14,0,-3.709,1.665,0.138,1.551,0.975,0.923,-0.396,-0.234,-1.154,0.736
s: 8
t: 0.646
c: 13
mem: 0.0

i: 0,7,1,-3.19,3.1010000000000004,-1.659,-0.182,-0.436,0.828,0.272,0.502,-0.857,-0.516
s: 9
t: 0.676
c: 14
mem: 0.0

i: 1,10,0,-4.058,1.072,0.157,1.136,0.385,-0.687,-0.583,-0.185,-0.3,1.177
s: 8
t: 0.691
c: 14
mem: 0.0

i: 1,4,0,-4.885,3.967,-0.948,0.373,0.255,-0.121,0.43,-0.013,0.018000000000000002,-1.518
s: 7
t: 0.646
c: 14
mem: 0.0

i: 0,9,1,-4.602,3.043,-0.959,0.828,-0.298,0.315,0.423,0.57,0.387,-0.617
s: 9
t: 0.505
c: 14
mem: 0.0

i: 0,9,1,-3.024,3.26,0.35,-0.5770000000000001,-1.183,0.872,0.556,0.762,0.395,-0.665
s: 9
t: 0.702
c: 14
mem: 0.0

i: 0,12,0,-2.926,2.673,-1.242,0.396,-1.029,1.548,0.05,-0.5920000000000001,-0.331,0.595
s: 8
t: 0.716
c: 14
mem: 0.0

i: 0,9,1,-3.894,0.117,-0.407,1.973,0.043,1.891,0.411,-0.095,-0.436,-1.015
s: 7
t: 0.506
c: 14
mem: 0.0

i: 0,6,1,-2.784,1.43,0.145,0.309,-0.931,1.342,0.017,0.589,-0.044,-0.273
s: 9
t: 0.671
c: 14
mem: 0.0

i: 1,0,1,-3.653,0.373,-0.6,1.705,-0.222,1.765,-0.353,0.537,-0.797,-0.813
s: 8
t: 0.428
c: 14
mem: 0.0

i: 1,8,0,-3.1830000000000003,0.154,-0.413,0.923,1.091,0.5820000000000001,-0.447,-0.085,-0.904,0.693
s: 8
t: 0.663
c: 14
mem: 0.0

i: 1,8,0,-1.985,2.161,-0.601,0.424,-0.295,-0.489,0.208,-0.21600000000000005,-0.562,0.079
s: 8
t: 0.586
c: 14
mem: 0.0

i: 1,8,0,-2.922,2.6210000000000004,0.214,0.122,-1.477,-0.173,0.045,1.38,-0.635,-0.757
s: 8
t: 0.738
c: 14
mem: 0.0

i: 0,6,1,-3.824,1.832,1.093,1.024,-1.09,0.56,-0.336,0.299,0.126,1.005
s: 8
t: 0.533
c: 14
mem: 0.0

i: 1,0,1,-3.482,2.524,-0.433,1.048,-1.995,0.902,0.322,0.45,0.377,-0.366
s: 8
t: 0.677
c: 14
mem: 0.0

i: 1,8,0,-2.659,-0.101,-0.687,0.6970000000000001,1.081,1.045,-0.149,0.184,-0.927,0.327
s: 8
t: 0.603
c: 14
mem: 0.0

i: 1,5,1,-1.548,-0.4,-1.659,0.244,-0.101,1.5619999999999998,0.551,1.248,0.129,-0.456
s: 7
t: 0.625
c: 14
mem: 0.0

i: 1,0,1,-3.1710000000000003,0.49,-1.128,0.911,-0.388,2.014,-0.212,0.7070000000000001,-0.551,-0.187
s: 9
t: 0.543
c: 14
mem: 0.0

i: 1,0,1,-2.3680000000000003,1.727,-1.556,1.162,-0.8190000000000001,0.941,-0.5720000000000001,0.345,-0.279,-0.736
s: 9
t: 0.711
c: 14
mem: 0.0

i: 1,5,1,-2.5540000000000003,1.5319999999999998,0.812,0.3670000000000001,-1.208,-0.35200000000000004,-0.252,0.894,0.05,0.084
s: 9
t: 0.651
c: 14
mem: 0.0

i: 1,5,1,-1.495,0.117,-1.134,-0.249,-0.37,1.286,0.348,0.8540000000000001,0.313,-0.376
s: 9
t: 0.610
c: 14
mem: 0.0

i: 1,10,0,-2.813,2.327,-1.246,-0.184,-0.755,0.491,1.202,-0.5579999999999999,-0.669,0.054000000000000006
s: 8
t: 0.764
c: 14
mem: 0.0

i: 0,14,0,-4.047,0.913,0.7340000000000001,1.479,0.258,0.206,-1.117,-0.423,-0.336,0.982
s: 9
t: 0.521
c: 14
mem: 0.0

i: 0,13,1,-4.022,0.941,-0.623,1.461,0.02,1.904,-0.07400000000000001,0.464,-0.541,-0.211
s: 9
t: 0.624
c: 14
mem: 0.0

i: 0,11,0,-3.439,1.007,0.02,1.491,0.777,0.257,-0.777,-0.282,-0.7070000000000001,0.746
s: 8
t: 0.661
c: 13
mem: 0.0

i: 0,13,1,-3.911,3.703,-1.965,0.132,-0.209,0.929,0.8109999999999999,0.495,-0.142,-0.519
s: 8
t: 0.787
c: 14
mem: 0.0

i: 1,2,1,-2.867,1.391,-0.8170000000000001,1.595,-0.883,1.143,-0.4270000000000001,1.159,0.17,-0.456
s: 10
t: 0.633
c: 14
mem: 0.0

i: 0,7,1,-3.117,0.146,-1.228,1.635,0.223,2.026,0.036000000000000004,0.569,-1.15,-0.767
s: 7
t: 0.543
c: 14
mem: 0.0

i: 0,13,1,-2.385,1.01,-0.754,0.37,0.785,0.471,0.415,0.318,-0.797,-0.679
s: 8
t: 0.765
c: 14
mem: 0.0

i: 1,1,1,-3.082,1.633,-0.118,-0.147,-0.484,1.176,-0.086,-0.07200000000000001,0.086,-0.564
s: 9
t: 0.670
c: 14
mem: 0.0

i: 1,3,0,-3.893,3.69,0.079,-0.151,-1.093,-0.518,0.198,1.5830000000000002,-0.257,-0.16899999999999998
s: 9
t: 0.568
c: 14
mem: 0.0

i: 0,6,1,-3.888,3.085,0.436,0.142,-1.526,-0.052000000000000005,-0.503,1.085,0.511,0.976
s: 8
t: 0.635
c: 14
mem: 0.0

i: 0,13,1,-2.346,1.604,-0.28300000000000003,0.393,-0.416,0.268,-0.463,0.387,0.253,-0.504
s: 10
t: 0.548
c: 14
mem: 0.0

i: 1,3,0,-2.681,0.531,0.252,1.239,0.469,-0.339,-0.652,-0.417,-0.246,0.412
s: 10
t: 0.504
c: 14
mem: 0.0

i: 0,13,1,-3.823,3.536,-2.07,0.245,-0.442,1.125,0.73,0.5379999999999999,-0.006,-0.64
s: 8
t: 0.699
c: 14
mem: 0.0

i: 1,4,0,-3.006,1.4069999999999998,-0.875,0.945,-0.495,0.721,0.212,0.75,-0.037000000000000005,-1.054
s: 9
t: 0.673
c: 14
mem: 0.0

i: 1,2,1,-2.574,1.814,-0.16699999999999998,1.826,-1.156,0.12,-0.609,1.543,0.11,0.75
s: 8
t: 0.572
c: 14
mem: 0.0

i: 1,4,0,-4.0760000000000005,3.3360000000000003,-0.688,0.677,-1.472,0.461,0.682,0.7240000000000001,0.7170000000000001,-0.409
s: 9
t: 0.666
c: 14
mem: 0.0

i: 1,2,1,-3.545,1.926,-0.512,1.732,-1.109,1.006,0.021,0.82,0.731,-0.639
s: 9
t: 0.736
c: 14
mem: 0.0

i: 1,0,1,-3.141,1.873,-1.131,0.941,-0.759,1.224,-0.354,0.016,-0.218,-0.568
s: 10
t: 0.562
c: 14
mem: 0.0

i: 1,1,1,-4.136,3.582,-0.407,-0.038,-0.687,1.031,0.491,0.157,0.305,0.028
s: 9
t: 0.714
c: 14
mem: 0.0

i: 1,4,0,-2.515,1.34,-0.84,0.511,-0.4920000000000001,0.098,0.047,-0.68,-0.28300000000000003,0.168
s: 9
t: 0.546
c: 14
mem: 0.0

i: 1,4,0,-3.389,2.762,-0.71,-0.026,-0.6409999999999999,0.112,0.775,0.443,-0.11,-0.979
s: 9
t: 0.641
c: 14
mem: 0.0

i: 1,0,1,-2.635,2.147,-1.129,0.911,-1.4069999999999998,1.095,-0.071,0.118,0.139,-0.685
s: 9
t: 0.695
c: 14
mem: 0.0

i: 0,6,1,-1.222,0.491,-0.716,0.004,-0.32299999999999995,1.108,-0.14800000000000002,0.773,0.387,-0.073
s: 9
t: 0.559
c: 14
mem: 0.0

i: 0,11,0,-2.411,3.85,-1.405,-0.302,-0.398,1.069,0.21600000000000005,-0.29100000000000004,-1.116,1.043
s: 9
t: 0.661
c: 14
mem: 0.0

i: 0,7,1,-4.884,3.63,-0.279,0.496,-0.67,0.792,-0.005,-0.13699999999999998,0.532,-0.184
s: 7
t: 0.674
c: 14
mem: 0.0

i: 0,7,1,-2.521,2.283,-0.954,0.232,-0.918,0.253,-0.094,0.833,-0.7040000000000001,-0.092
s: 9
t: 0.772
c: 14
mem: 0.0

i: 1,1,1,-3.054,3.104,-0.513,-0.085,-0.952,0.299,-0.269,0.459,0.892,-0.308
s: 9
t: 0.768
c: 14
mem: 0.0

i: 1,5,1,-2.464,1.968,0.026,0.078,-0.542,0.07400000000000001,0.051,0.596,0.26,-0.4370000000000001
s: 8
t: 0.705
c: 14
mem: 0.0

i: 1,10,0,-5.011,4.976,-0.868,-1.215,0.17,-0.018000000000000002,0.5429999999999999,0.154,-0.841,0.7070000000000001
s: 9
t: 0.826
c: 14
mem: 0.0

i: 1,4,0,-3.462,2.648,-0.447,0.0,-0.416,0.767,0.569,-0.07200000000000001,-0.08,-0.7979999999999999
s: 9
t: 0.674
c: 14
mem: 0.0

i: 1,1,1,-2.922,1.516,-0.002,-0.353,-0.464,1.1840000000000002,0.383,-0.175,-0.34600000000000003,-0.033
s: 10
t: 0.771
c: 14
mem: 0.0

i: 0,9,1,-2.9730000000000003,3.557,-0.396,-0.7190000000000001,-0.669,0.923,0.293,1.009,0.14,-1.098
s: 9
t: 0.751
c: 14
mem: 0.0

i: 1,5,1,-2.834,0.654,0.733,1.4340000000000002,-0.716,-0.028,-0.841,0.239,0.92,0.885
s: 8
t: 0.746
c: 14
mem: 0.0

i: 1,3,0,-4.497,3.018,0.609,0.115,0.6729999999999999,0.7090000000000001,-0.03,0.861,-0.7040000000000001,-1.038
s: 9
t: 0.707
c: 14
mem: 0.0

i: 1,4,0,-2.75,1.475,-0.848,0.364,-0.275,0.02,-0.003,-0.782,-0.29100000000000004,0.16699999999999998
s: 9
t: 0.538
c: 14
mem: 0.0

i: 0,6,1,-4.848,1.115,0.932,1.615,-0.589,0.5920000000000001,-0.446,-0.366,-0.447,1.294
s: 8
t: 0.726
c: 14
mem: 0.0

i: 1,5,1,-2.483,0.81,0.185,0.284,-0.917,0.73,-0.111,0.613,0.373,0.184
s: 9
t: 0.777
c: 14
mem: 0.0

i: 0,6,1,-2.499,0.119,-0.82,0.34600000000000003,0.34700000000000003,1.696,0.245,0.6890000000000001,-0.084,-0.596
s: 8
t: 0.617
c: 13
mem: 0.0

i: 1,4,0,-3.347,-0.159,-0.414,0.922,0.973,0.978,0.929,-1.211,-1.268,0.278
s: 6
t: 0.551
c: 14
mem: 0.0

i: 1,8,0,-2.21,0.6609999999999999,-0.581,1.139,0.238,0.07400000000000001,-0.625,-0.366,-0.326,0.557
s: 9
t: 0.615
c: 14
mem: 0.0

i: 1,0,1,-3.559,2.126,-0.445,1.053,-1.765,0.349,0.546,0.321,0.443,-0.118
s: 8
t: 0.708
c: 14
mem: 0.0

i: 0,7,1,-3.871,1.694,-0.606,1.4280000000000002,0.044,0.8440000000000001,-0.013,0.126,-1.218,-0.5529999999999999
s: 9
t: 0.507
c: 13
mem: 0.0

i: 0,7,1,-2.937,2.1830000000000003,-1.291,0.355,-0.3720000000000001,0.57,0.045,0.452,-0.705,-0.263
s: 9
t: 0.643
c: 14
mem: 0.0

i: 1,0,1,-3.065,2.372,-1.002,0.496,-1.295,0.86,0.327,-0.404,0.067,-0.155
s: 9
t: 0.601
c: 14
mem: 0.0

i: 1,3,0,-4.077,2.542,0.039,0.08199999999999999,0.218,0.393,0.324,0.399,-0.6579999999999999,-0.964
s: 9
t: 0.763
c: 14
mem: 0.0

i: 1,2,1,-2.274,1.653,-0.226,1.857,-0.971,0.327,-0.605,1.121,0.121,0.29100000000000004
s: 9
t: 0.586
c: 14
mem: 0.0

i: 0,9,1,-4.103,3.812,0.255,-0.103,-0.994,0.097,-0.345,2.039,0.02,-0.43
s: 9
t: 0.590
c: 14
mem: 0.0

i: 1,2,1,-3.693,3.067,-0.273,1.619,-1.905,0.045,0.006,1.347,0.34600000000000003,0.36
s: 8
t: 0.594
c: 14
mem: 0.0

i: 1,1,1,-1.804,0.431,-1.0,-0.4270000000000001,-0.094,0.848,0.084,0.636,-0.275,-0.214
s: 7
t: 0.678
c: 14
mem: 0.0

i: 1,8,0,-2.353,2.897,-0.433,-0.193,-0.715,0.359,0.26,0.273,-1.206,0.36
s: 8
t: 0.636
c: 14
mem: 0.0

i: 1,3,0,-2.939,2.157,-0.451,-0.209,-0.88,0.6970000000000001,0.823,-0.035,-0.7440000000000001,-0.193
s: 8
t: 0.719
c: 14
mem: 0.0

i: 1,3,0,-2.846,1.01,-0.219,-0.083,0.091,0.076,0.442,0.509,-1.181,-0.021
s: 9
t: 0.720
c: 14
mem: 0.0

i: 0,7,1,-4.074,4.187,-0.555,0.052000000000000005,-1.6030000000000002,0.73,-0.061,0.981,0.249,-0.25
s: 8
t: 0.681
c: 14
mem: 0.0

i: 0,13,1,-3.285,1.547,-0.897,0.917,0.127,0.402,-0.011,0.502,-0.557,-0.715
s: 9
t: 0.687
c: 14
mem: 0.0

i: 0,14,0,-3.811,2.123,0.278,1.5519999999999998,0.754,0.4920000000000001,-0.584,-0.433,-0.988,0.652
s: 10
t: 0.618
c: 13
mem: 0.0

i: 0,7,1,-2.029,0.698,-1.482,0.813,-0.6809999999999999,0.422,0.016,0.7509999999999999,-0.3,-0.237
s: 9
t: 0.622
c: 14
mem: 0.0

i: 0,14,0,-3.924,2.7260000000000004,0.414,-0.155,-0.02,0.893,-0.188,0.552,-0.507,-0.617
s: 8
t: 0.720
c: 14
mem: 0.0

i: 1,5,1,-3.772,0.904,-0.195,0.317,-0.473,1.31,-0.043,0.898,0.536,0.503
s: 8
t: 0.569
c: 14
mem: 0.0

i: 0,13,1,-3.977,3.684,-1.242,-0.364,-0.217,0.594,0.759,0.6,0.069,-0.25
s: 9
t: 0.681
c: 14
mem: 0.0

i: 0,6,1,-2.968,2.149,0.13,0.6759999999999999,-0.79,0.112,-0.507,0.762,0.625,-0.272
s: 9
t: 0.666
c: 14
mem: 0.0

i: 0,11,0,-3.35,2.713,-0.472,0.4,-0.196,0.248,-0.224,0.53,-0.358,-0.091
s: 9
t: 0.767
c: 14
mem: 0.0

i: 1,4,0,-3.012,1.628,-0.8340000000000001,0.975,-0.299,0.926,0.174,0.836,-0.239,-1.144
s: 9
t: 0.804
c: 14
mem: 0.0

i: 0,13,1,-3.242,2.901,-0.632,-0.332,-0.421,0.226,0.536,0.142,0.623,-0.616
s: 9
t: 0.736
c: 14
mem: 0.0

i: 1,3,0,-2.497,1.607,-0.621,-0.446,-0.226,-0.152,1.16,0.122,-0.809,0.495
s: 9
t: 0.583
c: 14
mem: 0.0

i: 0,13,1,-2.101,1.5019999999999998,-0.322,-0.363,0.026,0.116,0.162,-0.07400000000000001,-0.106,-0.397
s: 8
t: 0.554
c: 14
mem: 0.0

i: 0,14,0,-3.661,0.3,0.53,1.816,0.333,0.444,-0.858,-0.732,-0.809,0.995
s: 9
t: 0.497
c: 14
mem: 0.0

i: 0,11,0,-2.021,2.4930000000000003,-0.416,-0.116,0.094,-0.033,-0.4,-0.08,-0.136,0.069
s: 8
t: 0.632
c: 14
mem: 0.0

i: 0,11,0,-2.898,3.393,-0.409,-0.993,-0.5870000000000001,1.3219999999999998,0.24,0.231,-1.068,-0.094
s: 9
t: 0.642
c: 14
mem: 0.0

i: 0,6,1,-2.696,3.129,-0.52,0.294,-0.989,0.019,-0.066,1.106,0.361,-0.396
s: 9
t: 0.745
c: 14
mem: 0.0

i: 1,3,0,-3.003,1.163,-0.45,0.328,0.097,0.574,0.4270000000000001,-0.017,-1.146,-0.06
s: 9
t: 0.744
c: 14
mem: 0.0

i: 0,13,1,-4.039,3.506,-0.964,0.041,-0.4,0.976,0.65,0.659,-0.21600000000000005,-0.327
s: 9
t: 0.746
c: 14
mem: 0.0

i: 0,9,1,-3.983,3.695,0.096,-0.333,-1.01,0.16899999999999998,-0.108,1.6740000000000002,0.262,-0.231
s: 8
t: 0.629
c: 14
mem: 0.0

i: 0,14,0,-3.095,2.8510000000000004,-0.816,-0.396,-0.603,1.09,0.5670000000000001,0.743,-0.677,0.052000000000000005
s: 9
t: 0.711
c: 14
mem: 0.0

i: 0,7,1,-3.485,1.092,-0.674,1.395,-0.027000000000000003,1.039,-0.047,0.384,-0.7609999999999999,-0.934
s: 9
t: 0.651
c: 13
mem: 0.0

i: 0,7,1,-1.951,1.6840000000000002,-1.039,0.586,-1.166,0.345,0.33,-0.108,-0.198,-0.609
s: 7
t: 0.663
c: 14
mem: 0.0

i: 0,6,1,-2.696,1.26,0.436,0.657,-1.161,0.805,0.062,0.575,0.182,-0.334
s: 9
t: 0.715
c: 14
mem: 0.0

i: 1,10,0,-5.058,2.236,1.381,1.885,-0.259,-0.483,-0.562,0.123,-0.063,0.6629999999999999
s: 7
t: 0.570
c: 14
mem: 0.0

i: 1,4,0,-2.591,1.809,-0.659,-0.016,-0.6729999999999999,0.588,0.084,0.182,-0.094,-0.3720000000000001
s: 8
t: 0.744
c: 14
mem: 0.0

i: 0,12,0,-3.318,3.395,-1.706,0.753,-0.214,1.431,0.0,-0.192,-1.33,0.03
s: 9
t: 0.733
c: 14
mem: 0.0

i: 1,3,0,-3.958,3.922,0.15,-0.265,-1.2009999999999998,-0.249,0.202,1.163,-0.049,-0.039
s: 9
t: 0.618
c: 14
mem: 0.0

i: 0,13,1,-2.9610000000000003,0.7659999999999999,-0.8,0.962,0.6579999999999999,1.012,0.34700000000000003,-0.015,-0.425,-0.746
s: 8
t: 0.674
c: 13
mem: 0.0

i: 0,9,1,-2.817,1.268,-1.127,0.7070000000000001,0.399,0.406,0.289,0.319,-0.691,-0.379
s: 11
t: 0.605
c: 14
mem: 0.0

i: 0,6,1,-2.677,0.486,-0.061,0.517,0.222,1.102,-0.425,-0.096,-0.373,-0.484
s: 9
t: 0.709
c: 14
mem: 0.0

i: 1,3,0,-1.693,0.807,-0.038,-0.051,-0.174,-0.3720000000000001,0.117,0.053,-0.611,0.3
s: 8
t: 0.553
c: 14
mem: 0.0

i: 0,9,1,-3.337,-0.34700000000000003,-0.79,2.129,-0.058,2.079,0.295,0.246,-0.687,-1.241
s: 6
t: 0.507
c: 14
mem: 0.0

i: 1,8,0,-2.812,1.954,-0.6609999999999999,0.109,-0.011,0.11,0.187,0.096,-1.538,0.5920000000000001
s: 8
t: 0.891
c: 14
mem: 0.0

i: 0,6,1,-4.982,1.538,0.96,1.253,-0.64,0.588,-0.484,-0.31,-0.246,1.18
s: 8
t: 0.696
c: 14
mem: 0.0

i: 0,7,1,-1.929,0.777,-1.415,0.598,-0.579,0.215,-0.061,0.733,-0.333,-0.235
s: 7
t: 0.552
c: 14
mem: 0.0

i: 1,4,0,-2.656,1.263,-0.527,0.464,-0.612,0.6679999999999999,-0.16,0.857,-0.416,-0.596
s: 9
t: 0.635
c: 14
mem: 0.0

i: 0,13,1,-3.3110000000000004,2.946,-0.8079999999999999,-0.3,-0.457,0.324,0.515,0.149,0.5329999999999999,-0.718
s: 9
t: 0.684
c: 14
mem: 0.0

i: 0,13,1,-2.318,1.097,-0.8320000000000001,0.26,0.821,0.588,0.402,0.327,-0.852,-0.773
s: 8
t: 0.587
c: 14
mem: 0.0

i: 1,2,1,-2.043,1.95,-0.435,1.341,-1.0490000000000002,0.5579999999999999,-0.237,1.237,-0.28300000000000003,0.306
s: 10
t: 0.564
c: 14
mem: 0.0

i: 0,12,0,-3.797,4.314,-1.596,-0.476,0.044,0.903,0.129,-0.141,-0.6459999999999999,-0.318
s: 8
t: 0.519
c: 14
mem: 0.0

i: 0,6,1,-2.073,0.08800000000000001,-0.73,0.29600000000000004,-0.28600000000000003,1.75,0.154,1.078,0.294,-0.174
s: 8
t: 0.497
c: 13
mem: 0.0

i: 0,13,1,-2.639,1.88,-0.389,0.204,-0.5710000000000001,0.094,-0.233,0.279,0.426,-0.598
s: 9
t: 0.567
c: 14
mem: 0.0

i: 1,8,0,-5.211,2.544,0.82,-0.333,0.447,0.226,0.127,0.89,-1.389,-0.304
s: 9
t: 0.604
c: 14
mem: 0.0

i: 1,5,1,-1.507,-0.457,-1.7280000000000002,0.256,-0.081,1.571,0.556,1.291,0.121,-0.456
s: 6
t: 0.560
c: 14
mem: 0.0

i: 0,6,1,-2.484,0.5589999999999999,0.624,1.951,-0.6459999999999999,0.381,-1.106,0.036000000000000004,0.24,1.291
s: 9
t: 0.762
c: 14
mem: 0.0

i: 0,13,1,-4.052,3.747,-1.24,-0.299,-0.426,0.917,0.517,0.716,-0.21,-0.125
s: 8
t: 0.540
c: 14
mem: 0.0

i: 0,14,0,-3.176,2.997,-1.098,-0.371,-0.418,1.318,0.48,0.472,-0.8140000000000001,0.106
s: 9
t: 0.597
c: 14
mem: 0.0

i: 0,14,0,-3.048,2.817,-0.703,-0.396,-0.639,0.92,0.674,0.6859999999999999,-0.611,-0.053
s: 8
t: 0.789
c: 14
mem: 0.0

i: 0,11,0,-3.818,3.159,-0.298,-0.058,-0.348,0.194,0.593,0.211,0.531,-0.014
s: 9
t: 0.622
c: 14
mem: 0.0

i: 1,10,0,-3.417,1.984,-1.148,0.234,-0.778,0.411,0.494,0.13,-0.7040000000000001,0.764
s: 9
t: 0.513
c: 14
mem: 0.0

i: 1,8,0,-3.208,-0.608,-0.516,1.098,1.529,1.069,0.18600000000000005,-0.947,-0.248,-0.059
s: 6
t: 0.618
c: 14
mem: 0.0

i: 0,14,0,-3.239,3.083,-1.4269999999999998,-0.202,-0.282,1.421,0.5760000000000001,0.068,-0.914,0.147
s: 9
t: 0.682
c: 14
mem: 0.0

i: 1,3,0,-3.485,-0.86,0.5820000000000001,1.501,0.578,1.48,-0.6629999999999999,-0.602,-0.318,0.575
s: 6
t: 0.703
c: 14
mem: 0.0

i: 0,14,0,-4.008,2.141,-0.18,1.041,0.688,0.7120000000000001,-0.879,-0.201,-1.0659999999999998,-0.5489999999999999
s: 10
t: 0.473
c: 14
mem: 0.0

i: 0,13,1,-2.4530000000000003,-0.32,-1.368,1.04,0.174,1.985,0.158,0.59,-1.318,-0.5870000000000001
s: 6
t: 0.586
c: 14
mem: 0.0

i: 0,6,1,-3.366,-0.826,-0.405,1.643,0.603,1.226,0.524,0.293,-0.858,-0.6679999999999999
s: 6
t: 0.625
c: 14
mem: 0.0

i: 0,13,1,-3.209,1.85,-0.394,0.555,0.425,0.313,0.067,0.077,-0.163,-0.944
s: 8
t: 0.761
c: 14
mem: 0.0

i: 0,13,1,-2.957,0.596,-0.7559999999999999,0.89,0.58,0.836,0.5429999999999999,0.036000000000000004,-0.232,-0.579
s: 9
t: 0.702
c: 14
mem: 0.0

i: 1,5,1,-4.066,1.05,-0.049,0.458,-0.35700000000000004,1.331,-0.129,0.848,0.509,0.317
s: 9
t: 0.480
c: 14
mem: 0.0

i: 1,2,1,-2.53,1.492,-0.936,1.21,-1.154,1.3159999999999998,-0.267,1.149,0.226,-0.77
s: 9
t: 0.661
c: 14
mem: 0.0

i: 1,0,1,-2.596,1.56,-1.249,0.6559999999999999,-1.095,1.2919999999999998,-0.55,1.006,-0.15,-0.5529999999999999
s: 9
t: 0.675
c: 14
mem: 0.0

i: 1,3,0,-3.661,3.266,-0.117,-0.237,-0.755,0.092,0.6859999999999999,0.381,-0.58,-0.687
s: 10
t: 0.738
c: 14
mem: 0.0

i: 1,2,1,-2.607,2.406,-0.08800000000000001,1.586,-1.477,0.16399999999999998,-0.527,1.551,0.033,0.522
s: 8
t: 0.657
c: 14
mem: 0.0

i: 1,5,1,-1.388,0.215,-1.105,-0.295,-0.39,1.2819999999999998,0.35600000000000004,0.816,0.292,-0.376
s: 9
t: 0.592
c: 14
mem: 0.0

i: 1,3,0,-2.555,1.421,-0.8,-0.233,-0.078,0.244,0.7709999999999999,-0.112,-0.7070000000000001,0.165
s: 9
t: 0.510
c: 14
mem: 0.0

i: 1,5,1,-2.314,1.494,0.294,0.245,-0.769,0.05,-0.068,0.8190000000000001,0.618,-0.5720000000000001
s: 8
t: 0.689
c: 14
mem: 0.0

i: 1,4,0,-4.744,3.385,-0.8859999999999999,0.5710000000000001,0.235,0.183,0.35700000000000004,0.04,0.203,-1.68
s: 7
t: 0.591
c: 14
mem: 0.0

i: 1,8,0,-2.514,0.5579999999999999,-0.777,1.2990000000000002,0.027000000000000003,0.247,-0.487,-0.653,-0.028,0.481
s: 9
t: 0.529
c: 14
mem: 0.0

i: 0,7,1,-4.235,3.775,-1.5930000000000002,0.8140000000000001,0.28800000000000003,0.805,-0.5660000000000001,-0.247,-0.409,-0.556
s: 9
t: 0.724
c: 14
mem: 0.0

i: 1,8,0,-4.415,3.737,-1.3130000000000002,-0.815,0.168,0.59,0.975,0.42,-0.825,-0.748
s: 9
t: 0.400
c: 14
mem: 0.0

i: 1,1,1,-3.963,3.938,0.466,-0.564,-1.042,-0.064,0.241,0.888,-0.032,0.7979999999999999
s: 8
t: 0.559
c: 14
mem: 0.0

i: 1,4,0,-4.188,3.229,-0.456,1.077,-1.385,-0.104,0.459,0.5579999999999999,0.701,-0.32
s: 8
t: 0.628
c: 14
mem: 0.0

i: 1,8,0,-2.729,2.104,-0.505,0.138,-0.5329999999999999,0.455,0.14800000000000002,-0.407,-1.0590000000000002,0.625
s: 9
t: 0.555
c: 14
mem: 0.0

i: 1,8,0,-5.02,2.551,0.562,-0.136,0.531,-0.064,0.373,0.631,-1.4069999999999998,-0.267
s: 9
t: 0.539
c: 14
mem: 0.0

i: 0,7,1,-1.998,1.497,-1.005,0.519,-1.236,0.398,0.273,0.151,-0.319,-0.49
s: 7
t: 0.532
c: 14
mem: 0.0

i: 1,2,1,-3.972,2.279,-0.62,0.954,-1.09,0.7190000000000001,0.7170000000000001,0.3,1.3090000000000002,0.171
s: 8
t: 0.529
c: 14
mem: 0.0

i: 0,13,1,-3.117,2.8760000000000003,-0.746,-0.047,-0.4270000000000001,-0.053,0.453,0.305,0.541,-0.489
s: 9
t: 0.666
c: 14
mem: 0.0

i: 0,9,1,-3.863,3.245,-0.996,0.486,-0.348,0.19,0.5579999999999999,1.342,0.17600000000000002,-0.318
s: 8
t: 0.678
c: 14
mem: 0.0

i: 1,10,0,-3.85,2.28,-1.055,-0.335,-0.16399999999999998,0.41,0.913,-0.391,-0.338,0.26
s: 10
t: 0.609
c: 14
mem: 0.0

i: 1,3,0,-3.682,3.672,0.041,-0.508,-0.905,0.028,0.4920000000000001,0.654,-0.722,-0.318
s: 9
t: 0.655
c: 14
mem: 0.0

i: 0,6,1,-3.81,1.91,0.527,0.478,-0.972,0.945,-0.28,0.7190000000000001,0.482,0.8290000000000001
s: 10
t: 0.699
c: 14
mem: 0.0

i: 1,8,0,-1.885,2.214,-0.6729999999999999,0.147,-0.14800000000000002,-0.4,0.252,-0.098,-0.8740000000000001,0.245
s: 8
t: 0.503
c: 14
mem: 0.0

i: 1,4,0,-2.511,1.511,-0.555,0.226,-0.735,0.631,-0.006,0.52,-0.138,-0.6509999999999999
s: 8
t: 0.649
c: 14
mem: 0.0

i: 1,5,1,-2.052,1.483,-0.488,0.041,-0.131,0.273,-0.112,-0.064,0.307,-0.8
s: 8
t: 0.495
c: 14
mem: 0.0

i: 1,3,0,-4.442,2.607,0.596,0.191,0.636,0.679,-0.14,0.774,-0.828,-1.122
s: 9
t: 0.542
c: 14
mem: 0.0

i: 1,1,1,-2.351,1.53,0.086,-0.075,-0.426,0.125,-0.197,0.033,0.848,-0.038
s: 8
t: 0.725
c: 14
mem: 0.0

i: 0,9,1,-2.695,1.119,-0.986,0.172,0.499,0.3720000000000001,0.08800000000000001,0.63,-0.721,-0.256
s: 8
t: 0.606
c: 14
mem: 0.0

i: 1,8,0,-4.964,2.78,0.474,0.047,0.417,-0.328,0.334,0.474,-1.26,-0.221
s: 7
t: 0.535
c: 14
mem: 0.0

i: 0,12,0,-3.792,4.29,-1.531,-0.125,-0.312,0.624,0.324,-0.053,-0.942,-0.301
s: 9
t: 0.582
c: 14
mem: 0.0

i: 1,5,1,-2.0580000000000003,-0.61,-1.497,0.696,0.07200000000000001,1.802,0.626,1.3030000000000002,-0.192,-0.5379999999999999
s: 6
t: 0.581
c: 14
mem: 0.0

i: 0,13,1,-3.265,1.933,-0.316,0.602,0.438,0.336,0.048,0.134,-0.16,-0.991
s: 9
t: 0.671
c: 14
mem: 0.0

i: 0,12,0,-4.052,2.335,-0.415,0.732,0.234,0.426,-0.49,-0.218,-0.618,0.34
s: 9
t: 0.662
c: 14
mem: 0.0

i: 0,6,1,-2.764,1.111,0.727,1.54,-0.855,0.261,-1.11,0.227,0.42,0.991
s: 9
t: 0.463
c: 14
mem: 0.0

i: 0,14,0,-2.584,2.091,-1.4509999999999998,0.889,-0.464,0.285,-0.213,-0.245,-0.138,1.206
s: 9
t: 0.426
c: 14
mem: 0.0

i: 0,6,1,-1.89,0.207,-1.161,0.027000000000000003,-0.047,1.581,0.277,1.129,0.366,-0.25
s: 8
t: 0.577
c: 13
mem: 0.0

i: 0,6,1,-3.108,0.926,-0.389,0.249,-0.461,0.816,-0.226,0.818,0.387,0.303
s: 9
t: 0.738
c: 14
mem: 0.0

i: 1,10,0,-4.151,2.069,-0.605,0.111,0.41,0.354,-0.284,-0.381,-0.507,0.737
s: 9
t: 0.769
c: 14
mem: 0.0

i: 0,13,1,-2.458,1.586,-0.359,0.376,-0.244,0.134,-0.163,0.298,0.444,-0.711
s: 8
t: 0.587
c: 14
mem: 0.0

i: 1,1,1,-3.0580000000000003,1.6780000000000002,-0.35100000000000003,-0.255,0.038,0.6920000000000001,-0.173,0.226,0.202,-0.593
s: 9
t: 0.683
c: 14
mem: 0.0

i: 0,9,1,-3.676,-0.185,-0.563,2.377,0.096,1.854,0.303,0.29600000000000004,-0.358,-1.205
s: 7
t: 0.394
c: 14
mem: 0.0

i: 1,1,1,-2.67,2.696,-0.231,-0.028,-1.014,0.486,-0.13699999999999998,0.448,0.285,-0.482
s: 8
t: 0.624
c: 14
mem: 0.0

i: 1,0,1,-3.665,0.337,-0.6409999999999999,1.791,-0.194,1.686,-0.359,0.57,-0.6759999999999999,-0.841
s: 7
t: 0.417
c: 14
mem: 0.0

i: 0,13,1,-3.338,3.033,-1.189,-0.269,-0.364,0.544,0.491,0.14800000000000002,0.365,-0.931
s: 9
t: 0.666
c: 14
mem: 0.0

i: 1,0,1,-2.312,1.746,-1.51,1.019,-0.99,0.941,-0.488,0.208,0.033,-0.847
s: 9
t: 0.610
c: 14
mem: 0.0

i: 0,14,0,-3.432,2.235,-0.753,0.361,0.435,0.425,-0.193,0.012,-1.166,0.794
s: 9
t: 0.572
c: 14
mem: 0.0

i: 1,5,1,-1.45,0.199,-1.127,-0.281,-0.3720000000000001,1.287,0.369,0.855,0.303,-0.385
s: 9
t: 0.523
c: 14
mem: 0.0

i: 0,12,0,-2.928,2.83,-1.361,0.32299999999999995,-0.7390000000000001,1.431,0.002,-0.172,-0.939,0.607
s: 9
t: 0.510
c: 14
mem: 0.0

i: 0,6,1,-2.505,0.632,-0.593,0.304,0.496,0.8240000000000001,-0.162,0.181,-0.363,-0.764
s: 9
t: 0.552
c: 14
mem: 0.0

i: 1,2,1,-2.52,1.52,-0.959,1.296,-1.103,1.149,-0.268,1.249,0.092,-0.682
s: 9
t: 0.595
c: 14
mem: 0.0

i: 1,5,1,-2.343,0.7879999999999999,0.373,0.4920000000000001,-0.667,0.279,-0.24,0.8270000000000001,0.589,-0.267
s: 8
t: 0.642
c: 14
mem: 0.0

i: 0,7,1,-2.823,2.7430000000000003,-2.012,0.234,-0.919,1.103,0.091,-0.177,-0.14300000000000002,-0.09
s: 8
t: 0.642
c: 14
mem: 0.0

i: 0,7,1,-3.725,1.904,-0.737,0.433,-0.369,1.047,0.12,0.425,-0.6779999999999999,-0.391
s: 10
t: 0.539
c: 14
mem: 0.0

i: 1,8,0,-2.563,2.829,-0.28300000000000003,-0.368,-1.5930000000000002,0.408,0.121,0.933,-0.946,-0.35600000000000004
s: 9
t: 0.602
c: 14
mem: 0.0

i: 0,11,0,-2.883,3.576,-1.198,-0.562,-0.162,0.974,0.764,-0.03,-1.023,0.34600000000000003
s: 9
t: 0.542
c: 14
mem: 0.0

i: 0,14,0,-3.242,1.615,-0.8290000000000001,1.589,0.09,0.051,-0.504,-0.211,-0.513,1.005
s: 9
t: 0.470
c: 14
mem: 0.0

max time: 0.89
min time: 0.39
avg time: 0.63

avg calls: 13.96
