vars: 2634
clauses: 14508
i: 0.0,0.0,0.0,0.0,0.0,0.0,0.0,0.0,0.0,0.0,0.0,0.0,0.0,0.0,0.0,0.0,0.0,0.0,4.44,0.0,0.0,0.0,0.0,0.0,0.0,0.0,0.0,0.0,0.0,0.0,0.0,0.0,0.0,0.0,0.0,0.0,0.0,0.0,0.0,0.0,0.0,0.0,0.0,0.0,0.0,0.0,0.0,0.0,0.0,0.0,0.0,1.385,0.0,0.0,20.0,169,180
s: 18
t: 3.606
c: 41
mem: 4496.0

i: 0.0,1.16,0.0,0.0,0.0,0.0,0.0,0.0,0.0,0.0,0.0,0.0,0.0,0.0,0.0,0.0,0.0,0.0,1.16,0.0,0.0,0.0,0.0,0.0,0.0,0.0,1.16,0.0,0.0,0.0,0.0,0.0,1.16,0.0,0.0,0.0,0.0,0.0,0.0,0.0,0.0,0.0,0.0,0.0,1.16,0.0,0.0,0.0,0.196,0.39299999999999996,0.0,0.0,0.0,0.0,1.058,2,18
s: 13
t: 3.485
c: 39
mem: 2368.0

i: 0.0,0.0,0.0,0.0,0.0,0.61,0.0,0.0,0.0,0.0,0.0,0.61,0.0,0.0,0.0,0.0,0.0,0.0,1.85,0.0,0.0,0.0,0.0,0.0,0.0,0.0,0.0,0.0,0.0,0.0,0.0,0.0,0.0,0.0,0.0,0.0,0.0,0.0,0.0,0.0,0.0,0.0,0.0,0.0,0.61,0.0,0.0,0.0,0.0,0.0,0.0,0.0,0.0,0.0,1.0,1,35
s: 20
t: 3.075
c: 37
mem: 1392.0

i: 0.0,0.0,0.0,0.0,0.86,0.0,0.0,0.0,0.0,0.0,0.0,0.0,0.0,0.0,0.0,0.0,0.0,0.0,1.73,0.0,0.86,0.0,0.0,0.0,0.0,0.0,0.0,0.0,0.0,0.0,0.0,0.0,0.0,0.0,0.0,0.0,0.0,0.0,0.0,0.0,0.86,0.0,0.0,0.86,0.0,0.86,0.0,0.0,0.0,0.152,0.0,0.457,0.0,0.0,1.192,3,31
s: 24
t: 3.403
c: 40
mem: 1792.0

i: 0.1,0.0,0.1,0.0,0.4,0.1,0.1,0.0,0.2,0.2,0.4,0.5,0.0,0.6,0.0,0.91,0.2,0.0,1.72,4.26,1.72,0.0,0.4,0.2,0.0,0.0,0.0,0.0,0.0,0.0,0.0,0.0,0.0,0.0,0.0,0.0,0.0,0.0,0.0,0.0,0.0,0.0,0.0,0.0,0.0,0.0,0.0,0.0,0.0,0.09300000000000001,0.0,0.297,0.156,0.0,6.8,494,1428
s: 19
t: 3.680
c: 42
mem: 3952.0

i: 0.0,0.0,0.0,0.0,0.0,0.0,0.0,0.0,0.0,0.53,0.0,2.68,0.0,0.0,0.0,0.0,0.0,0.0,0.53,0.0,0.0,0.0,0.0,0.0,0.53,0.53,0.0,1.07,0.0,0.0,0.0,0.0,0.0,0.0,0.0,0.53,0.0,0.0,1.07,0.0,0.0,0.0,0.0,0.0,0.0,0.0,0.0,0.0,0.0,0.19399999999999998,0.0,0.0,0.0,0.0,3.7310000000000003,21,153
s: 18
t: 4.255
c: 38
mem: 2384.0

i: 0.0,0.0,0.36,0.0,0.0,0.73,0.0,0.0,0.0,0.0,0.0,1.46,0.36,0.0,0.0,0.0,0.0,0.0,0.0,0.0,0.0,0.0,0.0,0.0,0.0,0.0,0.0,0.0,0.0,0.0,0.0,0.0,0.0,0.0,0.0,0.0,0.36,0.0,0.0,0.0,0.0,0.0,0.0,0.0,0.0,0.0,0.0,0.0,0.0,0.049,0.0,0.049,0.0,0.0,1.919,54,167
s: 20
t: 2.892
c: 38
mem: 944.0

i: 0.0,0.0,0.0,0.0,0.0,0.65,0.0,0.65,0.0,0.65,0.0,1.97,0.0,0.0,0.0,0.0,0.0,0.0,0.0,0.0,0.0,0.0,0.0,0.0,0.0,0.0,0.65,0.0,0.0,0.0,0.0,0.0,0.0,0.0,0.0,0.0,0.0,0.0,0.0,0.0,0.0,0.0,0.0,0.0,0.65,0.0,0.0,0.0,0.10800000000000001,0.10800000000000001,0.0,0.0,0.10800000000000001,0.0,1.9240000000000002,9,102
s: 17
t: 3.347
c: 37
mem: 1056.0

i: 0.0,0.0,1.58,0.0,0.0,0.0,0.0,0.0,0.0,0.0,0.0,0.0,0.0,0.0,0.0,0.0,0.0,0.0,0.0,0.0,0.0,0.0,0.0,0.0,0.0,0.0,0.0,0.0,0.0,0.0,0.0,0.0,0.0,0.0,0.0,1.58,0.0,0.0,1.58,0.0,0.0,0.0,0.0,0.0,0.0,0.0,0.0,0.0,0.0,0.0,0.0,0.0,0.0,0.0,1.464,7,41
s: 19
t: 3.345
c: 37
mem: 976.0

i: 0.0,0.0,0.0,0.0,0.0,0.0,0.0,0.0,0.0,0.85,0.0,0.85,0.0,0.0,0.0,1.28,0.0,0.0,0.85,0.0,0.42,0.0,0.0,0.0,1.7,1.28,0.85,1.28,0.42,0.42,0.42,0.42,0.0,0.42,0.42,0.85,0.42,0.0,0.0,0.42,0.0,0.0,0.42,0.0,0.42,0.0,0.0,0.0,0.0,0.369,0.073,0.0,0.0,0.0,2.44,12,144
s: 16
t: 4.166
c: 38
mem: 928.0

i: 0.0,0.0,0.0,0.0,0.0,0.0,0.0,0.0,0.48,0.0,0.48,0.0,0.0,0.0,0.0,0.48,0.48,0.0,1.44,0.0,2.88,0.0,0.96,0.0,0.0,0.0,0.0,0.0,0.0,0.0,0.0,0.0,0.0,0.0,0.0,0.0,0.0,0.0,0.0,0.0,0.0,0.0,0.0,0.0,0.48,0.0,0.0,0.0,0.0,0.076,0.0,0.305,0.381,0.0,1.8840000000000001,9,98
s: 26
t: 4.467
c: 42
mem: 1664.0

i: 0.47,0.31,0.47,0.0,0.05,0.13,0.05,0.26,0.44,0.76,0.26,0.97,0.58,1.26,0.0,0.26,0.44,0.0,3.25,0.0,1.5,0.0,1.05,0.34,0.0,0.0,0.0,0.0,0.0,0.0,0.0,0.0,0.0,0.0,0.0,0.0,0.0,0.0,0.0,0.0,0.0,0.0,0.0,0.0,0.02,0.0,0.0,0.0,0.004,0.066,0.0,0.322,0.764,0.159,6.1,193,3038
s: 17
t: 4.142
c: 42
mem: 2032.0

i: 0.0,0.0,0.0,0.0,0.0,0.0,0.0,0.0,0.0,0.0,0.0,0.0,1.08,0.0,0.0,0.0,0.0,0.0,2.17,0.0,0.0,0.0,0.0,0.0,0.0,0.0,0.0,0.0,0.0,0.0,0.0,0.0,0.0,0.0,0.0,0.0,1.08,0.0,0.0,0.0,3.26,0.0,0.0,0.0,0.0,3.26,0.0,0.0,0.0,0.0,0.0,0.0,0.0,0.0,3.0660000000000003,10,46
s: 22
t: 5.069
c: 42
mem: 2432.0

i: 0.0,0.0,0.0,0.0,0.0,0.0,0.0,0.0,0.0,0.0,0.0,0.32,0.0,0.0,0.0,0.0,0.0,0.0,0.97,0.0,0.97,0.0,0.0,0.0,1.29,0.64,1.94,0.64,0.64,0.64,0.64,0.64,0.0,0.64,0.64,0.64,0.97,0.0,0.64,0.64,2.26,0.0,0.64,0.0,0.32,1.94,0.0,0.0,0.051,0.255,0.102,0.0,0.0,0.0,2.197,15,156
s: 13
t: 4.614
c: 39
mem: 768.0

i: 0.46,0.0,0.0,0.0,0.69,0.46,0.0,0.46,0.0,0.23,0.23,0.0,1.61,0.0,0.46,0.0,0.92,1.84,1.84,0.0,0.69,0.0,1.61,0.0,0.0,0.0,0.0,0.0,0.0,0.0,0.0,0.0,0.0,0.0,0.0,0.0,0.0,0.0,0.0,0.92,0.0,0.0,0.0,0.0,0.0,0.0,0.0,0.0,0.0,0.037000000000000005,0.0,0.188,0.11199999999999999,0.0,3.105,30,354
s: 20
t: 4.695
c: 41
mem: 3424.0

i: 0.36,0.36,0.0,0.0,1.8,0.0,0.0,0.0,0.0,0.0,0.0,1.44,0.0,0.0,0.0,0.0,0.72,0.0,0.36,0.0,1.08,0.0,0.0,0.0,1.8,0.0,0.0,0.0,0.72,0.36,0.0,0.0,0.0,0.0,0.0,0.0,0.36,0.0,0.0,0.0,0.0,0.0,0.0,0.0,0.0,0.0,0.0,0.0,0.0,0.0,0.0,0.0,0.0,0.0,1.636,12,54
s: 20
t: 4.800
c: 41
mem: 1408.0

i: 0.0,0.0,0.0,0.0,0.0,0.0,0.0,0.0,0.0,0.0,0.0,0.0,0.0,0.0,0.0,0.0,0.0,0.0,0.0,0.0,3.57,0.0,3.57,0.0,0.0,0.0,0.0,0.0,0.0,0.0,0.0,0.0,0.0,0.0,0.0,0.0,0.0,0.0,0.0,0.0,0.0,0.0,0.0,0.0,0.0,0.0,0.0,0.0,0.0,0.0,0.0,0.606,0.606,0.0,3.111,10,28
s: 22
t: 5.084
c: 42
mem: 1360.0

i: 0.0,0.0,0.0,0.0,0.0,0.0,0.0,0.0,0.0,0.0,0.0,0.0,0.0,0.0,0.0,0.0,0.0,0.0,0.0,0.0,0.0,0.0,0.0,0.0,0.0,0.0,20.0,0.0,0.0,0.0,0.0,0.0,0.0,0.0,0.0,0.0,0.0,0.0,0.0,0.0,0.0,0.0,0.0,0.0,0.0,0.0,0.0,0.0,0.0,0.0,0.0,0.0,0.0,0.0,1.0,1,5
s: 13
t: 5.516
c: 40
mem: 1408.0

i: 0.0,0.0,0.0,0.0,0.88,0.0,0.0,0.0,0.0,2.65,0.88,0.0,0.0,0.0,0.0,0.0,0.0,0.0,1.76,0.0,0.0,0.0,0.0,0.0,1.76,0.88,1.76,0.88,0.88,0.88,0.88,0.88,0.0,0.88,0.88,0.88,0.88,0.0,0.88,0.88,0.0,0.0,0.88,0.0,2.65,0.0,0.0,0.0,0.142,0.855,0.0,0.285,0.0,0.0,1.777,12,80
s: 17
t: 5.616
c: 40
mem: 1344.0

i: 0.0,0.0,0.0,0.0,0.0,0.0,0.0,0.0,0.0,0.0,0.0,1.07,0.0,0.0,0.0,0.0,0.0,0.0,1.07,0.0,0.0,0.0,0.0,0.0,0.0,0.0,0.0,0.0,0.0,0.0,0.0,0.0,2.15,0.0,0.0,0.0,0.0,0.0,0.0,0.0,0.0,0.0,0.0,3.22,0.0,0.0,0.0,0.0,0.0,0.0,0.0,0.0,0.0,0.0,1.416,6,68
s: 20
t: 4.096
c: 40
mem: 864.0

i: 0.33,0.0,0.33,0.0,0.0,0.0,0.66,0.0,0.0,0.0,0.0,1.32,0.0,0.0,0.0,0.66,0.99,0.0,2.64,0.0,0.99,0.0,0.66,0.0,0.0,0.0,0.0,0.0,0.0,0.0,0.0,0.0,0.0,0.0,0.0,0.0,0.0,0.0,0.66,0.0,0.0,0.0,0.0,0.0,0.0,0.0,0.0,0.0,0.0,0.11599999999999999,0.0,0.406,0.46399999999999997,0.348,6.932,43,513
s: 20
t: 4.466
c: 39
mem: 1248.0

i: 0.0,0.0,0.0,0.0,0.0,0.0,0.0,0.0,0.0,0.0,0.0,0.0,0.0,0.0,0.0,0.0,0.0,0.0,3.92,0.0,0.0,0.0,0.0,0.0,0.0,0.0,5.88,0.0,0.0,0.0,0.0,0.0,0.0,0.0,0.0,0.0,1.96,0.0,1.96,0.0,0.0,0.0,0.0,0.0,1.96,0.0,0.0,0.0,0.0,0.0,0.0,0.0,0.0,0.0,1.785,6,25
s: 13
t: 5.847
c: 39
mem: 1120.0

i: 0.0,0.82,0.32,0.0,1.14,0.32,0.0,0.16,0.0,0.65,0.0,2.13,0.0,0.0,0.0,0.16,0.0,0.0,1.47,0.0,1.47,0.0,0.98,0.32,0.0,0.0,0.0,0.0,0.0,0.0,0.0,0.0,0.0,0.0,0.0,0.0,0.0,0.0,0.0,0.0,0.0,0.0,0.0,0.16,0.0,0.0,0.0,0.0,0.0,0.0,0.0,0.0,0.29,0.028999999999999998,2.2569999999999997,13,158
s: 21
t: 6.222
c: 42
mem: 2960.0

i: 0.0,14.28,0.0,0.0,0.0,0.0,0.0,0.0,0.0,0.0,0.0,0.0,0.0,0.0,0.0,0.0,0.0,0.0,0.0,0.0,0.0,0.0,0.0,0.0,0.0,0.0,0.0,0.0,0.0,0.0,0.0,0.0,0.0,0.0,0.0,0.0,0.0,0.0,0.0,0.0,0.0,0.0,0.0,0.0,0.0,0.0,0.0,0.0,0.0,0.0,0.0,0.0,0.0,0.0,1.8,5,9
s: 20
t: 4.479
c: 39
mem: 720.0

i: 0.0,0.0,0.0,0.0,0.0,0.0,0.0,0.0,0.0,0.0,0.0,0.0,0.0,0.0,0.0,0.0,0.0,0.0,0.0,0.0,0.0,0.0,0.0,0.0,0.0,0.0,0.0,0.0,0.0,0.0,0.0,0.0,0.0,0.0,0.0,0.0,0.0,0.0,0.0,0.0,0.0,0.0,0.0,0.0,0.0,0.0,0.0,0.0,0.0,0.0,0.0,0.0,0.0,0.0,1.0,1,3
s: 18
t: 6.320
c: 40
mem: 1376.0

i: 0.0,0.0,1.19,0.0,0.0,0.0,0.0,0.0,0.0,0.0,0.0,0.0,0.0,0.0,0.0,0.0,0.0,1.19,0.0,0.0,1.19,0.0,0.0,0.0,4.76,2.38,0.0,1.19,0.0,1.19,1.19,0.0,0.0,0.0,1.19,1.19,0.0,0.0,0.0,0.0,0.0,0.0,0.0,0.0,0.0,0.0,0.0,0.0,0.0,0.28600000000000003,0.0,0.28600000000000003,0.0,0.14300000000000002,2.7239999999999998,13,79
s: 19
t: 4.912
c: 38
mem: 1312.0

i: 0.0,0.0,0.0,0.0,0.0,0.0,0.0,0.0,0.0,0.0,0.0,0.0,0.0,0.0,0.0,0.0,0.0,0.0,0.0,0.0,0.0,0.0,0.0,0.0,0.0,0.0,0.0,0.0,0.0,0.0,0.0,0.0,0.0,0.0,0.0,0.0,0.0,0.0,0.0,0.0,0.0,0.0,0.0,0.0,0.0,0.0,0.0,0.0,0.0,0.1,0.0,0.0,0.0,0.0,2.5,33,125
s: 28
t: 5.229
c: 44
mem: 720.0

i: 0.35,0.0,0.35,0.0,0.0,0.0,0.0,0.0,0.0,0.0,0.0,0.35,0.0,0.0,0.0,0.0,0.0,0.0,1.42,0.0,0.71,0.0,0.0,0.0,0.0,0.0,0.35,0.0,0.0,0.0,0.0,0.0,0.35,0.0,0.0,0.0,0.0,0.0,0.0,0.0,0.0,0.0,0.0,0.0,0.0,0.0,0.0,0.0,0.0,0.0,0.0,0.0,0.0,0.0,1.2919999999999998,4,84
s: 14
t: 5.859
c: 40
mem: 736.0

i: 0.0,0.0,0.0,0.0,0.0,0.0,0.0,0.0,0.0,0.0,0.0,0.0,0.0,0.0,0.0,0.0,0.0,0.0,0.0,0.0,0.0,0.0,0.0,0.0,0.0,0.0,0.07,0.0,0.07,0.0,0.0,0.0,0.07,0.0,0.0,0.0,0.0,0.0,0.0,0.07,0.0,0.0,0.0,0.0,0.0,0.0,0.0,0.0,0.0,0.10400000000000001,0.324,0.0,0.0,0.011000000000000001,4.4110000000000005,28,1866
s: 16
t: 5.958
c: 38
mem: 816.0

i: 0.0,0.0,0.0,0.0,0.0,0.0,0.0,0.0,0.0,0.0,0.0,0.0,0.0,0.0,0.0,0.0,0.0,0.0,4.69,0.0,0.0,0.0,0.0,0.0,0.0,0.0,0.0,0.0,0.0,0.0,0.0,0.0,0.0,0.0,0.0,0.0,0.67,0.0,0.0,0.0,0.0,0.0,0.0,0.0,2.01,2.68,0.0,0.0,0.0,0.102,0.0,0.0,0.0,0.0,3.4,51,119
s: 23
t: 7.719
c: 41
mem: 2112.0

i: 2.0,0.0,0.0,0.0,0.0,0.0,0.0,0.0,0.0,0.0,2.0,2.0,0.0,0.0,0.0,0.0,0.0,0.0,2.0,0.0,8.0,0.0,0.0,0.0,0.0,0.0,0.0,0.0,0.0,0.0,0.0,0.0,0.0,0.0,0.0,0.0,0.0,0.0,0.0,0.0,0.0,0.0,0.0,0.0,0.0,0.0,0.0,0.0,0.0,0.0,0.0,0.0,0.0,0.0,5.888,29,53
s: 29
t: 6.400
c: 45
mem: 992.0

i: 0.98,0.16,0.41,0.0,0.08,0.24,0.0,0.08,0.0,0.49,0.08,0.57,0.9,0.0,0.16,0.0,0.0,0.32,2.46,0.0,1.14,0.0,0.49,1.14,0.0,0.0,0.0,0.0,0.0,0.0,0.0,0.0,0.0,0.0,0.0,0.0,0.0,0.0,0.0,0.0,0.0,0.0,0.0,0.0,0.0,0.0,0.0,0.0,0.0,0.095,0.0,0.7509999999999999,0.255,0.095,4.163,84,712
s: 20
t: 4.674
c: 39
mem: 864.0

i: 0.16,0.0,0.67,0.0,0.33,0.16,0.33,0.84,0.16,0.5,0.33,1.51,0.0,0.0,0.0,0.0,1.68,0.33,2.02,1.68,3.87,0.0,0.0,0.33,0.0,0.0,0.0,0.0,0.0,0.0,0.0,0.0,0.0,0.0,0.0,0.0,0.0,0.0,0.0,0.16,0.0,0.0,0.0,0.0,0.0,0.0,0.0,0.0,0.0,0.22399999999999998,0.0,1.151,0.055999999999999994,0.0,4.928,63,621
s: 21
t: 9.530
c: 42
mem: 2336.0

i: 0.17,0.26,1.21,0.0,0.43,0.6,0.43,0.26,0.69,0.52,0.26,1.3,0.17,0.0,0.6,0.78,0.17,1.39,2.43,0.17,1.13,0.0,0.95,0.17,0.0,0.0,0.0,0.0,0.0,0.0,0.0,0.0,0.0,0.0,0.0,0.0,0.0,0.0,0.0,0.08,0.0,0.0,0.0,0.0,0.08,0.0,0.0,0.0,0.0,0.10800000000000001,0.0,0.271,0.243,0.013000000000000001,6.395,583,1375
s: 17
t: 7.175
c: 41
mem: 1408.0

i: 0.17,0.0,0.08,0.0,0.43,0.08,0.08,0.43,0.08,0.08,0.0,0.6,0.17,0.17,0.0,0.0,0.17,0.08,1.2,0.0,3.14,0.0,0.34,0.08,0.0,0.0,0.0,0.0,0.0,0.0,0.0,0.0,0.0,0.0,0.0,0.0,0.0,0.0,0.0,0.0,0.0,0.0,0.0,0.0,0.0,0.0,0.0,0.0,0.0,0.085,0.027999999999999997,0.092,0.013999999999999999,0.0,4.16,48,1140
s: 22
t: 10.309
c: 45
mem: 2336.0

i: 0.0,0.0,0.0,0.0,0.0,0.0,0.0,0.0,0.0,0.0,0.0,0.0,0.0,0.0,0.0,0.0,0.0,0.0,4.76,0.0,0.0,0.0,0.0,0.0,0.0,0.0,0.0,0.0,0.0,0.0,0.0,0.0,0.0,0.0,0.0,0.0,0.0,0.0,0.0,0.0,0.0,0.0,0.0,0.0,4.76,0.0,0.0,0.0,0.0,0.0,0.0,0.0,0.0,0.0,1.571,3,11
s: 17
t: 8.153
c: 40
mem: 1136.0

i: 0.0,1.1,0.0,0.0,0.55,0.0,0.0,0.0,0.0,1.1,0.0,0.0,0.0,0.0,0.0,0.0,0.0,0.55,0.0,0.0,1.1,0.0,0.0,0.0,0.55,0.55,2.2,0.0,0.0,0.0,0.0,0.55,0.0,0.55,0.0,0.0,1.65,0.0,0.55,0.0,0.0,0.0,1.1,0.0,0.55,0.0,0.0,0.0,0.08800000000000001,0.355,0.08800000000000001,0.177,0.0,0.0,1.867,22,127
s: 16
t: 6.959
c: 39
mem: 1008.0

i: 1.18,0.39,0.59,0.0,0.0,0.98,0.19,0.19,1.38,0.39,0.0,0.98,0.0,0.19,0.0,0.98,0.0,0.0,2.56,0.39,1.38,0.0,0.0,1.38,0.0,0.0,0.0,0.0,0.0,0.0,0.0,0.0,0.0,0.0,0.0,0.0,0.0,0.0,0.0,0.0,0.0,0.0,0.0,0.0,0.0,0.0,0.0,0.0,0.0,0.23,0.0,0.741,0.306,0.025,6.652,76,632
s: 20
t: 6.689
c: 41
mem: 800.0

i: 0.0,0.0,0.0,0.0,4.25,0.0,0.7,0.0,0.0,0.0,0.0,0.0,0.0,0.0,0.0,2.83,0.0,0.0,4.96,0.0,1.41,0.0,0.0,0.0,0.0,0.0,0.0,0.0,0.0,0.0,0.0,0.0,0.0,0.0,0.0,0.0,0.0,0.0,0.0,0.0,0.0,0.0,0.0,0.0,0.0,0.0,0.0,0.0,0.0,0.0,0.0,0.38,0.0,0.0,1.153,3,30
s: 22
t: 12.690
c: 41
mem: 800.0

i: 0.31,0.0,0.0,0.0,0.0,0.0,0.0,0.0,0.0,0.0,0.31,0.31,0.31,0.0,0.0,0.0,0.31,0.0,2.79,0.0,1.55,0.0,0.0,0.0,0.0,0.0,0.0,0.0,0.0,0.0,0.0,0.0,0.0,0.0,0.0,0.31,0.0,0.0,0.0,0.0,0.0,0.0,0.0,0.0,0.0,0.0,0.0,0.0,0.114,0.0,0.0,0.057,0.0,0.0,2.972,18,110
s: 27
t: 9.250
c: 44
mem: 0.0

i: 0.0,0.24,0.0,0.0,0.24,0.0,0.0,0.24,0.0,0.49,0.0,0.0,0.0,1.48,0.0,0.0,0.0,0.0,0.99,0.0,0.0,0.0,0.0,0.0,0.49,0.0,0.24,0.0,0.0,0.0,0.24,0.0,0.0,0.0,0.24,0.0,0.74,0.0,0.0,0.0,0.0,0.0,0.0,0.0,0.0,0.0,0.0,0.0,0.0,0.0,0.0,0.0,0.16,0.0,9.31,235,1108
s: 14
t: 6.153
c: 39
mem: 0.0

i: 0.0,0.0,0.0,0.0,2.17,0.0,0.0,0.0,0.0,0.0,0.0,2.17,0.0,0.0,0.0,2.17,0.0,2.17,6.52,0.0,2.17,0.0,0.0,0.0,0.0,0.0,0.0,0.0,0.0,0.0,0.0,0.0,0.0,0.0,0.0,0.0,0.0,0.0,0.0,0.0,0.0,0.0,0.0,0.0,0.0,0.0,0.0,0.0,0.0,0.0,0.0,0.0,0.0,0.0,1.3330000000000002,5,16
s: 26
t: 8.878
c: 39
mem: 0.0

i: 0.0,0.33,0.33,0.0,1.65,0.33,0.66,0.0,0.0,0.16,0.16,0.99,0.0,0.0,0.0,0.82,0.33,0.16,2.81,0.0,0.99,0.0,0.49,0.33,0.0,0.0,0.0,0.0,0.0,0.0,0.0,0.0,0.16,0.0,0.0,0.0,0.0,0.0,0.0,0.0,0.0,0.0,0.0,0.0,0.0,0.0,0.0,0.0,0.0,0.024,0.07400000000000001,0.248,0.049,0.049,6.1610000000000005,350,727
s: 21
t: 12.530
c: 40
mem: 0.0

i: 0.0,0.0,0.0,0.0,0.98,0.0,0.0,0.0,0.0,0.98,0.98,0.98,0.0,0.0,0.0,0.98,0.0,0.98,2.94,0.0,1.96,0.0,0.0,0.0,0.98,0.98,0.0,0.0,0.0,0.0,0.0,0.0,0.0,0.0,0.0,0.0,0.0,0.0,0.0,0.0,0.0,0.0,0.0,0.0,0.0,0.98,0.0,0.0,0.0,0.0,0.0,0.278,0.0,0.0,2.95,18,59
s: 25
t: 10.462
c: 43
mem: 0.0

i: 0.0,0.56,0.0,0.0,0.0,0.0,0.0,0.0,0.0,0.0,0.0,0.56,0.0,0.0,0.0,0.0,0.0,0.0,2.27,0.0,0.0,0.0,0.0,0.56,0.0,0.0,0.0,0.0,0.0,0.0,0.0,0.0,0.0,0.0,0.0,0.0,0.0,0.0,0.0,0.0,0.0,0.0,0.0,0.56,0.56,0.0,0.0,0.0,0.0,0.099,0.0,0.0,0.0,0.099,1.035,2,29
s: 23
t: 4.412
c: 41
mem: 0.0

i: 0.0,0.0,0.0,0.0,0.0,0.0,0.49,0.99,0.0,2.48,0.0,0.49,0.0,0.0,0.0,0.0,0.0,0.0,0.0,0.0,0.0,0.0,0.0,0.0,3.48,2.48,0.49,0.0,0.0,0.0,0.0,0.0,0.0,0.0,0.0,0.0,1.99,0.0,0.0,0.0,0.0,0.0,0.0,0.0,0.0,0.0,0.0,0.0,0.336,0.588,0.168,0.0,0.0,0.0,5.61,42,331
s: 14
t: 6.683
c: 40
mem: 0.0

i: 0.45,0.68,0.68,0.0,1.92,0.0,0.56,0.45,0.0,0.45,0.22,1.81,0.0,0.0,0.79,0.22,0.11,1.81,2.38,0.0,1.36,0.0,0.11,0.22,0.0,0.0,0.0,0.0,0.0,0.0,0.0,0.0,0.0,0.0,0.0,0.0,0.0,0.0,0.0,0.11,0.0,0.0,0.0,0.0,0.0,0.11,0.0,0.0,0.019,0.057,0.0,0.574,0.134,0.019,3.155,94,385
s: 21
t: 11.373
c: 41
mem: 0.0

i: 0.06,0.0,0.19,0.0,0.06,0.06,0.0,0.0,0.0,0.13,0.0,0.26,0.06,0.0,0.0,0.0,0.0,0.0,0.52,0.0,0.46,0.0,0.0,0.0,2.57,0.92,0.0,0.06,0.13,0.52,0.32,0.0,0.06,0.0,0.26,0.13,0.32,0.0,0.26,0.0,0.0,0.0,0.0,0.0,0.06,0.0,0.0,0.13,0.009000000000000001,0.152,0.0,0.047,0.027999999999999997,0.0,1.9480000000000002,23,836
s: 18
t: 9.565
c: 40
mem: 0.0

i: 0.0,0.0,0.0,0.0,0.68,0.0,0.0,0.0,0.0,0.0,0.0,0.0,0.0,0.0,0.0,0.0,0.0,0.0,0.0,0.0,0.0,0.0,0.0,0.0,0.0,0.34,0.0,0.0,0.0,0.0,0.0,0.0,1.37,0.0,0.0,0.0,0.0,0.0,0.0,0.0,0.0,0.0,0.0,0.0,0.34,0.0,0.0,0.0,0.0,0.14300000000000002,0.0,0.0,0.0,0.0,1.784,18,141
s: 23
t: 7.010
c: 41
mem: 0.0

i: 0.0,0.0,0.0,0.0,0.0,0.0,0.0,0.0,0.0,0.0,0.0,0.0,0.0,0.0,0.0,0.0,0.0,0.68,4.08,0.0,0.68,0.0,0.0,0.0,0.0,0.0,0.0,0.0,0.0,0.0,0.0,0.0,0.0,0.0,0.0,0.0,0.68,0.0,0.0,0.0,0.0,0.68,0.0,0.0,1.36,0.68,0.0,0.0,0.0,0.38,0.0,0.0,0.0,0.0,1.607,6,45
s: 20
t: 11.129
c: 38
mem: 320.0

i: 0.0,0.0,1.28,0.0,0.0,0.0,0.0,0.0,0.0,0.0,0.0,1.28,0.0,0.0,0.0,0.0,0.0,0.0,1.28,0.0,6.41,0.0,0.0,1.28,0.0,0.0,0.0,0.0,0.0,0.0,0.0,0.0,0.0,0.0,0.0,0.0,0.0,0.0,0.0,0.0,0.0,0.0,0.0,0.0,0.0,0.0,0.0,0.0,0.0,0.0,0.0,0.0,0.204,0.0,5.181,25,57
s: 21
t: 8.235
c: 42
mem: 1648.0

i: 0.0,0.62,0.62,0.0,0.0,0.62,0.0,2.82,0.0,0.31,0.31,2.5,0.0,0.0,0.0,2.5,0.0,0.0,5.32,0.31,1.56,0.0,0.0,0.62,0.0,0.0,0.0,0.0,0.0,0.0,0.0,0.0,0.0,0.0,0.0,0.0,0.0,0.0,0.0,0.0,0.0,0.0,0.0,0.0,0.0,0.0,0.0,0.0,0.0,0.055,0.0,0.111,0.111,0.055,1.672,6,92
s: 25
t: 11.557
c: 42
mem: 2368.0

i: 0.0,0.0,0.0,0.0,0.0,0.0,0.0,0.0,1.81,0.0,0.0,0.0,0.0,0.0,0.0,0.0,0.0,0.0,7.27,0.0,1.81,0.0,0.0,0.0,0.0,0.0,1.81,0.0,0.0,0.0,0.0,0.0,0.0,0.0,0.0,0.0,0.0,0.0,0.0,0.0,0.0,0.0,0.0,0.0,0.0,0.0,0.0,0.0,0.0,0.316,0.0,0.0,0.0,0.0,1.125,2,9
s: 11
t: 10.202
c: 40
mem: 1184.0

i: 0.0,0.0,0.5,0.0,0.5,0.0,0.0,0.0,0.0,0.5,0.0,1.01,0.0,0.0,0.0,0.0,0.5,1.01,2.03,0.0,3.04,0.0,0.0,0.0,1.52,0.5,1.01,1.01,0.0,1.01,0.0,0.0,0.0,0.0,1.01,0.0,0.0,0.0,0.0,0.0,0.0,0.0,0.0,0.0,0.0,0.0,0.0,0.0,0.0,0.551,0.0,0.055,0.0,0.0,4.275,45,248
s: 13
t: 7.756
c: 33
mem: 976.0

i: 0.0,0.0,0.0,0.0,0.0,0.0,0.0,0.0,0.0,0.0,1.23,0.0,0.0,0.0,0.0,2.46,0.0,0.0,2.46,0.0,2.46,0.0,0.0,0.0,0.0,0.0,0.0,0.0,0.0,0.0,0.0,0.0,0.0,0.0,0.0,0.0,0.0,0.0,0.0,0.0,0.0,0.0,0.0,0.0,0.0,0.0,0.0,0.0,0.0,0.0,0.0,0.23199999999999998,0.465,0.0,2.687,12,43
s: 22
t: 10.974
c: 42
mem: 1920.0

i: 0.0,0.0,0.0,0.0,0.0,0.0,0.0,0.0,0.0,0.0,0.0,0.0,0.0,0.0,0.0,0.0,0.0,0.0,0.0,0.0,0.0,0.0,0.0,0.0,0.0,0.0,1.92,0.0,0.0,0.0,0.0,0.0,0.0,0.0,0.0,0.0,0.0,0.0,0.0,0.0,0.0,0.0,0.0,0.0,1.92,0.0,0.0,0.0,0.0,0.0,0.0,0.0,0.0,0.0,1.0,1,6
s: 12
t: 12.555
c: 41
mem: 880.0

i: 0.0,0.0,0.83,0.0,1.66,0.41,0.0,0.0,0.0,0.0,0.0,0.41,0.0,0.0,0.0,0.41,0.0,0.0,2.08,0.0,4.16,0.0,0.0,0.0,0.0,0.0,0.0,0.0,0.0,0.0,0.0,0.0,0.0,0.0,0.0,0.0,0.0,0.0,0.0,0.0,0.0,0.0,0.0,0.0,0.0,0.0,0.0,0.0,0.0,0.218,0.0,0.0,0.0,0.0,2.35,12,134
s: 25
t: 8.960
c: 42
mem: 736.0

i: 0.0,0.0,0.0,0.0,0.0,0.0,0.0,0.0,0.0,0.0,0.0,0.0,0.0,0.0,0.0,0.0,0.0,0.0,0.0,0.0,0.0,0.0,0.0,0.0,0.0,0.0,0.0,0.0,0.0,0.0,0.0,0.0,0.0,0.0,0.0,0.0,0.0,0.0,0.0,0.0,0.0,0.0,0.0,0.0,0.0,0.0,0.0,0.0,0.0,0.0,0.0,5.0,0.0,0.0,1.0,1,2
s: 26
t: 18.982
c: 43
mem: 2544.0

i: 0.32,0.0,0.16,0.0,0.0,0.0,0.0,0.0,0.0,0.0,0.0,1.29,0.48,0.0,0.0,0.16,0.0,0.0,2.43,0.0,0.32,0.0,0.0,0.0,0.0,0.0,0.0,0.0,0.0,0.0,0.0,0.0,0.0,0.0,0.0,0.0,0.0,0.0,0.16,0.0,0.0,0.0,0.0,0.0,0.48,0.16,0.0,0.0,0.0,0.0,0.0,0.08199999999999999,0.0,0.0,1.704,47,167
s: 27
t: 6.148
c: 42
mem: 320.0

i: 0.7,0.0,0.35,0.0,0.7,0.35,0.7,0.0,0.7,0.0,0.0,0.0,0.7,0.0,0.0,0.0,1.05,0.0,3.16,0.0,1.4,0.0,0.0,1.05,0.0,0.0,0.0,0.0,0.0,0.0,0.0,0.0,0.0,0.0,0.0,0.0,0.0,0.0,0.0,0.0,0.0,0.0,0.0,0.0,0.0,0.0,0.0,0.0,0.0,0.17300000000000001,0.0,0.23,0.0,0.0,4.596,60,262
s: 23
t: 14.926
c: 43
mem: 1760.0

i: 0.0,0.29,0.29,0.0,0.58,0.0,0.58,0.0,0.0,0.58,0.29,0.29,0.0,0.0,0.0,1.46,0.29,0.87,1.16,0.87,1.16,0.0,0.0,0.0,0.0,0.0,0.0,0.0,0.0,0.0,0.0,0.0,0.0,0.0,0.0,0.0,0.0,0.0,0.0,0.0,0.0,0.0,0.0,0.0,0.29,0.0,0.0,0.0,0.0,0.086,0.0,0.606,0.0,0.043,3.591,37,352
s: 21
t: 17.314
c: 43
mem: 2224.0

i: 0.17,0.0,0.17,0.0,1.45,0.34,0.05,0.05,0.05,0.05,0.05,0.52,0.29,0.05,0.0,0.0,0.69,0.05,4.24,0.23,1.04,0.0,0.75,0.05,0.0,0.0,0.0,0.0,0.0,0.0,0.0,0.0,0.0,0.0,0.0,0.0,0.0,0.0,0.0,0.0,0.0,0.0,0.0,0.0,0.0,0.0,0.0,0.0,0.01,0.051,0.0,0.02,0.163,0.0,1.796,12,460
s: 22
t: 14.725
c: 43
mem: 1760.0

i: 0.0,0.0,0.0,0.0,0.0,0.0,0.0,0.0,0.0,0.0,0.0,0.0,0.0,2.63,0.0,0.0,0.0,0.0,0.0,0.0,0.0,0.0,0.0,0.0,0.0,0.0,0.0,0.0,0.0,0.0,0.0,0.0,0.0,0.0,0.0,0.0,0.0,0.0,0.0,0.0,0.0,0.0,0.0,0.0,0.0,0.0,0.0,0.0,0.0,0.0,0.0,0.0,0.0,0.0,1.8,7,18
s: 17
t: 11.449
c: 38
mem: 816.0

i: 0.17,0.17,0.0,0.0,0.52,0.0,0.0,0.43,0.0,0.17,0.17,0.35,0.0,0.0,0.0,0.87,0.0,0.0,1.4,0.17,0.87,0.0,0.0,0.17,0.0,0.0,0.0,0.0,0.0,0.0,0.0,0.0,0.0,0.0,0.0,0.0,0.0,0.0,0.0,0.0,0.0,0.0,0.0,0.0,0.0,0.0,0.0,0.0,0.0,0.376,0.0,0.25,0.721,0.0,2.742,35,617
s: 21
t: 16.987
c: 45
mem: 3696.0

i: 0.0,0.0,2.43,0.0,0.0,0.0,0.0,0.0,0.27,0.0,0.0,2.16,0.0,0.0,0.0,0.0,0.0,0.0,0.27,0.0,1.62,0.0,0.0,0.0,0.27,0.54,0.0,0.0,0.27,0.0,0.0,0.0,0.27,0.0,0.0,0.0,0.0,0.0,0.0,0.27,0.0,0.0,0.0,0.0,0.0,0.0,0.0,0.0,0.0,0.344,0.0,0.0,0.0,0.0,2.319,12,167
s: 21
t: 12.053
c: 42
mem: 480.0

i: 0.0,0.0,0.0,0.0,0.0,0.0,0.0,0.0,0.0,0.0,0.0,0.0,0.0,0.0,0.0,0.0,0.0,0.0,0.0,0.0,0.0,0.0,0.0,0.0,2.17,0.0,0.0,0.0,0.0,0.0,0.0,0.0,0.0,0.0,2.17,0.0,0.0,0.0,0.0,0.0,0.0,0.0,0.0,0.0,0.0,0.0,0.0,0.0,0.0,0.682,0.0,0.0,0.0,0.0,4.208,15,101
s: 15
t: 5.992
c: 38
mem: 0.0

i: 0.08,0.08,0.76,0.0,0.85,1.02,0.25,0.17,0.59,0.08,0.17,0.59,0.17,0.0,2.21,0.25,0.08,0.93,1.62,0.17,0.42,0.0,0.85,0.08,0.0,0.0,0.0,0.0,0.0,0.0,0.0,0.0,0.0,0.0,0.0,0.0,0.0,0.0,0.0,0.08,0.0,0.0,0.17,0.08,0.08,0.08,0.0,0.0,0.0,0.065,0.0,0.486,0.11800000000000001,0.013000000000000001,7.561,669,1414
s: 16
t: 15.797
c: 42
mem: 2848.0

i: 0.0,0.0,0.0,0.0,0.0,0.0,0.0,0.0,0.0,0.0,0.0,0.0,0.0,0.0,0.0,1.47,0.0,0.0,0.0,0.0,0.0,0.0,0.0,0.0,0.0,0.0,0.0,1.47,0.0,0.0,0.0,0.0,0.0,0.0,0.0,0.0,0.0,0.0,0.0,0.0,0.0,0.0,0.0,0.0,0.0,0.0,0.0,0.0,0.0,0.253,0.253,0.0,0.0,0.0,2.352,17,40
s: 26
t: 14.714
c: 44
mem: 1440.0

i: 1.01,0.33,0.5,13.63,0.0,0.67,0.0,0.16,1.34,0.33,0.0,0.67,0.0,0.16,0.0,0.5,0.0,0.16,2.02,0.33,0.84,0.0,0.0,1.17,0.0,0.0,0.0,0.0,0.0,0.0,0.0,0.0,0.0,0.0,0.0,0.0,0.0,0.0,0.0,0.0,0.0,0.0,0.0,0.0,0.0,0.0,0.0,0.0,0.0,0.204,0.0,0.613,0.22899999999999998,0.051,9.652000000000001,151,888
s: 19
t: 18.466
c: 42
mem: 1776.0

i: 0.0,0.13,0.55,0.0,0.27,0.13,0.0,0.0,0.0,0.27,0.0,1.38,0.0,0.0,0.0,0.13,0.0,0.0,1.94,0.0,0.97,0.0,0.0,0.0,0.13,1.11,0.0,0.0,0.0,0.0,0.0,0.0,0.0,0.0,0.0,0.0,0.55,0.0,0.0,0.0,0.0,0.0,0.13,0.0,0.0,0.0,0.0,0.0,0.075,0.025,0.0,0.025,0.0,0.0,5.695,82,598
s: 21
t: 8.846
c: 39
mem: 384.0

i: 0.0,0.0,0.0,0.0,0.0,0.0,0.0,0.0,0.0,0.0,0.0,0.0,0.0,0.0,0.0,0.0,0.0,0.0,0.0,0.0,0.0,0.0,0.0,0.0,0.0,0.0,0.0,0.0,0.0,0.0,0.0,0.0,0.0,0.0,0.0,0.0,0.0,0.0,0.0,0.0,0.0,0.0,0.0,0.0,0.0,0.0,0.0,0.0,0.0,0.0,0.0,0.0,0.0,0.0,1.166,2,7
s: 18
t: 11.436
c: 39
mem: 1024.0

i: 0.0,0.79,0.0,0.0,0.0,0.0,0.0,0.0,0.0,0.0,0.0,0.0,0.0,0.0,0.0,0.79,1.58,1.58,3.96,0.0,1.58,0.0,0.0,0.0,0.0,0.0,0.0,0.0,0.0,0.0,0.0,0.0,0.0,0.0,0.0,0.0,0.0,0.0,0.0,0.0,0.0,0.0,0.0,0.0,0.79,0.0,0.0,0.0,0.0,0.268,0.0,0.268,0.0,0.0,2.815,26,107
s: 23
t: 16.919
c: 43
mem: 1888.0

i: 0.0,0.0,0.0,0.0,0.0,0.0,0.0,0.0,0.0,0.0,0.0,0.0,0.0,0.0,0.0,0.0,0.0,0.0,2.46,0.0,0.0,0.0,0.0,0.0,0.0,0.0,0.0,0.0,0.0,0.0,0.0,0.0,0.0,0.0,0.0,0.0,0.61,0.0,0.0,0.0,0.0,0.0,0.0,0.0,0.61,0.0,0.0,0.0,0.0,0.11800000000000001,0.0,0.0,0.11800000000000001,0.0,1.59,5,35
s: 20
t: 8.622
c: 36
mem: 0.0

i: 0.0,0.0,0.0,0.0,0.76,0.0,0.0,0.0,0.0,0.0,0.0,0.0,0.0,0.0,0.0,0.0,0.76,0.0,0.0,0.0,0.0,0.0,0.0,0.0,2.3,0.76,0.0,0.0,0.0,1.53,0.0,0.0,0.0,0.0,0.0,0.0,0.0,0.0,0.0,0.0,0.0,0.0,0.0,0.0,0.0,0.0,0.0,0.0,0.0,0.0,0.0,0.0,0.0,0.0,2.3,7,138
s: 21
t: 11.467
c: 39
mem: 96.0

i: 0.0,0.0,0.0,0.0,0.0,0.0,0.0,0.0,0.0,0.0,0.0,0.0,0.0,0.0,0.0,0.0,0.0,0.0,0.0,0.0,0.0,0.0,0.0,0.0,0.0,0.0,0.0,0.0,0.0,0.0,0.0,0.0,0.0,0.0,0.0,0.0,0.0,0.0,0.0,0.0,7.14,0.0,0.0,0.0,0.0,7.14,0.0,0.0,0.0,0.0,0.0,0.0,0.0,0.0,5.5,10,11
s: 22
t: 15.590
c: 41
mem: 2240.0

i: 0.0,0.0,0.0,0.0,1.36,0.45,0.45,0.0,0.0,0.0,0.0,0.0,0.45,0.0,0.0,0.45,0.45,0.45,1.81,0.0,0.9,0.0,0.0,0.0,0.0,0.0,0.0,0.0,0.0,0.0,0.0,0.0,0.0,0.0,0.0,0.0,0.0,0.0,0.0,0.0,0.0,0.0,0.0,0.0,0.0,0.0,0.0,0.0,0.0,0.135,0.0,0.135,0.0,0.0,5.571000000000001,46,117
s: 23
t: 18.439
c: 43
mem: 1936.0

i: 0.0,0.9,0.0,0.0,0.0,0.0,0.0,0.0,0.0,0.0,0.0,0.0,0.0,0.0,0.0,0.9,0.0,1.81,3.63,0.0,2.72,0.0,0.0,0.0,0.0,0.0,0.0,0.0,0.0,0.0,0.0,0.0,0.0,0.0,0.0,0.0,0.0,0.0,0.0,0.0,0.0,0.0,0.0,0.0,0.9,0.0,0.0,0.0,0.0,0.0,0.0,0.165,0.165,0.0,6.266,41,94
s: 20
t: 19.956
c: 40
mem: 2576.0

i: 0.0,0.0,0.0,0.0,0.0,0.0,0.0,0.0,0.0,0.0,0.0,1.03,0.0,0.0,0.0,0.0,0.0,0.0,3.09,0.0,0.0,0.0,0.0,0.0,1.03,0.0,0.0,0.0,0.0,1.03,0.0,0.0,0.0,0.0,0.0,0.0,0.0,0.0,0.0,0.0,0.0,0.0,0.0,0.0,1.03,0.0,0.0,0.0,0.0,0.0,0.0,0.0,0.0,0.0,1.666,7,25
s: 22
t: 10.827
c: 38
mem: 272.0

i: 0.0,0.48,0.48,0.0,0.48,0.0,0.0,0.48,0.0,0.0,0.0,0.96,0.0,0.0,1.92,0.0,0.48,0.96,2.88,0.0,2.88,0.0,1.44,0.0,0.0,0.0,0.0,0.0,0.0,0.0,0.0,0.0,0.0,0.0,0.0,0.0,0.0,0.0,0.0,0.48,0.0,0.0,0.0,0.0,0.0,0.0,0.0,0.0,0.0,0.084,0.0,0.084,0.336,0.0,3.2,12,80
s: 22
t: 18.081
c: 43
mem: 1856.0

i: 0.2,0.0,0.1,0.0,0.0,0.0,0.0,0.1,0.0,0.0,0.0,0.4,0.1,0.0,0.0,0.0,0.2,0.0,0.0,0.0,0.0,0.0,0.1,0.0,4.5,0.1,0.0,0.0,0.0,0.0,0.0,0.0,0.1,0.0,0.0,0.1,0.1,0.1,0.0,0.0,0.0,0.6,0.0,0.0,0.0,0.0,0.0,0.0,0.092,0.079,0.0,0.0,0.013000000000000001,0.0,2.3609999999999998,26,562
s: 15
t: 12.971
c: 38
mem: 1136.0

i: 0.74,0.0,0.0,0.0,0.0,0.0,0.74,0.0,0.0,1.49,0.74,0.74,0.0,0.0,0.0,0.74,3.73,0.0,4.47,0.0,0.74,0.0,0.74,0.0,0.0,0.0,0.0,0.0,0.0,0.0,0.0,0.0,0.0,0.0,0.0,0.0,0.0,0.0,0.0,0.0,0.0,0.0,0.0,0.0,0.0,0.0,0.0,0.0,0.0,0.0,0.0,0.355,0.11800000000000001,0.23600000000000002,2.15,7,43
s: 23
t: 26.413
c: 42
mem: 2672.0

i: 0.0,0.0,0.0,0.0,0.0,0.0,0.0,0.0,0.0,0.0,0.0,0.0,0.0,0.0,0.0,0.0,0.0,0.0,1.33,0.0,1.33,0.0,0.0,0.0,4.0,0.0,0.0,0.0,0.0,0.0,0.0,0.0,0.0,0.0,0.0,0.0,0.0,0.0,0.0,0.0,0.0,0.0,0.0,0.0,0.0,0.0,0.0,0.0,0.21100000000000002,0.0,0.0,0.21100000000000002,0.0,0.0,1.38,4,29
s: 21
t: 7.885
c: 36
mem: 368.0

i: 0.0,0.0,0.85,0.0,1.36,0.0,0.0,0.0,0.0,0.17,0.0,0.34,0.17,0.0,0.0,0.0,0.0,0.0,0.85,0.0,0.0,0.0,0.0,0.0,0.0,0.0,0.0,0.0,0.0,0.0,0.0,0.0,0.0,0.0,0.0,0.0,0.0,0.0,0.0,0.0,0.0,0.0,0.0,0.0,0.0,0.0,0.0,0.0,0.034,0.0,0.0,0.0,0.0,0.0,1.085,3,89
s: 22
t: 9.628
c: 38
mem: 608.0

i: 0.0,0.0,0.23,0.0,0.23,0.0,0.0,0.0,0.23,0.0,0.0,0.0,0.0,1.43,0.0,0.0,0.23,0.0,0.23,0.0,2.14,0.0,0.0,0.0,0.23,0.0,0.0,0.0,0.0,0.0,0.0,0.0,0.0,0.0,0.0,0.0,0.23,0.0,0.0,0.0,0.0,1.9,0.0,0.0,0.0,0.0,0.0,0.0,0.11699999999999999,0.235,0.0,0.11699999999999999,0.0,0.16399999999999998,2.616,160,683
s: 17
t: 17.514
c: 37
mem: 3936.0

i: 0.0,0.0,0.0,0.0,0.0,0.0,0.0,0.0,0.62,0.0,0.0,0.2,0.0,0.0,0.0,0.0,0.0,0.0,0.0,0.0,0.0,0.0,0.0,0.0,3.34,2.3,0.0,0.0,0.0,0.0,0.0,0.0,0.0,0.0,0.2,0.0,0.62,0.0,0.2,0.0,0.0,0.0,0.41,0.0,0.0,0.0,0.0,0.0,0.085,0.198,0.055999999999999994,0.0,0.0,0.45399999999999996,3.4139999999999997,108,536
s: 19
t: 18.320
c: 39
mem: 1728.0

i: 0.02,0.02,0.0,0.0,0.0,0.0,0.0,0.0,0.05,0.08,0.02,0.17,0.0,0.0,0.0,0.0,0.02,0.11,0.02,0.0,0.0,0.0,0.0,0.0,0.44,0.26,0.0,0.0,0.02,0.05,0.0,0.0,0.0,0.0,0.0,0.02,0.14,0.0,0.0,0.0,0.35,0.0,0.02,0.0,0.11,1.15,0.0,0.0,0.024,0.17,0.0,0.126,0.0,0.0,3.637,49,2015
s: 22
t: 15.425
c: 41
mem: 1088.0

i: 0.0,0.0,0.0,0.0,0.0,0.0,0.0,0.0,0.0,0.0,0.0,1.36,0.0,0.0,0.0,0.0,0.0,0.0,1.36,0.0,5.47,0.0,0.0,0.0,0.0,0.0,1.36,0.0,0.0,0.0,0.0,0.0,0.0,0.0,0.0,0.0,0.0,0.0,0.0,0.0,0.0,0.0,0.0,0.0,0.0,0.0,0.0,0.0,0.0,0.0,0.0,0.0,0.0,0.0,2.307,8,30
s: 13
t: 12.156
c: 39
mem: 672.0

i: 0.0,0.0,0.0,0.0,2.22,0.0,0.0,0.0,0.0,0.0,0.0,3.33,0.0,0.0,0.0,0.0,0.0,0.0,1.11,0.0,1.11,0.0,0.0,0.0,1.11,1.11,0.0,0.0,1.11,0.0,0.0,0.0,0.0,0.0,0.0,0.0,0.0,0.0,0.0,0.0,0.0,0.0,0.0,0.0,0.0,0.0,0.0,0.0,0.0,0.0,0.0,0.0,0.0,0.0,1.0,1,22
s: 22
t: 17.636
c: 39
mem: 2864.0

i: 0.05,0.07,0.1,0.0,0.76,0.05,0.15,0.02,0.55,0.0,0.1,0.47,0.02,0.0,0.0,0.0,0.02,0.13,2.09,0.1,1.57,0.0,0.05,0.0,0.0,0.0,0.0,0.0,0.0,0.0,0.0,0.0,0.0,0.0,0.0,0.02,0.1,0.0,0.0,0.0,0.0,0.0,0.0,0.0,0.0,0.0,0.0,0.0,0.042,0.10099999999999999,0.016,0.25,0.046,0.059000000000000004,2.565,66,2258
s: 21
t: 22.858
c: 41
mem: 3760.0

i: 0.0,0.0,0.0,0.0,0.0,0.0,0.0,0.0,0.0,0.0,0.0,1.62,0.0,0.0,0.0,0.0,0.0,0.0,0.0,0.0,0.0,0.0,0.0,0.0,0.0,0.0,0.0,0.0,0.0,0.0,0.0,0.0,0.0,0.0,0.0,0.81,0.0,0.0,0.0,0.0,0.0,0.0,0.0,0.0,0.0,0.0,0.0,0.0,0.0,0.0,0.0,0.0,0.0,0.0,1.578,5,60
s: 19
t: 20.351
c: 38
mem: 1248.0

i: 0.0,0.49,0.0,0.0,0.0,0.0,0.0,0.0,0.0,0.0,0.0,0.49,0.0,0.0,0.0,0.0,0.0,0.0,2.94,0.0,1.47,0.0,0.0,0.0,0.0,0.0,0.0,0.0,0.0,0.0,0.0,0.0,0.0,0.0,0.0,0.0,0.0,0.0,0.0,0.0,0.0,0.0,0.0,0.0,0.0,0.0,0.0,0.0,0.0,0.24100000000000002,0.0,0.0,0.0,0.08,1.77,21,85
s: 21
t: 7.864
c: 37
mem: 624.0

i: 0.51,0.43,0.29,0.0,0.14,0.03,0.0,0.18,0.54,0.62,0.29,0.65,0.65,1.2,0.03,0.21,0.43,0.03,2.99,0.0,1.35,0.0,0.51,0.58,0.0,0.0,0.0,0.0,0.0,0.0,0.0,0.0,0.0,0.0,0.0,0.0,0.0,0.0,0.0,0.0,0.0,0.0,0.0,0.0,0.03,0.0,0.0,0.0,0.012,0.078,0.0,0.478,0.509,0.127,6.518,611,2340
s: 17
t: 18.105
c: 40
mem: 2320.0

i: 0.0,0.68,0.0,0.0,4.08,0.0,0.68,0.0,0.0,0.68,1.36,1.36,0.0,0.0,0.0,0.0,0.68,0.68,2.72,0.0,1.36,0.0,0.0,0.0,0.0,0.0,0.0,0.0,0.0,0.0,0.0,0.0,0.0,0.0,0.0,0.0,0.0,0.0,0.0,0.0,0.0,0.0,0.0,0.0,0.0,0.0,0.0,0.0,0.0,0.0,0.0,0.0,0.111,0.0,6.587999999999999,68,112
s: 22
t: 17.658
c: 41
mem: 144.0

i: 0.47,0.95,0.95,0.0,0.47,0.0,0.0,0.47,0.0,1.9,0.0,2.38,0.0,0.95,0.0,0.47,0.0,0.0,1.9,0.0,5.23,0.0,0.0,0.0,0.0,0.0,0.0,0.0,0.0,0.0,0.0,0.0,0.0,0.0,0.0,0.0,0.0,0.0,0.0,0.0,0.0,0.0,0.0,0.0,0.0,0.0,0.0,0.0,0.0,0.253,0.0,1.6869999999999998,0.168,0.084,57.076,634,742
s: 19
t: 27.832
c: 44
mem: 1744.0

i: 0.33,0.67,0.0,0.0,0.0,0.0,0.67,0.33,0.33,0.33,0.0,0.67,0.0,0.0,0.0,0.0,0.67,1.01,2.02,0.0,0.67,0.0,0.0,0.0,0.0,0.0,0.0,0.0,0.0,0.0,0.0,0.0,0.0,0.0,0.0,0.0,0.0,0.0,0.0,0.0,0.0,0.0,0.0,0.0,0.0,0.0,0.0,0.0,0.0,0.0,0.0,0.0,0.048,0.0,1.204,6,59
s: 23
t: 28.027
c: 41
mem: 2304.0

i: 0.0,0.0,0.0,0.0,0.0,0.0,0.0,0.0,0.0,0.0,0.0,0.0,0.0,0.0,0.0,0.0,0.0,0.0,4.16,0.0,0.0,0.0,0.0,0.0,0.0,0.0,0.0,0.0,0.0,0.0,0.0,0.0,0.0,0.0,0.0,0.0,0.0,0.0,0.0,0.0,0.0,0.0,0.0,0.0,0.0,0.0,0.0,0.0,0.0,0.0,0.0,0.74,0.0,0.0,1.625,6,13
s: 20
t: 11.475
c: 39
mem: 320.0

i: 0.0,0.0,0.0,0.0,0.0,0.0,0.0,0.0,0.0,0.0,0.0,0.0,0.0,0.0,0.0,0.0,0.0,0.0,0.0,0.0,0.0,0.0,0.0,0.0,0.0,0.0,0.0,0.0,0.0,0.0,0.0,0.0,0.0,0.0,0.0,0.0,0.0,0.0,0.0,0.0,4.76,0.0,0.0,0.0,0.0,4.76,0.0,0.0,0.0,0.0,0.0,0.0,0.0,0.0,1.571,5,11
s: 21
t: 22.627
c: 42
mem: 1856.0

i: 0.07,0.0,1.0,0.0,0.3,0.46,0.07,0.23,0.23,0.0,0.3,1.31,0.15,0.0,0.07,1.39,0.15,0.85,2.24,0.0,0.77,0.0,0.0,0.3,0.0,0.0,0.0,0.0,0.0,0.0,0.0,0.0,0.0,0.0,0.0,0.0,0.0,0.0,0.0,0.15,0.0,0.0,0.0,0.0,0.0,0.0,0.0,0.0,0.024,0.183,0.0,0.0,0.183,0.0,3.2110000000000003,84,700
s: 20
t: 24.432
c: 43
mem: 2384.0

i: 0.0,0.0,0.0,0.0,0.0,0.0,0.0,0.0,0.0,0.0,0.0,1.25,0.0,0.0,0.0,0.0,0.0,0.0,1.25,0.0,3.75,0.0,0.0,0.0,0.0,0.0,0.0,0.0,0.0,0.0,0.0,0.0,0.0,0.0,0.0,0.0,0.0,0.0,0.0,0.0,0.0,0.0,0.0,0.0,1.25,0.0,0.0,0.0,0.0,0.715,0.0,0.0,0.0,0.0,1.411,4,24
s: 23
t: 12.104
c: 39
mem: 304.0

i: 0.0,1.86,0.0,0.0,0.0,0.0,0.0,0.0,0.0,0.93,0.0,0.0,0.0,0.0,0.0,0.0,0.0,0.0,0.0,0.0,0.0,0.0,0.0,0.0,2.8,1.86,1.86,0.93,0.93,0.93,0.93,0.93,0.0,0.93,0.93,0.93,0.93,0.0,0.93,0.93,0.0,0.93,0.93,0.0,0.93,0.0,0.0,0.0,0.0,0.457,0.152,0.0,0.0,0.0,2.097,13,86
s: 14
t: 13.733
c: 35
mem: 1040.0

i: 0.0,0.0,0.48,0.0,0.96,0.0,0.0,0.0,0.48,0.0,0.0,0.0,0.0,0.0,0.0,0.96,0.96,0.0,1.44,0.0,0.48,0.0,0.96,0.0,0.0,0.0,0.0,0.0,0.0,0.0,0.0,0.0,0.0,0.0,0.0,0.0,0.0,0.0,0.0,0.0,0.0,0.0,0.0,0.0,0.48,0.0,0.0,0.0,0.0,0.133,0.066,0.46799999999999997,0.267,0.0,3.315,61,242
s: 20
t: 23.637
c: 43
mem: 1600.0

i: 0.0,0.0,0.0,0.0,0.0,0.0,0.0,0.0,0.0,0.0,0.0,0.0,0.0,0.0,0.0,0.0,0.0,0.0,0.0,0.0,0.0,0.0,0.0,0.0,0.0,0.0,0.0,0.0,0.0,0.0,0.0,0.0,0.0,0.0,0.0,0.0,0.0,0.0,0.0,0.0,0.0,0.0,0.0,0.0,0.0,9.09,0.0,0.0,0.0,0.7190000000000001,0.0,0.0,0.0,0.0,1.0,1,4
s: 21
t: 20.213
c: 40
mem: 0.0

i: 0.0,0.0,0.0,0.0,0.0,0.0,0.0,0.0,0.0,0.0,0.0,0.0,0.0,0.0,0.0,0.0,0.0,0.0,4.16,0.0,0.0,0.0,0.0,0.0,4.16,0.0,4.16,0.0,0.0,0.0,0.0,0.0,0.0,0.0,0.0,0.0,0.0,0.0,0.0,0.0,0.0,0.0,0.0,0.0,0.0,0.0,0.0,0.0,0.0,0.0,0.7509999999999999,0.0,0.0,0.0,1.4280000000000002,4,10
s: 13
t: 16.484
c: 38
mem: 816.0

i: 0.0,0.57,0.0,0.0,0.0,0.0,0.0,0.0,0.0,0.0,0.57,0.57,1.15,0.0,0.0,0.0,0.0,1.73,3.46,0.0,1.15,0.0,0.0,0.0,0.0,0.0,0.0,0.0,0.0,0.0,0.0,0.0,0.0,0.0,0.0,0.0,0.0,0.0,0.0,0.0,0.0,0.0,0.0,0.0,0.0,0.0,0.0,0.0,0.0,0.0,0.0,0.107,0.0,0.0,1.421,7,54
s: 22
t: 10.767
c: 39
mem: 32.0

i: 0.0,0.17,0.0,0.0,0.0,0.0,0.17,0.52,0.0,0.17,0.35,0.52,0.0,0.0,0.0,0.0,0.17,0.7,0.87,0.0,0.7,1.92,0.35,0.0,0.0,0.0,0.0,0.0,0.0,0.0,0.0,0.0,0.0,0.0,0.0,0.0,0.0,0.0,0.0,0.0,0.0,0.0,0.0,0.0,0.0,0.0,0.0,0.0,0.028999999999999998,0.147,0.028999999999999998,0.11699999999999999,0.057999999999999996,0.235,3.5210000000000004,39,419
s: 20
t: 23.459
c: 45
mem: 1968.0

i: 0.0,0.0,0.0,0.0,0.0,0.0,0.0,0.0,0.0,0.0,0.0,0.0,1.88,0.0,0.0,0.0,0.0,1.88,0.0,0.0,0.0,0.0,0.0,0.0,0.0,0.0,0.0,0.0,0.0,0.0,0.0,0.0,0.0,0.0,0.0,0.0,0.0,0.0,0.0,0.0,0.0,0.0,0.0,1.88,0.0,0.0,0.0,0.0,0.0,0.0,0.0,0.0,0.0,0.0,1.5330000000000001,5,23
s: 19
t: 14.727
c: 40
mem: 208.0

i: 0.0,0.0,0.11,0.0,0.11,0.0,0.0,0.11,0.0,0.0,0.0,0.0,0.11,0.23,0.0,0.0,0.11,0.0,0.0,0.0,0.0,0.0,0.11,0.0,3.45,0.0,0.0,0.0,0.0,0.0,0.0,0.0,0.0,0.0,0.0,0.0,0.11,0.0,0.0,0.0,0.0,0.0,0.0,0.0,0.0,0.0,0.0,0.0,0.047,0.157,0.0,0.0,0.078,0.0,2.351,28,508
s: 22
t: 20.624
c: 40
mem: 1024.0

i: 0.0,0.42,0.0,0.0,0.42,0.42,0.0,0.0,0.0,0.0,0.0,0.0,0.0,0.0,0.0,0.42,0.0,0.42,4.2,0.0,0.0,0.0,0.42,0.0,0.0,0.0,0.0,0.0,0.0,0.0,0.0,0.0,0.0,0.0,0.0,0.0,0.0,0.0,0.0,0.0,0.0,0.0,0.0,0.0,0.42,0.0,0.0,0.0,0.0,0.08,0.0,0.644,0.161,0.0,2.522,14,111
s: 21
t: 30.332
c: 43
mem: 2064.0

i: 0.0,0.0,0.0,0.0,0.0,0.0,0.0,0.0,0.0,0.0,0.0,1.25,0.0,0.0,0.0,0.0,0.0,0.0,2.5,0.0,0.0,0.0,0.0,0.0,0.0,0.0,0.0,0.0,0.0,0.0,0.0,0.0,0.0,0.0,0.0,0.0,0.0,0.0,0.62,0.0,0.0,0.0,0.0,0.62,0.62,0.0,0.0,0.0,0.0,0.35600000000000004,0.0,0.594,0.0,0.0,2.125,16,34
s: 22
t: 11.435
c: 40
mem: 144.0

i: 0.0,0.22,0.0,0.0,0.66,0.22,0.0,0.44,0.44,0.89,0.0,0.0,0.22,0.22,0.0,1.33,0.0,0.0,0.89,0.0,0.44,0.0,0.0,0.22,3.34,3.56,0.66,0.22,0.22,0.22,0.22,0.22,0.0,0.22,0.22,0.22,1.11,0.0,0.0,0.22,0.0,0.0,0.22,0.0,0.22,0.0,0.0,0.0,0.14800000000000002,0.37200000000000005,0.111,0.37200000000000005,0.223,0.0,3.425,42,411
s: 24
t: 12.996
c: 44
mem: 0.0

i: 0.0,0.0,0.0,0.0,0.0,0.0,0.0,0.56,0.0,0.0,0.0,0.0,0.0,0.0,0.0,0.0,0.0,0.0,1.12,0.0,0.0,0.0,0.0,0.0,0.0,0.0,0.0,0.0,0.0,0.0,0.0,0.0,0.0,0.0,0.0,0.0,0.0,0.0,1.12,0.0,0.0,0.0,0.0,0.0,1.12,0.56,0.0,0.0,0.0,0.18100000000000002,0.09,0.18100000000000002,0.0,0.0,4.5,34,153
s: 20
t: 24.272
c: 39
mem: 0.0

i: 0.0,0.0,0.0,0.0,0.0,0.0,0.0,5.88,0.0,0.0,0.0,0.0,0.0,0.0,0.0,0.0,0.0,0.0,0.0,0.0,0.0,0.0,0.0,0.0,0.0,0.0,0.0,0.0,0.0,0.0,0.0,0.0,0.0,0.0,0.0,0.0,0.0,0.0,0.0,0.0,0.0,0.0,0.0,0.0,0.0,0.0,0.0,0.0,0.0,0.0,0.0,0.0,0.0,0.0,1.0,1,10
s: 18
t: 22.875
c: 40
mem: 0.0

i: 0.0,0.55,0.55,0.0,2.23,0.55,0.0,0.55,0.0,0.0,0.55,0.0,0.0,0.0,0.0,0.0,0.0,1.11,1.67,0.0,2.23,0.0,0.0,0.55,0.0,0.0,0.0,0.0,0.0,0.0,0.55,0.0,0.0,0.0,0.0,0.0,0.55,0.0,0.0,0.0,0.0,0.0,0.0,0.0,0.0,0.0,0.0,0.0,0.0,0.265,0.0,0.08800000000000001,0.353,0.0,2.571,11,108
s: 24
t: 27.717
c: 42
mem: 1232.0

i: 0.0,0.0,0.0,0.0,0.0,0.0,0.0,0.0,0.0,0.0,0.0,0.0,0.0,0.0,0.0,0.0,0.0,0.0,0.33,0.0,0.0,0.0,0.0,0.0,0.0,0.0,0.0,0.0,0.0,0.0,0.0,0.0,0.0,0.0,0.0,0.0,0.0,0.0,0.0,0.0,0.0,0.0,0.0,0.0,0.0,0.67,0.0,0.33,0.0,0.042,0.0,0.0,0.0,0.0,2.519,46,131
s: 25
t: 15.496
c: 41
mem: 1280.0

i: 0.72,0.0,0.0,0.0,1.45,0.72,0.72,0.0,0.0,1.45,0.0,0.0,0.0,0.0,0.0,0.0,0.0,0.0,1.45,0.0,0.0,0.0,0.0,0.0,0.0,0.0,0.0,0.0,0.0,0.0,0.0,0.0,0.0,0.0,0.0,0.72,0.0,0.0,0.0,0.0,0.0,0.0,0.0,0.0,0.0,0.0,0.0,0.0,0.0,0.40399999999999997,0.0,0.134,0.0,0.0,3.0660000000000003,14,92
s: 24
t: 36.190
c: 41
mem: 4624.0

i: 0.0,0.0,1.31,0.0,0.0,0.0,0.0,0.0,0.0,0.0,0.0,1.31,0.0,0.0,0.0,0.0,0.0,0.0,1.31,0.0,5.26,0.0,0.0,1.31,0.0,0.0,0.0,0.0,0.0,0.0,0.0,0.0,0.0,0.0,0.0,0.0,0.0,0.0,0.0,0.0,0.0,0.0,0.0,0.0,0.0,0.0,0.0,0.0,0.0,0.0,0.0,0.0,0.19899999999999998,0.0,4.8180000000000005,25,53
s: 21
t: 20.765
c: 42
mem: 2368.0

i: 0.0,0.0,0.0,0.0,0.0,0.0,0.0,0.0,0.0,0.0,0.0,0.69,0.0,0.0,0.0,0.69,0.0,0.0,2.79,0.0,0.69,0.0,0.0,0.0,2.09,0.0,0.0,0.0,0.0,1.39,0.0,0.0,0.0,0.0,0.0,0.0,0.0,0.0,0.0,0.0,0.0,0.0,0.0,0.0,0.69,1.39,0.0,0.0,0.0,0.221,0.0,0.0,0.0,0.0,2.184,12,83
s: 23
t: 15.067
c: 40
mem: 256.0

i: 0.0,0.0,0.0,0.0,0.0,0.0,0.0,0.0,0.0,0.0,0.0,0.0,0.0,0.0,0.0,1.0,2.0,0.0,4.0,0.0,2.0,0.0,0.0,0.0,0.0,0.0,0.0,0.0,0.0,0.0,0.0,0.0,0.0,0.0,0.0,0.0,0.0,0.0,0.0,0.0,0.0,0.0,0.0,0.0,0.0,0.0,0.0,0.0,0.0,0.38,0.0,0.0,0.0,0.0,1.806,11,56
s: 24
t: 26.780
c: 43
mem: 2848.0

i: 0.0,0.0,0.0,0.0,0.0,0.0,0.0,0.0,0.0,0.0,0.0,1.38,0.0,0.0,0.0,0.0,0.0,0.0,1.38,0.0,1.38,0.0,0.0,0.0,1.38,1.38,2.77,0.0,0.0,0.0,0.0,0.0,0.0,0.0,0.0,0.0,1.38,0.0,1.38,0.0,0.0,0.0,1.38,0.0,0.0,0.0,0.0,0.0,0.0,0.0,0.22399999999999998,0.44799999999999995,0.0,0.0,1.4509999999999998,12,45
s: 18
t: 20.946
c: 39
mem: 432.0

i: 0.0,0.0,0.0,0.0,0.0,0.0,0.0,0.0,0.0,0.0,0.0,0.0,0.0,0.0,0.0,0.0,0.0,0.0,2.32,0.0,0.0,0.0,0.0,0.0,0.0,0.0,0.0,0.0,0.0,0.0,0.0,0.0,0.0,0.0,0.0,0.0,0.0,0.0,0.0,0.0,0.0,0.0,0.0,0.0,2.32,2.32,0.0,0.0,0.0,0.0,0.0,0.0,0.0,0.0,1.666,5,25
s: 22
t: 23.355
c: 40
mem: 1232.0

i: 0.0,0.65,0.98,0.0,0.32,0.0,0.0,0.0,0.0,0.0,0.0,0.65,0.0,0.0,0.0,0.32,0.0,1.3,2.61,0.0,1.3,0.0,0.0,0.0,0.0,0.0,0.0,0.0,0.0,0.0,0.0,0.0,0.0,0.0,0.0,0.0,0.0,0.0,0.0,0.0,0.0,0.0,0.0,0.0,0.32,0.0,0.0,0.0,0.0,0.053,0.0,0.47700000000000004,0.0,0.0,4.273,121,312
s: 23
t: 26.663
c: 41
mem: 1840.0

i: 0.0,0.0,0.0,0.0,0.0,0.0,0.0,0.0,0.0,0.0,0.0,2.77,0.0,0.0,0.0,0.0,0.0,0.0,2.77,0.0,0.0,0.0,0.0,0.0,5.55,2.77,2.77,2.77,5.55,2.77,2.77,2.77,0.0,2.77,2.77,2.77,0.0,0.0,0.0,2.77,0.0,0.0,0.0,0.0,0.0,0.0,0.0,0.0,0.0,1.229,0.0,0.0,0.0,0.0,3.25,11,39
s: 15
t: 22.283
c: 38
mem: 1184.0

i: 2.32,0.0,0.0,0.0,0.0,0.0,0.0,0.0,0.0,0.0,0.0,0.0,0.0,0.0,0.0,0.0,0.0,0.0,0.0,0.0,0.0,0.0,0.0,0.0,0.0,0.0,0.0,0.0,0.0,0.0,0.0,0.0,0.0,0.0,0.0,0.0,0.0,0.0,0.0,0.0,0.0,0.0,0.0,0.0,0.0,0.0,0.0,0.0,0.0,0.0,0.0,0.27699999999999997,0.0,0.0,3.2,13,48
s: 23
t: 11.328
c: 38
mem: 80.0

i: 0.0,0.0,0.0,0.0,0.0,0.0,0.0,0.0,0.0,3.77,0.0,0.0,0.0,0.0,0.0,0.0,0.0,0.0,1.88,0.0,0.0,0.0,0.0,1.88,0.0,0.0,0.0,0.0,0.0,0.0,0.0,0.0,0.0,0.0,0.0,0.0,0.0,0.0,0.0,0.0,0.0,0.0,0.0,0.0,0.0,0.0,0.0,0.0,0.264,0.0,0.0,0.0,0.0,0.0,4.333,13,78
s: 26
t: 36.620
c: 45
mem: 2160.0

i: 0.51,0.0,0.0,0.0,0.0,0.0,0.0,0.0,0.0,0.0,0.0,1.54,0.0,0.0,0.0,0.0,2.06,0.0,0.51,0.0,0.0,0.0,0.0,0.0,3.6,2.06,0.0,0.0,0.0,0.51,0.0,0.0,0.0,0.0,0.0,0.51,0.0,0.0,0.0,0.0,0.0,0.0,0.0,0.0,0.51,0.0,0.0,0.0,0.0,0.0,0.0,0.0,0.0,0.0,1.574,4,74
s: 18
t: 21.133
c: 39
mem: 0.0

i: 0.0,0.0,0.63,0.0,0.0,0.0,0.0,0.0,0.0,0.0,0.0,0.0,0.0,0.0,0.0,0.0,0.0,0.0,0.0,0.0,0.63,0.0,0.0,0.0,0.0,0.0,0.0,0.0,0.0,0.0,0.0,0.0,0.0,0.0,1.91,0.0,0.0,0.0,0.0,0.0,0.0,0.0,0.0,0.0,0.0,0.0,0.0,0.0,0.0,0.265,0.0,0.797,0.885,0.0,9.29,75,288
s: 21
t: 13.336
c: 40
mem: 0.0

i: 0.26,0.0,0.0,0.0,0.0,0.26,0.0,0.0,0.0,0.0,0.0,0.0,0.26,0.0,0.0,0.0,0.0,0.0,2.66,0.0,0.26,0.0,0.0,0.0,0.0,0.0,0.0,0.0,0.0,0.0,0.0,0.0,0.0,0.0,0.0,0.0,0.0,0.0,0.0,0.0,0.53,0.0,0.0,0.26,0.53,0.26,0.0,0.0,0.0,0.046,0.0,0.0,0.0,0.0,1.222,5,77
s: 25
t: 21.783
c: 42
mem: 0.0

i: 0.0,0.0,0.0,0.0,0.0,0.0,0.0,0.0,0.0,0.0,0.0,0.0,0.6,0.0,0.0,0.0,0.0,0.0,0.6,0.0,1.21,0.0,0.0,0.0,0.0,0.0,3.03,0.0,0.0,0.0,0.0,0.0,0.0,0.0,0.0,0.0,1.21,0.0,1.21,0.0,0.0,0.0,1.21,0.0,1.21,0.0,0.0,0.0,0.0,0.0,0.1,0.0,0.0,0.0,1.535,13,86
s: 15
t: 26.479
c: 40
mem: 0.0

i: 0.17,0.0,0.17,0.0,1.45,0.34,0.05,0.05,0.05,0.05,0.05,0.52,0.29,0.05,0.0,0.0,0.69,0.05,4.24,0.23,1.04,0.0,0.75,0.05,0.0,0.0,0.0,0.0,0.0,0.0,0.0,0.0,0.0,0.0,0.0,0.0,0.0,0.0,0.0,0.0,0.0,0.0,0.0,0.0,0.0,0.0,0.0,0.0,0.01,0.051,0.0,0.02,0.163,0.0,1.796,12,458
s: 22
t: 28.672
c: 42
mem: 0.0

i: 0.0,0.0,0.0,0.0,0.0,0.0,0.0,0.0,0.0,0.0,0.0,0.0,0.0,0.0,0.0,0.0,0.0,0.0,0.0,0.0,0.0,0.0,0.0,0.0,0.0,0.0,16.66,0.0,0.0,0.0,0.0,0.0,0.0,0.0,0.0,0.0,0.0,0.0,0.0,0.0,0.0,0.0,0.0,0.0,0.0,0.0,0.0,0.0,0.0,0.0,0.0,0.0,0.0,0.0,1.0,1,6
s: 13
t: 25.287
c: 37
mem: 0.0

i: 0.0,0.0,0.0,0.0,0.0,0.0,0.0,0.0,0.0,0.0,0.0,0.98,0.0,0.0,0.0,0.0,0.0,0.0,0.0,0.0,0.0,0.0,0.0,0.0,0.49,0.98,0.0,0.0,0.0,0.0,0.0,0.0,0.0,0.0,0.0,0.0,0.0,0.0,0.0,0.0,0.0,0.0,0.0,0.0,0.0,0.0,0.0,0.49,0.0,0.0,0.0,0.159,0.0,0.0,1.45,7,74
s: 24
t: 20.392
c: 39
mem: 0.0

i: 0.43,0.0,0.0,0.0,0.0,0.0,0.0,0.0,0.0,0.0,0.0,0.0,0.86,0.0,0.0,0.0,0.0,0.0,4.34,0.0,0.86,0.0,0.0,0.0,0.43,0.0,0.0,0.0,0.0,0.0,0.0,0.0,0.0,0.0,0.0,0.0,0.0,0.0,0.0,0.0,0.0,0.0,0.0,0.0,0.0,0.0,0.0,0.0,0.0,0.374,0.0,0.0,0.124,0.0,1.974,18,77
s: 22
t: 20.172
c: 38
mem: 0.0

i: 0.0,0.0,0.0,0.0,0.0,0.0,0.0,0.0,0.0,0.0,0.0,1.4,0.0,0.0,0.0,0.0,0.7,0.0,1.4,0.0,1.4,0.0,0.0,0.0,0.0,0.0,0.7,0.0,0.0,0.0,0.7,0.0,0.0,0.0,0.0,0.0,0.0,0.0,0.0,2.11,0.0,0.0,0.0,0.0,0.0,0.0,0.0,0.0,0.0,0.267,0.066,0.0,0.0,0.0,17.952,200,377
s: 17
t: 16.120
c: 37
mem: 0.0

i: 0.0,0.0,0.0,0.0,0.0,0.0,0.0,0.0,0.55,0.0,0.0,0.0,0.0,0.0,0.0,0.0,0.0,0.55,1.65,0.0,1.65,0.0,0.0,0.0,0.55,0.0,0.0,0.0,0.0,0.0,0.0,0.0,0.0,0.0,0.0,0.0,0.0,0.0,0.0,0.55,0.0,0.0,0.55,0.0,0.0,0.0,0.0,0.0,0.0,0.10400000000000001,0.314,0.0,0.052000000000000005,0.0,6.894,97,393
s: 18
t: 19.415
c: 39
mem: 0.0

i: 0.31,0.0,0.0,0.0,0.94,0.0,0.0,0.0,0.0,0.0,0.31,0.0,0.0,0.0,0.0,0.31,0.0,0.31,3.76,0.31,0.62,0.0,0.0,0.62,0.0,0.0,0.0,0.0,0.0,0.0,0.0,0.0,0.0,0.0,0.31,0.0,0.0,0.0,0.0,0.0,0.0,0.0,0.0,0.0,1.25,0.0,0.0,0.0,0.0,0.055,0.0,0.055,0.111,0.0,2.358,32,125
s: 22
t: 27.218
c: 43
mem: 0.0

i: 0.0,0.0,0.0,0.0,0.0,0.0,0.0,0.0,0.0,0.0,0.0,0.0,0.0,0.0,0.0,0.0,0.0,0.0,1.81,0.0,0.0,0.0,0.0,0.0,3.63,1.81,0.0,0.0,0.0,3.63,0.0,0.0,0.0,0.0,1.81,0.0,0.0,0.0,0.0,0.0,0.0,0.0,0.0,0.0,0.0,0.0,0.0,0.0,0.0,0.0,0.0,0.0,0.0,0.0,2.227,11,49
s: 20
t: 24.532
c: 39
mem: 0.0

i: 0.76,0.19,0.38,0.0,0.19,0.12,0.0,0.25,0.76,0.31,0.25,1.52,0.31,0.38,0.0,0.38,0.44,0.06,2.98,0.69,1.26,0.0,0.44,0.76,0.0,0.0,0.0,0.0,0.0,0.0,0.0,0.0,0.0,0.0,0.0,0.0,0.0,0.0,0.0,0.12,0.0,0.0,0.06,0.0,0.0,0.0,0.0,0.0,0.0,0.087,0.054000000000000006,0.439,0.24100000000000002,0.065,3.702,45,1070
s: 20
t: 21.548
c: 39
mem: 0.0

i: 0.0,0.0,0.26,0.0,0.26,0.13,0.0,0.0,0.0,0.0,0.0,0.52,0.0,0.0,0.0,0.0,0.39,0.0,1.05,0.0,1.05,0.0,0.0,0.0,0.39,0.0,0.0,0.0,0.0,0.0,0.0,0.0,0.0,0.0,0.0,0.13,0.0,0.0,0.0,0.0,0.0,0.0,0.0,0.0,0.0,0.0,0.0,0.0,0.017,0.08900000000000001,0.017,0.035,0.053,0.053,5.189,107,685
s: 23
t: 13.984
c: 37
mem: 0.0

i: 0.0,0.0,0.97,0.0,0.0,0.0,0.0,0.0,0.0,1.94,0.0,0.97,0.0,0.0,0.0,0.0,0.0,0.97,5.82,0.0,0.97,0.0,0.0,0.0,0.0,0.0,0.0,0.0,0.0,0.0,0.0,0.0,0.0,0.0,0.0,0.0,0.0,0.0,0.0,0.0,0.0,0.0,0.0,0.0,0.0,0.0,0.0,0.0,0.0,0.293,0.0,0.0,0.0,0.0,2.187,14,70
s: 22
t: 11.661
c: 39
mem: 0.0

i: 1.44,0.0,0.0,0.0,0.0,0.0,0.0,0.0,0.0,0.48,0.0,2.4,0.0,0.0,0.0,0.96,0.0,0.0,6.73,0.0,1.92,0.0,0.48,0.0,0.0,0.0,0.0,0.0,0.0,0.0,0.0,0.0,0.0,0.0,0.0,0.0,0.0,0.0,0.0,0.0,0.0,0.0,0.0,0.0,0.48,0.0,0.0,0.0,0.0,0.0,0.0,0.174,0.087,0.0,1.6119999999999999,12,50
s: 22
t: 28.202
c: 40
mem: 0.0

i: 0.0,0.0,4.0,0.0,0.0,0.0,0.0,0.0,0.0,0.0,0.0,0.0,0.0,0.0,0.0,0.0,0.0,0.0,4.0,0.0,0.0,0.0,0.0,0.0,0.0,0.0,0.0,0.0,0.0,0.0,0.0,0.0,0.0,0.0,0.0,0.0,0.0,0.0,0.0,0.0,0.0,0.0,0.0,0.0,0.0,0.0,0.0,0.0,0.0,0.0,0.0,0.0,0.0,0.0,1.0,1,6
s: 20
t: 17.934
c: 40
mem: 0.0

i: 0.34,1.03,0.34,0.0,1.03,0.0,2.41,0.34,0.0,1.72,2.06,2.06,0.68,0.0,0.34,0.0,0.0,3.44,4.13,0.0,2.06,0.0,0.0,0.0,0.0,0.0,0.0,0.0,0.0,0.0,0.0,0.0,0.0,0.0,0.0,0.0,0.0,0.0,0.0,0.0,0.0,0.0,0.0,0.0,0.0,0.0,0.0,0.0,0.0,0.11599999999999999,0.0,0.0,0.0,0.0,1.8880000000000001,6,68
s: 26
t: 32.786
c: 41
mem: 0.0

i: 0.0,0.0,0.0,0.0,0.0,0.0,0.0,0.0,0.0,0.0,0.0,0.0,0.0,0.0,0.0,0.0,0.0,0.0,0.0,0.0,0.0,0.0,0.0,0.0,0.0,0.0,0.0,0.0,0.0,0.0,0.0,0.0,0.0,0.0,0.0,0.0,0.0,0.0,0.0,0.0,0.0,0.0,0.0,0.0,0.0,0.0,0.0,0.0,0.0,0.0,0.0,0.0,0.0,0.0,6.666,15,20
s: 26
t: 27.779
c: 45
mem: 0.0

i: 0.45,0.9,0.9,0.0,0.45,0.0,0.0,0.45,0.0,1.8,0.0,2.26,0.0,0.45,0.0,0.45,0.0,0.0,1.8,0.0,4.97,0.0,0.0,0.0,0.0,0.0,0.0,0.0,0.0,0.0,0.0,0.0,0.0,0.0,0.0,0.0,0.0,0.0,0.0,0.0,0.0,0.0,0.0,0.0,0.0,0.0,0.0,0.0,0.0,0.244,0.0,1.631,0.244,0.081,64.416,708,773
s: 19
t: 39.261
c: 44
mem: 0.0

i: 0.0,0.0,0.0,0.0,3.12,0.0,1.04,1.04,0.0,1.04,0.0,1.04,0.0,0.0,0.0,2.08,0.0,0.0,2.08,0.0,1.04,0.0,0.0,0.0,0.0,0.0,0.0,0.0,0.0,0.0,0.0,0.0,0.0,0.0,0.0,0.0,0.0,0.0,0.0,0.0,0.0,0.0,0.0,0.0,1.04,0.0,0.0,0.0,0.0,0.0,0.0,0.0,0.0,0.0,10.692,65,139
s: 23
t: 37.308
c: 44
mem: 0.0

i: 0.0,0.49,1.97,0.0,2.46,0.0,0.0,0.0,0.0,0.0,0.0,0.0,0.49,0.0,0.0,0.49,1.47,0.49,4.43,0.0,0.49,0.0,0.0,0.0,0.0,0.0,0.0,0.0,0.0,0.0,0.0,0.0,0.0,0.0,0.0,0.0,0.0,0.0,0.0,0.0,0.0,0.0,0.0,0.0,0.0,0.0,0.0,0.0,0.0,0.0,0.0,0.424,0.0,0.0,12.692,152,330
s: 20
t: 47.152
c: 43
mem: 0.0

i: 0.0,0.0,0.81,0.0,0.27,0.0,0.0,0.0,0.0,0.27,0.0,0.27,0.27,0.0,0.0,0.0,0.0,0.0,2.16,0.0,0.54,0.0,0.0,0.0,0.0,0.0,0.0,0.0,0.0,0.0,0.0,0.0,0.0,0.0,0.0,0.0,0.0,0.0,0.0,0.0,0.0,0.0,0.0,0.0,0.54,0.27,0.0,0.0,0.045,0.091,0.0,0.045,0.0,0.0,2.0780000000000003,47,106
s: 23
t: 26.156
c: 43
mem: 0.0

i: 0.0,0.0,0.81,0.0,0.81,0.0,0.0,0.0,0.0,0.0,0.0,0.0,0.0,0.0,0.0,0.0,0.81,0.0,3.27,0.0,0.81,1.63,0.0,0.0,0.0,0.0,0.0,0.0,0.0,0.0,0.0,0.0,0.0,0.0,0.0,0.0,0.0,0.0,0.0,0.0,0.0,0.0,0.0,0.0,0.0,0.0,0.0,0.0,0.0,0.0,0.0,0.26,0.0,0.6509999999999999,13.5,86,189
s: 23
t: 46.824
c: 42
mem: 0.0

i: 1.63,0.0,0.0,0.0,2.45,0.0,0.0,0.0,0.0,0.0,0.0,0.0,0.0,0.0,0.0,0.81,0.0,0.0,3.27,0.0,1.63,0.0,0.0,0.0,0.0,0.0,0.0,0.0,0.0,0.0,0.0,0.0,0.0,0.0,0.0,0.0,0.81,0.0,0.0,0.0,0.0,0.0,0.0,0.0,0.0,0.0,0.0,0.0,0.0,0.0,0.0,0.258,0.0,0.0,2.826,20,65
s: 23
t: 44.424
c: 43
mem: 0.0

i: 0.0,0.0,0.0,0.0,0.0,0.0,0.0,0.0,0.0,0.0,0.0,1.61,0.0,0.0,0.0,0.0,0.0,0.0,0.53,0.0,0.0,0.0,0.0,0.0,1.61,0.53,0.0,0.0,0.53,0.0,0.0,0.0,0.0,0.0,0.0,0.53,0.0,0.0,0.0,0.0,0.0,0.53,0.0,1.07,0.0,0.0,0.0,0.53,0.0,0.0,0.0,0.0,0.0,0.0,1.375,5,99
s: 18
t: 24.675
c: 37
mem: 0.0

i: 0.0,0.0,0.0,0.0,0.0,0.0,0.0,0.26,0.39,0.0,0.13,0.52,0.26,0.0,0.0,0.0,0.0,0.0,0.0,0.0,0.0,0.0,0.0,0.0,4.22,0.13,0.0,0.0,0.0,0.0,0.0,0.0,0.0,0.0,0.0,0.13,0.13,0.0,0.0,0.0,0.0,0.0,0.0,0.13,0.0,0.0,0.0,0.0,0.017,0.107,0.0,0.0,0.071,0.0,2.8480000000000003,26,433
s: 22
t: 21.376
c: 41
mem: 0.0

i: 0.0,0.0,0.31,0.0,0.63,0.63,0.31,0.31,0.0,0.0,0.0,0.31,0.31,0.0,0.0,0.31,0.31,0.0,2.55,0.0,3.19,0.0,0.0,0.31,0.0,0.0,0.0,0.0,0.0,0.0,0.0,0.0,0.0,0.0,0.0,0.0,0.0,0.0,0.0,0.0,0.0,0.0,0.0,0.0,0.31,0.0,0.0,0.0,0.0,0.10800000000000001,0.0,0.0,0.163,0.054000000000000006,1.515,10,144
s: 23
t: 34.696
c: 42
mem: 0.0

i: 0.0,0.0,0.71,0.0,0.71,0.0,0.0,0.0,0.0,0.0,0.0,0.0,0.0,0.0,0.0,0.71,0.0,0.0,1.42,0.0,0.71,0.0,0.0,0.0,0.0,0.0,0.0,0.0,0.0,0.0,0.0,0.0,0.0,0.0,0.0,0.0,0.0,0.0,0.0,0.0,0.0,0.0,0.0,0.0,0.71,0.0,0.0,0.0,0.0,0.121,0.0,1.094,0.0,0.0,2.021,16,95
s: 22
t: 50.718
c: 44
mem: 0.0

i: 0.0,0.0,0.0,0.0,0.0,0.0,0.0,0.0,0.0,0.0,0.0,0.0,0.0,0.0,0.0,0.0,0.0,0.0,4.76,0.0,0.0,0.0,0.0,0.0,0.0,0.0,0.0,0.0,0.0,0.0,0.0,0.0,0.0,0.0,0.0,0.0,0.0,0.0,0.0,0.0,0.0,0.0,0.0,0.0,0.0,0.0,0.0,0.0,0.0,0.0,0.0,0.0,0.0,0.0,50.0,99,100
s: 26
t: 34.320
c: 42
mem: 0.0

i: 0.0,0.0,0.0,0.0,0.0,0.0,0.0,0.0,0.0,0.0,0.0,0.0,0.0,0.0,0.0,0.0,0.0,0.0,3.22,0.0,0.0,0.0,0.0,0.0,0.0,0.0,0.0,0.0,0.0,0.0,0.0,0.0,0.0,0.0,0.0,0.0,0.0,0.0,0.0,0.0,0.0,0.0,0.0,0.0,0.0,0.0,0.0,0.0,0.0,0.0,0.0,0.546,0.0,0.0,2.3,9,23
s: 22
t: 12.075
c: 39
mem: 0.0

i: 0.0,0.0,0.0,0.0,0.67,0.0,2.01,0.0,0.0,0.0,0.0,0.0,0.0,0.0,0.0,0.0,0.0,2.01,1.34,0.67,2.01,0.0,0.0,0.0,0.0,0.0,0.0,0.0,0.0,0.0,0.0,0.0,0.0,0.0,0.0,0.0,0.0,0.0,0.0,0.0,0.0,0.0,0.0,0.0,0.0,0.0,0.0,0.0,0.0,0.0,0.0,0.305,0.0,0.0,2.162,14,93
s: 21
t: 48.441
c: 41
mem: 15376.0

i: 0.0,0.0,0.0,0.0,0.0,0.0,0.0,0.0,0.0,0.0,0.0,0.0,0.0,0.0,0.0,0.0,0.0,0.0,0.0,0.0,0.0,0.0,0.0,0.0,0.0,0.0,0.0,0.0,0.0,0.0,0.0,0.0,0.0,0.0,0.0,0.0,0.0,0.0,0.0,0.0,0.0,0.0,0.0,0.0,0.0,0.0,0.0,0.0,0.0,0.0,0.0,0.0,0.0,0.0,1.0,1,4
s: 18
t: 27.275
c: 39
mem: 368.0

i: 0.09,0.0,0.09,0.0,0.0,0.09,0.0,0.09,0.87,0.0,0.0,0.29,0.0,0.0,0.0,0.0,0.0,0.0,0.38,0.0,0.19,0.0,0.0,0.0,0.58,0.68,0.09,0.0,0.0,0.0,0.0,0.0,0.29,0.0,0.0,0.0,0.0,0.0,0.0,0.0,0.0,0.0,0.0,0.0,0.0,0.0,0.0,0.0,0.17300000000000001,0.17300000000000001,0.053,0.0,0.026000000000000002,0.0,3.7039999999999997,48,726
s: 13
t: 21.691
c: 38
mem: 0.0

i: 0.4,0.0,0.6,0.0,0.2,0.6,0.2,0.6,0.2,0.2,0.2,1.2,0.0,0.0,0.0,0.4,1.61,0.4,2.21,1.81,2.62,0.0,0.2,0.6,0.0,0.0,0.0,0.0,0.0,0.0,0.0,0.0,0.0,0.0,0.0,0.0,0.0,0.0,0.0,0.0,0.0,0.0,0.0,0.0,0.0,0.0,0.0,0.0,0.0,0.096,0.0,1.453,0.129,0.0,3.946,64,513
s: 20
t: 34.329
c: 41
mem: 480.0

i: 0.09,0.38,0.57,0.0,0.48,0.38,0.0,0.0,0.0,0.38,0.0,1.53,0.19,0.0,0.09,0.0,0.09,0.0,3.55,0.0,1.24,0.0,0.0,0.0,0.0,0.0,0.0,0.0,0.0,0.0,0.0,0.0,0.0,0.0,0.0,0.0,0.0,0.0,0.0,0.0,0.0,0.0,0.0,0.0,0.0,0.0,0.0,0.0,0.038,0.038,0.0,0.24600000000000002,0.894,0.012,4.0,70,640
s: 20
t: 41.962
c: 44
mem: 3680.0

i: 0.0,0.0,0.0,0.0,0.0,0.0,0.0,0.0,0.0,0.0,0.0,0.0,0.0,0.0,0.0,0.0,0.0,0.0,0.0,0.0,0.0,0.0,0.0,0.0,0.0,0.0,14.28,0.0,0.0,0.0,0.0,0.0,0.0,0.0,0.0,0.0,0.0,0.0,0.0,0.0,0.0,0.0,0.0,0.0,0.0,0.0,0.0,0.0,0.0,0.0,0.0,0.0,0.0,0.0,1.0,1,7
s: 14
t: 32.568
c: 36
mem: 0.0

i: 0.0,0.0,0.0,0.0,2.46,0.0,0.0,0.0,0.0,1.23,0.0,0.0,0.0,0.0,0.0,0.0,0.0,0.0,2.46,0.0,1.23,0.0,0.0,0.0,0.0,0.0,0.0,0.0,0.0,0.0,0.0,0.0,0.0,0.0,0.0,0.0,0.0,0.0,0.0,0.0,0.0,0.0,0.0,2.46,0.0,0.0,0.0,0.0,0.245,0.0,0.0,0.0,0.0,0.0,1.166,3,14
s: 18
t: 30.163
c: 41
mem: 0.0

i: 0.09,0.0,0.27,0.0,0.36,0.09,0.0,0.18,0.09,0.0,0.0,0.73,0.0,0.36,0.0,0.0,0.0,0.0,2.01,0.0,3.38,0.0,0.36,0.09,0.0,0.0,0.0,0.0,0.0,0.0,0.0,0.0,0.0,0.0,0.0,0.0,0.0,0.0,0.0,0.0,0.0,0.0,0.0,0.0,0.27,0.0,0.0,0.0,0.016,0.048,0.032,0.257,0.032,0.032,3.6889999999999996,69,535
s: 23
t: 32.507
c: 43
mem: 0.0

i: 0.0,0.0,0.0,0.0,0.0,0.0,0.0,0.0,0.0,0.0,0.0,0.0,0.0,0.0,0.0,0.0,0.0,0.0,0.0,0.0,0.0,0.0,0.0,0.84,1.27,0.42,0.0,0.0,0.0,0.0,0.0,0.0,0.0,0.0,0.0,0.0,0.0,0.0,0.0,0.0,0.0,0.0,0.0,0.0,0.84,0.0,0.0,0.0,0.325,0.7809999999999999,0.0,0.0,0.0,0.0,4.758,14,276
s: 20
t: 12.798
c: 37
mem: 0.0

i: 0.13,0.13,0.13,0.0,0.55,0.27,0.27,0.13,1.11,0.27,0.0,0.97,0.27,0.0,0.13,0.0,0.0,0.0,3.91,0.13,2.65,0.0,0.13,0.55,0.0,0.0,0.0,0.0,0.0,0.0,0.0,0.0,0.0,0.0,0.0,0.0,0.0,0.0,0.0,0.13,0.0,0.0,0.0,0.0,0.0,0.0,0.0,0.0,0.0,0.018000000000000002,0.0,1.294,0.182,0.0,4.745,232,726
s: 18
t: 41.623
c: 41
mem: 0.0

i: 0.0,0.0,0.58,0.0,1.17,0.0,0.58,0.0,0.0,0.0,0.0,0.58,0.0,0.0,0.0,0.58,0.0,0.0,1.76,0.0,0.0,0.0,0.0,0.0,0.0,0.0,0.0,0.0,0.0,0.0,0.0,0.0,0.0,0.0,0.0,0.0,0.0,0.0,0.0,0.0,0.0,0.0,0.0,0.0,0.0,0.0,0.0,0.0,0.0,0.0,0.0,0.8290000000000001,0.0,0.0,2.529,8,86
s: 26
t: 68.919
c: 43
mem: 6480.0

i: 0.0,0.0,0.0,0.0,0.0,0.0,0.0,0.0,0.0,0.0,0.0,0.0,0.0,0.0,0.0,0.0,0.0,0.0,2.29,0.0,0.0,0.0,0.0,0.0,2.29,0.0,0.0,0.0,0.0,0.0,0.0,0.0,0.0,0.0,0.0,0.0,0.0,0.0,0.0,0.0,0.0,0.0,0.0,0.0,0.76,0.0,0.0,0.0,0.0,0.258,0.0,0.0,0.0,0.0,3.74,53,101
s: 15
t: 16.639
c: 40
mem: 0.0

i: 0.0,0.0,0.0,0.0,0.0,0.0,0.0,0.0,0.0,0.0,0.0,0.0,1.09,0.0,0.0,0.0,0.0,0.0,2.19,0.0,0.0,0.0,0.0,0.0,0.0,0.0,0.0,0.0,0.0,0.0,0.0,0.0,0.0,0.0,0.0,0.0,0.0,0.0,0.0,0.0,0.0,0.0,0.0,0.0,0.0,1.09,0.0,0.0,0.0,0.0,0.0,0.0,0.0,0.0,3.304,47,76
s: 23
t: 15.350
c: 39
mem: 0.0

i: 0.0,0.0,0.0,0.0,0.0,0.0,0.0,0.0,0.0,0.0,0.0,4.58,0.0,0.0,0.0,0.0,0.91,0.0,0.0,0.0,0.91,0.0,0.0,0.0,1.83,0.0,0.0,0.0,0.0,0.91,0.0,0.0,0.0,0.0,0.0,0.91,0.0,0.0,0.91,0.0,0.0,0.0,0.0,0.0,0.0,0.0,0.0,0.0,0.0,0.124,0.0,0.249,0.0,0.0,2.576,14,67
s: 21
t: 16.996
c: 38
mem: 0.0

i: 0.0,0.0,1.4,0.0,0.0,0.0,0.0,0.0,0.0,0.0,0.0,0.0,0.0,0.0,0.0,1.4,0.0,0.0,0.0,0.0,0.0,0.0,0.0,0.0,0.0,0.0,0.0,0.0,0.0,0.0,0.0,0.0,0.0,0.0,0.0,0.0,0.0,0.0,0.0,0.0,0.0,0.0,0.0,0.0,0.0,0.0,0.0,0.0,0.0,0.0,0.0,1.6469999999999998,0.0,0.0,1.0,1,13
s: 21
t: 69.587
c: 43
mem: 1136.0

i: 0.0,0.0,0.0,0.0,0.0,0.0,0.0,0.0,0.0,0.0,0.0,0.0,0.0,0.0,0.0,0.0,0.0,0.0,0.72,0.0,0.0,0.0,0.0,0.0,0.72,0.72,0.0,2.17,0.0,0.0,0.0,0.0,0.0,0.0,1.44,0.0,0.0,0.0,0.0,0.0,0.0,0.0,0.0,0.72,0.0,0.0,0.72,0.0,0.0,0.204,0.0,0.306,0.102,0.0,2.5380000000000003,22,99
s: 23
t: 27.927
c: 40
mem: 2000.0

i: 0.0,0.95,0.95,0.0,0.0,0.0,0.0,0.0,0.0,0.0,0.0,0.0,0.0,0.0,0.0,0.0,0.0,0.0,0.47,0.47,1.91,0.0,0.0,0.47,0.0,0.0,0.0,0.0,0.0,0.0,0.0,0.47,0.0,0.0,0.0,0.0,0.0,0.0,0.0,0.0,0.0,0.0,0.0,0.0,0.0,0.0,0.0,0.0,0.067,0.20199999999999999,0.0,0.26899999999999996,0.0,0.0,4.18,45,464
s: 23
t: 40.343
c: 44
mem: 2528.0

i: 0.0,0.34,0.0,0.0,0.68,0.0,0.68,0.0,0.0,0.34,0.34,0.0,0.0,0.0,0.0,0.34,0.0,1.36,3.42,0.0,2.73,0.0,0.0,0.0,0.34,0.34,0.0,0.0,0.0,0.0,0.0,0.0,0.34,0.0,0.0,0.0,0.0,0.0,0.0,0.0,0.0,0.0,0.0,0.0,0.0,0.0,0.0,0.0,0.0,0.0,0.0,0.048,0.048,0.0,1.411,15,96
s: 21
t: 17.644
c: 37
mem: 0.0

i: 0.9,0.0,0.0,0.0,0.0,0.0,0.9,0.0,0.0,0.0,0.0,0.0,0.0,0.0,0.0,0.0,0.9,0.9,1.81,0.0,2.72,0.0,0.0,0.9,0.0,0.0,0.0,0.0,0.0,0.0,0.0,0.0,0.0,0.0,0.0,0.0,0.0,0.0,0.0,0.0,0.0,0.0,0.0,0.0,0.0,0.0,0.0,0.0,0.0,0.0,0.0,0.564,0.0,0.0,2.818,19,62
s: 24
t: 43.172
c: 43
mem: 0.0

i: 0.33,0.0,0.67,0.0,0.22,0.0,0.0,0.0,0.44,0.11,0.0,0.33,0.0,0.0,0.0,0.56,0.0,0.0,1.79,0.0,1.12,0.0,0.0,0.22,0.0,0.0,0.0,0.0,0.0,0.0,0.0,0.0,0.0,0.0,0.0,0.0,0.0,0.11,0.0,0.0,0.0,0.0,0.11,0.0,0.0,0.0,0.0,0.0,0.0,0.157,0.0,0.373,0.196,0.078,2.576,75,389
s: 20
t: 43.991
c: 43
mem: 0.0

i: 0.0,0.0,0.65,0.0,0.32,0.0,0.0,0.0,0.0,0.0,0.0,0.32,0.0,0.0,0.0,0.0,0.0,0.0,0.0,0.0,0.0,0.0,0.0,0.0,0.0,0.0,0.0,0.0,0.0,0.0,0.0,0.0,0.0,0.0,0.0,0.0,0.0,0.0,0.0,0.0,0.0,0.0,0.0,0.0,0.0,0.0,0.0,0.0,0.0,0.061,0.061,0.061,0.0,0.0,1.392,11,71
s: 22
t: 16.253
c: 37
mem: 0.0

i: 0.21,0.0,0.21,0.21,0.63,0.0,0.0,0.0,0.0,0.0,0.42,0.0,0.21,0.0,0.0,0.84,0.0,0.42,1.9,0.0,0.0,0.0,0.21,0.0,0.0,0.0,0.0,0.0,0.0,0.0,0.0,0.0,0.0,0.0,0.0,0.0,0.21,0.0,0.0,0.0,0.0,0.0,0.0,0.0,0.0,0.0,0.0,0.0,0.0,0.031,0.0,0.374,0.062,0.0,2.892,71,405
s: 22
t: 36.472
c: 42
mem: 0.0

i: 0.0,0.0,0.0,0.0,0.0,0.78,0.0,2.34,0.0,0.78,0.78,1.56,0.0,0.0,0.0,0.0,0.78,0.0,3.12,0.0,0.78,0.0,0.78,0.0,0.0,0.0,0.0,0.0,0.0,0.0,0.0,0.0,0.0,0.0,0.0,0.0,0.0,0.0,0.0,0.0,0.0,0.0,0.0,0.0,0.0,0.0,0.0,0.0,0.0,0.0,0.0,0.889,0.0,0.0,2.13,15,49
s: 22
t: 62.487
c: 42
mem: 0.0

i: 0.0,0.0,0.0,0.0,2.22,0.0,0.0,0.0,0.0,0.0,0.0,0.0,0.0,0.0,0.0,0.0,0.0,0.0,0.74,0.0,0.0,0.0,0.0,0.0,0.0,0.0,0.0,0.0,0.0,0.0,0.0,0.0,0.0,0.0,0.0,0.74,0.0,0.0,0.0,0.0,0.0,0.0,0.0,0.0,0.0,0.0,0.0,0.74,0.0,0.09,0.0,0.0,0.0,0.0,1.357,6,38
s: 20
t: 26.900
c: 37
mem: 0.0

i: 0.41,0.0,0.41,0.0,0.41,0.0,0.0,0.0,0.41,0.83,0.0,0.0,0.0,0.0,0.0,0.0,0.41,0.0,1.66,0.0,1.25,3.75,0.0,0.0,0.0,0.0,0.0,0.0,0.0,0.0,0.0,0.0,0.0,0.0,0.0,0.0,0.0,0.0,0.0,0.0,0.0,0.0,0.0,0.0,0.0,0.0,0.0,0.0,0.0,0.0,0.0,0.0,0.0,0.6759999999999999,9.443999999999999,54,255
s: 25
t: 37.670
c: 45
mem: 0.0

i: 0.15,0.15,0.31,0.0,0.15,0.0,0.46,0.0,0.0,0.0,0.62,0.62,0.15,0.0,0.0,0.31,0.15,0.93,2.63,0.0,2.01,0.0,0.0,0.0,0.0,0.0,0.0,0.0,0.0,0.0,0.0,0.0,0.0,0.0,0.0,0.0,0.0,0.0,0.0,0.0,0.0,0.0,0.0,0.0,0.0,0.0,0.0,0.0,0.0,0.092,0.0,0.12300000000000001,0.0,0.0,6.268,196,608
s: 22
t: 49.934
c: 43
mem: 0.0

i: 0.28,0.14,0.14,0.0,0.0,0.0,0.14,0.0,0.42,0.0,0.84,0.98,0.0,0.0,0.0,0.0,0.28,0.0,1.82,2.53,1.12,10.82,0.84,0.28,0.0,0.0,0.0,0.0,0.0,0.0,0.0,0.0,0.0,0.0,0.0,0.0,0.0,0.0,0.0,0.0,0.0,0.0,0.0,0.0,0.0,0.0,0.0,0.0,0.0,0.0,0.13699999999999998,0.045,0.342,1.2329999999999999,14.88,79,1622
s: 20
t: 46.851
c: 43
mem: 0.0

i: 0.0,0.0,0.0,0.0,0.0,0.0,0.0,0.0,0.0,0.54,0.0,0.0,0.0,0.0,0.0,0.0,0.0,0.0,1.62,0.0,0.0,0.0,0.0,0.0,1.62,1.08,1.08,1.62,0.54,0.54,0.54,0.54,0.0,0.54,0.54,0.54,0.54,0.0,0.0,0.54,0.0,0.0,0.54,0.0,0.54,0.0,0.0,0.0,0.0,0.5589999999999999,0.0,0.0,0.0,0.0,3.0389999999999997,13,155
s: 15
t: 31.645
c: 36
mem: 0.0

i: 0.0,0.44,0.0,0.0,0.0,0.0,0.0,0.0,0.0,0.29,0.0,0.29,0.0,0.0,0.0,0.0,0.14,0.0,0.0,0.0,0.29,0.0,0.0,0.0,0.44,0.0,0.0,0.0,0.0,0.89,0.0,0.0,0.0,0.0,0.0,0.0,0.89,0.0,0.0,0.0,0.59,0.0,0.14,0.0,0.0,0.89,0.0,0.44,0.10099999999999999,0.135,0.016,0.0,0.0,0.0,2.2969999999999997,46,680
s: 21
t: 31.169
c: 37
mem: 0.0

i: 1.24,0.0,0.0,0.0,0.0,0.0,0.0,0.0,0.0,0.62,0.0,1.24,0.0,0.0,0.0,0.62,0.0,0.0,1.86,0.0,3.1,0.0,0.0,0.0,0.0,0.0,0.0,0.0,0.0,0.0,0.0,0.0,0.0,0.0,0.0,0.0,0.0,0.0,0.0,0.0,0.0,0.0,0.0,0.0,1.24,0.0,0.0,0.0,0.0,0.1,0.0,1.105,0.201,0.0,12.904000000000002,155,271
s: 18
t: 44.714
c: 40
mem: 0.0

i: 0.0,0.0,0.0,0.0,0.0,0.0,0.0,0.0,0.0,0.0,0.0,0.0,0.0,0.0,0.0,0.0,0.0,0.0,0.0,0.0,0.0,0.0,0.0,0.0,0.0,0.0,1.23,0.0,0.0,0.0,0.0,0.0,0.0,0.0,0.0,0.0,0.0,0.0,0.0,0.0,0.0,0.0,0.0,0.0,0.0,0.0,0.0,0.0,0.0,0.0,0.18600000000000003,0.0,0.0,0.0,3.677,28,114
s: 16
t: 30.997
c: 38
mem: 0.0

i: 0.0,0.0,0.0,0.0,0.13,0.26,0.0,0.0,0.0,0.13,0.0,1.17,0.13,0.13,0.0,0.0,0.52,0.0,0.0,0.0,0.0,0.0,0.0,0.0,3.64,0.65,0.0,0.0,0.13,0.52,0.0,0.0,0.0,0.0,0.0,0.39,0.13,0.0,0.0,0.0,0.0,0.0,0.0,0.0,0.0,0.0,0.0,0.0,0.135,0.10099999999999999,0.0,0.0,0.0,0.0,1.915,19,387
s: 21
t: 33.660
c: 41
mem: 0.0

i: 0.0,0.0,0.0,0.0,1.21,0.0,0.0,0.0,0.0,0.0,0.0,2.43,0.0,0.0,0.0,0.0,0.0,0.0,0.0,0.0,1.21,0.0,0.0,0.0,0.0,0.0,1.21,0.0,0.0,0.0,0.0,0.0,0.0,0.0,0.0,0.0,0.0,0.0,0.0,0.0,0.0,2.43,0.0,1.21,0.0,0.0,0.0,0.0,0.5670000000000001,0.37799999999999995,0.0,0.0,0.0,0.0,1.3330000000000002,3,24
s: 10
t: 27.091
c: 31
mem: 0.0

i: 0.0,0.0,0.0,0.0,0.0,0.0,0.0,0.0,0.0,0.0,0.0,0.0,0.0,0.0,0.0,0.0,0.0,0.0,1.47,0.0,0.0,0.0,0.0,0.0,0.0,0.0,0.0,0.0,0.0,0.0,0.0,0.0,0.0,0.0,0.0,0.0,0.0,0.0,0.0,0.0,0.0,1.47,0.0,0.0,0.0,1.47,0.0,0.0,0.0,0.335,0.0,0.0,0.0,0.16699999999999998,2.6519999999999997,11,61
s: 17
t: 36.386
c: 37
mem: 0.0

i: 0.0,0.0,0.0,0.0,0.0,0.0,0.0,0.0,0.0,1.22,0.0,0.0,0.0,0.0,0.0,0.0,0.0,0.61,1.84,0.0,0.0,0.0,0.0,0.0,2.45,1.84,1.22,1.22,0.61,0.61,0.61,0.61,0.0,0.61,1.22,0.61,0.61,0.0,0.0,0.61,0.0,0.0,0.61,0.0,0.61,0.0,0.0,0.0,0.095,0.38,0.19,0.19,0.0,0.0,1.857,12,104
s: 16
t: 30.679
c: 36
mem: 0.0

i: 0.0,0.0,0.0,0.0,0.0,0.0,0.0,0.65,0.0,1.3,0.0,0.0,0.0,0.0,0.0,0.0,0.0,0.32,0.32,0.0,0.65,0.0,0.0,0.0,4.9,4.24,0.32,0.0,0.0,0.65,0.0,0.0,0.0,0.0,0.0,0.0,1.63,0.0,0.0,0.0,0.98,0.0,0.0,0.0,0.65,0.0,0.0,0.0,0.153,0.562,0.102,0.0,0.0,0.0,5.555,42,500
s: 13
t: 21.689
c: 35
mem: 0.0

i: 0.0,0.0,0.0,0.0,0.0,0.49,0.0,0.0,0.99,0.49,0.0,0.0,0.0,0.0,0.0,0.0,0.0,0.0,0.0,0.0,0.0,0.0,0.0,0.0,0.0,0.49,0.99,0.0,0.0,0.0,0.49,0.0,2.48,0.0,0.49,0.0,0.49,0.0,0.0,0.0,0.0,0.0,0.0,0.0,0.0,0.0,0.0,0.0,0.0,0.062,0.0,0.0,0.0,0.0,2.824,29,161
s: 16
t: 29.588
c: 42
mem: 0.0

i: 0.0,0.0,0.44,0.0,0.0,0.0,0.0,0.0,0.0,0.0,0.0,0.44,0.0,0.0,0.0,0.0,0.0,0.0,0.0,0.0,0.0,0.0,0.0,0.0,1.76,1.76,0.0,0.0,0.0,0.0,0.0,0.0,0.0,0.0,0.0,0.0,0.88,0.0,0.88,0.0,0.0,0.0,0.44,0.0,0.0,0.0,0.0,0.44,0.0,0.0,0.061,0.0,0.0,0.0,1.949,17,230
s: 18
t: 36.166
c: 39
mem: 0.0

i: 0.0,0.9,0.0,0.0,0.9,0.0,0.9,0.0,0.0,0.9,0.0,0.0,0.0,0.0,0.0,1.81,0.0,1.81,1.81,0.0,0.0,0.0,0.0,0.0,0.0,0.0,0.0,0.0,0.0,0.0,0.0,0.0,0.0,0.0,0.0,0.9,0.0,0.0,0.0,0.0,0.0,0.0,0.0,0.0,0.0,0.0,0.0,0.0,0.0,0.319,0.0,1.492,0.0,19.829,5.3,66,106
s: 20
t: 69.952
c: 40
mem: 0.0

i: 0.0,0.0,0.0,0.0,0.0,0.0,0.0,0.0,0.0,0.0,0.0,0.37,0.37,0.0,0.0,0.0,0.0,0.0,1.49,0.0,0.0,0.0,0.0,0.0,0.0,0.0,0.0,0.0,0.0,0.0,0.0,0.0,0.0,0.0,0.0,0.37,0.0,0.0,0.0,0.0,0.37,0.0,0.0,0.0,1.11,0.37,0.0,0.0,0.0,0.131,0.0,0.0,0.0,0.0,1.4880000000000002,5,64
s: 25
t: 33.930
c: 42
mem: 0.0

i: 0.0,9.52,0.0,0.0,0.0,0.0,0.0,0.0,0.0,4.76,0.0,0.0,0.0,0.0,0.0,0.0,0.0,0.0,0.0,0.0,0.0,0.0,0.0,0.0,0.0,0.0,0.0,0.0,0.0,0.0,0.0,0.0,0.0,0.0,0.0,0.0,0.0,0.0,0.0,0.0,0.0,0.0,0.0,0.0,4.76,0.0,0.0,0.0,0.0,0.0,0.0,0.0,0.0,0.0,1.0,1,10
s: 20
t: 25.641
c: 40
mem: 0.0

i: 0.05,0.0,0.05,0.0,0.3,0.0,0.0,0.0,0.51,0.0,0.0,0.15,0.0,0.0,0.0,0.0,0.0,0.05,0.2,0.0,0.15,0.0,0.0,0.0,0.67,0.72,0.05,0.0,0.0,0.0,0.0,0.0,0.2,0.0,0.0,0.0,0.46,0.0,0.0,0.0,0.0,0.0,0.0,0.1,0.0,0.0,0.0,0.0,0.209,0.158,0.05,0.0,0.013999999999999999,0.0,3.764,85,1423
s: 18
t: 33.556
c: 40
mem: 0.0

i: 0.0,0.0,0.0,0.0,0.0,0.0,0.0,0.0,0.0,0.0,0.0,0.0,0.0,0.0,0.0,0.0,0.0,0.0,1.45,0.0,0.0,0.0,0.0,0.0,0.72,6.56,0.0,0.0,0.0,0.0,0.0,0.0,0.0,0.0,0.0,0.72,0.0,0.0,0.0,0.0,0.0,0.0,0.0,0.0,0.0,0.0,0.0,0.0,0.0,0.0,0.0,0.124,0.0,0.0,2.3609999999999998,30,85
s: 22
t: 26.405
c: 37
mem: 0.0

i: 0.07,0.37,0.81,0.0,0.51,0.29,0.07,0.0,0.07,0.37,0.07,1.48,0.14,0.0,0.07,0.0,0.14,0.44,3.55,0.0,1.85,0.0,0.0,0.07,0.0,0.0,0.0,0.0,0.0,0.0,0.0,0.0,0.0,0.0,0.0,0.0,0.14,0.0,0.0,0.0,0.0,0.0,0.0,0.0,0.0,0.0,0.0,0.0,0.052000000000000005,0.073,0.0,0.16699999999999998,0.16699999999999998,0.01,3.412,44,795
s: 21
t: 32.948
c: 42
mem: 0.0

i: 0.0,0.0,0.0,0.0,0.0,0.0,0.0,0.0,0.0,0.79,0.0,0.79,0.0,0.0,0.0,0.0,0.0,0.79,1.58,0.0,2.38,0.0,0.0,0.0,0.0,0.0,0.0,0.0,0.0,0.0,0.0,0.0,0.0,0.0,0.0,0.0,0.79,0.0,0.0,0.0,0.0,0.0,0.0,0.0,1.58,0.0,0.0,0.0,0.135,0.405,0.0,0.27,0.0,0.0,1.608,13,37
s: 23
t: 17.765
c: 36
mem: 0.0

max time: 69.95
min time: 2.89
avg time: 19.80

avg calls: 40.31
