vars: 12126
clauses: 117188
i: -0.66,-0.42200000000000004,-0.26,-0.036000000000000004,-0.073,0.02,-0.18100000000000002,-0.156,0.018000000000000002,-0.133,-0.66,-0.413,-0.059000000000000004,-0.445,-0.242,-0.38799999999999996,-0.54,-0.27699999999999997,-0.258,-0.217,-0.66,-0.374,-0.395,-0.272,-0.24600000000000002,-0.122,-0.375,-0.272,-0.212,-0.405,-0.66,-0.203,0.032,-0.317,-0.125,-0.265,-0.521,-0.221,-0.193,-0.139
s: 25
t: 42.398
c: 37
mem: 0.0

i: -1.037,-0.6659999999999999,-0.7170000000000001,-0.349,-0.32799999999999996,-0.155,-0.5670000000000001,-0.457,-0.255,-0.568,-1.037,-0.624,-0.41,-0.54,-0.384,-0.457,-0.682,-0.45899999999999996,-0.366,-0.389,-1.037,-0.748,-0.835,-0.555,-0.502,-0.318,-0.6990000000000001,-0.603,-0.469,-0.731,-1.037,-0.72,-0.511,-0.6579999999999999,-0.457,-0.48700000000000004,-0.836,-0.591,-0.542,-0.6659999999999999
s: 19
t: 36.203
c: 38
mem: 0.0

i: -1.044,-0.526,-0.318,-0.289,-0.17,-0.15,-0.508,-0.251,-0.161,-0.281,-1.044,-0.52,-0.027000000000000003,-0.585,-0.278,-0.414,-0.642,-0.3,-0.311,-0.122,-1.044,-0.516,0.07,-0.225,-0.019,-0.039,-0.47100000000000003,-0.043,-0.006,0.08800000000000001,-1.044,-0.45799999999999996,0.14400000000000002,-0.519,-0.223,-0.374,-0.5720000000000001,-0.2,-0.263,-0.044000000000000004
s: 11
t: 14.193
c: 38
mem: 0.0

i: -1.182,-0.513,-0.271,-0.298,-0.10400000000000001,-0.066,-0.524,-0.222,-0.124,-0.201,-1.182,-0.47100000000000003,-0.26,-0.54,-0.33399999999999996,-0.56,-0.5670000000000001,-0.297,-0.311,-0.225,-1.182,-0.72,-0.765,-0.547,-0.38799999999999996,-0.273,-0.72,-0.486,-0.40700000000000003,-0.748,-1.182,-0.623,-0.17300000000000001,-0.637,-0.316,-0.379,-0.76,-0.379,-0.315,-0.248
s: 13
t: 21.388
c: 37
mem: 0.0

i: -0.757,-0.54,-0.539,-0.382,-0.326,-0.25,-0.527,-0.406,-0.324,-0.552,-0.757,-0.49,-0.317,-0.42100000000000004,-0.263,-0.23800000000000002,-0.58,-0.377,-0.289,-0.386,-0.757,-0.573,-0.623,-0.439,-0.389,-0.258,-0.545,-0.46,-0.36200000000000004,-0.597,-0.757,-0.547,-0.47600000000000003,-0.498,-0.40700000000000003,-0.40299999999999997,-0.66,-0.507,-0.457,-0.58
s: 18
t: 36.111
c: 37
mem: 0.0

i: -0.966,-0.397,-0.27399999999999997,-0.182,-0.046,0.039,-0.409,-0.162,-0.033,-0.26899999999999996,-0.966,-0.43,-0.111,-0.426,-0.223,-0.366,-0.5429999999999999,-0.24600000000000002,-0.222,-0.215,-0.966,-0.53,-0.5920000000000001,-0.34600000000000003,-0.264,-0.142,-0.54,-0.354,-0.24600000000000002,-0.584,-0.966,-0.517,-0.18100000000000002,-0.49,-0.23600000000000002,-0.311,-0.664,-0.332,-0.289,-0.3
s: 19
t: 38.342
c: 37
mem: 0.0

i: -1.264,-0.821,-1.163,-0.61,-0.638,-0.41,-0.774,-0.7559999999999999,-0.614,-1.1079999999999999,-1.264,-0.9309999999999999,-0.9670000000000001,-0.88,-0.818,-0.853,-1.034,-0.905,-0.858,-1.011,-1.264,-1.125,-1.0490000000000002,-1.075,-0.982,-0.9470000000000001,-1.123,-1.016,-0.992,-1.069,-1.264,-0.8540000000000001,-1.003,-0.81,-0.8059999999999999,-0.878,-0.9940000000000001,-0.888,-0.853,-1.057
s: 9
t: 10.325
c: 38
mem: 0.0

i: -1.25,-0.992,-1.067,-0.902,-0.8390000000000001,-0.782,-1.001,-0.878,-0.856,-1.109,-1.25,-0.8440000000000001,-0.938,-0.8029999999999999,-0.752,-0.8140000000000001,-0.972,-0.823,-0.804,-0.981,-1.25,-0.87,-1.126,-0.743,-0.7340000000000001,-0.607,-0.868,-0.777,-0.742,-1.1340000000000001,-1.25,-0.9179999999999999,-0.852,-0.866,-0.7390000000000001,-0.7609999999999999,-1.021,-0.8270000000000001,-0.7959999999999999,-0.94
s: 15
t: 14.121
c: 38
mem: 0.0

i: -1.117,-0.457,-0.386,-0.281,-0.152,-0.11599999999999999,-0.506,-0.271,-0.165,-0.449,-1.117,-0.47600000000000003,-0.077,-0.5329999999999999,-0.272,-0.452,-0.616,-0.27699999999999997,-0.3,-0.19399999999999998,-1.117,-0.5920000000000001,-0.636,-0.396,-0.307,-0.174,-0.6,-0.42200000000000004,-0.293,-0.63,-1.117,-0.596,-0.231,-0.5820000000000001,-0.31,-0.42,-0.73,-0.387,-0.348,-0.326
s: 24
t: 39.641
c: 37
mem: 0.0

i: -1.064,-0.787,-0.718,-0.616,-0.512,-0.38799999999999996,-0.799,-0.609,-0.47,-0.6859999999999999,-1.064,-0.767,-0.534,-0.7070000000000001,-0.513,-0.521,-0.8909999999999999,-0.636,-0.568,-0.653,-1.064,-0.855,-0.905,-0.7290000000000001,-0.669,-0.534,-0.862,-0.752,-0.67,-0.919,-1.064,-0.843,-0.6859999999999999,-0.8029999999999999,-0.6629999999999999,-0.6679999999999999,-0.972,-0.802,-0.76,-0.87
s: 21
t: 30.158
c: 38
mem: 0.0

i: -1.077,-0.6509999999999999,-1.1640000000000001,-0.499,-0.575,-0.35100000000000003,-0.645,-0.636,-0.545,-1.094,-1.077,-0.758,-0.9109999999999999,-0.763,-0.769,-0.866,-0.934,-0.836,-0.84,-1.03,-1.077,-0.9620000000000001,-0.9079999999999999,-0.914,-0.8420000000000001,-0.826,-0.9520000000000001,-0.8690000000000001,-0.851,-0.922,-1.077,-0.72,-0.976,-0.7190000000000001,-0.7809999999999999,-0.882,-0.8909999999999999,-0.838,-0.833,-1.05
s: 12
t: 12.003
c: 38
mem: 0.0

i: -1.217,-0.433,-0.439,-0.301,-0.28,-0.319,-0.45,-0.342,-0.248,-0.451,-1.217,-0.304,-0.12,-0.546,-0.27399999999999997,-0.597,-0.408,-0.2,-0.172,-0.078,-1.217,-0.594,-1.092,-0.40700000000000003,-0.445,-0.23800000000000002,-0.59,-0.617,-0.513,-1.141,-1.217,-0.599,-0.7979999999999999,-0.622,-0.618,-0.772,-0.773,-0.644,-0.601,-0.7509999999999999
s: 14
t: 11.147
c: 37
mem: 0.0

i: -1.1320000000000001,-0.862,-0.922,-0.764,-0.688,-0.635,-0.8540000000000001,-0.7190000000000001,-0.6940000000000001,-0.929,-1.1320000000000001,-0.727,-0.846,-0.7020000000000001,-0.672,-0.76,-0.871,-0.738,-0.741,-0.935,-1.1320000000000001,-0.772,-1.067,-0.6709999999999999,-0.6920000000000001,-0.601,-0.792,-0.713,-0.6920000000000001,-1.07,-1.1320000000000001,-0.797,-0.785,-0.7709999999999999,-0.698,-0.778,-0.946,-0.792,-0.787,-0.945
s: 19
t: 13.283
c: 38
mem: 0.0

i: -1.2570000000000001,-0.995,-1.088,-0.8959999999999999,-0.848,-0.7829999999999999,-0.99,-0.8809999999999999,-0.8490000000000001,-1.085,-1.2570000000000001,-0.9259999999999999,-0.9840000000000001,-0.889,-0.8320000000000001,-0.894,-1.044,-0.902,-0.897,-1.074,-1.2570000000000001,-0.9690000000000001,-1.188,-0.8740000000000001,-0.8740000000000001,-0.7979999999999999,-0.97,-0.8859999999999999,-0.863,-1.149,-1.2570000000000001,-0.934,-0.9,-0.9,-0.7979999999999999,-0.8340000000000001,-1.062,-0.892,-0.871,-1.018
s: 18
t: 14.861
c: 38
mem: 0.0

i: -1.218,-0.853,-0.748,-0.672,-0.544,-0.435,-0.871,-0.6579999999999999,-0.526,-0.743,-1.218,-0.871,-0.6940000000000001,-0.799,-0.643,-0.677,-0.9670000000000001,-0.755,-0.6920000000000001,-0.7909999999999999,-1.218,-0.927,-0.925,-0.7559999999999999,-0.682,-0.5710000000000001,-0.925,-0.789,-0.682,-0.9109999999999999,-1.218,-0.93,-0.74,-0.85,-0.691,-0.695,-1.003,-0.797,-0.75,-0.853
s: 25
t: 23.190
c: 38
mem: 0.0

i: -1.18,-0.46,-0.299,-0.344,-0.275,-0.285,-0.4370000000000001,-0.29100000000000004,-0.254,-0.29100000000000004,-1.18,-0.33399999999999996,-0.038,-0.6,-0.27399999999999997,-0.504,-0.44,-0.221,-0.18100000000000002,-0.043,-1.18,-0.614,-1.2329999999999999,-0.40700000000000003,-0.499,-0.22899999999999998,-0.517,-0.621,-0.506,-1.1179999999999999,-1.18,-0.506,-0.688,-0.5329999999999999,-0.528,-0.6940000000000001,-0.6970000000000001,-0.5710000000000001,-0.498,-0.6659999999999999
s: 13
t: 11.368
c: 36
mem: 0.0

i: -1.206,-0.474,-0.179,-0.35,-0.245,-0.299,-0.491,-0.264,-0.23600000000000002,-0.179,-1.206,-0.332,-0.124,-0.605,-0.267,-0.564,-0.445,-0.21100000000000002,-0.195,-0.055999999999999994,-1.206,-0.568,-1.209,-0.439,-0.499,-0.235,-0.537,-0.603,-0.526,-1.1740000000000002,-1.206,-0.555,-0.77,-0.557,-0.563,-0.737,-0.698,-0.601,-0.516,-0.6629999999999999
s: 13
t: 11.590
c: 38
mem: 0.0

i: -0.934,-0.441,-0.4,-0.183,-0.353,-0.16,-0.368,-0.316,-0.209,-0.315,-0.934,-0.397,-0.02,-0.43799999999999994,-0.313,-0.39399999999999996,-0.511,-0.305,-0.325,-0.13699999999999998,-0.934,-0.41200000000000003,0.11800000000000001,-0.15,0.068,0.106,-0.397,-0.0,0.07,0.11800000000000001,-0.934,-0.361,0.065,-0.40700000000000003,-0.237,-0.34,-0.486,-0.243,-0.311,-0.076
s: 12
t: 14.720
c: 37
mem: 0.0

i: -1.113,-0.5489999999999999,-0.38299999999999995,-0.358,-0.192,-0.10800000000000001,-0.5479999999999999,-0.33299999999999996,-0.193,-0.305,-1.113,-0.496,-0.29,-0.555,-0.365,-0.5820000000000001,-0.632,-0.371,-0.387,-0.33299999999999996,-1.113,-0.705,-0.731,-0.5,-0.386,-0.316,-0.6629999999999999,-0.4970000000000001,-0.433,-0.725,-1.113,-0.591,-0.223,-0.583,-0.322,-0.451,-0.7240000000000001,-0.401,-0.382,-0.395
s: 22
t: 19.500
c: 37
mem: 0.0

i: -1.214,-0.424,-0.303,-0.222,-0.086,-0.022000000000000002,-0.536,-0.257,-0.105,-0.391,-1.214,-0.555,-0.225,-0.57,-0.32299999999999995,-0.45799999999999996,-0.7090000000000001,-0.379,-0.32899999999999996,-0.278,-1.214,-0.9109999999999999,-0.629,-0.7659999999999999,-0.573,-0.41600000000000004,-0.922,-0.6509999999999999,-0.545,-0.627,-1.214,-0.612,-0.326,-0.645,-0.392,-0.532,-0.708,-0.423,-0.37,-0.29
s: 13
t: 34.683
c: 38
mem: 0.0

i: -1.051,-0.6759999999999999,-0.662,-0.475,-0.401,-0.281,-0.6829999999999999,-0.507,-0.358,-0.5920000000000001,-1.051,-0.713,-0.5579999999999999,-0.669,-0.5579999999999999,-0.613,-0.8320000000000001,-0.645,-0.591,-0.637,-1.051,-0.79,-0.956,-0.621,-0.629,-0.47600000000000003,-0.774,-0.7090000000000001,-0.606,-0.9009999999999999,-1.051,-0.747,-0.693,-0.698,-0.624,-0.6729999999999999,-0.863,-0.726,-0.6890000000000001,-0.812
s: 21
t: 28.192
c: 38
mem: 0.0

i: -1.3019999999999998,-0.679,-0.258,-0.40299999999999997,-0.188,-0.087,-0.715,-0.273,-0.213,-0.28600000000000003,-1.3019999999999998,-0.599,0.057,-0.552,-0.188,-0.262,-0.66,-0.207,-0.212,-0.02,-1.3019999999999998,-0.654,-0.013000000000000001,-0.303,-0.033,-0.008,-0.632,-0.126,-0.057999999999999996,-0.032,-1.3019999999999998,-0.607,0.025,-0.57,-0.226,-0.313,-0.647,-0.215,-0.233,-0.006999999999999999
s: 13
t: 13.846
c: 37
mem: 0.0

i: -1.216,-0.612,-0.386,-0.36200000000000004,-0.217,-0.124,-0.555,-0.33399999999999996,-0.177,-0.285,-1.216,-0.532,-0.267,-0.573,-0.359,-0.5379999999999999,-0.611,-0.332,-0.312,-0.22,-1.216,-0.736,-0.807,-0.5589999999999999,-0.4370000000000001,-0.305,-0.728,-0.52,-0.40700000000000003,-0.767,-1.216,-0.632,-0.275,-0.631,-0.341,-0.473,-0.747,-0.402,-0.36,-0.34600000000000003
s: 12
t: 20.072
c: 37
mem: 0.0

i: -1.239,-0.39399999999999996,-0.621,-0.209,-0.136,-0.084,-0.502,-0.33899999999999997,-0.201,-0.731,-1.239,-0.529,-0.396,-0.5579999999999999,-0.369,-0.575,-0.7170000000000001,-0.4270000000000001,-0.401,-0.46799999999999997,-1.239,-0.95,-0.815,-0.75,-0.596,-0.446,-0.958,-0.764,-0.614,-0.8490000000000001,-1.239,-0.672,-0.535,-0.6779999999999999,-0.505,-0.6990000000000001,-0.7240000000000001,-0.506,-0.452,-0.442
s: 15
t: 34.415
c: 38
mem: 0.0

i: -0.446,-0.248,0.048,-0.047,0.001,0.054000000000000006,-0.159,-0.069,0.006,0.054000000000000006,-0.446,-0.13,0.4,-0.43,-0.122,-0.256,-0.431,-0.083,-0.15,0.231,-0.446,-0.078,0.17800000000000002,0.059000000000000004,0.065,0.168,-0.381,-0.013999999999999999,0.003,0.012,-0.446,-0.051,0.503,-0.4,-0.084,-0.222,-0.38299999999999995,-0.047,-0.092,0.297
s: 12
t: 15.561
c: 38
mem: 0.0

i: -1.028,-0.379,-0.462,-0.172,-0.131,0.0,-0.4,-0.233,-0.14300000000000002,-0.41600000000000004,-1.028,-0.456,-0.187,-0.511,-0.305,-0.473,-0.606,-0.314,-0.305,-0.215,-1.028,-0.591,-0.669,-0.42100000000000004,-0.35700000000000004,-0.25,-0.609,-0.473,-0.389,-0.7340000000000001,-1.028,-0.514,-0.233,-0.505,-0.298,-0.441,-0.653,-0.34299999999999997,-0.33299999999999996,-0.317
s: 21
t: 39.002
c: 37
mem: 0.0

i: -1.141,-0.732,-0.8109999999999999,-0.581,-0.501,-0.434,-0.7340000000000001,-0.584,-0.534,-0.8690000000000001,-1.141,-0.77,-0.624,-0.718,-0.5770000000000001,-0.619,-0.897,-0.6809999999999999,-0.662,-0.7829999999999999,-1.141,-0.757,-0.8140000000000001,-0.579,-0.495,-0.33,-0.762,-0.61,-0.494,-0.8540000000000001,-1.141,-0.6629999999999999,-0.45,-0.598,-0.43799999999999994,-0.479,-0.762,-0.519,-0.465,-0.526
s: 20
t: 40.818
c: 38
mem: 0.0

i: -1.088,-0.763,-0.6920000000000001,-0.561,-0.457,-0.31,-0.742,-0.55,-0.401,-0.684,-1.088,-0.741,-0.545,-0.6709999999999999,-0.509,-0.53,-0.853,-0.629,-0.579,-0.688,-1.088,-0.843,-0.887,-0.7290000000000001,-0.6629999999999999,-0.552,-0.872,-0.748,-0.672,-0.929,-1.088,-0.826,-0.6609999999999999,-0.797,-0.635,-0.655,-0.973,-0.765,-0.726,-0.826
s: 21
t: 28.701
c: 38
mem: 0.0

i: -0.958,-0.639,-0.599,-0.435,-0.37,-0.2,-0.627,-0.47100000000000003,-0.325,-0.598,-0.958,-0.602,-0.41600000000000004,-0.536,-0.37,-0.431,-0.698,-0.457,-0.396,-0.46799999999999997,-0.958,-0.6779999999999999,-0.809,-0.449,-0.414,-0.254,-0.594,-0.516,-0.39899999999999997,-0.687,-0.958,-0.685,-0.503,-0.609,-0.45799999999999996,-0.45399999999999996,-0.78,-0.581,-0.527,-0.629
s: 22
t: 38.238
c: 38
mem: 0.0

i: -1.193,-0.9940000000000001,-1.067,-0.9259999999999999,-0.8909999999999999,-0.878,-1.005,-0.925,-0.9279999999999999,-1.136,-1.193,-0.889,-1.001,-0.865,-0.843,-0.907,-1.023,-0.9109999999999999,-0.917,-1.101,-1.193,-0.868,-1.151,-0.765,-0.775,-0.6759999999999999,-0.86,-0.775,-0.7609999999999999,-1.126,-1.193,-0.87,-0.9229999999999999,-0.83,-0.7809999999999999,-0.821,-0.987,-0.855,-0.8320000000000001,-1.0
s: 15
t: 14.603
c: 38
mem: 0.0

i: -0.74,-0.379,-0.28800000000000003,-0.255,-0.195,-0.155,-0.43,-0.27399999999999997,-0.174,-0.289,-0.74,-0.509,-0.327,-0.546,-0.42200000000000004,-0.483,-0.713,-0.523,-0.496,-0.521,-0.74,-0.452,-0.6609999999999999,-0.29600000000000004,-0.375,-0.28600000000000003,-0.39299999999999996,-0.37,-0.297,-0.56,-0.74,-0.425,-0.413,-0.457,-0.44799999999999995,-0.562,-0.615,-0.528,-0.531,-0.573
s: 19
t: 41.489
c: 38
mem: 0.0

i: -0.6940000000000001,-0.348,-0.429,0.022000000000000002,-0.149,0.006,-0.382,-0.39399999999999996,-0.147,-0.395,-0.6940000000000001,-0.27399999999999997,-0.009000000000000001,-0.39799999999999996,-0.282,-0.504,-0.467,-0.282,-0.312,-0.153,-0.6940000000000001,-0.363,0.033,-0.052000000000000005,0.019,-0.024,-0.261,0.01,0.003,0.028999999999999998,-0.6940000000000001,-0.26,0.22699999999999998,-0.447,-0.179,-0.409,-0.43,-0.157,-0.233,0.027999999999999997
s: 12
t: 15.115
c: 37
mem: 0.0

i: -0.8170000000000001,-0.303,-0.231,-0.076,-0.285,-0.146,-0.249,-0.242,-0.19699999999999998,-0.165,-0.8170000000000001,-0.298,0.11900000000000001,-0.37799999999999995,-0.253,-0.35600000000000004,-0.451,-0.237,-0.298,-0.055999999999999994,-0.8170000000000001,-0.354,0.23,-0.13699999999999998,0.162,0.19699999999999998,-0.359,0.075,0.153,0.175,-0.8170000000000001,-0.242,0.22699999999999998,-0.341,-0.145,-0.284,-0.405,-0.145,-0.235,0.031
s: 12
t: 14.574
c: 36
mem: 0.0

i: -1.032,-0.541,-0.619,-0.382,-0.35200000000000004,-0.299,-0.5589999999999999,-0.442,-0.37799999999999995,-0.623,-1.032,-0.662,-0.55,-0.625,-0.514,-0.57,-0.8190000000000001,-0.635,-0.5920000000000001,-0.685,-1.032,-0.8,-0.907,-0.705,-0.6779999999999999,-0.599,-0.813,-0.716,-0.6709999999999999,-0.9,-1.032,-0.618,-0.414,-0.614,-0.44299999999999995,-0.551,-0.792,-0.541,-0.529,-0.593
s: 20
t: 37.640
c: 38
mem: 0.0

i: -1.1740000000000002,-0.934,-1.056,-0.8440000000000001,-0.825,-0.787,-0.9279999999999999,-0.846,-0.8340000000000001,-1.074,-1.1740000000000002,-0.838,-0.958,-0.8140000000000001,-0.804,-0.91,-0.9740000000000001,-0.871,-0.903,-1.107,-1.1740000000000002,-0.851,-1.095,-0.755,-0.747,-0.68,-0.857,-0.759,-0.7559999999999999,-1.088,-1.1740000000000002,-0.8290000000000001,-0.83,-0.8009999999999999,-0.713,-0.787,-0.961,-0.792,-0.775,-0.9229999999999999
s: 15
t: 14.360
c: 38
mem: 0.0

i: -1.169,-0.804,-0.892,-0.68,-0.622,-0.528,-0.826,-0.665,-0.593,-0.867,-1.169,-0.846,-0.6920000000000001,-0.7879999999999999,-0.626,-0.617,-0.9420000000000001,-0.7190000000000001,-0.664,-0.759,-1.169,-0.9109999999999999,-0.988,-0.787,-0.721,-0.5920000000000001,-0.895,-0.775,-0.701,-0.948,-1.169,-0.825,-0.626,-0.763,-0.58,-0.609,-0.93,-0.69,-0.645,-0.752
s: 18
t: 33.632
c: 38
mem: 0.0

i: -1.023,-0.44,-0.526,-0.195,-0.19399999999999998,-0.055999999999999994,-0.46799999999999997,-0.342,-0.166,-0.545,-1.023,-0.523,-0.198,-0.544,-0.353,-0.478,-0.6579999999999999,-0.389,-0.35100000000000003,-0.301,-1.023,-0.614,-0.539,-0.42200000000000004,-0.325,-0.258,-0.5670000000000001,-0.406,-0.34600000000000003,-0.551,-1.023,-0.5579999999999999,-0.317,-0.536,-0.319,-0.429,-0.687,-0.401,-0.375,-0.37799999999999995
s: 21
t: 37.097
c: 37
mem: 0.0

i: -1.311,-0.9390000000000001,-0.8590000000000001,-0.708,-0.616,-0.425,-0.922,-0.721,-0.5429999999999999,-0.8059999999999999,-1.311,-0.977,-0.684,-0.9,-0.7,-0.6759999999999999,-1.065,-0.812,-0.713,-0.758,-1.311,-1.054,-1.047,-0.9109999999999999,-0.818,-0.7120000000000001,-1.041,-0.902,-0.813,-1.021,-1.311,-1.028,-0.8270000000000001,-0.958,-0.76,-0.735,-1.125,-0.887,-0.8029999999999999,-0.902
s: 25
t: 24.892
c: 38
mem: 0.0

i: -0.6890000000000001,-0.11599999999999999,-0.278,0.032,-0.008,0.052000000000000005,-0.27,-0.096,-0.01,-0.366,-0.6890000000000001,-0.35200000000000004,-0.196,-0.391,-0.29600000000000004,-0.47100000000000003,-0.541,-0.345,-0.368,-0.386,-0.6890000000000001,-0.4970000000000001,-0.679,-0.364,-0.373,-0.35600000000000004,-0.457,-0.41,-0.37799999999999995,-0.637,-0.6890000000000001,-0.401,-0.29100000000000004,-0.474,-0.35600000000000004,-0.537,-0.583,-0.41600000000000004,-0.41,-0.434
s: 18
t: 38.773
c: 37
mem: 0.0

i: -1.226,-0.6409999999999999,-0.6409999999999999,-0.47700000000000004,-0.345,-0.245,-0.7,-0.525,-0.449,-0.809,-1.226,-0.741,-0.614,-0.706,-0.53,-0.631,-0.889,-0.629,-0.611,-0.7390000000000001,-1.226,-1.0190000000000001,-0.973,-0.934,-0.833,-0.759,-1.015,-0.879,-0.8270000000000001,-0.965,-1.226,-0.821,-0.66,-0.768,-0.615,-0.654,-0.9159999999999999,-0.6920000000000001,-0.636,-0.7
s: 18
t: 26.569
c: 38
mem: 0.0

i: -1.228,-0.722,-1.109,-0.5529999999999999,-0.575,-0.349,-0.7609999999999999,-0.68,-0.556,-1.1,-1.228,-0.833,-0.902,-0.8,-0.75,-0.83,-0.981,-0.8270000000000001,-0.802,-0.975,-1.228,-1.07,-0.988,-1.02,-0.925,-0.887,-1.085,-0.9740000000000001,-0.95,-1.046,-1.228,-0.8270000000000001,-0.955,-0.778,-0.7609999999999999,-0.855,-0.9390000000000001,-0.8320000000000001,-0.82,-1.026
s: 8
t: 10.635
c: 38
mem: 0.0

i: -1.084,-0.469,-0.348,-0.358,-0.32299999999999995,-0.377,-0.46,-0.36,-0.324,-0.35600000000000004,-1.084,-0.326,0.003,-0.627,-0.26,-0.539,-0.435,-0.209,-0.192,-0.051,-1.084,-0.5479999999999999,-1.3019999999999998,-0.327,-0.507,-0.175,-0.431,-0.62,-0.446,-1.1320000000000001,-1.084,-0.504,-0.736,-0.536,-0.5710000000000001,-0.737,-0.7290000000000001,-0.639,-0.574,-0.767
s: 14
t: 11.411
c: 37
mem: 0.0

i: -1.04,-0.306,-0.1,-0.16,-0.012,-0.047,-0.434,-0.15,0.021,-0.031,-1.04,-0.313,0.006,-0.5,-0.24100000000000002,-0.521,-0.469,-0.162,-0.217,-0.033,-1.04,-0.557,-0.647,-0.391,-0.275,-0.19,-0.578,-0.387,-0.307,-0.662,-1.04,-0.473,0.075,-0.5379999999999999,-0.159,-0.355,-0.5820000000000001,-0.187,-0.18899999999999997,-0.066
s: 23
t: 25.354
c: 38
mem: 0.0

i: -1.39,-1.1840000000000002,-1.234,-1.1079999999999999,-1.053,-1.003,-1.181,-1.08,-1.057,-1.248,-1.39,-1.033,-1.051,-0.98,-0.884,-0.912,-1.1340000000000001,-0.96,-0.9329999999999999,-1.107,-1.39,-0.982,-1.177,-0.857,-0.7879999999999999,-0.6509999999999999,-0.987,-0.8370000000000001,-0.794,-1.186,-1.39,-0.9990000000000001,-1.02,-0.9440000000000001,-0.851,-0.899,-1.103,-0.9229999999999999,-0.898,-1.067
s: 12
t: 18.490
c: 38
mem: 0.0

i: -1.252,-0.40700000000000003,-0.15,-0.27899999999999997,-0.168,-0.218,-0.423,-0.18100000000000002,-0.154,-0.155,-1.252,-0.302,0.005,-0.609,-0.245,-0.517,-0.3670000000000001,-0.158,-0.149,0.06,-1.252,-0.67,-1.188,-0.48200000000000004,-0.5379999999999999,-0.253,-0.613,-0.657,-0.541,-1.1320000000000001,-1.252,-0.622,-0.674,-0.588,-0.5329999999999999,-0.698,-0.7440000000000001,-0.598,-0.491,-0.63
s: 15
t: 11.073
c: 37
mem: 0.0

i: -1.3019999999999998,-0.506,-0.237,-0.281,-0.127,-0.071,-0.536,-0.268,-0.138,-0.223,-1.3019999999999998,-0.555,-0.086,-0.622,-0.303,-0.473,-0.598,-0.27,-0.273,-0.053,-1.3019999999999998,-0.795,-0.872,-0.551,-0.44799999999999995,-0.299,-0.7290000000000001,-0.556,-0.40399999999999997,-0.741,-1.3019999999999998,-0.621,-0.297,-0.625,-0.382,-0.55,-0.6809999999999999,-0.389,-0.348,-0.278
s: 14
t: 24.652
c: 37
mem: 0.0

i: -1.113,-0.631,-0.794,-0.478,-0.436,-0.29600000000000004,-0.659,-0.536,-0.429,-0.7929999999999999,-1.113,-0.715,-0.547,-0.7140000000000001,-0.544,-0.609,-0.8859999999999999,-0.639,-0.601,-0.657,-1.113,-0.888,-1.041,-0.7390000000000001,-0.73,-0.58,-0.8440000000000001,-0.7809999999999999,-0.69,-0.9670000000000001,-1.113,-0.733,-0.579,-0.6890000000000001,-0.539,-0.613,-0.848,-0.624,-0.597,-0.682
s: 21
t: 41.548
c: 38
mem: 0.0

i: -1.024,-0.413,-0.426,-0.22,-0.20199999999999999,-0.099,-0.441,-0.293,-0.182,-0.364,-1.024,-0.45399999999999996,-0.187,-0.51,-0.326,-0.501,-0.607,-0.33299999999999996,-0.33399999999999996,-0.248,-1.024,-0.57,-0.617,-0.405,-0.32799999999999996,-0.24600000000000002,-0.597,-0.441,-0.36,-0.684,-1.024,-0.525,-0.245,-0.547,-0.3670000000000001,-0.486,-0.695,-0.419,-0.426,-0.38
s: 19
t: 42.891
c: 38
mem: 0.0

i: -0.5329999999999999,-0.049,-0.151,0.087,0.019,0.12300000000000001,-0.214,-0.085,0.019,-0.261,-0.5329999999999999,-0.263,0.019,-0.32299999999999995,-0.215,-0.306,-0.48,-0.295,-0.282,-0.204,-0.5329999999999999,-0.304,-0.6759999999999999,-0.162,-0.303,-0.251,-0.28,-0.33399999999999996,-0.29100000000000004,-0.652,-0.5329999999999999,-0.33399999999999996,-0.257,-0.45,-0.35600000000000004,-0.605,-0.514,-0.39299999999999996,-0.40700000000000003,-0.43799999999999994
s: 18
t: 45.622
c: 37
mem: 0.0

i: -1.071,-0.838,-0.92,-0.743,-0.698,-0.66,-0.8170000000000001,-0.725,-0.7120000000000001,-0.9440000000000001,-1.071,-0.735,-0.792,-0.7070000000000001,-0.655,-0.74,-0.8640000000000001,-0.733,-0.7490000000000001,-0.9420000000000001,-1.071,-0.736,-1.025,-0.621,-0.644,-0.5529999999999999,-0.7290000000000001,-0.6679999999999999,-0.6609999999999999,-1.072,-1.071,-0.741,-0.8140000000000001,-0.726,-0.691,-0.7809999999999999,-0.895,-0.767,-0.7709999999999999,-0.9390000000000001
s: 17
t: 13.993
c: 38
mem: 0.0

i: -1.3230000000000002,-0.7340000000000001,-0.679,-0.541,-0.371,-0.266,-0.762,-0.55,-0.452,-0.835,-1.3230000000000002,-0.884,-0.706,-0.833,-0.637,-0.685,-1.01,-0.746,-0.7,-0.815,-1.3230000000000002,-1.125,-1.093,-1.054,-0.9640000000000001,-0.9129999999999999,-1.131,-1.01,-0.973,-1.109,-1.3230000000000002,-0.889,-0.7879999999999999,-0.8290000000000001,-0.695,-0.722,-0.992,-0.778,-0.705,-0.79
s: 21
t: 25.442
c: 38
mem: 0.0

i: -1.37,-0.8640000000000001,-1.1179999999999999,-0.601,-0.562,-0.355,-0.8140000000000001,-0.7190000000000001,-0.54,-1.002,-1.37,-0.966,-0.9420000000000001,-0.898,-0.79,-0.851,-1.06,-0.873,-0.821,-0.966,-1.37,-1.207,-1.114,-1.153,-1.0390000000000001,-1.0,-1.2229999999999999,-1.097,-1.0659999999999998,-1.165,-1.37,-0.927,-1.0070000000000001,-0.856,-0.804,-0.858,-1.0390000000000001,-0.892,-0.841,-1.038
s: 8
t: 11.000
c: 38
mem: 0.0

i: -1.119,-0.598,-0.193,-0.387,-0.16399999999999998,-0.139,-0.614,-0.278,-0.214,-0.302,-1.119,-0.45899999999999996,0.057999999999999996,-0.534,-0.237,-0.368,-0.585,-0.256,-0.255,-0.040999999999999995,-1.119,-0.45299999999999996,-0.048,-0.079,0.08,0.01,-0.43799999999999994,-0.095,-0.018000000000000002,-0.04,-1.119,-0.444,0.083,-0.498,-0.204,-0.35600000000000004,-0.5479999999999999,-0.212,-0.225,0.006999999999999999
s: 11
t: 14.496
c: 37
mem: 0.0

i: -1.228,-0.568,-0.373,-0.39299999999999996,-0.313,-0.29100000000000004,-0.528,-0.34700000000000003,-0.3,-0.35600000000000004,-1.228,-0.354,-0.11199999999999999,-0.607,-0.297,-0.568,-0.46299999999999997,-0.23600000000000002,-0.207,-0.075,-1.228,-0.563,-1.245,-0.396,-0.508,-0.184,-0.535,-0.619,-0.479,-1.193,-1.228,-0.59,-0.8420000000000001,-0.5770000000000001,-0.632,-0.767,-0.763,-0.685,-0.605,-0.7979999999999999
s: 14
t: 10.328
c: 37
mem: 0.0

i: -1.129,-0.557,-0.512,-0.373,-0.24100000000000002,-0.124,-0.581,-0.384,-0.28800000000000003,-0.648,-1.129,-0.5589999999999999,-0.302,-0.562,-0.34299999999999997,-0.486,-0.708,-0.402,-0.386,-0.40700000000000003,-1.129,-0.77,-0.745,-0.6409999999999999,-0.51,-0.396,-0.78,-0.5770000000000001,-0.494,-0.7290000000000001,-1.129,-0.746,-0.584,-0.688,-0.521,-0.529,-0.858,-0.617,-0.544,-0.626
s: 23
t: 32.286
c: 38
mem: 0.0

i: -1.291,-0.429,-0.474,-0.31,-0.302,-0.28,-0.429,-0.33,-0.248,-0.479,-1.291,-0.307,-0.114,-0.545,-0.28,-0.595,-0.358,-0.196,-0.171,-0.037000000000000005,-1.291,-0.627,-1.081,-0.418,-0.444,-0.23199999999999998,-0.626,-0.62,-0.4920000000000001,-1.11,-1.291,-0.642,-0.823,-0.643,-0.635,-0.774,-0.81,-0.6709999999999999,-0.615,-0.77
s: 15
t: 11.039
c: 37
mem: 0.0

i: -1.278,-0.573,-0.335,-0.429,-0.298,-0.31,-0.621,-0.35600000000000004,-0.287,-0.34600000000000003,-1.278,-0.397,-0.215,-0.61,-0.303,-0.63,-0.475,-0.255,-0.215,-0.11900000000000001,-1.278,-0.5870000000000001,-1.18,-0.382,-0.451,-0.174,-0.5329999999999999,-0.61,-0.461,-1.149,-1.278,-0.624,-0.8320000000000001,-0.599,-0.625,-0.775,-0.742,-0.66,-0.5820000000000001,-0.737
s: 13
t: 11.441
c: 36
mem: 0.0

i: -1.271,-0.7829999999999999,-1.121,-0.5870000000000001,-0.581,-0.392,-0.8,-0.713,-0.609,-1.105,-1.271,-0.915,-0.953,-0.879,-0.818,-0.887,-1.056,-0.9059999999999999,-0.889,-1.065,-1.271,-1.113,-1.042,-1.056,-0.958,-0.917,-1.124,-1.006,-0.9620000000000001,-1.061,-1.271,-0.8690000000000001,-1.003,-0.818,-0.805,-0.894,-0.986,-0.872,-0.841,-1.023
s: 8
t: 10.507
c: 38
mem: 0.0

i: -1.111,-0.514,-0.507,-0.33,-0.249,-0.16899999999999998,-0.5579999999999999,-0.34700000000000003,-0.253,-0.494,-1.111,-0.483,-0.258,-0.496,-0.32,-0.475,-0.629,-0.366,-0.349,-0.32799999999999996,-1.111,-0.618,-0.69,-0.447,-0.35200000000000004,-0.257,-0.655,-0.489,-0.39299999999999996,-0.759,-1.111,-0.625,-0.3670000000000001,-0.602,-0.395,-0.47100000000000003,-0.7829999999999999,-0.493,-0.45799999999999996,-0.48100000000000004
s: 23
t: 43.424
c: 38
mem: 0.0

i: -0.672,-0.321,-0.449,-0.153,-0.122,-0.106,-0.34600000000000003,-0.212,-0.146,-0.4370000000000001,-0.672,-0.281,0.027000000000000003,-0.442,-0.21,-0.381,-0.565,-0.27,-0.26899999999999996,-0.127,-0.672,-0.324,-0.586,-0.183,-0.237,-0.16399999999999998,-0.386,-0.35,-0.278,-0.58,-0.672,-0.377,-0.07200000000000001,-0.46799999999999997,-0.263,-0.355,-0.6559999999999999,-0.3720000000000001,-0.35,-0.34700000000000003
s: 21
t: 41.312
c: 37
mem: 0.0

i: -1.197,-0.547,-0.505,-0.342,-0.226,-0.09,-0.5579999999999999,-0.34,-0.184,-0.494,-1.197,-0.521,-0.249,-0.562,-0.327,-0.485,-0.653,-0.34299999999999997,-0.315,-0.252,-1.197,-0.727,-0.6759999999999999,-0.531,-0.408,-0.32299999999999995,-0.746,-0.5529999999999999,-0.433,-0.741,-1.197,-0.7120000000000001,-0.311,-0.6679999999999999,-0.406,-0.466,-0.8340000000000001,-0.49,-0.45,-0.42
s: 20
t: 45.177
c: 37
mem: 0.0

i: -0.99,-0.521,-0.682,-0.29100000000000004,-0.304,-0.19899999999999998,-0.46,-0.425,-0.312,-0.662,-0.99,-0.528,-0.278,-0.5379999999999999,-0.34700000000000003,-0.486,-0.662,-0.405,-0.405,-0.396,-0.99,-0.657,-0.8390000000000001,-0.499,-0.489,-0.359,-0.649,-0.531,-0.45799999999999996,-0.7759999999999999,-0.99,-0.551,-0.38799999999999996,-0.561,-0.42200000000000004,-0.518,-0.732,-0.4920000000000001,-0.47200000000000003,-0.518
s: 22
t: 37.842
c: 38
mem: 0.0

i: -1.071,-0.332,-0.342,-0.142,-0.04,-0.055999999999999994,-0.435,-0.22399999999999998,-0.08800000000000001,-0.486,-1.071,-0.46,-0.235,-0.517,-0.33899999999999997,-0.532,-0.665,-0.381,-0.363,-0.389,-1.071,-0.8270000000000001,-0.644,-0.688,-0.522,-0.39799999999999996,-0.821,-0.599,-0.4920000000000001,-0.629,-1.071,-0.5489999999999999,-0.3670000000000001,-0.605,-0.4,-0.606,-0.684,-0.436,-0.413,-0.38299999999999995
s: 13
t: 34.021
c: 37
mem: 0.0

i: -1.236,-0.6779999999999999,-0.764,-0.496,-0.405,-0.228,-0.72,-0.5579999999999999,-0.45,-0.917,-1.236,-0.72,-0.579,-0.667,-0.495,-0.575,-0.847,-0.5820000000000001,-0.535,-0.643,-1.236,-0.922,-0.884,-0.789,-0.66,-0.536,-0.9209999999999999,-0.732,-0.659,-0.898,-1.236,-0.823,-0.747,-0.7609999999999999,-0.632,-0.669,-0.9229999999999999,-0.7,-0.653,-0.755
s: 21
t: 29.815
c: 38
mem: 0.0

i: -1.249,-0.8640000000000001,-1.251,-0.6409999999999999,-0.688,-0.45799999999999996,-0.7809999999999999,-0.769,-0.633,-1.084,-1.249,-0.9640000000000001,-1.055,-0.92,-0.897,-0.9520000000000001,-1.063,-0.9670000000000001,-0.946,-1.097,-1.249,-1.125,-1.071,-1.085,-1.012,-0.9740000000000001,-1.1340000000000001,-1.047,-1.021,-1.103,-1.249,-0.807,-0.965,-0.789,-0.767,-0.856,-0.987,-0.851,-0.83,-1.0490000000000002
s: 9
t: 11.113
c: 38
mem: 0.0

i: -1.135,-0.669,-1.12,-0.452,-0.505,-0.256,-0.6709999999999999,-0.6709999999999999,-0.544,-1.13,-1.135,-0.723,-0.8029999999999999,-0.6920000000000001,-0.647,-0.7559999999999999,-0.87,-0.73,-0.72,-0.9,-1.135,-0.935,-0.8420000000000001,-0.8540000000000001,-0.738,-0.708,-0.951,-0.8,-0.75,-0.86,-1.135,-0.722,-0.843,-0.693,-0.665,-0.7709999999999999,-0.8590000000000001,-0.727,-0.7,-0.879
s: 12
t: 12.081
c: 37
mem: 0.0

i: -1.06,-0.5529999999999999,-0.373,-0.436,-0.353,-0.368,-0.491,-0.342,-0.313,-0.34299999999999997,-1.06,-0.39,-0.077,-0.6409999999999999,-0.29100000000000004,-0.541,-0.522,-0.27699999999999997,-0.23,-0.168,-1.06,-0.563,-1.3319999999999999,-0.373,-0.536,-0.233,-0.43799999999999994,-0.607,-0.47600000000000003,-1.113,-1.06,-0.462,-0.7,-0.522,-0.5539999999999999,-0.7140000000000001,-0.742,-0.624,-0.5489999999999999,-0.7659999999999999
s: 14
t: 11.670
c: 37
mem: 0.0

i: -1.242,-0.8440000000000001,-1.242,-0.5720000000000001,-0.657,-0.423,-0.731,-0.765,-0.593,-1.064,-1.242,-0.919,-1.043,-0.872,-0.873,-0.935,-1.022,-0.937,-0.9,-1.053,-1.242,-1.105,-0.9990000000000001,-1.06,-0.9470000000000001,-0.885,-1.115,-0.996,-0.9540000000000001,-1.015,-1.242,-0.795,-0.929,-0.767,-0.753,-0.836,-0.978,-0.848,-0.8170000000000001,-1.04
s: 11
t: 10.563
c: 38
mem: 0.0

i: -1.169,-0.742,-1.166,-0.601,-0.652,-0.46399999999999997,-0.762,-0.7090000000000001,-0.635,-1.128,-1.169,-0.845,-0.9620000000000001,-0.83,-0.813,-0.8859999999999999,-1.0090000000000001,-0.898,-0.898,-1.097,-1.169,-1.036,-0.972,-0.988,-0.909,-0.871,-1.0390000000000001,-0.946,-0.9159999999999999,-0.9790000000000001,-1.169,-0.8,-0.99,-0.774,-0.782,-0.8640000000000001,-0.9359999999999999,-0.8390000000000001,-0.821,-1.018
s: 11
t: 11.408
c: 38
mem: 0.0

i: -1.228,-0.752,-1.1909999999999998,-0.551,-0.623,-0.35200000000000004,-0.736,-0.727,-0.598,-1.181,-1.228,-0.845,-0.925,-0.82,-0.772,-0.857,-0.9940000000000001,-0.853,-0.841,-1.024,-1.228,-1.05,-0.9620000000000001,-0.99,-0.879,-0.843,-1.077,-0.9440000000000001,-0.9079999999999999,-1.0090000000000001,-1.228,-0.787,-0.9540000000000001,-0.768,-0.764,-0.877,-0.943,-0.823,-0.81,-0.988
s: 10
t: 10.617
c: 38
mem: 0.0

i: -0.995,-0.353,-0.56,-0.01,-0.009000000000000001,-0.025,-0.207,-0.237,-0.027999999999999997,-0.451,-0.995,-0.44799999999999995,-0.22899999999999998,-0.511,-0.315,-0.535,-0.5479999999999999,-0.307,-0.284,-0.22699999999999998,-0.995,-0.752,-0.461,-0.606,-0.39799999999999996,-0.271,-0.765,-0.499,-0.387,-0.45299999999999996,-0.995,-0.408,-0.166,-0.514,-0.28,-0.4970000000000001,-0.602,-0.3,-0.257,-0.231
s: 17
t: 32.136
c: 37
mem: 0.0

i: -1.224,-0.853,-0.879,-0.715,-0.602,-0.505,-0.858,-0.685,-0.615,-0.91,-1.224,-0.8340000000000001,-0.7020000000000001,-0.77,-0.606,-0.622,-0.9420000000000001,-0.703,-0.633,-0.738,-1.224,-0.862,-0.937,-0.713,-0.605,-0.457,-0.8909999999999999,-0.722,-0.638,-1.001,-1.224,-0.818,-0.622,-0.758,-0.588,-0.64,-0.9359999999999999,-0.6890000000000001,-0.6509999999999999,-0.732
s: 17
t: 35.683
c: 38
mem: 0.0

i: -1.082,-0.48700000000000004,-0.465,-0.32899999999999996,-0.23199999999999998,-0.138,-0.528,-0.337,-0.23,-0.45299999999999996,-1.082,-0.483,-0.163,-0.519,-0.292,-0.44299999999999995,-0.615,-0.316,-0.28,-0.203,-1.082,-0.636,-0.679,-0.45899999999999996,-0.379,-0.24100000000000002,-0.621,-0.45,-0.33799999999999997,-0.633,-1.082,-0.636,-0.34600000000000003,-0.618,-0.389,-0.489,-0.7659999999999999,-0.466,-0.436,-0.455
s: 22
t: 43.982
c: 38
mem: 0.0

i: -1.067,-0.74,-0.748,-0.513,-0.48,-0.303,-0.71,-0.579,-0.425,-0.718,-1.067,-0.726,-0.479,-0.664,-0.4970000000000001,-0.515,-0.816,-0.58,-0.498,-0.525,-1.067,-0.768,-0.883,-0.58,-0.521,-0.371,-0.7490000000000001,-0.635,-0.528,-0.868,-1.067,-0.777,-0.667,-0.7190000000000001,-0.5760000000000001,-0.596,-0.893,-0.684,-0.636,-0.765
s: 17
t: 35.885
c: 38
mem: 0.0

i: -1.222,-0.7609999999999999,-1.158,-0.578,-0.62,-0.396,-0.764,-0.723,-0.603,-1.1440000000000001,-1.222,-0.851,-0.927,-0.826,-0.778,-0.861,-1.006,-0.86,-0.843,-1.022,-1.222,-1.062,-0.953,-1.015,-0.892,-0.8440000000000001,-1.08,-0.941,-0.9079999999999999,-0.9940000000000001,-1.222,-0.812,-0.9490000000000001,-0.782,-0.755,-0.845,-0.9540000000000001,-0.8270000000000001,-0.8079999999999999,-1.0090000000000001
s: 9
t: 10.896
c: 38
mem: 0.0

i: -1.234,-0.6659999999999999,-0.659,-0.501,-0.354,-0.221,-0.721,-0.51,-0.41600000000000004,-0.794,-1.234,-0.6990000000000001,-0.495,-0.6829999999999999,-0.462,-0.547,-0.861,-0.555,-0.515,-0.589,-1.234,-0.9420000000000001,-0.872,-0.8340000000000001,-0.701,-0.619,-0.9440000000000001,-0.767,-0.7070000000000001,-0.8759999999999999,-1.234,-0.856,-0.68,-0.809,-0.623,-0.635,-0.9740000000000001,-0.721,-0.6659999999999999,-0.735
s: 22
t: 29.844
c: 38
mem: 0.0

i: -1.31,-0.389,-0.258,-0.184,-0.067,-0.005,-0.475,-0.19699999999999998,-0.084,-0.293,-1.31,-0.5429999999999999,-0.185,-0.568,-0.301,-0.465,-0.6729999999999999,-0.326,-0.299,-0.218,-1.31,-0.982,-0.701,-0.816,-0.619,-0.528,-0.9790000000000001,-0.715,-0.62,-0.701,-1.31,-0.637,-0.228,-0.625,-0.3720000000000001,-0.519,-0.7040000000000001,-0.397,-0.374,-0.28800000000000003
s: 12
t: 38.081
c: 38
mem: 0.0

i: -1.2819999999999998,-0.436,-0.652,-0.22699999999999998,-0.102,-0.015,-0.524,-0.32899999999999996,-0.163,-0.742,-1.2819999999999998,-0.552,-0.406,-0.581,-0.364,-0.57,-0.6970000000000001,-0.392,-0.358,-0.395,-1.2819999999999998,-1.001,-0.807,-0.7959999999999999,-0.637,-0.48100000000000004,-0.9990000000000001,-0.7809999999999999,-0.622,-0.823,-1.2819999999999998,-0.736,-0.57,-0.72,-0.51,-0.667,-0.78,-0.53,-0.45399999999999996,-0.439
s: 15
t: 35.425
c: 38
mem: 0.0

i: -1.225,-0.574,-0.272,-0.316,-0.095,-0.037000000000000005,-0.614,-0.245,-0.081,-0.35600000000000004,-1.225,-0.431,-0.076,-0.5479999999999999,-0.284,-0.461,-0.579,-0.247,-0.243,-0.075,-1.225,-0.503,-0.195,-0.218,-0.071,-0.04,-0.575,-0.225,-0.134,-0.21100000000000002,-1.225,-0.479,-0.139,-0.556,-0.309,-0.47100000000000003,-0.619,-0.303,-0.276,-0.14
s: 13
t: 16.017
c: 38
mem: 0.0

i: -1.256,-0.475,-0.508,-0.19899999999999998,-0.151,-0.034,-0.521,-0.327,-0.08900000000000001,-0.555,-1.256,-0.5720000000000001,-0.384,-0.568,-0.415,-0.545,-0.7120000000000001,-0.452,-0.379,-0.413,-1.256,-0.9640000000000001,-0.73,-0.823,-0.635,-0.525,-0.972,-0.736,-0.645,-0.7490000000000001,-1.256,-0.6759999999999999,-0.484,-0.628,-0.433,-0.593,-0.742,-0.4920000000000001,-0.436,-0.447
s: 14
t: 36.702
c: 38
mem: 0.0

i: -1.248,-0.552,-0.18100000000000002,-0.381,-0.172,-0.09,-0.633,-0.265,-0.163,-0.163,-1.248,-0.5379999999999999,-0.268,-0.583,-0.34600000000000003,-0.562,-0.638,-0.317,-0.305,-0.221,-1.248,-0.809,-0.8640000000000001,-0.616,-0.501,-0.35100000000000003,-0.7829999999999999,-0.597,-0.47700000000000004,-0.799,-1.248,-0.6829999999999999,-0.242,-0.679,-0.364,-0.47200000000000003,-0.775,-0.409,-0.365,-0.309
s: 12
t: 22.663
c: 37
mem: 0.0

i: -1.175,-0.9229999999999999,-1.0090000000000001,-0.848,-0.797,-0.75,-0.946,-0.8320000000000001,-0.81,-1.035,-1.175,-0.804,-0.9840000000000001,-0.799,-0.805,-0.9,-0.9640000000000001,-0.856,-0.863,-1.042,-1.175,-0.805,-1.16,-0.688,-0.7120000000000001,-0.57,-0.797,-0.725,-0.698,-1.121,-1.175,-0.8320000000000001,-0.8,-0.7959999999999999,-0.693,-0.747,-0.953,-0.777,-0.7559999999999999,-0.9059999999999999
s: 14
t: 14.767
c: 37
mem: 0.0

i: -1.207,-0.486,-0.376,-0.273,-0.174,-0.069,-0.565,-0.301,-0.146,-0.37799999999999995,-1.207,-0.54,-0.191,-0.568,-0.355,-0.479,-0.685,-0.371,-0.3670000000000001,-0.252,-1.207,-0.7609999999999999,-0.7490000000000001,-0.59,-0.479,-0.355,-0.7909999999999999,-0.603,-0.48100000000000004,-0.764,-1.207,-0.6970000000000001,-0.313,-0.654,-0.376,-0.46299999999999997,-0.81,-0.447,-0.405,-0.40299999999999997
s: 25
t: 36.648
c: 38
mem: 0.0

i: -1.143,-0.889,-0.998,-0.8,-0.769,-0.742,-0.902,-0.81,-0.797,-1.041,-1.143,-0.815,-0.8640000000000001,-0.805,-0.757,-0.858,-0.971,-0.841,-0.868,-1.051,-1.143,-0.7759999999999999,-1.055,-0.675,-0.6920000000000001,-0.62,-0.797,-0.71,-0.6970000000000001,-1.073,-1.143,-0.76,-0.809,-0.727,-0.6629999999999999,-0.748,-0.894,-0.731,-0.7190000000000001,-0.889
s: 15
t: 14.856
c: 37
mem: 0.0

i: -1.109,-0.7909999999999999,-0.672,-0.5920000000000001,-0.47200000000000003,-0.315,-0.778,-0.555,-0.41600000000000004,-0.647,-1.109,-0.7340000000000001,-0.557,-0.655,-0.485,-0.515,-0.83,-0.5820000000000001,-0.518,-0.62,-1.109,-0.828,-0.7909999999999999,-0.6779999999999999,-0.55,-0.457,-0.821,-0.653,-0.565,-0.802,-1.109,-0.831,-0.606,-0.7929999999999999,-0.596,-0.608,-0.9640000000000001,-0.731,-0.69,-0.794
s: 15
t: 39.215
c: 38
mem: 0.0

i: -1.056,-0.462,-0.591,-0.24600000000000002,-0.207,-0.17600000000000002,-0.586,-0.413,-0.231,-0.5479999999999999,-1.056,-0.539,-0.425,-0.57,-0.439,-0.617,-0.758,-0.505,-0.47700000000000004,-0.53,-1.056,-0.828,-0.544,-0.687,-0.496,-0.38799999999999996,-0.7979999999999999,-0.58,-0.473,-0.532,-1.056,-0.633,-0.34600000000000003,-0.62,-0.4320000000000001,-0.574,-0.718,-0.495,-0.43799999999999994,-0.449
s: 14
t: 37.372
c: 38
mem: 0.0

i: -1.137,-0.9420000000000001,-1.046,-0.883,-0.86,-0.838,-0.9620000000000001,-0.8809999999999999,-0.879,-1.0859999999999999,-1.137,-0.7829999999999999,-0.9129999999999999,-0.77,-0.7490000000000001,-0.86,-0.938,-0.812,-0.838,-1.046,-1.137,-0.853,-1.127,-0.757,-0.782,-0.703,-0.84,-0.769,-0.759,-1.0759999999999998,-1.137,-0.924,-1.031,-0.9009999999999999,-0.9109999999999999,-0.9740000000000001,-1.032,-0.973,-0.993,-1.156
s: 15
t: 14.563
c: 38
mem: 0.0

i: -1.094,-0.581,-0.19399999999999998,-0.46399999999999997,-0.254,-0.10099999999999999,-0.601,-0.32899999999999996,-0.21100000000000002,-0.091,-1.094,-0.526,-0.349,-0.628,-0.415,-0.591,-0.659,-0.409,-0.382,-0.31,-1.094,-0.66,-0.9309999999999999,-0.46399999999999997,-0.44299999999999995,-0.324,-0.5710000000000001,-0.4920000000000001,-0.41100000000000003,-0.821,-1.094,-0.612,-0.392,-0.657,-0.424,-0.581,-0.726,-0.462,-0.408,-0.40299999999999997
s: 16
t: 25.847
c: 37
mem: 0.0

i: -0.86,-0.408,-0.45299999999999996,-0.203,-0.061,-0.091,-0.32,-0.172,-0.136,-0.435,-0.86,-0.457,-0.253,-0.56,-0.344,-0.5329999999999999,-0.6809999999999999,-0.391,-0.397,-0.41700000000000004,-0.86,-0.653,-0.41100000000000003,-0.505,-0.35600000000000004,-0.248,-0.615,-0.423,-0.33399999999999996,-0.376,-0.86,-0.4320000000000001,-0.292,-0.521,-0.35200000000000004,-0.535,-0.657,-0.401,-0.37,-0.375
s: 15
t: 35.895
c: 37
mem: 0.0

i: -1.0979999999999999,-0.514,-0.489,-0.332,-0.276,-0.10400000000000001,-0.536,-0.355,-0.188,-0.523,-1.0979999999999999,-0.514,-0.17600000000000002,-0.557,-0.335,-0.47200000000000003,-0.652,-0.3720000000000001,-0.34600000000000003,-0.252,-1.0979999999999999,-0.568,-0.6709999999999999,-0.401,-0.353,-0.23199999999999998,-0.626,-0.46799999999999997,-0.35100000000000003,-0.7170000000000001,-1.0979999999999999,-0.603,-0.303,-0.613,-0.37799999999999995,-0.495,-0.777,-0.45399999999999996,-0.431,-0.457
s: 21
t: 47.089
c: 38
mem: 0.0

i: -1.13,-0.7,-1.1059999999999999,-0.523,-0.569,-0.348,-0.7090000000000001,-0.662,-0.551,-1.085,-1.13,-0.78,-0.8759999999999999,-0.7609999999999999,-0.713,-0.7829999999999999,-0.9420000000000001,-0.7959999999999999,-0.773,-0.9540000000000001,-1.13,-0.978,-0.909,-0.929,-0.845,-0.818,-0.991,-0.888,-0.865,-0.951,-1.13,-0.755,-0.922,-0.7240000000000001,-0.73,-0.813,-0.9,-0.8059999999999999,-0.7879999999999999,-0.99
s: 9
t: 11.906
c: 38
mem: 0.0

i: -0.787,-0.496,-0.539,-0.294,-0.268,-0.168,-0.47,-0.392,-0.278,-0.59,-0.787,-0.512,-0.442,-0.544,-0.47200000000000003,-0.564,-0.737,-0.602,-0.564,-0.625,-0.787,-0.589,-0.8370000000000001,-0.44,-0.535,-0.41,-0.581,-0.585,-0.48200000000000004,-0.73,-0.787,-0.56,-0.455,-0.5479999999999999,-0.47100000000000003,-0.534,-0.7240000000000001,-0.589,-0.561,-0.64
s: 26
t: 26.793
c: 38
mem: 0.0

i: -1.229,-0.755,-0.5760000000000001,-0.565,-0.36,-0.305,-0.787,-0.526,-0.456,-0.7390000000000001,-1.229,-0.818,-0.59,-0.7559999999999999,-0.56,-0.606,-0.9359999999999999,-0.657,-0.624,-0.722,-1.229,-1.002,-0.981,-0.9109999999999999,-0.825,-0.763,-1.002,-0.8690000000000001,-0.815,-0.977,-1.229,-0.862,-0.655,-0.815,-0.625,-0.639,-0.9840000000000001,-0.722,-0.6659999999999999,-0.75
s: 16
t: 27.786
c: 38
mem: 0.0

i: -0.9109999999999999,-0.332,-0.525,-0.165,-0.132,-0.077,-0.46,-0.225,-0.11699999999999999,-0.629,-0.9109999999999999,-0.428,-0.294,-0.5539999999999999,-0.373,-0.5770000000000001,-0.7390000000000001,-0.40700000000000003,-0.409,-0.493,-0.9109999999999999,-0.6990000000000001,-0.483,-0.551,-0.366,-0.257,-0.6970000000000001,-0.439,-0.336,-0.426,-0.9109999999999999,-0.529,-0.349,-0.523,-0.287,-0.44799999999999995,-0.596,-0.301,-0.25,-0.242
s: 14
t: 38.589
c: 38
mem: 0.0

i: -1.181,-0.47600000000000003,-0.446,-0.28300000000000003,-0.225,-0.12,-0.523,-0.32299999999999995,-0.18600000000000005,-0.444,-1.181,-0.499,-0.147,-0.552,-0.3,-0.47,-0.645,-0.318,-0.311,-0.19899999999999998,-1.181,-0.63,-0.675,-0.444,-0.34600000000000003,-0.248,-0.6859999999999999,-0.4920000000000001,-0.368,-0.754,-1.181,-0.598,-0.133,-0.591,-0.306,-0.37799999999999995,-0.7170000000000001,-0.37,-0.33899999999999997,-0.23800000000000002
s: 20
t: 43.898
c: 37
mem: 0.0

i: -0.91,-0.306,-0.397,-0.14300000000000002,-0.11,-0.037000000000000005,-0.39799999999999996,-0.235,-0.138,-0.56,-0.91,-0.431,-0.22,-0.44299999999999995,-0.299,-0.415,-0.615,-0.379,-0.363,-0.381,-0.91,-0.546,-0.563,-0.384,-0.35100000000000003,-0.282,-0.523,-0.4270000000000001,-0.336,-0.5760000000000001,-0.91,-0.4970000000000001,-0.303,-0.505,-0.366,-0.507,-0.609,-0.39899999999999997,-0.389,-0.36
s: 19
t: 36.761
c: 37
mem: 0.0

i: -0.91,-0.419,-0.491,-0.157,-0.113,-0.09699999999999999,-0.451,-0.319,-0.158,-0.523,-0.91,-0.494,-0.251,-0.5329999999999999,-0.35100000000000003,-0.489,-0.7090000000000001,-0.444,-0.40299999999999997,-0.445,-0.91,-0.733,-0.442,-0.575,-0.397,-0.247,-0.653,-0.44799999999999995,-0.312,-0.318,-0.91,-0.514,-0.303,-0.532,-0.364,-0.529,-0.627,-0.414,-0.3720000000000001,-0.402
s: 16
t: 33.863
c: 37
mem: 0.0

i: -1.183,-0.5489999999999999,-0.56,-0.366,-0.237,-0.11699999999999999,-0.583,-0.38,-0.261,-0.6940000000000001,-1.183,-0.5379999999999999,-0.258,-0.57,-0.35,-0.501,-0.695,-0.3720000000000001,-0.365,-0.34700000000000003,-1.183,-0.836,-0.861,-0.706,-0.59,-0.465,-0.8440000000000001,-0.6679999999999999,-0.589,-0.89,-1.183,-0.7829999999999999,-0.6990000000000001,-0.7490000000000001,-0.635,-0.6779999999999999,-0.9209999999999999,-0.7120000000000001,-0.6609999999999999,-0.743
s: 18
t: 32.177
c: 38
mem: 0.0

i: -1.0759999999999998,-0.406,-0.6940000000000001,-0.281,-0.21600000000000005,-0.084,-0.6,-0.363,-0.21600000000000005,-0.883,-1.0759999999999998,-0.48700000000000004,-0.419,-0.541,-0.38,-0.5579999999999999,-0.728,-0.43799999999999994,-0.408,-0.515,-1.0759999999999998,-0.828,-0.636,-0.647,-0.499,-0.375,-0.8290000000000001,-0.612,-0.491,-0.638,-1.0759999999999998,-0.6679999999999999,-0.605,-0.7070000000000001,-0.536,-0.725,-0.753,-0.546,-0.51,-0.531
s: 14
t: 37.657
c: 38
mem: 0.0

i: -1.205,-0.5539999999999999,-0.63,-0.364,-0.233,-0.14,-0.603,-0.40700000000000003,-0.289,-0.741,-1.205,-0.608,-0.46299999999999997,-0.611,-0.424,-0.589,-0.774,-0.493,-0.47200000000000003,-0.556,-1.205,-0.9,-0.8759999999999999,-0.775,-0.662,-0.5670000000000001,-0.905,-0.74,-0.664,-0.877,-1.205,-0.8079999999999999,-0.69,-0.765,-0.621,-0.6659999999999999,-0.935,-0.7070000000000001,-0.65,-0.7609999999999999
s: 16
t: 32.277
c: 38
mem: 0.0

i: -0.257,-0.245,-0.525,-0.006,-0.138,-0.162,-0.11900000000000001,-0.17300000000000001,-0.081,-0.34600000000000003,-0.257,-0.18600000000000005,-0.079,-0.4,-0.303,-0.57,-0.507,-0.337,-0.371,-0.392,-0.257,-0.13,-0.5429999999999999,0.069,-0.147,-0.055,-0.057,-0.193,-0.11699999999999999,-0.451,-0.257,-0.102,0.025,-0.179,-0.131,-0.237,-0.391,-0.275,-0.282,-0.297
s: 17
t: 48.599
c: 38
mem: 0.0

i: -1.25,-0.7120000000000001,-1.11,-0.51,-0.539,-0.318,-0.742,-0.691,-0.562,-1.162,-1.25,-0.825,-0.9,-0.7859999999999999,-0.73,-0.8220000000000001,-0.968,-0.8140000000000001,-0.795,-0.991,-1.25,-1.087,-1.008,-1.008,-0.915,-0.8759999999999999,-1.083,-0.966,-0.9209999999999999,-1.014,-1.25,-0.8079999999999999,-0.96,-0.755,-0.7559999999999999,-0.8640000000000001,-0.9159999999999999,-0.8140000000000001,-0.782,-0.966
s: 10
t: 10.976
c: 38
mem: 0.0

i: -0.976,-0.38,-0.213,-0.22399999999999998,-0.08199999999999999,-0.037000000000000005,-0.419,-0.134,-0.095,-0.257,-0.976,-0.451,-0.023,-0.506,-0.22699999999999998,-0.359,-0.631,-0.273,-0.26899999999999996,-0.15,-0.976,-0.524,-0.632,-0.34700000000000003,-0.321,-0.20199999999999999,-0.513,-0.384,-0.26899999999999996,-0.5429999999999999,-0.976,-0.505,-0.161,-0.537,-0.308,-0.426,-0.6659999999999999,-0.358,-0.359,-0.29600000000000004
s: 23
t: 40.181
c: 37
mem: 0.0

i: -0.976,-0.6609999999999999,-0.7759999999999999,-0.43799999999999994,-0.43,-0.24,-0.63,-0.54,-0.373,-0.7120000000000001,-0.976,-0.675,-0.5529999999999999,-0.628,-0.508,-0.583,-0.7809999999999999,-0.607,-0.563,-0.631,-0.976,-0.738,-0.845,-0.569,-0.556,-0.446,-0.687,-0.617,-0.522,-0.7559999999999999,-0.976,-0.677,-0.5720000000000001,-0.648,-0.51,-0.519,-0.836,-0.63,-0.578,-0.696
s: 20
t: 35.188
c: 38
mem: 0.0

i: -1.237,-0.785,-0.807,-0.624,-0.515,-0.405,-0.799,-0.599,-0.504,-0.8220000000000001,-1.237,-0.887,-0.705,-0.821,-0.645,-0.652,-0.99,-0.747,-0.691,-0.7879999999999999,-1.237,-0.894,-0.922,-0.731,-0.605,-0.467,-0.87,-0.6970000000000001,-0.617,-0.914,-1.237,-0.7390000000000001,-0.439,-0.679,-0.444,-0.491,-0.8390000000000001,-0.53,-0.491,-0.526
s: 18
t: 34.397
c: 38
mem: 0.0

i: -1.222,-0.92,-1.0090000000000001,-0.815,-0.7390000000000001,-0.653,-0.9259999999999999,-0.7809999999999999,-0.741,-1.022,-1.222,-0.8590000000000001,-0.889,-0.823,-0.7490000000000001,-0.8109999999999999,-0.9840000000000001,-0.8270000000000001,-0.821,-0.993,-1.222,-0.9009999999999999,-1.063,-0.8079999999999999,-0.77,-0.706,-0.915,-0.8,-0.792,-1.114,-1.222,-0.892,-0.8059999999999999,-0.8490000000000001,-0.716,-0.745,-1.0,-0.8079999999999999,-0.774,-0.9079999999999999
s: 18
t: 15.973
c: 37
mem: 0.0

i: -1.213,-0.504,-0.5660000000000001,-0.261,-0.21600000000000005,-0.159,-0.527,-0.35700000000000004,-0.225,-0.609,-1.213,-0.56,-0.39299999999999996,-0.579,-0.413,-0.597,-0.725,-0.46299999999999997,-0.442,-0.47700000000000004,-1.213,-0.8759999999999999,-0.7240000000000001,-0.669,-0.479,-0.313,-0.88,-0.618,-0.4920000000000001,-0.745,-1.213,-0.591,-0.495,-0.578,-0.43799999999999994,-0.605,-0.6729999999999999,-0.449,-0.4320000000000001,-0.429
s: 16
t: 32.269
c: 37
mem: 0.0

i: -1.073,-0.479,-0.45299999999999996,-0.29100000000000004,-0.217,-0.10300000000000001,-0.5,-0.292,-0.187,-0.42,-1.073,-0.45,-0.21100000000000002,-0.474,-0.276,-0.42200000000000004,-0.61,-0.326,-0.306,-0.266,-1.073,-0.5870000000000001,-0.607,-0.413,-0.294,-0.212,-0.627,-0.41100000000000003,-0.325,-0.657,-1.073,-0.5870000000000001,-0.282,-0.579,-0.34,-0.4320000000000001,-0.7609999999999999,-0.431,-0.401,-0.39299999999999996
s: 25
t: 41.733
c: 37
mem: 0.0

i: -1.315,-0.32299999999999995,-0.207,-0.131,-0.005,0.016,-0.361,-0.085,-0.039,-0.2,-1.315,-0.53,-0.155,-0.544,-0.267,-0.423,-0.617,-0.264,-0.247,-0.131,-1.315,-0.997,-0.721,-0.84,-0.637,-0.5429999999999999,-1.003,-0.733,-0.645,-0.723,-1.315,-0.5820000000000001,-0.183,-0.586,-0.308,-0.456,-0.648,-0.313,-0.29600000000000004,-0.19399999999999998
s: 16
t: 41.810
c: 38
mem: 0.0

i: -0.9279999999999999,-0.447,-0.33399999999999996,-0.221,-0.129,-0.067,-0.46799999999999997,-0.247,-0.133,-0.363,-0.9279999999999999,-0.504,-0.201,-0.48200000000000004,-0.31,-0.414,-0.639,-0.379,-0.376,-0.392,-0.9279999999999999,-0.52,-0.648,-0.38299999999999995,-0.365,-0.27699999999999997,-0.52,-0.382,-0.345,-0.674,-0.9279999999999999,-0.46399999999999997,-0.262,-0.474,-0.319,-0.44299999999999995,-0.624,-0.36,-0.35700000000000004,-0.37799999999999995
s: 17
t: 37.783
c: 37
mem: 0.0

i: -1.126,-0.43,-0.4,-0.251,-0.122,-0.034,-0.504,-0.29100000000000004,-0.17300000000000001,-0.466,-1.126,-0.456,-0.158,-0.503,-0.258,-0.435,-0.611,-0.298,-0.29100000000000004,-0.22,-1.126,-0.6409999999999999,-0.698,-0.4920000000000001,-0.386,-0.326,-0.6659999999999999,-0.48700000000000004,-0.418,-0.742,-1.126,-0.672,-0.376,-0.638,-0.431,-0.513,-0.795,-0.528,-0.4970000000000001,-0.525
s: 20
t: 47.820
c: 37
mem: 0.0

i: -0.986,-0.6709999999999999,-0.6579999999999999,-0.435,-0.395,-0.24100000000000002,-0.604,-0.466,-0.3,-0.522,-0.986,-0.691,-0.46799999999999997,-0.615,-0.455,-0.504,-0.763,-0.542,-0.456,-0.498,-0.986,-0.7290000000000001,-0.823,-0.55,-0.499,-0.34600000000000003,-0.682,-0.583,-0.469,-0.7170000000000001,-0.986,-0.701,-0.5710000000000001,-0.654,-0.519,-0.561,-0.8220000000000001,-0.624,-0.588,-0.6920000000000001
s: 23
t: 32.842
c: 38
mem: 0.0

i: -1.01,-0.674,-0.8909999999999999,-0.5670000000000001,-0.583,-0.513,-0.7070000000000001,-0.61,-0.569,-0.912,-1.01,-0.691,-0.713,-0.642,-0.579,-0.634,-0.807,-0.659,-0.6409999999999999,-0.8059999999999999,-1.01,-0.722,-0.789,-0.601,-0.515,-0.423,-0.7240000000000001,-0.578,-0.541,-0.8320000000000001,-1.01,-0.634,-0.614,-0.61,-0.532,-0.657,-0.769,-0.607,-0.617,-0.774
s: 16
t: 42.182
c: 38
mem: 0.0

i: -1.073,-0.557,-0.5329999999999999,-0.22699999999999998,-0.248,-0.231,-0.499,-0.395,-0.24100000000000002,-0.48,-1.073,-0.506,-0.212,-0.52,-0.35100000000000003,-0.537,-0.607,-0.387,-0.382,-0.312,-1.073,-0.509,-0.09,-0.263,-0.034,-0.022000000000000002,-0.522,-0.147,-0.044000000000000004,-0.10800000000000001,-1.073,-0.40700000000000003,-0.044000000000000004,-0.47200000000000003,-0.278,-0.488,-0.5489999999999999,-0.284,-0.319,-0.16399999999999998
s: 19
t: 15.069
c: 37
mem: 0.0

i: -1.058,-0.484,-0.4270000000000001,-0.428,-0.377,-0.371,-0.46299999999999997,-0.34,-0.304,-0.395,-1.058,-0.331,0.02,-0.581,-0.256,-0.48100000000000004,-0.486,-0.235,-0.18,-0.11599999999999999,-1.058,-0.5579999999999999,-1.29,-0.34700000000000003,-0.4970000000000001,-0.21,-0.424,-0.573,-0.461,-1.084,-1.058,-0.43799999999999994,-0.581,-0.52,-0.485,-0.653,-0.726,-0.563,-0.503,-0.6970000000000001
s: 14
t: 11.173
c: 36
mem: 0.0

i: -1.111,-0.431,-0.41100000000000003,-0.287,-0.157,-0.08800000000000001,-0.536,-0.309,-0.22399999999999998,-0.645,-1.111,-0.5589999999999999,-0.308,-0.545,-0.311,-0.413,-0.735,-0.414,-0.385,-0.47100000000000003,-1.111,-0.862,-0.851,-0.768,-0.67,-0.606,-0.8590000000000001,-0.7170000000000001,-0.6709999999999999,-0.838,-1.111,-0.711,-0.504,-0.657,-0.483,-0.532,-0.7859999999999999,-0.542,-0.494,-0.522
s: 14
t: 34.011
c: 38
mem: 0.0

i: -1.054,-0.424,-0.45299999999999996,-0.263,-0.22899999999999998,-0.147,-0.465,-0.264,-0.174,-0.495,-1.054,-0.46,-0.22,-0.534,-0.324,-0.514,-0.637,-0.354,-0.374,-0.325,-1.054,-0.564,-0.682,-0.379,-0.331,-0.22,-0.58,-0.45,-0.34600000000000003,-0.698,-1.054,-0.5429999999999999,-0.203,-0.52,-0.28600000000000003,-0.39399999999999996,-0.6659999999999999,-0.353,-0.332,-0.322
s: 18
t: 46.134
c: 37
mem: 0.0

i: -0.8909999999999999,-0.501,-0.653,-0.38,-0.326,-0.24600000000000002,-0.506,-0.35700000000000004,-0.29100000000000004,-0.586,-0.8909999999999999,-0.56,-0.44799999999999995,-0.5329999999999999,-0.39799999999999996,-0.466,-0.701,-0.48,-0.46799999999999997,-0.589,-0.8909999999999999,-0.585,-0.7759999999999999,-0.431,-0.418,-0.321,-0.557,-0.48100000000000004,-0.45,-0.81,-0.8909999999999999,-0.452,-0.358,-0.465,-0.335,-0.47600000000000003,-0.6459999999999999,-0.436,-0.433,-0.5589999999999999
s: 20
t: 41.046
c: 38
mem: 0.0

i: -0.903,-0.29,0.203,-0.064,0.139,0.17800000000000002,-0.4320000000000001,0.011000000000000001,0.081,0.151,-0.903,-0.305,0.46299999999999997,-0.45799999999999996,-0.055,-0.161,-0.424,-0.012,-0.038,0.34299999999999997,-0.903,-0.513,0.003,-0.09300000000000001,0.035,0.04,-0.332,-0.055,0.042,0.047,-0.903,-0.428,0.193,-0.564,-0.22699999999999998,-0.42,-0.496,-0.177,-0.205,0.054000000000000006
s: 11
t: 15.048
c: 38
mem: 0.0

i: -1.115,-0.8809999999999999,-0.866,-0.728,-0.657,-0.536,-0.835,-0.711,-0.625,-0.8270000000000001,-1.115,-0.857,-0.708,-0.79,-0.654,-0.649,-0.946,-0.767,-0.715,-0.8370000000000001,-1.115,-0.8809999999999999,-0.914,-0.7120000000000001,-0.644,-0.522,-0.835,-0.7240000000000001,-0.626,-0.866,-1.115,-0.8320000000000001,-0.6940000000000001,-0.782,-0.652,-0.675,-0.951,-0.755,-0.723,-0.826
s: 23
t: 36.994
c: 38
mem: 0.0

i: -1.26,-0.664,-0.324,-0.444,-0.231,-0.141,-0.665,-0.332,-0.19899999999999998,-0.26,-1.26,-0.524,-0.29,-0.597,-0.38299999999999995,-0.581,-0.637,-0.353,-0.349,-0.26899999999999996,-1.26,-0.7090000000000001,-0.888,-0.474,-0.429,-0.263,-0.664,-0.54,-0.4,-0.8490000000000001,-1.26,-0.674,-0.301,-0.667,-0.379,-0.478,-0.774,-0.414,-0.369,-0.314
s: 13
t: 20.452
c: 37
mem: 0.0

i: -1.045,-0.679,-0.342,-0.456,-0.267,-0.19399999999999998,-0.746,-0.44299999999999995,-0.287,-0.506,-1.045,-0.47200000000000003,0.043,-0.504,-0.23199999999999998,-0.307,-0.67,-0.31,-0.305,-0.122,-1.045,-0.415,0.08800000000000001,-0.14,-0.005,0.057,-0.5,-0.094,-0.073,0.055,-1.045,-0.552,-0.063,-0.535,-0.27,-0.36200000000000004,-0.6609999999999999,-0.314,-0.303,-0.128
s: 12
t: 15.128
c: 38
mem: 0.0

i: -0.588,-0.209,-0.16,-0.02,0.044000000000000004,0.165,-0.252,-0.039,0.10300000000000001,-0.16399999999999998,-0.588,-0.379,-0.133,-0.41200000000000003,-0.264,-0.336,-0.539,-0.33899999999999997,-0.298,-0.299,-0.588,-0.369,-0.491,-0.25,-0.264,-0.20600000000000002,-0.314,-0.28,-0.264,-0.46,-0.588,-0.321,-0.214,-0.40700000000000003,-0.305,-0.46399999999999997,-0.555,-0.384,-0.39,-0.40700000000000003
s: 15
t: 45.983
c: 38
mem: 0.0

i: -1.173,-0.7070000000000001,-1.088,-0.536,-0.544,-0.306,-0.703,-0.635,-0.523,-1.052,-1.173,-0.8340000000000001,-0.961,-0.81,-0.779,-0.8340000000000001,-0.977,-0.851,-0.8220000000000001,-0.9990000000000001,-1.173,-1.061,-0.9590000000000001,-1.008,-0.8959999999999999,-0.8340000000000001,-1.046,-0.922,-0.8690000000000001,-0.91,-1.173,-0.8140000000000001,-0.907,-0.794,-0.732,-0.813,-0.963,-0.8029999999999999,-0.775,-0.9570000000000001
s: 12
t: 12.369
c: 38
mem: 0.0

i: -1.266,-1.038,-1.159,-0.9620000000000001,-0.94,-0.8959999999999999,-1.047,-0.9590000000000001,-0.946,-1.182,-1.266,-0.845,-0.935,-0.826,-0.769,-0.855,-1.004,-0.841,-0.8370000000000001,-1.0290000000000001,-1.266,-0.8640000000000001,-1.042,-0.7609999999999999,-0.6940000000000001,-0.61,-0.8859999999999999,-0.731,-0.71,-1.068,-1.266,-0.93,-0.9,-0.8959999999999999,-0.789,-0.8420000000000001,-1.057,-0.875,-0.863,-1.013
s: 15
t: 14.488
c: 37
mem: 0.0

i: -1.145,-0.5329999999999999,-0.5329999999999999,-0.39299999999999996,-0.22699999999999998,-0.155,-0.619,-0.4,-0.331,-0.754,-1.145,-0.628,-0.43799999999999994,-0.619,-0.419,-0.517,-0.8009999999999999,-0.491,-0.452,-0.537,-1.145,-0.8759999999999999,-0.878,-0.755,-0.659,-0.556,-0.86,-0.718,-0.645,-0.841,-1.145,-0.763,-0.591,-0.7040000000000001,-0.516,-0.557,-0.847,-0.5760000000000001,-0.519,-0.599
s: 20
t: 31.515
c: 38
mem: 0.0

i: -1.228,-0.517,-0.297,-0.374,-0.25,-0.247,-0.501,-0.281,-0.205,-0.295,-1.228,-0.373,-0.026000000000000002,-0.613,-0.265,-0.488,-0.466,-0.22399999999999998,-0.171,-0.042,-1.228,-0.616,-1.1840000000000002,-0.396,-0.47700000000000004,-0.225,-0.522,-0.615,-0.489,-1.077,-1.228,-0.539,-0.63,-0.536,-0.501,-0.649,-0.716,-0.569,-0.473,-0.639
s: 12
t: 11.625
c: 36
mem: 0.0

i: -1.172,-0.7959999999999999,-0.887,-0.6729999999999999,-0.557,-0.4370000000000001,-0.805,-0.633,-0.579,-0.912,-1.172,-0.8340000000000001,-0.7929999999999999,-0.7959999999999999,-0.679,-0.7190000000000001,-0.961,-0.778,-0.748,-0.9059999999999999,-1.172,-0.9059999999999999,-1.043,-0.785,-0.743,-0.616,-0.89,-0.7829999999999999,-0.7290000000000001,-1.0290000000000001,-1.172,-0.7609999999999999,-0.648,-0.701,-0.555,-0.611,-0.866,-0.633,-0.593,-0.723
s: 20
t: 28.763
c: 38
mem: 0.0

i: -0.8959999999999999,-0.376,-0.391,-0.171,-0.08199999999999999,-0.075,-0.445,-0.204,-0.10800000000000001,-0.504,-0.8959999999999999,-0.48100000000000004,-0.244,-0.54,-0.361,-0.522,-0.6729999999999999,-0.38799999999999996,-0.395,-0.382,-0.8959999999999999,-0.718,-0.43,-0.537,-0.33,-0.226,-0.684,-0.47200000000000003,-0.38,-0.446,-0.8959999999999999,-0.55,-0.252,-0.607,-0.368,-0.519,-0.727,-0.45,-0.434,-0.41600000000000004
s: 19
t: 31.632
c: 37
mem: 0.0

i: -1.026,-0.496,-0.408,-0.218,-0.184,-0.08800000000000001,-0.456,-0.27899999999999997,-0.138,-0.428,-1.026,-0.612,-0.332,-0.5820000000000001,-0.392,-0.5,-0.7340000000000001,-0.456,-0.4320000000000001,-0.45799999999999996,-1.026,-0.564,-0.519,-0.369,-0.287,-0.179,-0.5529999999999999,-0.401,-0.304,-0.55,-1.026,-0.507,-0.223,-0.515,-0.32899999999999996,-0.434,-0.66,-0.385,-0.3670000000000001,-0.322
s: 21
t: 36.798
c: 37
mem: 0.0

i: -1.204,-0.774,-1.1440000000000001,-0.529,-0.5660000000000001,-0.35700000000000004,-0.703,-0.6729999999999999,-0.52,-0.9790000000000001,-1.204,-0.856,-0.934,-0.8109999999999999,-0.775,-0.85,-0.9740000000000001,-0.848,-0.825,-0.99,-1.204,-1.071,-0.9690000000000001,-1.023,-0.9159999999999999,-0.868,-1.087,-0.973,-0.9309999999999999,-1.011,-1.204,-0.8059999999999999,-0.95,-0.7809999999999999,-0.775,-0.858,-0.98,-0.868,-0.848,-1.073
s: 10
t: 11.000
c: 38
mem: 0.0

i: -1.209,-0.738,-1.153,-0.52,-0.5710000000000001,-0.314,-0.7170000000000001,-0.695,-0.5479999999999999,-1.124,-1.209,-0.851,-0.934,-0.81,-0.7709999999999999,-0.825,-0.9790000000000001,-0.852,-0.813,-0.9740000000000001,-1.209,-1.0759999999999998,-0.988,-1.012,-0.92,-0.8490000000000001,-1.05,-0.948,-0.895,-0.948,-1.209,-0.815,-0.94,-0.777,-0.755,-0.847,-0.9470000000000001,-0.831,-0.797,-0.9790000000000001
s: 10
t: 11.123
c: 38
mem: 0.0

i: -1.351,-1.099,-1.128,-1.02,-0.927,-0.86,-1.125,-0.9840000000000001,-0.9540000000000001,-1.194,-1.351,-0.966,-0.996,-0.9179999999999999,-0.8370000000000001,-0.8909999999999999,-1.087,-0.9229999999999999,-0.904,-1.088,-1.351,-1.035,-1.188,-0.92,-0.875,-0.763,-1.03,-0.912,-0.866,-1.178,-1.351,-1.088,-1.06,-1.026,-0.941,-0.948,-1.1520000000000001,-1.012,-0.9790000000000001,-1.113
s: 14
t: 21.154
c: 38
mem: 0.0

i: -1.126,-0.7440000000000001,-0.863,-0.609,-0.544,-0.452,-0.722,-0.583,-0.5379999999999999,-0.8390000000000001,-1.126,-0.807,-0.8170000000000001,-0.746,-0.688,-0.716,-0.897,-0.7609999999999999,-0.7340000000000001,-0.8759999999999999,-1.126,-0.815,-1.006,-0.675,-0.652,-0.511,-0.833,-0.737,-0.682,-1.093,-1.126,-0.713,-0.541,-0.6759999999999999,-0.511,-0.5670000000000001,-0.85,-0.611,-0.57,-0.648
s: 15
t: 38.588
c: 38
mem: 0.0

i: -1.226,-0.551,-0.22699999999999998,-0.392,-0.281,-0.26,-0.5379999999999999,-0.33,-0.24,-0.223,-1.226,-0.364,-0.10099999999999999,-0.612,-0.28600000000000003,-0.562,-0.491,-0.243,-0.18100000000000002,-0.08199999999999999,-1.226,-0.579,-1.165,-0.442,-0.532,-0.293,-0.613,-0.659,-0.539,-1.1840000000000002,-1.226,-0.573,-0.6990000000000001,-0.5660000000000001,-0.5539999999999999,-0.7090000000000001,-0.7440000000000001,-0.612,-0.518,-0.677
s: 14
t: 12.733
c: 38
mem: 0.0

i: -1.4,-1.125,-1.195,-1.011,-0.929,-0.816,-1.117,-0.9790000000000001,-0.92,-1.169,-1.4,-0.9620000000000001,-0.973,-0.893,-0.7959999999999999,-0.857,-1.051,-0.8590000000000001,-0.8320000000000001,-1.0,-1.4,-1.0190000000000001,-1.181,-0.877,-0.7909999999999999,-0.623,-1.005,-0.847,-0.784,-1.148,-1.4,-1.071,-1.075,-1.002,-0.924,-0.935,-1.147,-0.996,-0.955,-1.103
s: 17
t: 16.082
c: 37
mem: 0.0

i: -1.02,-0.59,-0.612,-0.223,-0.287,-0.134,-0.426,-0.392,-0.154,-0.46399999999999997,-1.02,-0.622,-0.294,-0.601,-0.406,-0.47100000000000003,-0.73,-0.456,-0.392,-0.366,-1.02,-0.6459999999999999,-0.593,-0.501,-0.40299999999999997,-0.292,-0.644,-0.462,-0.382,-0.636,-1.02,-0.466,-0.29100000000000004,-0.499,-0.341,-0.513,-0.674,-0.431,-0.413,-0.44
s: 22
t: 32.405
c: 36
mem: 0.0

i: -1.239,-0.775,-0.888,-0.674,-0.575,-0.478,-0.845,-0.654,-0.593,-0.96,-1.239,-0.8079999999999999,-0.784,-0.782,-0.6659999999999999,-0.748,-0.972,-0.7609999999999999,-0.738,-0.902,-1.239,-0.9890000000000001,-1.121,-0.8809999999999999,-0.843,-0.725,-0.996,-0.9,-0.847,-1.1320000000000001,-1.239,-0.8490000000000001,-0.7759999999999999,-0.7929999999999999,-0.6609999999999999,-0.698,-0.9520000000000001,-0.752,-0.711,-0.843
s: 21
t: 31.040
c: 38
mem: 0.0

i: -1.141,-0.799,-0.905,-0.6890000000000001,-0.628,-0.561,-0.8059999999999999,-0.669,-0.635,-0.932,-1.141,-0.861,-0.853,-0.802,-0.725,-0.7509999999999999,-0.951,-0.8079999999999999,-0.7829999999999999,-0.937,-1.141,-0.8759999999999999,-0.951,-0.755,-0.684,-0.588,-0.871,-0.7390000000000001,-0.696,-0.9690000000000001,-1.141,-0.7490000000000001,-0.7070000000000001,-0.701,-0.6,-0.665,-0.862,-0.679,-0.652,-0.794
s: 21
t: 31.979
c: 38
mem: 0.0

i: -1.295,-0.551,-0.659,-0.341,-0.214,-0.11699999999999999,-0.565,-0.35,-0.2,-0.635,-1.295,-0.6659999999999999,-0.483,-0.6679999999999999,-0.45399999999999996,-0.598,-0.795,-0.483,-0.439,-0.48100000000000004,-1.295,-1.032,-0.782,-0.914,-0.7290000000000001,-0.624,-1.038,-0.807,-0.725,-0.795,-1.295,-0.733,-0.579,-0.721,-0.534,-0.638,-0.862,-0.588,-0.524,-0.5770000000000001
s: 13
t: 39.869
c: 38
mem: 0.0

i: -1.0290000000000001,-0.34700000000000003,-0.6409999999999999,-0.243,-0.259,-0.162,-0.57,-0.425,-0.308,-0.894,-1.0290000000000001,-0.456,-0.35700000000000004,-0.557,-0.429,-0.584,-0.769,-0.499,-0.48200000000000004,-0.56,-1.0290000000000001,-0.826,-0.435,-0.634,-0.397,-0.308,-0.772,-0.475,-0.39899999999999997,-0.402,-1.0290000000000001,-0.6659999999999999,-0.583,-0.654,-0.516,-0.71,-0.698,-0.531,-0.504,-0.513
s: 13
t: 39.175
c: 38
mem: 0.0

i: -1.207,-0.861,-0.695,-0.61,-0.5,-0.373,-0.815,-0.599,-0.483,-0.703,-1.207,-0.853,-0.569,-0.7709999999999999,-0.5579999999999999,-0.584,-0.941,-0.6679999999999999,-0.611,-0.669,-1.207,-0.915,-0.9490000000000001,-0.718,-0.6609999999999999,-0.506,-0.907,-0.7759999999999999,-0.638,-0.877,-1.207,-0.8640000000000001,-0.693,-0.7929999999999999,-0.644,-0.652,-0.981,-0.7559999999999999,-0.682,-0.7709999999999999
s: 25
t: 27.417
c: 38
mem: 0.0

i: -1.359,-0.955,-0.9359999999999999,-0.765,-0.625,-0.479,-0.9309999999999999,-0.736,-0.624,-0.9279999999999999,-1.359,-0.963,-0.887,-0.873,-0.759,-0.7659999999999999,-1.033,-0.846,-0.777,-0.915,-1.359,-1.046,-1.068,-0.902,-0.8,-0.667,-1.047,-0.888,-0.7909999999999999,-1.058,-1.359,-0.895,-0.7020000000000001,-0.8240000000000001,-0.62,-0.662,-1.002,-0.722,-0.664,-0.775
s: 20
t: 32.497
c: 38
mem: 0.0

i: -0.927,-0.3670000000000001,-0.371,-0.19699999999999998,-0.16,-0.10400000000000001,-0.434,-0.262,-0.133,-0.368,-0.927,-0.41,-0.14,-0.478,-0.29100000000000004,-0.4920000000000001,-0.61,-0.33299999999999996,-0.349,-0.306,-0.927,-0.511,-0.634,-0.331,-0.373,-0.309,-0.519,-0.456,-0.34600000000000003,-0.616,-0.927,-0.506,-0.27,-0.518,-0.341,-0.46399999999999997,-0.6629999999999999,-0.42,-0.386,-0.391
s: 24
t: 41.804
c: 37
mem: 0.0

i: -0.597,-0.39899999999999997,-0.57,-0.212,-0.23800000000000002,-0.087,-0.43,-0.368,-0.2,-0.532,-0.597,-0.39799999999999996,-0.46399999999999997,-0.385,-0.4320000000000001,-0.536,-0.578,-0.551,-0.545,-0.6759999999999999,-0.597,-0.429,-0.636,-0.27899999999999997,-0.34600000000000003,-0.25,-0.401,-0.401,-0.33,-0.594,-0.597,-0.44299999999999995,-0.379,-0.41700000000000004,-0.35100000000000003,-0.379,-0.595,-0.486,-0.441,-0.5529999999999999
s: 23
t: 37.733
c: 38
mem: 0.0

i: -1.127,-0.6829999999999999,-1.163,-0.502,-0.598,-0.3670000000000001,-0.65,-0.6809999999999999,-0.591,-1.165,-1.127,-0.753,-0.8859999999999999,-0.73,-0.726,-0.8240000000000001,-0.902,-0.8009999999999999,-0.802,-0.997,-1.127,-0.9590000000000001,-0.843,-0.892,-0.7609999999999999,-0.7070000000000001,-0.968,-0.818,-0.763,-0.83,-1.127,-0.706,-0.88,-0.726,-0.7340000000000001,-0.8740000000000001,-0.914,-0.8009999999999999,-0.8079999999999999,-0.9940000000000001
s: 12
t: 12.645
c: 38
mem: 0.0

i: -1.199,-0.971,-1.153,-0.883,-0.899,-0.833,-0.9890000000000001,-0.93,-0.9059999999999999,-1.167,-1.199,-0.8190000000000001,-0.847,-0.7859999999999999,-0.716,-0.7829999999999999,-0.963,-0.802,-0.7809999999999999,-0.945,-1.199,-0.861,-1.069,-0.7390000000000001,-0.695,-0.552,-0.867,-0.7440000000000001,-0.696,-1.073,-1.199,-0.9259999999999999,-0.968,-0.883,-0.8420000000000001,-0.8740000000000001,-1.036,-0.92,-0.903,-1.073
s: 15
t: 14.907
c: 38
mem: 0.0

i: -1.035,-0.664,-0.6920000000000001,-0.475,-0.418,-0.308,-0.682,-0.511,-0.375,-0.653,-1.035,-0.693,-0.552,-0.634,-0.534,-0.588,-0.7909999999999999,-0.605,-0.573,-0.631,-1.035,-0.742,-0.845,-0.525,-0.478,-0.331,-0.687,-0.557,-0.41600000000000004,-0.701,-1.035,-0.7170000000000001,-0.5539999999999999,-0.648,-0.514,-0.5870000000000001,-0.802,-0.609,-0.5770000000000001,-0.684
s: 19
t: 35.678
c: 38
mem: 0.0

i: -1.179,-0.545,-0.306,-0.345,-0.214,-0.174,-0.522,-0.33,-0.209,-0.24,-1.179,-0.47,-0.21,-0.5710000000000001,-0.358,-0.5379999999999999,-0.5660000000000001,-0.321,-0.304,-0.171,-1.179,-0.741,-0.835,-0.5429999999999999,-0.42,-0.27699999999999997,-0.703,-0.5489999999999999,-0.45399999999999996,-0.8109999999999999,-1.179,-0.614,-0.226,-0.618,-0.318,-0.441,-0.7609999999999999,-0.386,-0.358,-0.33299999999999996
s: 12
t: 20.718
c: 37
mem: 0.0

i: -1.2770000000000001,-0.688,-0.628,-0.475,-0.319,-0.162,-0.735,-0.48100000000000004,-0.348,-0.737,-1.2770000000000001,-0.802,-0.61,-0.725,-0.5479999999999999,-0.5870000000000001,-0.902,-0.642,-0.5820000000000001,-0.677,-1.2770000000000001,-1.03,-1.001,-0.92,-0.8109999999999999,-0.7190000000000001,-1.012,-0.867,-0.8,-0.978,-1.2770000000000001,-0.8390000000000001,-0.642,-0.762,-0.568,-0.601,-0.919,-0.655,-0.596,-0.665
s: 13
t: 36.758
c: 38
mem: 0.0

i: -0.48200000000000004,-0.07,0.011000000000000001,0.053,0.198,0.09699999999999999,-0.29100000000000004,-0.052000000000000005,-0.06,-0.251,-0.48200000000000004,-0.14300000000000002,0.071,-0.28800000000000003,-0.10400000000000001,-0.278,-0.519,-0.24100000000000002,-0.259,-0.265,-0.48200000000000004,-0.319,-0.086,-0.159,-0.022000000000000002,0.10300000000000001,-0.276,-0.087,0.011000000000000001,-0.031,-0.48200000000000004,-0.34700000000000003,-0.038,-0.442,-0.266,-0.382,-0.52,-0.321,-0.271,-0.175
s: 15
t: 16.563
c: 38
mem: 0.0

i: -1.153,-0.46799999999999997,-0.42100000000000004,-0.193,-0.087,-0.11599999999999999,-0.507,-0.287,-0.2,-0.41,-1.153,-0.402,0.055999999999999994,-0.502,-0.243,-0.409,-0.52,-0.212,-0.258,0.003,-1.153,-0.52,0.079,-0.19399999999999998,0.036000000000000004,0.028999999999999998,-0.524,-0.055,-0.02,0.064,-1.153,-0.48200000000000004,0.044000000000000004,-0.536,-0.27699999999999997,-0.441,-0.55,-0.25,-0.265,-0.059000000000000004
s: 12
t: 15.080
c: 37
mem: 0.0

i: -1.2329999999999999,-0.956,-1.011,-0.852,-0.775,-0.708,-0.9570000000000001,-0.8240000000000001,-0.792,-1.0490000000000002,-1.2329999999999999,-0.825,-0.882,-0.777,-0.708,-0.79,-0.945,-0.7809999999999999,-0.78,-0.971,-1.2329999999999999,-0.852,-1.046,-0.726,-0.6729999999999999,-0.544,-0.856,-0.732,-0.6970000000000001,-1.1,-1.2329999999999999,-0.884,-0.815,-0.826,-0.6890000000000001,-0.7190000000000001,-0.977,-0.772,-0.74,-0.882
s: 15
t: 15.639
c: 38
mem: 0.0

i: -1.187,-0.789,-0.684,-0.525,-0.39899999999999997,-0.256,-0.778,-0.5539999999999999,-0.365,-0.624,-1.187,-0.8240000000000001,-0.664,-0.7040000000000001,-0.5479999999999999,-0.568,-0.865,-0.6409999999999999,-0.546,-0.639,-1.187,-0.884,-0.9229999999999999,-0.6659999999999999,-0.602,-0.405,-0.845,-0.716,-0.5479999999999999,-0.8290000000000001,-1.187,-0.8420000000000001,-0.604,-0.738,-0.534,-0.521,-0.89,-0.631,-0.563,-0.66
s: 20
t: 30.266
c: 38
mem: 0.0

i: -1.002,-0.396,-0.406,-0.193,-0.11800000000000001,-0.028999999999999998,-0.44299999999999995,-0.263,-0.122,-0.455,-1.002,-0.373,-0.135,-0.439,-0.257,-0.467,-0.53,-0.289,-0.28800000000000003,-0.24600000000000002,-1.002,-0.508,-0.627,-0.36200000000000004,-0.278,-0.20199999999999999,-0.5579999999999999,-0.415,-0.345,-0.765,-1.002,-0.5670000000000001,-0.302,-0.557,-0.384,-0.473,-0.703,-0.447,-0.41,-0.396
s: 22
t: 44.517
c: 38
mem: 0.0

i: -1.23,-0.575,-0.6559999999999999,-0.353,-0.262,-0.191,-0.595,-0.392,-0.272,-0.617,-1.23,-0.66,-0.461,-0.664,-0.47100000000000003,-0.616,-0.805,-0.502,-0.4920000000000001,-0.4970000000000001,-1.23,-0.93,-0.629,-0.762,-0.5489999999999999,-0.397,-0.945,-0.66,-0.51,-0.598,-1.23,-0.6890000000000001,-0.447,-0.677,-0.466,-0.594,-0.8320000000000001,-0.541,-0.502,-0.546
s: 12
t: 41.995
c: 37
mem: 0.0

i: -0.557,-0.248,-0.327,0.003,-0.067,-0.024,-0.192,-0.16399999999999998,-0.065,-0.293,-0.557,-0.19399999999999998,-0.018000000000000002,-0.281,-0.139,-0.364,-0.40299999999999997,-0.154,-0.193,-0.17300000000000001,-0.557,-0.27,-0.48700000000000004,-0.105,-0.126,-0.071,-0.293,-0.22399999999999998,-0.141,-0.514,-0.557,-0.265,-0.005,-0.317,-0.151,-0.231,-0.534,-0.29100000000000004,-0.287,-0.29100000000000004
s: 16
t: 54.749
c: 38
mem: 0.0

i: -1.27,-0.4370000000000001,-0.033,-0.22699999999999998,-0.067,-0.013000000000000001,-0.44799999999999995,-0.14300000000000002,-0.043,0.018000000000000002,-1.27,-0.45799999999999996,-0.091,-0.575,-0.316,-0.509,-0.51,-0.251,-0.266,-0.055,-1.27,-0.83,-1.016,-0.629,-0.581,-0.395,-0.787,-0.664,-0.528,-0.9259999999999999,-1.27,-0.642,-0.28600000000000003,-0.638,-0.375,-0.505,-0.72,-0.414,-0.35700000000000004,-0.29100000000000004
s: 13
t: 22.381
c: 37
mem: 0.0

i: -0.743,-0.312,-0.188,-0.115,-0.03,0.135,-0.366,-0.124,0.049,-0.201,-0.743,-0.425,-0.145,-0.429,-0.251,-0.325,-0.5760000000000001,-0.326,-0.287,-0.28800000000000003,-0.743,-0.48200000000000004,-0.485,-0.358,-0.301,-0.207,-0.43,-0.318,-0.262,-0.395,-0.743,-0.386,-0.14400000000000002,-0.425,-0.23800000000000002,-0.382,-0.5870000000000001,-0.33799999999999997,-0.33899999999999997,-0.361
s: 18
t: 42.466
c: 37
mem: 0.0

i: -0.8079999999999999,-0.29600000000000004,-0.040999999999999995,-0.057999999999999996,0.129,0.063,-0.348,0.046,0.08,-0.046,-0.8079999999999999,-0.335,0.27899999999999997,-0.58,-0.17600000000000002,-0.418,-0.541,-0.131,-0.183,0.083,-0.8079999999999999,-0.451,0.195,-0.16699999999999998,0.009000000000000001,0.025,-0.46799999999999997,-0.057,-0.006999999999999999,0.249,-0.8079999999999999,-0.309,0.389,-0.483,-0.096,-0.19,-0.508,-0.081,-0.10400000000000001,0.249
s: 11
t: 15.342
c: 38
mem: 0.0

i: -1.1059999999999999,-0.636,-1.126,-0.45299999999999996,-0.516,-0.28300000000000003,-0.608,-0.608,-0.507,-1.072,-1.1059999999999999,-0.741,-0.8959999999999999,-0.735,-0.7290000000000001,-0.8340000000000001,-0.9079999999999999,-0.7929999999999999,-0.7829999999999999,-0.9640000000000001,-1.1059999999999999,-0.956,-0.888,-0.903,-0.805,-0.76,-0.977,-0.855,-0.802,-0.868,-1.1059999999999999,-0.722,-0.904,-0.713,-0.758,-0.887,-0.889,-0.8240000000000001,-0.8270000000000001,-1.016
s: 12
t: 11.966
c: 38
mem: 0.0

i: -1.2670000000000001,-0.634,-0.708,-0.465,-0.326,-0.242,-0.6609999999999999,-0.462,-0.373,-0.792,-1.2670000000000001,-0.764,-0.581,-0.722,-0.521,-0.591,-0.894,-0.601,-0.565,-0.669,-1.2670000000000001,-1.023,-0.98,-0.915,-0.795,-0.706,-1.013,-0.861,-0.7979999999999999,-0.966,-1.2670000000000001,-0.7879999999999999,-0.6629999999999999,-0.745,-0.598,-0.6829999999999999,-0.893,-0.654,-0.601,-0.7170000000000001
s: 23
t: 28.705
c: 38
mem: 0.0

i: -1.1740000000000002,-0.519,-0.252,-0.316,-0.151,-0.038,-0.5429999999999999,-0.299,-0.168,-0.21100000000000002,-1.1740000000000002,-0.4920000000000001,-0.282,-0.5529999999999999,-0.35700000000000004,-0.588,-0.546,-0.309,-0.316,-0.205,-1.1740000000000002,-0.75,-0.866,-0.514,-0.39899999999999997,-0.271,-0.667,-0.513,-0.385,-0.76,-1.1740000000000002,-0.659,-0.267,-0.65,-0.335,-0.43,-0.735,-0.385,-0.314,-0.29
s: 12
t: 23.522
c: 37
mem: 0.0

i: -1.033,-0.638,-1.1909999999999998,-0.39799999999999996,-0.54,-0.251,-0.596,-0.682,-0.512,-1.11,-1.033,-0.705,-0.9209999999999999,-0.691,-0.7440000000000001,-0.823,-0.8640000000000001,-0.82,-0.799,-1.0090000000000001,-1.033,-0.9229999999999999,-0.91,-0.862,-0.8220000000000001,-0.772,-0.894,-0.83,-0.79,-0.85,-1.033,-0.679,-0.887,-0.6559999999999999,-0.7340000000000001,-0.826,-0.847,-0.8220000000000001,-0.797,-1.008
s: 11
t: 12.291
c: 38
mem: 0.0

i: -1.124,-0.835,-1.031,-0.74,-0.73,-0.649,-0.843,-0.752,-0.728,-1.04,-1.124,-0.705,-0.84,-0.713,-0.6829999999999999,-0.779,-0.882,-0.7340000000000001,-0.721,-0.873,-1.124,-0.7440000000000001,-1.082,-0.637,-0.6409999999999999,-0.508,-0.752,-0.6609999999999999,-0.636,-1.062,-1.124,-0.78,-0.768,-0.7609999999999999,-0.679,-0.743,-0.927,-0.757,-0.7390000000000001,-0.8759999999999999
s: 18
t: 15.067
c: 38
mem: 0.0

i: -0.7090000000000001,-0.21,-0.263,-0.039,-0.051,-0.008,-0.332,-0.201,-0.061,-0.317,-0.7090000000000001,-0.34700000000000003,-0.19,-0.431,-0.327,-0.496,-0.598,-0.373,-0.366,-0.368,-0.7090000000000001,-0.41100000000000003,-0.545,-0.293,-0.3,-0.222,-0.39,-0.33,-0.294,-0.542,-0.7090000000000001,-0.33399999999999996,-0.152,-0.382,-0.305,-0.447,-0.489,-0.342,-0.358,-0.336
s: 17
t: 42.600
c: 37
mem: 0.0

i: -1.27,-0.855,-0.958,-0.7070000000000001,-0.619,-0.469,-0.872,-0.705,-0.62,-0.988,-1.27,-0.909,-0.83,-0.853,-0.716,-0.75,-1.018,-0.8059999999999999,-0.778,-0.92,-1.27,-1.0190000000000001,-1.035,-0.917,-0.813,-0.721,-1.0270000000000001,-0.877,-0.8220000000000001,-1.0390000000000001,-1.27,-0.8290000000000001,-0.7190000000000001,-0.774,-0.617,-0.688,-0.937,-0.693,-0.657,-0.779
s: 21
t: 32.260
c: 38
mem: 0.0

i: -1.29,-0.885,-0.91,-0.768,-0.637,-0.539,-0.92,-0.7190000000000001,-0.6509999999999999,-0.9590000000000001,-1.29,-0.9420000000000001,-0.8640000000000001,-0.888,-0.759,-0.785,-1.054,-0.856,-0.8190000000000001,-0.966,-1.29,-1.069,-1.109,-0.975,-0.9,-0.812,-1.077,-0.958,-0.909,-1.129,-1.29,-0.9009999999999999,-0.726,-0.83,-0.634,-0.6579999999999999,-0.988,-0.728,-0.68,-0.7979999999999999
s: 20
t: 34.746
c: 38
mem: 0.0

i: -1.19,-0.56,-0.316,-0.375,-0.21600000000000005,-0.09699999999999999,-0.603,-0.33899999999999997,-0.152,-0.262,-1.19,-0.4970000000000001,-0.289,-0.573,-0.385,-0.573,-0.631,-0.355,-0.354,-0.273,-1.19,-0.754,-0.81,-0.578,-0.465,-0.37799999999999995,-0.723,-0.525,-0.429,-0.736,-1.19,-0.68,-0.188,-0.6729999999999999,-0.319,-0.405,-0.794,-0.41,-0.35600000000000004,-0.294
s: 12
t: 25.339
c: 37
mem: 0.0

i: -1.14,-0.657,-0.43,-0.433,-0.254,-0.18600000000000005,-0.57,-0.34700000000000003,-0.209,-0.266,-1.14,-0.541,-0.295,-0.593,-0.37,-0.561,-0.627,-0.364,-0.33899999999999997,-0.285,-1.14,-0.698,-0.821,-0.489,-0.39399999999999996,-0.305,-0.632,-0.48200000000000004,-0.409,-0.7509999999999999,-1.14,-0.628,-0.299,-0.6459999999999999,-0.37,-0.47100000000000003,-0.773,-0.436,-0.386,-0.374
s: 15
t: 24.560
c: 38
mem: 0.0

i: -1.119,-0.511,-0.237,-0.306,-0.129,-0.047,-0.486,-0.28300000000000003,-0.139,-0.177,-1.119,-0.47100000000000003,-0.19399999999999998,-0.5670000000000001,-0.318,-0.526,-0.589,-0.305,-0.271,-0.19,-1.119,-0.6729999999999999,-0.7829999999999999,-0.499,-0.42100000000000004,-0.34,-0.675,-0.495,-0.42,-0.7609999999999999,-1.119,-0.547,-0.204,-0.594,-0.299,-0.465,-0.716,-0.36,-0.325,-0.271
s: 12
t: 21.672
c: 37
mem: 0.0

i: -1.251,-0.578,-0.41100000000000003,-0.303,-0.177,-0.022000000000000002,-0.532,-0.369,-0.161,-0.278,-1.251,-0.5710000000000001,-0.335,-0.584,-0.389,-0.581,-0.631,-0.384,-0.355,-0.287,-1.251,-0.809,-0.8490000000000001,-0.625,-0.489,-0.4,-0.785,-0.598,-0.516,-0.8420000000000001,-1.251,-0.64,-0.263,-0.627,-0.35600000000000004,-0.465,-0.732,-0.414,-0.35,-0.313
s: 14
t: 20.085
c: 37
mem: 0.0

i: -1.162,-0.521,-0.40299999999999997,-0.256,-0.17800000000000002,-0.106,-0.528,-0.305,-0.153,-0.46,-1.162,-0.64,-0.281,-0.632,-0.376,-0.508,-0.765,-0.42200000000000004,-0.414,-0.4,-1.162,-0.66,-0.618,-0.45299999999999996,-0.36,-0.254,-0.627,-0.44,-0.327,-0.619,-1.162,-0.58,-0.237,-0.5479999999999999,-0.331,-0.433,-0.6609999999999999,-0.3670000000000001,-0.354,-0.265
s: 23
t: 46.541
c: 37
mem: 0.0

i: -1.245,-1.062,-1.15,-0.9940000000000001,-0.968,-0.9259999999999999,-1.071,-0.995,-0.981,-1.177,-1.245,-0.953,-0.997,-0.917,-0.8640000000000001,-0.902,-1.067,-0.938,-0.925,-1.08,-1.245,-0.963,-1.1740000000000002,-0.856,-0.85,-0.753,-0.9470000000000001,-0.8640000000000001,-0.8390000000000001,-1.155,-1.245,-0.981,-1.024,-0.946,-0.898,-0.9470000000000001,-1.088,-0.973,-0.977,-1.147
s: 16
t: 15.584
c: 37
mem: 0.0

i: -1.252,-0.74,-0.6629999999999999,-0.561,-0.3670000000000001,-0.245,-0.7290000000000001,-0.465,-0.368,-0.6629999999999999,-1.252,-0.75,-0.45899999999999996,-0.685,-0.44,-0.467,-0.85,-0.531,-0.47100000000000003,-0.507,-1.252,-0.93,-0.917,-0.759,-0.635,-0.483,-0.903,-0.7190000000000001,-0.615,-0.8640000000000001,-1.252,-0.805,-0.525,-0.75,-0.511,-0.5489999999999999,-0.9159999999999999,-0.61,-0.555,-0.608
s: 18
t: 35.826
c: 38
mem: 0.0

i: -1.2009999999999998,-0.585,-0.28600000000000003,-0.493,-0.33399999999999996,-0.23399999999999999,-0.68,-0.384,-0.308,-0.242,-1.2009999999999998,-0.38299999999999995,-0.249,-0.595,-0.33299999999999996,-0.6409999999999999,-0.544,-0.28600000000000003,-0.264,-0.166,-1.2009999999999998,-0.5329999999999999,-1.145,-0.41,-0.491,-0.29100000000000004,-0.562,-0.624,-0.537,-1.179,-1.2009999999999998,-0.6409999999999999,-0.797,-0.638,-0.615,-0.774,-0.7609999999999999,-0.659,-0.593,-0.7240000000000001
s: 14
t: 14.255
c: 36
mem: 0.0

i: -1.115,-0.562,-0.344,-0.435,-0.336,-0.342,-0.478,-0.335,-0.287,-0.308,-1.115,-0.368,0.039,-0.64,-0.245,-0.439,-0.499,-0.23399999999999999,-0.179,-0.069,-1.115,-0.588,-1.28,-0.38799999999999996,-0.509,-0.22,-0.45799999999999996,-0.585,-0.465,-1.06,-1.115,-0.47700000000000004,-0.583,-0.521,-0.474,-0.619,-0.737,-0.57,-0.46399999999999997,-0.6729999999999999
s: 14
t: 12.708
c: 36
mem: 0.0

i: -0.9640000000000001,-0.599,-0.649,-0.361,-0.35200000000000004,-0.217,-0.629,-0.499,-0.344,-0.765,-0.9640000000000001,-0.588,-0.402,-0.5589999999999999,-0.409,-0.532,-0.742,-0.528,-0.48200000000000004,-0.573,-0.9640000000000001,-0.679,-0.7659999999999999,-0.498,-0.455,-0.293,-0.649,-0.539,-0.415,-0.7170000000000001,-0.9640000000000001,-0.6679999999999999,-0.614,-0.604,-0.522,-0.57,-0.785,-0.633,-0.589,-0.6920000000000001
s: 23
t: 31.685
c: 38
mem: 0.0

i: -1.2590000000000001,-0.512,-0.11699999999999999,-0.305,-0.12,-0.067,-0.535,-0.213,-0.08199999999999999,-0.03,-1.2590000000000001,-0.522,-0.14,-0.5770000000000001,-0.281,-0.48100000000000004,-0.622,-0.251,-0.259,-0.131,-1.2590000000000001,-0.779,-0.812,-0.596,-0.462,-0.344,-0.772,-0.5539999999999999,-0.444,-0.768,-1.2590000000000001,-0.614,-0.215,-0.628,-0.32799999999999996,-0.51,-0.711,-0.364,-0.35100000000000003,-0.315
s: 15
t: 24.318
c: 37
mem: 0.0

i: -1.203,-0.7879999999999999,-0.7559999999999999,-0.633,-0.52,-0.45899999999999996,-0.767,-0.585,-0.541,-0.755,-1.203,-0.856,-0.718,-0.785,-0.655,-0.665,-0.94,-0.753,-0.715,-0.804,-1.203,-0.9329999999999999,-1.012,-0.8,-0.7659999999999999,-0.643,-0.9129999999999999,-0.8,-0.716,-0.9570000000000001,-1.203,-0.772,-0.557,-0.733,-0.562,-0.622,-0.907,-0.665,-0.647,-0.728
s: 22
t: 25.205
c: 38
mem: 0.0

i: -1.127,-0.517,-0.381,-0.28300000000000003,-0.166,-0.087,-0.547,-0.287,-0.138,-0.43,-1.127,-0.659,-0.381,-0.628,-0.409,-0.522,-0.775,-0.474,-0.44299999999999995,-0.47,-1.127,-0.669,-0.626,-0.451,-0.35600000000000004,-0.245,-0.62,-0.45799999999999996,-0.331,-0.614,-1.127,-0.5579999999999999,-0.23800000000000002,-0.539,-0.335,-0.434,-0.65,-0.34700000000000003,-0.34299999999999997,-0.255
s: 27
t: 38.009
c: 37
mem: 0.0

i: -1.158,-0.584,-0.607,-0.433,-0.28600000000000003,-0.223,-0.654,-0.419,-0.34600000000000003,-0.7659999999999999,-1.158,-0.675,-0.519,-0.6609999999999999,-0.48100000000000004,-0.586,-0.8420000000000001,-0.562,-0.5329999999999999,-0.648,-1.158,-0.885,-0.875,-0.7829999999999999,-0.687,-0.593,-0.895,-0.746,-0.6859999999999999,-0.888,-1.158,-0.758,-0.7490000000000001,-0.718,-0.6459999999999999,-0.716,-0.8740000000000001,-0.703,-0.653,-0.77
s: 24
t: 32.806
c: 38
mem: 0.0

i: -1.092,-0.455,-0.451,-0.379,-0.33,-0.361,-0.51,-0.3720000000000001,-0.33299999999999996,-0.467,-1.092,-0.324,-0.047,-0.595,-0.264,-0.541,-0.45399999999999996,-0.21899999999999997,-0.18600000000000005,-0.091,-1.092,-0.531,-1.2570000000000001,-0.34600000000000003,-0.501,-0.192,-0.46299999999999997,-0.603,-0.46399999999999997,-1.145,-1.092,-0.516,-0.7490000000000001,-0.563,-0.5760000000000001,-0.733,-0.7509999999999999,-0.639,-0.5870000000000001,-0.7759999999999999
s: 14
t: 11.574
c: 37
mem: 0.0

i: -1.2229999999999999,-0.64,-0.5,-0.379,-0.27399999999999997,-0.156,-0.642,-0.37,-0.228,-0.522,-1.2229999999999999,-0.758,-0.42,-0.696,-0.489,-0.547,-0.846,-0.5529999999999999,-0.508,-0.519,-1.2229999999999999,-0.7759999999999999,-0.6990000000000001,-0.629,-0.49,-0.401,-0.782,-0.563,-0.484,-0.7390000000000001,-1.2229999999999999,-0.643,-0.386,-0.625,-0.42,-0.551,-0.753,-0.45899999999999996,-0.42100000000000004,-0.415
s: 16
t: 42.854
c: 38
mem: 0.0

i: -1.056,-0.413,-0.379,-0.36200000000000004,-0.314,-0.312,-0.521,-0.325,-0.27,-0.34299999999999997,-1.056,-0.33399999999999996,-0.096,-0.58,-0.285,-0.542,-0.48700000000000004,-0.24,-0.2,-0.1,-1.056,-0.531,-1.227,-0.33899999999999997,-0.488,-0.242,-0.455,-0.603,-0.503,-1.15,-1.056,-0.46799999999999997,-0.684,-0.508,-0.537,-0.728,-0.66,-0.579,-0.522,-0.6829999999999999
s: 13
t: 12.113
c: 37
mem: 0.0

i: -1.242,-0.9990000000000001,-1.113,-0.917,-0.8859999999999999,-0.846,-1.004,-0.902,-0.887,-1.121,-1.242,-0.841,-0.922,-0.812,-0.764,-0.86,-0.982,-0.8320000000000001,-0.838,-1.024,-1.242,-0.8640000000000001,-1.02,-0.748,-0.6829999999999999,-0.5920000000000001,-0.8740000000000001,-0.725,-0.688,-1.023,-1.242,-0.91,-0.879,-0.855,-0.748,-0.7959999999999999,-1.005,-0.826,-0.807,-0.966
s: 15
t: 15.974
c: 38
mem: 0.0

i: -1.385,-1.12,-1.182,-1.028,-0.955,-0.8809999999999999,-1.135,-1.006,-0.9690000000000001,-1.217,-1.385,-0.9570000000000001,-1.026,-0.903,-0.8240000000000001,-0.875,-1.067,-0.888,-0.856,-1.037,-1.385,-1.058,-1.208,-0.958,-0.905,-0.812,-1.0659999999999998,-0.9309999999999999,-0.892,-1.183,-1.385,-1.11,-1.043,-1.067,-0.9490000000000001,-0.9620000000000001,-1.2109999999999999,-1.04,-1.011,-1.143
s: 14
t: 22.205
c: 38
mem: 0.0

i: -1.127,-0.479,-0.466,-0.28300000000000003,-0.18600000000000005,-0.096,-0.539,-0.35700000000000004,-0.205,-0.506,-1.127,-0.474,-0.19399999999999998,-0.516,-0.293,-0.474,-0.628,-0.335,-0.32299999999999995,-0.27,-1.127,-0.622,-0.6829999999999999,-0.488,-0.38,-0.317,-0.6659999999999999,-0.48,-0.409,-0.737,-1.127,-0.648,-0.386,-0.622,-0.436,-0.507,-0.7809999999999999,-0.515,-0.469,-0.483
s: 22
t: 48.985
c: 37
mem: 0.0

i: -1.171,-0.5589999999999999,-0.389,-0.312,-0.182,-0.152,-0.53,-0.282,-0.18,-0.363,-1.171,-0.561,-0.223,-0.58,-0.38299999999999995,-0.494,-0.674,-0.395,-0.355,-0.249,-1.171,-0.6859999999999999,-0.73,-0.527,-0.43,-0.292,-0.73,-0.526,-0.41200000000000003,-0.736,-1.171,-0.7020000000000001,-0.32799999999999996,-0.6559999999999999,-0.406,-0.465,-0.8240000000000001,-0.506,-0.45399999999999996,-0.46
s: 22
t: 50.417
c: 37
mem: 0.0

i: -1.235,-0.48100000000000004,-0.429,-0.177,-0.12300000000000001,-0.025,-0.505,-0.295,-0.05,-0.48100000000000004,-1.235,-0.5479999999999999,-0.337,-0.53,-0.386,-0.515,-0.664,-0.419,-0.35100000000000003,-0.369,-1.235,-0.912,-0.6990000000000001,-0.7559999999999999,-0.583,-0.444,-0.915,-0.679,-0.5660000000000001,-0.691,-1.235,-0.626,-0.426,-0.603,-0.38799999999999996,-0.547,-0.715,-0.446,-0.39299999999999996,-0.38299999999999995
s: 13
t: 40.354
c: 38
mem: 0.0

i: -1.0,-0.466,-0.535,-0.2,-0.127,-0.149,-0.415,-0.237,-0.091,-0.414,-1.0,-0.491,-0.24100000000000002,-0.57,-0.354,-0.59,-0.638,-0.34600000000000003,-0.34700000000000003,-0.301,-1.0,-0.7440000000000001,-0.38299999999999995,-0.525,-0.311,-0.185,-0.72,-0.43,-0.327,-0.41,-1.0,-0.528,-0.217,-0.613,-0.35100000000000003,-0.536,-0.7090000000000001,-0.401,-0.365,-0.336
s: 17
t: 36.107
c: 37
mem: 0.0

i: -1.206,-0.521,-0.35600000000000004,-0.384,-0.303,-0.316,-0.519,-0.35100000000000003,-0.316,-0.373,-1.206,-0.348,-0.182,-0.573,-0.293,-0.604,-0.42200000000000004,-0.23800000000000002,-0.20800000000000002,-0.096,-1.206,-0.5770000000000001,-1.192,-0.386,-0.45899999999999996,-0.19,-0.512,-0.6,-0.48700000000000004,-1.17,-1.206,-0.634,-0.9009999999999999,-0.623,-0.6729999999999999,-0.805,-0.778,-0.71,-0.648,-0.83
s: 11
t: 12.054
c: 37
mem: 0.0

i: -1.052,-0.6609999999999999,-1.1540000000000001,-0.495,-0.61,-0.392,-0.6809999999999999,-0.68,-0.555,-1.087,-1.052,-0.735,-0.897,-0.7290000000000001,-0.746,-0.831,-0.904,-0.816,-0.8079999999999999,-0.9840000000000001,-1.052,-0.9309999999999999,-0.9129999999999999,-0.875,-0.826,-0.8009999999999999,-0.915,-0.847,-0.823,-0.903,-1.052,-0.736,-0.94,-0.7090000000000001,-0.76,-0.8640000000000001,-0.882,-0.838,-0.8440000000000001,-1.069
s: 12
t: 12.566
c: 38
mem: 0.0

i: -1.053,-0.46399999999999997,-0.121,-0.31,-0.141,-0.08800000000000001,-0.42200000000000004,-0.254,-0.109,-0.066,-1.053,-0.406,-0.122,-0.546,-0.28300000000000003,-0.532,-0.54,-0.26,-0.259,-0.158,-1.053,-0.6,-0.68,-0.414,-0.341,-0.27699999999999997,-0.556,-0.39299999999999996,-0.312,-0.627,-1.053,-0.48100000000000004,-0.136,-0.568,-0.281,-0.445,-0.637,-0.316,-0.266,-0.183
s: 16
t: 25.829
c: 38
mem: 0.0

i: -0.9329999999999999,-0.281,-0.163,-0.086,0.001,-0.012,-0.303,-0.11,-0.057,-0.24100000000000002,-0.9329999999999999,-0.37,0.011000000000000001,-0.39799999999999996,-0.198,-0.33799999999999997,-0.46,-0.2,-0.207,-0.071,-0.9329999999999999,-0.461,-0.56,-0.23800000000000002,-0.21100000000000002,-0.095,-0.406,-0.3,-0.195,-0.515,-0.9329999999999999,-0.45399999999999996,-0.259,-0.41200000000000003,-0.305,-0.38799999999999996,-0.551,-0.35600000000000004,-0.315,-0.324
s: 20
t: 46.033
c: 38
mem: 0.0

i: -1.2590000000000001,-0.9840000000000001,-1.032,-0.889,-0.807,-0.737,-1.011,-0.873,-0.831,-1.078,-1.2590000000000001,-0.8109999999999999,-0.836,-0.762,-0.6729999999999999,-0.754,-0.9420000000000001,-0.755,-0.74,-0.922,-1.2590000000000001,-0.84,-1.03,-0.6859999999999999,-0.62,-0.446,-0.841,-0.6970000000000001,-0.62,-1.041,-1.2590000000000001,-0.9079999999999999,-0.8340000000000001,-0.838,-0.6990000000000001,-0.735,-0.993,-0.7909999999999999,-0.759,-0.9159999999999999
s: 19
t: 17.564
c: 38
mem: 0.0

i: -1.31,-0.7809999999999999,-0.759,-0.628,-0.45299999999999996,-0.337,-0.861,-0.626,-0.537,-0.9279999999999999,-1.31,-0.809,-0.584,-0.782,-0.5429999999999999,-0.617,-0.983,-0.664,-0.617,-0.726,-1.31,-1.028,-0.9740000000000001,-0.9390000000000001,-0.8109999999999999,-0.757,-1.05,-0.878,-0.84,-1.034,-1.31,-0.993,-0.865,-0.9259999999999999,-0.778,-0.779,-1.077,-0.871,-0.8079999999999999,-0.91
s: 14
t: 34.936
c: 37
mem: 0.0

i: -0.991,-0.374,-0.273,-0.192,-0.12,-0.107,-0.41700000000000004,-0.18899999999999997,-0.11800000000000001,-0.336,-0.991,-0.52,-0.218,-0.532,-0.33899999999999997,-0.442,-0.6859999999999999,-0.4,-0.392,-0.373,-0.991,-0.603,-0.628,-0.45299999999999996,-0.4370000000000001,-0.348,-0.603,-0.491,-0.42200000000000004,-0.654,-0.991,-0.488,-0.267,-0.501,-0.32299999999999995,-0.4920000000000001,-0.631,-0.373,-0.373,-0.364
s: 20
t: 41.983
c: 37
mem: 0.0

i: -1.2329999999999999,-0.51,-0.6579999999999999,-0.285,-0.18600000000000005,-0.102,-0.6,-0.405,-0.268,-0.838,-1.2329999999999999,-0.59,-0.44799999999999995,-0.59,-0.413,-0.5920000000000001,-0.754,-0.484,-0.45,-0.536,-1.2329999999999999,-0.9670000000000001,-0.7979999999999999,-0.789,-0.649,-0.501,-0.9670000000000001,-0.7709999999999999,-0.626,-0.802,-1.2329999999999999,-0.727,-0.642,-0.7340000000000001,-0.5720000000000001,-0.726,-0.816,-0.585,-0.522,-0.556
s: 15
t: 42.971
c: 38
mem: 0.0

i: -1.35,-0.925,-0.8270000000000001,-0.6920000000000001,-0.546,-0.386,-0.9059999999999999,-0.6609999999999999,-0.5,-0.737,-1.35,-0.8959999999999999,-0.635,-0.777,-0.579,-0.597,-0.9359999999999999,-0.66,-0.594,-0.633,-1.35,-0.9990000000000001,-0.945,-0.787,-0.654,-0.48100000000000004,-0.9590000000000001,-0.7559999999999999,-0.613,-0.858,-1.35,-0.9690000000000001,-0.7490000000000001,-0.884,-0.693,-0.6890000000000001,-1.052,-0.797,-0.733,-0.83
s: 24
t: 27.184
c: 38
mem: 0.0

max time: 54.75
min time: 10.32
avg time: 27.35

avg calls: 37.56
