avg vars: 827.50
avg cos: 1481.33
avg cps : 995.17
i: 0,0,0,0,0,0,1,0,0,1,1,0,8,1,0,0
s: 6
t: 0.002
c: 12
mem: 0.0

i: 0,0,1,0,0,0,0,0,0,1,0,0,0,0,0,0
s: 7
t: 0.002
c: 13
mem: 0.0

i: 0,0,1,0,0,1,1,1,1,0,0,1,0,1,0,1
s: 9
t: 0.001
c: 12
mem: 0.0

i: 0,0,1,0,0,1,1,1,1,1,1,0,4,0,0,0
s: 9
t: 0.002
c: 15
mem: 0.0

i: 1,0,0,1,0,0,0,1,1,1,0,0,4,1,0,1
s: 6
t: 0.001
c: 9
mem: 0.0

i: 1,0,1,0,1,0,0,0,0,1,0,0,6,0,0,0
s: 8
t: 0.002
c: 13
mem: 0.0

i: 1,0,0,1,1,0,0,1,1,1,0,0,2,1,0,0
s: 6
t: 0.001
c: 8
mem: 0.0

i: 0,1,1,0,1,0,0,0,1,1,0,0,2,1,0,0
s: 6
t: 0.001
c: 9
mem: 0.0

i: 1,0,0,1,0,0,0,1,1,1,0,0,4,1,1,1
s: 6
t: 0.001
c: 8
mem: 0.0

i: 0,0,0,0,0,1,1,1,1,0,1,0,0,1,0,0
s: 8
t: 0.001
c: 11
mem: 0.0

i: 1,0,0,1,0,0,0,1,1,1,0,0,2,1,0,0
s: 6
t: 0.001
c: 8
mem: 0.0

i: 0,0,1,0,0,1,0,1,1,0,0,1,0,1,1,0
s: 9
t: 0.001
c: 13
mem: 0.0

i: 0,1,1,0,1,0,0,0,1,1,0,0,2,1,1,0
s: 6
t: 0.001
c: 9
mem: 0.0

i: 0,0,1,0,0,1,1,0,0,0,0,0,8,0,0,1
s: 8
t: 0.001
c: 10
mem: 0.0

i: 0,0,1,0,0,1,1,1,1,1,0,0,4,0,0,0
s: 9
t: 0.001
c: 14
mem: 0.0

i: 0,1,1,0,0,1,1,0,1,1,0,0,2,1,0,1
s: 7
t: 0.001
c: 10
mem: 0.0

i: 0,0,1,0,0,1,0,1,1,0,0,1,0,1,0,0
s: 9
t: 0.001
c: 12
mem: 0.0

i: 1,0,0,1,0,0,1,1,1,1,0,0,4,1,0,1
s: 5
t: 0.001
c: 7
mem: 0.0

i: 1,0,0,1,0,0,1,1,1,1,0,0,4,1,0,0
s: 5
t: 0.001
c: 7
mem: 0.0

i: 1,0,0,1,0,0,0,1,1,1,0,0,4,1,0,0
s: 6
t: 0.001
c: 8
mem: 0.0

i: 1,0,0,1,0,1,1,1,1,1,0,1,2,1,0,1
s: 5
t: 0.001
c: 7
mem: 0.0

i: 0,0,1,0,0,1,1,0,0,0,0,0,6,0,0,0
s: 8
t: 0.001
c: 10
mem: 0.0

i: 1,0,1,1,0,1,1,0,1,1,0,0,4,1,0,1
s: 6
t: 0.001
c: 9
mem: 0.0

i: 0,1,1,0,1,0,1,0,1,1,0,0,2,1,0,0
s: 7
t: 0.001
c: 10
mem: 0.0

i: 0,0,1,0,0,1,1,1,1,0,0,1,0,1,0,0
s: 9
t: 0.001
c: 12
mem: 0.0

i: 0,0,0,1,0,1,1,1,1,1,0,1,0,1,0,1
s: 5
t: 0.001
c: 7
mem: 0.0

i: 1,0,0,1,0,1,1,1,1,1,0,0,4,1,0,1
s: 5
t: 0.001
c: 7
mem: 0.0

i: 0,0,1,0,0,0,1,0,0,0,0,0,0,0,0,0
s: 7
t: 0.001
c: 12
mem: 0.0

i: 1,0,1,0,1,0,0,0,0,1,1,0,6,0,1,0
s: 8
t: 0.001
c: 14
mem: 0.0

i: 0,1,1,0,0,0,1,0,1,1,0,0,2,1,0,1
s: 7
t: 0.001
c: 9
mem: 0.0

i: 0,0,1,0,0,1,0,1,1,1,0,0,4,0,0,0
s: 9
t: 0.001
c: 13
mem: 0.0

i: 0,0,1,0,0,1,1,1,1,0,1,1,0,1,0,1
s: 9
t: 0.001
c: 12
mem: 0.0

i: 0,0,1,0,0,0,1,1,1,1,0,0,4,1,0,0
s: 10
t: 0.001
c: 13
mem: 0.0

i: 0,0,1,0,0,0,0,0,0,1,0,0,6,0,0,0
s: 6
t: 0.001
c: 13
mem: 0.0

i: 1,0,0,1,0,0,0,1,1,1,0,0,4,0,1,0
s: 6
t: 0.001
c: 8
mem: 0.0

i: 0,1,1,0,1,1,0,0,1,1,0,0,2,1,0,0
s: 6
t: 0.001
c: 9
mem: 0.0

i: 1,0,1,0,1,0,0,0,0,1,1,0,6,0,0,0
s: 8
t: 0.001
c: 14
mem: 0.0

i: 1,0,0,1,0,0,0,1,1,1,0,0,2,0,0,1
s: 6
t: 0.001
c: 8
mem: 0.0

i: 0,1,1,0,1,0,1,0,1,1,0,0,2,1,0,1
s: 6
t: 0.001
c: 9
mem: 0.0

i: 0,1,1,0,1,1,1,0,1,1,0,0,2,1,0,0
s: 6
t: 0.000
c: 8
mem: 0.0

i: 1,0,0,1,0,0,1,1,1,1,0,0,2,0,1,1
s: 5
t: 0.000
c: 7
mem: 0.0

i: 0,0,1,0,0,0,0,0,1,1,0,0,4,1,0,1
s: 11
t: 0.001
c: 14
mem: 0.0

i: 1,0,0,1,0,0,1,1,1,1,0,0,4,1,1,1
s: 5
t: 0.000
c: 7
mem: 0.0

i: 0,0,1,0,0,0,1,1,1,1,0,0,0,1,0,0
s: 10
t: 0.001
c: 13
mem: 0.0

i: 0,1,1,0,0,0,1,0,1,1,0,0,2,1,0,0
s: 7
t: 0.001
c: 8
mem: 0.0

i: 1,0,0,1,0,0,0,1,1,1,0,0,4,1,1,0
s: 6
t: 0.001
c: 8
mem: 0.0

i: 0,0,1,0,0,1,1,1,1,1,0,0,4,1,0,0
s: 10
t: 0.001
c: 15
mem: 0.0

i: 0,0,1,0,0,1,1,0,0,0,1,0,0,0,0,0
s: 8
t: 0.001
c: 10
mem: 0.0

i: 0,0,1,0,0,0,1,1,1,1,1,0,0,1,0,0
s: 10
t: 0.001
c: 13
mem: 0.0

i: 0,1,1,0,1,0,0,0,1,1,0,0,2,1,0,1
s: 6
t: 0.000
c: 9
mem: 0.0

i: 1,0,0,1,0,0,0,1,1,1,0,0,2,1,0,1
s: 6
t: 0.000
c: 8
mem: 0.0

i: 0,1,1,0,1,1,0,0,1,1,0,0,2,1,0,1
s: 6
t: 0.000
c: 9
mem: 0.0

i: 1,0,0,1,0,0,1,1,1,1,0,0,4,0,0,1
s: 5
t: 0.000
c: 7
mem: 0.0

i: 0,0,1,0,1,0,0,0,0,1,0,0,6,0,0,0
s: 8
t: 0.001
c: 13
mem: 0.0

i: 0,0,1,0,0,1,1,0,0,0,0,0,5,0,0,0
s: 8
t: 0.001
c: 10
mem: 0.0

i: 1,0,0,1,0,1,1,1,1,1,0,1,0,0,0,1
s: 5
t: 0.000
c: 7
mem: 0.0

i: 0,0,1,0,0,1,1,0,0,0,0,0,4,0,0,0
s: 8
t: 0.001
c: 10
mem: 0.0

i: 0,1,1,0,0,0,0,0,1,1,0,0,2,1,0,1
s: 8
t: 0.001
c: 11
mem: 0.0

max time: 0.00
min time: 0.00
avg time: 0.00

avg calls: 10.19
