vars: 2698
clauses: 14406
i: 0.52,0.39,0.48,0.5,0.65,0.71,0.73
s: 3
t: 0.581
c: 7
mem: 2816.0

i: 0.36,0.56,0.48,0.5,0.43,0.45,0.53
s: 3
t: 0.427
c: 6
mem: 1648.0

i: 0.88,0.42,0.48,0.5,0.52,0.73,0.75
s: 4
t: 0.565
c: 6
mem: 1312.0

i: 0.17,0.39,0.48,0.5,0.53,0.3,0.39
s: 3
t: 0.456
c: 6
mem: 2256.0

i: 0.69,0.67,0.48,0.5,0.3,0.39,0.24
s: 4
t: 0.308
c: 6
mem: 1552.0

i: 0.64,0.46,0.48,0.5,0.48,0.73,0.76
s: 4
t: 0.395
c: 6
mem: 880.0

i: 0.54,0.57,0.48,0.5,0.56,0.81,0.83
s: 3
t: 1.950
c: 7
mem: 24320.0

i: 0.43,0.37,0.48,0.5,0.53,0.35,0.44
s: 3
t: 0.404
c: 6
mem: 0.0

i: 0.31,0.47,0.48,0.5,0.29,0.28,0.39
s: 3
t: 0.407
c: 6
mem: 0.0

i: 0.55,0.47,0.48,0.5,0.57,0.78,0.8
s: 3
t: 0.599
c: 7
mem: 0.0

i: 0.78,0.68,0.48,0.5,0.83,0.4,0.29
s: 4
t: 0.126
c: 6
mem: 0.0

i: 0.26,0.4,0.48,0.5,0.36,0.26,0.37
s: 3
t: 0.419
c: 6
mem: 0.0

i: 0.67,0.39,0.48,0.5,0.36,0.38,0.46
s: 4
t: 0.444
c: 6
mem: 0.0

i: 0.0,0.51,0.48,0.5,0.35,0.67,0.44
s: 3
t: 0.688
c: 7
mem: 0.0

i: 0.63,0.71,0.48,0.5,0.6,0.4,0.39
s: 4
t: 0.376
c: 6
mem: 0.0

i: 0.74,0.44,0.48,0.5,0.55,0.88,0.89
s: 4
t: 0.673
c: 7
mem: 0.0

i: 0.33,0.45,0.48,0.5,0.45,0.88,0.89
s: 3
t: 0.599
c: 7
mem: 0.0

i: 0.07,0.4,0.48,0.5,0.54,0.35,0.44
s: 3
t: 0.472
c: 6
mem: 0.0

i: 0.65,0.57,0.48,0.5,0.47,0.47,0.51
s: 4
t: 0.272
c: 6
mem: 0.0

i: 0.63,0.8,0.48,0.5,0.46,0.31,0.29
s: 4
t: 0.333
c: 6
mem: 0.0

i: 0.58,0.6,0.48,0.5,0.59,0.73,0.76
s: 4
t: 0.696
c: 7
mem: 0.0

i: 0.76,0.71,0.48,0.5,0.5,0.71,0.75
s: 4
t: 0.635
c: 6
mem: 0.0

i: 0.57,0.38,0.48,0.5,0.06,0.49,0.33
s: 4
t: 0.424
c: 6
mem: 0.0

i: 0.69,0.8,0.48,0.5,0.46,0.57,0.26
s: 4
t: 0.303
c: 6
mem: 0.0

i: 0.34,0.51,0.48,0.5,0.44,0.37,0.46
s: 4
t: 0.410
c: 6
mem: 0.0

i: 0.72,0.42,0.48,0.5,0.65,0.77,0.79
s: 5
t: 0.375
c: 6
mem: 0.0

i: 0.61,0.47,0.48,0.5,0.0,0.8,0.32
s: 4
t: 0.644
c: 7
mem: 0.0

i: 0.74,0.56,0.48,0.5,0.47,0.68,0.3
s: 4
t: 0.430
c: 7
mem: 0.0

i: 0.83,0.37,0.48,0.5,0.61,0.71,0.74
s: 3
t: 0.675
c: 6
mem: 0.0

i: 0.36,0.39,0.48,0.5,0.48,0.22,0.23
s: 3
t: 0.410
c: 6
mem: 0.0

i: 0.72,0.86,0.48,0.5,0.17,0.55,0.21
s: 4
t: 0.383
c: 6
mem: 0.0

i: 0.3,0.37,0.48,0.5,0.59,0.41,0.49
s: 4
t: 0.430
c: 6
mem: 0.0

i: 0.81,0.52,0.48,0.5,0.57,0.78,0.8
s: 3
t: 0.457
c: 6
mem: 0.0

i: 0.32,0.39,0.48,0.5,0.53,0.28,0.38
s: 3
t: 0.486
c: 6
mem: 0.0

i: 0.7,0.61,0.48,0.5,0.56,0.52,0.43
s: 4
t: 0.358
c: 6
mem: 0.0

i: 0.34,0.49,0.48,0.5,0.58,0.85,0.8
s: 3
t: 0.611
c: 7
mem: 0.0

i: 0.63,0.54,0.48,0.5,0.65,0.79,0.81
s: 5
t: 0.639
c: 7
mem: 0.0

i: 0.79,0.54,0.48,0.5,0.5,0.66,0.68
s: 4
t: 0.485
c: 6
mem: 0.0

i: 0.58,0.34,0.48,0.5,0.56,0.87,0.81
s: 4
t: 0.679
c: 7
mem: 0.0

i: 0.24,0.35,0.48,0.5,0.31,0.19,0.31
s: 3
t: 0.437
c: 6
mem: 0.0

i: 0.23,0.32,0.48,0.5,0.55,0.25,0.35
s: 3
t: 0.454
c: 6
mem: 0.0

i: 0.68,0.82,0.48,0.5,0.38,0.65,0.56
s: 5
t: 0.402
c: 7
mem: 0.0

i: 0.7,0.64,0.48,0.5,0.47,0.51,0.47
s: 4
t: 0.340
c: 6
mem: 0.0

i: 0.71,0.52,0.48,0.5,0.64,1.0,0.99
s: 5
t: 0.530
c: 7
mem: 0.0

i: 0.66,0.53,0.48,0.5,0.59,0.66,0.66
s: 5
t: 0.501
c: 6
mem: 0.0

i: 0.34,0.42,0.48,0.5,0.41,0.34,0.43
s: 3
t: 0.437
c: 6
mem: 0.0

i: 0.27,0.3,0.48,0.5,0.71,0.28,0.39
s: 3
t: 0.355
c: 6
mem: 0.0

i: 0.47,0.29,0.48,0.5,0.51,0.33,0.43
s: 3
t: 0.429
c: 6
mem: 0.0

i: 0.64,0.84,0.48,0.5,0.37,0.45,0.4
s: 4
t: 0.328
c: 6
mem: 0.0

i: 0.84,0.44,0.48,0.5,0.48,0.71,0.74
s: 3
t: 0.717
c: 6
mem: 0.0

i: 0.16,0.43,0.48,0.5,0.54,0.27,0.37
s: 3
t: 0.421
c: 6
mem: 0.0

i: 0.04,0.31,0.48,0.5,0.41,0.29,0.39
s: 3
t: 0.484
c: 6
mem: 0.0

i: 0.5,0.37,0.48,0.5,0.66,0.64,0.69
s: 3
t: 0.674
c: 7
mem: 0.0

i: 0.31,0.44,0.48,0.5,0.5,0.79,0.82
s: 3
t: 0.613
c: 7
mem: 0.0

i: 0.64,0.76,0.48,0.5,0.45,0.35,0.38
s: 3
t: 0.526
c: 6
mem: 0.0

i: 0.63,0.47,0.48,0.5,0.51,0.82,0.84
s: 4
t: 0.614
c: 7
mem: 0.0

i: 0.24,0.43,0.48,0.5,0.37,0.28,0.38
s: 3
t: 0.461
c: 6
mem: 0.0

i: 0.74,0.82,0.48,0.5,0.49,0.49,0.41
s: 4
t: 0.325
c: 6
mem: 0.0

i: 0.68,0.67,0.48,0.5,0.49,0.4,0.34
s: 4
t: 0.371
c: 6
mem: 0.0

i: 0.4,0.35,0.48,0.5,0.45,0.33,0.42
s: 3
t: 0.466
c: 6
mem: 0.0

i: 0.51,0.46,0.48,0.5,0.58,0.31,0.41
s: 3
t: 0.397
c: 6
mem: 0.0

i: 0.18,0.3,0.48,0.5,0.46,0.24,0.35
s: 3
t: 0.473
c: 6
mem: 0.0

i: 0.0,0.38,0.48,0.5,0.42,0.48,0.55
s: 4
t: 0.398
c: 6
mem: 0.0

i: 0.76,0.73,0.48,0.5,0.44,0.39,0.39
s: 4
t: 0.360
c: 6
mem: 0.0

i: 0.79,0.41,0.48,0.5,0.66,0.81,0.83
s: 3
t: 0.460
c: 6
mem: 0.0

i: 0.66,0.71,0.48,0.5,0.41,0.5,0.35
s: 4
t: 0.335
c: 6
mem: 0.0

i: 0.35,0.48,0.48,0.5,0.56,0.4,0.48
s: 3
t: 0.456
c: 6
mem: 0.0

i: 0.65,0.51,0.48,0.5,0.66,0.54,0.33
s: 4
t: 0.140
c: 6
mem: 0.0

i: 0.59,0.61,0.48,0.5,0.42,0.42,0.37
s: 4
t: 0.395
c: 6
mem: 0.0

i: 0.61,0.6,0.48,0.5,0.44,0.39,0.38
s: 5
t: 0.403
c: 6
mem: 0.0

i: 0.47,0.59,0.48,0.5,0.52,0.76,0.79
s: 3
t: 0.763
c: 7
mem: 0.0

i: 0.64,0.66,0.48,0.5,0.41,0.39,0.2
s: 4
t: 0.394
c: 6
mem: 0.0

i: 0.38,0.3,0.48,0.5,0.43,0.29,0.39
s: 3
t: 0.465
c: 6
mem: 0.0

i: 0.25,0.37,0.48,0.5,0.41,0.33,0.42
s: 3
t: 0.474
c: 6
mem: 0.0

i: 0.69,0.39,0.48,0.5,0.57,0.76,0.79
s: 4
t: 0.695
c: 7
mem: 0.0

i: 0.46,0.59,0.48,0.5,0.36,0.76,0.23
s: 3
t: 0.704
c: 7
mem: 0.0

i: 0.17,0.52,0.48,0.5,0.49,0.37,0.46
s: 3
t: 0.411
c: 6
mem: 0.0

i: 0.63,0.49,0.48,0.5,0.79,0.45,0.28
s: 4
t: 0.176
c: 6
mem: 0.0

i: 0.63,0.75,0.48,0.5,0.64,0.73,0.66
s: 4
t: 0.612
c: 6
mem: 0.0

i: 0.33,0.47,0.48,0.5,0.53,0.18,0.29
s: 4
t: 0.393
c: 6
mem: 0.0

i: 0.67,0.7,0.48,0.5,0.46,0.45,0.33
s: 4
t: 0.354
c: 6
mem: 0.0

i: 0.63,0.65,0.48,0.5,0.66,0.67,0.71
s: 4
t: 0.792
c: 7
mem: 0.0

i: 0.5,0.49,0.48,0.5,0.49,0.46,0.53
s: 4
t: 0.440
c: 6
mem: 0.0

i: 0.34,0.28,0.48,0.5,0.41,0.35,0.44
s: 3
t: 0.463
c: 6
mem: 0.0

i: 0.41,0.51,0.48,0.5,0.58,0.2,0.31
s: 4
t: 0.368
c: 6
mem: 0.0

i: 0.63,0.86,0.48,0.5,0.39,0.47,0.34
s: 4
t: 0.351
c: 6
mem: 0.0

i: 0.24,0.34,0.48,0.5,0.38,0.3,0.4
s: 3
t: 0.483
c: 6
mem: 0.0

i: 0.74,0.47,0.48,0.5,0.5,0.57,0.42
s: 4
t: 0.399
c: 6
mem: 0.0

i: 0.61,0.52,0.48,0.5,0.54,0.67,0.52
s: 4
t: 0.769
c: 7
mem: 0.0

i: 0.26,0.5,0.48,0.5,0.44,0.32,0.41
s: 3
t: 0.472
c: 6
mem: 0.0

i: 0.71,0.71,0.48,0.5,0.4,0.54,0.39
s: 4
t: 0.359
c: 6
mem: 0.0

i: 0.52,0.36,0.48,0.5,0.41,0.28,0.38
s: 3
t: 0.480
c: 6
mem: 0.0

i: 0.89,0.55,0.48,0.5,0.51,0.72,0.76
s: 4
t: 0.682
c: 6
mem: 0.0

i: 0.67,0.84,0.48,0.5,0.74,0.54,0.37
s: 4
t: 0.134
c: 6
mem: 0.0

i: 0.4,0.5,0.48,0.5,0.65,0.82,0.84
s: 3
t: 0.659
c: 7
mem: 0.0

i: 0.52,0.54,0.48,0.5,0.62,0.76,0.79
s: 4
t: 0.603
c: 7
mem: 0.0

i: 0.31,0.23,0.48,0.5,0.73,0.05,0.14
s: 4
t: 0.365
c: 6
mem: 0.0

i: 0.36,0.41,0.48,0.5,0.48,0.47,0.54
s: 4
t: 0.387
c: 6
mem: 0.0

i: 0.43,0.39,0.48,0.5,0.47,0.31,0.41
s: 3
t: 0.471
c: 6
mem: 0.0

i: 0.2,0.46,0.48,0.5,0.57,0.78,0.81
s: 3
t: 0.646
c: 7
mem: 0.0

i: 0.72,0.46,0.48,0.5,0.51,0.66,0.7
s: 3
t: 0.856
c: 7
mem: 0.0

i: 0.29,0.28,0.48,0.5,0.44,0.23,0.34
s: 3
t: 0.451
c: 6
mem: 0.0

i: 0.69,0.66,0.48,0.5,0.41,0.5,0.25
s: 4
t: 0.360
c: 6
mem: 0.0

i: 0.77,0.55,0.48,0.5,0.51,0.78,0.74
s: 3
t: 0.482
c: 6
mem: 0.0

i: 0.4,0.42,0.48,0.5,0.37,0.27,0.27
s: 3
t: 0.436
c: 6
mem: 0.0

i: 0.6,0.76,1.0,0.5,0.77,0.59,0.52
s: 5
t: 0.226
c: 7
mem: 0.0

i: 0.35,0.51,0.48,0.5,0.61,0.71,0.74
s: 3
t: 0.676
c: 7
mem: 0.0

i: 0.69,0.43,0.48,0.5,0.59,0.74,0.77
s: 4
t: 0.396
c: 6
mem: 0.0

i: 0.42,0.35,0.48,0.5,0.58,0.15,0.27
s: 3
t: 0.424
c: 6
mem: 0.0

i: 0.7,0.53,0.48,0.5,0.7,0.86,0.87
s: 5
t: 0.375
c: 6
mem: 0.0

i: 0.22,0.43,0.48,0.5,0.48,0.16,0.28
s: 3
t: 0.451
c: 6
mem: 0.0

i: 0.52,0.57,0.48,0.5,0.42,0.47,0.54
s: 3
t: 0.512
c: 6
mem: 0.0

i: 0.49,0.42,0.48,0.5,0.53,0.79,0.81
s: 3
t: 0.781
c: 7
mem: 0.0

i: 0.74,0.78,0.48,0.5,0.75,0.54,0.15
s: 4
t: 0.146
c: 6
mem: 0.0

i: 0.71,0.4,0.48,0.5,0.71,0.7,0.74
s: 3
t: 0.939
c: 7
mem: 0.0

i: 0.45,0.4,0.48,0.5,0.61,0.74,0.77
s: 3
t: 0.802
c: 7
mem: 0.0

i: 0.48,0.41,0.48,0.5,0.51,0.9,0.88
s: 3
t: 0.789
c: 7
mem: 0.0

i: 0.27,0.35,0.48,0.5,0.51,0.77,0.79
s: 3
t: 0.767
c: 7
mem: 0.0

i: 0.5,0.66,0.48,0.5,0.31,0.92,0.92
s: 3
t: 0.741
c: 7
mem: 0.0

i: 0.48,0.49,0.48,0.5,0.52,0.77,0.71
s: 3
t: 0.689
c: 7
mem: 0.0

i: 0.63,0.42,0.48,0.5,0.48,0.77,0.8
s: 4
t: 0.351
c: 6
mem: 0.0

i: 0.6,0.46,0.48,0.5,0.45,0.81,0.83
s: 4
t: 0.640
c: 7
mem: 0.0

i: 0.47,0.55,0.48,0.5,0.58,0.71,0.75
s: 4
t: 0.799
c: 7
mem: 0.0

i: 0.41,0.57,0.48,0.5,0.39,0.21,0.32
s: 3
t: 0.426
c: 6
mem: 0.0

i: 0.79,0.36,0.48,0.5,0.46,0.82,0.7
s: 3
t: 0.469
c: 6
mem: 0.0

i: 0.59,0.29,0.48,0.5,0.64,0.75,0.77
s: 4
t: 0.404
c: 6
mem: 0.0

i: 0.47,0.46,0.48,0.5,0.62,0.74,0.77
s: 5
t: 0.411
c: 6
mem: 0.0

i: 0.64,0.72,0.48,0.5,0.49,0.42,0.19
s: 4
t: 0.386
c: 6
mem: 0.0

i: 0.49,0.43,0.48,0.5,0.49,0.3,0.4
s: 3
t: 0.476
c: 6
mem: 0.0

i: 0.54,0.49,0.48,0.5,0.4,0.87,0.88
s: 3
t: 0.710
c: 7
mem: 0.0

i: 0.44,0.51,0.48,0.5,0.47,0.26,0.36
s: 3
t: 0.498
c: 6
mem: 0.0

i: 0.57,0.54,0.48,0.5,0.37,0.28,0.33
s: 3
t: 0.523
c: 6
mem: 0.0

i: 0.23,0.58,0.48,0.5,0.37,0.53,0.59
s: 3
t: 0.477
c: 6
mem: 0.0

i: 0.06,0.61,0.48,0.5,0.49,0.92,0.37
s: 3
t: 0.766
c: 7
mem: 0.0

i: 0.38,0.4,0.48,0.5,0.63,0.25,0.35
s: 3
t: 0.494
c: 6
mem: 0.0

i: 0.64,0.57,0.48,0.5,0.7,0.33,0.26
s: 4
t: 0.179
c: 6
mem: 0.0

i: 0.64,0.78,0.48,0.5,0.5,0.36,0.38
s: 4
t: 0.362
c: 6
mem: 0.0

i: 0.54,0.47,0.48,0.5,0.28,0.33,0.42
s: 3
t: 0.503
c: 6
mem: 0.0

i: 0.23,0.48,0.48,0.5,0.59,0.88,0.89
s: 3
t: 0.674
c: 7
mem: 0.0

i: 0.16,0.51,0.48,0.5,0.33,0.39,0.48
s: 4
t: 0.447
c: 6
mem: 0.0

i: 0.48,0.45,0.48,0.5,0.6,0.78,0.8
s: 3
t: 0.780
c: 7
mem: 0.0

i: 0.49,0.29,0.48,0.5,0.56,0.24,0.35
s: 3
t: 0.490
c: 6
mem: 0.0

i: 0.66,0.48,0.48,0.5,0.54,0.7,0.74
s: 5
t: 0.470
c: 7
mem: 0.0

i: 0.63,0.57,0.48,0.5,0.49,0.7,0.2
s: 4
t: 0.467
c: 7
mem: 0.0

i: 0.43,0.59,0.48,0.5,0.52,0.49,0.56
s: 4
t: 0.386
c: 6
mem: 0.0

i: 0.63,0.69,0.48,0.5,0.65,0.41,0.28
s: 4
t: 0.128
c: 6
mem: 0.0

i: 0.65,0.47,0.48,0.5,0.59,0.3,0.4
s: 3
t: 0.435
c: 6
mem: 0.0

i: 0.69,0.65,0.48,0.5,0.63,0.48,0.41
s: 4
t: 0.437
c: 6
mem: 0.0

i: 0.12,0.43,0.48,0.5,0.63,0.7,0.74
s: 3
t: 0.663
c: 7
mem: 0.0

i: 0.75,0.84,0.48,0.5,0.35,0.52,0.33
s: 4
t: 0.382
c: 6
mem: 0.0

i: 0.68,0.78,0.48,0.5,0.43,0.44,0.42
s: 4
t: 0.334
c: 6
mem: 0.0

i: 0.74,0.49,0.48,0.5,0.42,0.54,0.36
s: 4
t: 0.443
c: 6
mem: 0.0

i: 0.81,0.44,0.48,0.5,0.42,0.67,0.68
s: 4
t: 0.476
c: 6
mem: 0.0

i: 0.44,0.35,0.48,0.5,0.44,0.52,0.59
s: 3
t: 0.409
c: 6
mem: 0.0

i: 0.66,0.74,0.48,0.5,0.31,0.38,0.43
s: 4
t: 0.370
c: 6
mem: 0.0

i: 0.5,0.57,0.48,0.5,0.71,0.61,0.66
s: 4
t: 0.783
c: 7
mem: 0.0

i: 0.67,0.81,0.48,0.5,0.25,0.42,0.25
s: 4
t: 0.363
c: 6
mem: 0.0

i: 0.7,0.71,0.48,0.5,0.42,0.84,0.85
s: 4
t: 0.805
c: 7
mem: 0.0

i: 0.64,0.81,0.48,0.5,0.37,0.39,0.44
s: 4
t: 0.378
c: 6
mem: 0.0

i: 0.41,0.48,0.48,0.5,0.51,0.44,0.51
s: 4
t: 0.412
c: 6
mem: 0.0

i: 0.64,0.58,0.48,0.5,0.48,0.78,0.73
s: 4
t: 0.692
c: 7
mem: 0.0

i: 0.56,0.68,0.48,0.5,0.77,0.36,0.45
s: 4
t: 0.466
c: 6
mem: 0.0

i: 0.61,0.45,0.48,0.5,0.48,0.35,0.41
s: 3
t: 0.489
c: 6
mem: 0.0

i: 0.43,0.32,0.48,0.5,0.33,0.45,0.52
s: 3
t: 0.493
c: 6
mem: 0.0

i: 0.39,0.31,0.48,0.5,0.38,0.34,0.43
s: 3
t: 0.527
c: 6
mem: 0.0

i: 0.22,0.36,0.48,0.5,0.35,0.39,0.47
s: 4
t: 0.508
c: 6
mem: 0.0

i: 0.41,0.43,0.48,0.5,0.5,0.24,0.25
s: 3
t: 0.468
c: 6
mem: 0.0

i: 0.44,0.56,0.48,0.5,0.5,0.46,0.54
s: 4
t: 0.526
c: 7
mem: 0.0

i: 0.23,0.34,0.48,0.5,0.43,0.26,0.37
s: 3
t: 0.506
c: 6
mem: 0.0

i: 0.6,0.5,1.0,0.5,0.54,0.77,0.8
s: 4
t: 0.554
c: 6
mem: 0.0

i: 0.61,0.66,0.48,0.5,0.46,0.87,0.88
s: 4
t: 0.656
c: 7
mem: 0.0

i: 0.33,0.37,0.48,0.5,0.46,0.65,0.69
s: 3
t: 0.730
c: 7
mem: 0.0

i: 0.29,0.37,0.48,0.5,0.48,0.44,0.52
s: 4
t: 0.441
c: 6
mem: 0.0

i: 0.29,0.3,0.48,0.5,0.45,0.03,0.17
s: 3
t: 0.456
c: 6
mem: 0.0

i: 0.47,0.28,0.48,0.5,0.56,0.2,0.25
s: 3
t: 0.450
c: 6
mem: 0.0

i: 0.41,0.51,0.48,0.5,0.53,0.75,0.78
s: 3
t: 0.745
c: 7
mem: 0.0

i: 0.11,0.5,0.48,0.5,0.58,0.72,0.68
s: 3
t: 0.714
c: 7
mem: 0.0

i: 0.87,0.49,0.48,0.5,0.61,0.76,0.79
s: 3
t: 0.498
c: 6
mem: 0.0

i: 0.34,0.45,0.48,0.5,0.38,0.24,0.35
s: 3
t: 0.495
c: 6
mem: 0.0

i: 0.51,0.49,0.48,0.5,0.53,0.14,0.26
s: 3
t: 0.469
c: 6
mem: 0.0

i: 0.44,0.28,0.48,0.5,0.43,0.27,0.37
s: 3
t: 0.506
c: 6
mem: 0.0

i: 0.41,0.43,0.48,0.5,0.45,0.31,0.41
s: 3
t: 0.505
c: 6
mem: 0.0

i: 0.36,0.47,0.48,0.5,0.51,0.69,0.72
s: 3
t: 0.734
c: 7
mem: 0.0

i: 0.51,0.54,0.48,0.5,0.41,0.34,0.43
s: 3
t: 0.523
c: 6
mem: 0.0

i: 0.37,0.44,0.48,0.5,0.42,0.39,0.47
s: 4
t: 0.386
c: 6
mem: 0.0

i: 0.68,0.76,0.48,0.5,0.84,0.45,0.27
s: 4
t: 0.145
c: 6
mem: 0.0

i: 0.67,0.61,0.48,0.5,0.51,0.37,0.38
s: 4
t: 0.265
c: 6
mem: 0.0

i: 0.52,0.81,0.48,0.5,0.72,0.38,0.38
s: 4
t: 0.513
c: 6
mem: 0.0

i: 0.39,0.32,0.48,0.5,0.46,0.24,0.35
s: 3
t: 0.508
c: 6
mem: 0.0

i: 0.47,0.47,0.48,0.5,0.22,0.16,0.26
s: 3
t: 0.489
c: 6
mem: 0.0

i: 0.24,0.57,0.48,0.5,0.63,0.34,0.43
s: 3
t: 0.479
c: 6
mem: 0.0

i: 0.61,0.75,0.48,0.5,0.51,0.33,0.33
s: 5
t: 0.133
c: 6
mem: 0.0

i: 0.23,0.4,0.48,0.5,0.39,0.28,0.38
s: 3
t: 0.518
c: 6
mem: 0.0

i: 0.1,0.49,0.48,0.5,0.41,0.67,0.21
s: 3
t: 0.817
c: 7
mem: 0.0

i: 0.38,0.44,0.48,0.5,0.43,0.2,0.31
s: 3
t: 0.469
c: 6
mem: 0.0

i: 0.29,0.47,0.48,0.5,0.41,0.23,0.34
s: 3
t: 0.475
c: 6
mem: 0.0

i: 0.74,0.7,0.48,0.5,0.66,0.65,0.69
s: 4
t: 0.941
c: 7
mem: 0.0

i: 0.86,0.55,0.48,0.5,0.63,0.81,0.83
s: 3
t: 0.495
c: 6
mem: 0.0

i: 0.25,0.37,0.48,0.5,0.43,0.26,0.36
s: 3
t: 0.514
c: 6
mem: 0.0

i: 0.43,0.4,0.48,0.5,0.58,0.75,0.78
s: 3
t: 0.821
c: 7
mem: 0.0

max time: 1.95
min time: 0.13
avg time: 0.50

avg calls: 6.28
