vars: 1942
clauses: 13200
i: 43.0,-4.0,76.0,0.0,44.0,12.0,33.0,32.0,0.0
s: 3
t: 0.343
c: 8
mem: 1120.0

i: 39.0,-4.0,91.0,0.0,6.0,19.0,51.0,86.0,34.0
s: 3
t: 0.250
c: 6
mem: 240.0

i: 56.0,0.0,97.0,0.0,42.0,8.0,41.0,55.0,14.0
s: 4
t: 0.288
c: 9
mem: 224.0

i: 53.0,3.0,81.0,0.0,52.0,-1.0,28.0,30.0,2.0
s: 3
t: 0.339
c: 8
mem: 352.0

i: 53.0,0.0,86.0,0.0,52.0,-6.0,33.0,35.0,2.0
s: 3
t: 0.294
c: 7
mem: 0.0

i: 37.0,0.0,78.0,0.0,20.0,30.0,41.0,57.0,16.0
s: 3
t: 0.265
c: 6
mem: 0.0

i: 37.0,0.0,104.0,0.0,18.0,0.0,66.0,86.0,20.0
s: 3
t: 0.258
c: 6
mem: 0.0

i: 38.0,0.0,76.0,0.0,36.0,-18.0,38.0,40.0,2.0
s: 3
t: 0.334
c: 8
mem: 0.0

i: 45.0,2.0,76.0,0.0,44.0,0.0,31.0,32.0,2.0
s: 3
t: 0.338
c: 8
mem: 0.0

i: 50.0,-3.0,102.0,0.0,50.0,0.0,51.0,53.0,2.0
s: 3
t: 0.296
c: 7
mem: 0.0

i: 37.0,0.0,77.0,0.0,26.0,30.0,40.0,51.0,10.0
s: 3
t: 0.298
c: 7
mem: 0.0

i: 51.0,0.0,102.0,0.0,50.0,-21.0,51.0,53.0,2.0
s: 3
t: 0.295
c: 7
mem: 0.0

i: 37.0,0.0,76.0,0.0,26.0,-26.0,40.0,50.0,10.0
s: 3
t: 0.339
c: 8
mem: 16.0

i: 41.0,0.0,77.0,0.0,38.0,-9.0,36.0,38.0,2.0
s: 3
t: 0.352
c: 8
mem: 176.0

i: 81.0,0.0,84.0,0.0,-14.0,19.0,3.0,100.0,96.0
s: 5
t: 0.129
c: 8
mem: 768.0

i: 37.0,0.0,79.0,0.0,34.0,-4.0,43.0,46.0,2.0
s: 3
t: 0.298
c: 7
mem: 128.0

i: 42.0,-1.0,83.0,0.0,42.0,0.0,40.0,41.0,2.0
s: 3
t: 0.305
c: 7
mem: 32.0

i: 49.0,1.0,79.0,2.0,50.0,4.0,30.0,30.0,0.0
s: 3
t: 0.343
c: 8
mem: 80.0

i: 44.0,0.0,81.0,0.0,44.0,16.0,38.0,37.0,0.0
s: 3
t: 0.575
c: 8
mem: 704.0

i: 41.0,0.0,78.0,0.0,42.0,9.0,37.0,37.0,0.0
s: 3
t: 0.597
c: 8
mem: 240.0

i: 37.0,0.0,79.0,0.0,16.0,2.0,43.0,64.0,22.0
s: 3
t: 0.271
c: 6
mem: 48.0

i: 37.0,-2.0,80.0,0.0,18.0,-7.0,43.0,62.0,18.0
s: 3
t: 0.272
c: 6
mem: 64.0

i: 51.0,0.0,82.0,0.0,52.0,31.0,31.0,30.0,0.0
s: 3
t: 0.315
c: 7
mem: 48.0

i: 43.0,2.0,86.0,-1.0,42.0,0.0,43.0,45.0,2.0
s: 3
t: 0.312
c: 7
mem: 80.0

i: 55.0,0.0,88.0,3.0,54.0,0.0,32.0,33.0,2.0
s: 3
t: 0.222
c: 6
mem: 96.0

i: 43.0,0.0,79.0,-5.0,44.0,23.0,35.0,35.0,0.0
s: 3
t: 0.444
c: 8
mem: 320.0

i: 37.0,0.0,77.0,-7.0,36.0,5.0,40.0,41.0,0.0
s: 3
t: 0.494
c: 7
mem: 352.0

i: 37.0,0.0,79.0,0.0,24.0,-8.0,42.0,55.0,14.0
s: 3
t: 0.311
c: 7
mem: 96.0

i: 37.0,0.0,83.0,0.0,16.0,-5.0,47.0,68.0,22.0
s: 3
t: 0.277
c: 6
mem: 48.0

i: 43.0,2.0,90.0,0.0,42.0,0.0,47.0,49.0,2.0
s: 3
t: 0.314
c: 7
mem: 80.0

i: 56.0,-2.0,86.0,0.0,56.0,1.0,30.0,29.0,0.0
s: 3
t: 0.303
c: 7
mem: 64.0

i: 55.0,0.0,95.0,0.0,52.0,8.0,40.0,44.0,4.0
s: 4
t: 0.292
c: 9
mem: 64.0

i: 42.0,4.0,83.0,0.0,42.0,0.0,40.0,41.0,2.0
s: 3
t: 0.323
c: 7
mem: 0.0

i: 46.0,3.0,81.0,0.0,46.0,0.0,34.0,34.0,0.0
s: 3
t: 0.369
c: 8
mem: 0.0

i: 56.0,-1.0,86.0,0.0,56.0,5.0,31.0,30.0,0.0
s: 3
t: 0.301
c: 7
mem: 0.0

i: 41.0,0.0,86.0,-4.0,42.0,2.0,45.0,44.0,0.0
s: 3
t: 0.508
c: 7
mem: 0.0

i: 49.0,-1.0,95.0,-2.0,50.0,3.0,46.0,46.0,0.0
s: 3
t: 0.508
c: 7
mem: 0.0

i: 39.0,-2.0,91.0,0.0,6.0,12.0,52.0,86.0,34.0
s: 3
t: 0.274
c: 6
mem: 16.0

i: 56.0,4.0,94.0,0.0,50.0,0.0,38.0,45.0,6.0
s: 4
t: 0.289
c: 9
mem: 128.0

i: 105.0,0.0,106.0,0.0,70.0,0.0,1.0,36.0,36.0
s: 5
t: 0.122
c: 8
mem: 784.0

i: 37.0,0.0,80.0,0.0,30.0,-10.0,43.0,49.0,6.0
s: 3
t: 0.318
c: 7
mem: 336.0

i: 45.0,0.0,85.0,-1.0,44.0,-1.0,40.0,41.0,2.0
s: 3
t: 0.327
c: 7
mem: 80.0

i: 46.0,2.0,76.0,0.0,46.0,9.0,30.0,30.0,0.0
s: 3
t: 0.371
c: 8
mem: 80.0

i: 44.0,3.0,76.0,-1.0,44.0,2.0,32.0,32.0,0.0
s: 3
t: 0.368
c: 8
mem: 32.0

i: 43.0,0.0,99.0,0.0,42.0,-7.0,56.0,58.0,2.0
s: 3
t: 0.269
c: 6
mem: 80.0

i: 45.0,0.0,88.0,-2.0,44.0,0.0,43.0,44.0,0.0
s: 3
t: 0.505
c: 7
mem: 0.0

i: 55.0,0.0,93.0,0.0,38.0,-18.0,37.0,54.0,16.0
s: 4
t: 0.283
c: 9
mem: 368.0

i: 41.0,0.0,77.0,0.0,42.0,11.0,36.0,35.0,0.0
s: 3
t: 0.443
c: 8
mem: 80.0

i: 49.0,0.0,83.0,-1.0,50.0,26.0,34.0,34.0,0.0
s: 3
t: 0.318
c: 7
mem: 48.0

i: 37.0,0.0,74.0,0.0,26.0,-9.0,38.0,48.0,10.0
s: 3
t: 0.353
c: 8
mem: 160.0

i: 49.0,0.0,86.0,0.0,46.0,-28.0,37.0,39.0,2.0
s: 3
t: 0.314
c: 7
mem: 64.0

i: 41.0,-3.0,76.0,0.0,38.0,-12.0,35.0,37.0,2.0
s: 3
t: 0.381
c: 8
mem: 64.0

i: 55.0,0.0,81.0,0.0,56.0,25.0,25.0,24.0,0.0
s: 3
t: 0.273
c: 7
mem: 112.0

i: 37.0,0.0,80.0,0.0,30.0,-6.0,43.0,49.0,6.0
s: 3
t: 0.294
c: 7
mem: 48.0

i: 49.0,5.0,87.0,0.0,50.0,4.0,38.0,38.0,0.0
s: 3
t: 0.500
c: 7
mem: 208.0

i: 59.0,1.0,87.0,5.0,60.0,0.0,28.0,28.0,0.0
s: 3
t: 0.217
c: 6
mem: 48.0

i: 55.0,0.0,98.0,0.0,46.0,-1.0,42.0,51.0,8.0
s: 4
t: 0.284
c: 9
mem: 48.0

i: 37.0,0.0,79.0,0.0,16.0,12.0,42.0,63.0,22.0
s: 3
t: 0.277
c: 6
mem: 144.0

i: 43.0,0.0,85.0,0.0,42.0,-1.0,42.0,44.0,2.0
s: 3
t: 0.310
c: 7
mem: 48.0

i: 37.0,0.0,104.0,0.0,24.0,2.0,67.0,80.0,14.0
s: 3
t: 0.270
c: 6
mem: 16.0

i: 78.0,0.0,82.0,-1.0,-46.0,0.0,4.0,128.0,124.0
s: 4
t: 0.100
c: 8
mem: 432.0

i: 47.0,0.0,79.0,3.0,46.0,0.0,32.0,32.0,0.0
s: 3
t: 0.322
c: 7
mem: 240.0

i: 37.0,0.0,84.0,1.0,28.0,-10.0,47.0,55.0,8.0
s: 3
t: 0.313
c: 7
mem: 96.0

i: 56.0,9.0,75.0,11.0,-4.0,0.0,19.0,80.0,62.0
s: 4
t: 0.324
c: 9
mem: 416.0

i: 53.0,3.0,81.0,0.0,54.0,5.0,28.0,27.0,0.0
s: 3
t: 0.376
c: 8
mem: 80.0

i: 37.0,0.0,77.0,0.0,36.0,-6.0,40.0,41.0,2.0
s: 3
t: 0.318
c: 7
mem: 16.0

i: 53.0,-2.0,83.0,0.0,52.0,-24.0,30.0,32.0,2.0
s: 3
t: 0.325
c: 7
mem: 16.0

i: 41.0,1.0,84.0,0.0,38.0,0.0,44.0,46.0,2.0
s: 3
t: 0.317
c: 7
mem: 0.0

i: 36.0,-5.0,81.0,0.0,36.0,0.0,45.0,45.0,0.0
s: 3
t: 0.507
c: 7
mem: 96.0

i: 39.0,-3.0,75.0,0.0,38.0,0.0,35.0,36.0,0.0
s: 3
t: 0.453
c: 8
mem: 112.0

i: 51.0,0.0,91.0,0.0,52.0,23.0,40.0,39.0,0.0
s: 3
t: 0.510
c: 7
mem: 384.0

i: 55.0,0.0,79.0,0.0,10.0,14.0,23.0,68.0,46.0
s: 4
t: 0.324
c: 9
mem: 368.0

i: 37.0,0.0,79.0,0.0,26.0,1.0,42.0,53.0,10.0
s: 3
t: 0.326
c: 7
mem: 160.0

i: 49.0,1.0,82.0,0.0,50.0,16.0,33.0,33.0,0.0
s: 3
t: 0.327
c: 7
mem: 32.0

i: 44.0,1.0,95.0,0.0,44.0,0.0,51.0,51.0,0.0
s: 3
t: 0.522
c: 7
mem: 48.0

i: 44.0,5.0,79.0,0.0,42.0,-18.0,35.0,37.0,2.0
s: 3
t: 0.389
c: 8
mem: 16.0

i: 55.0,-2.0,77.0,0.0,26.0,-12.0,22.0,52.0,30.0
s: 4
t: 0.332
c: 9
mem: 144.0

i: 37.0,0.0,77.0,3.0,34.0,-12.0,41.0,44.0,2.0
s: 3
t: 0.320
c: 7
mem: 32.0

i: 37.0,0.0,77.0,-7.0,-10.0,4.0,40.0,87.0,46.0
s: 3
t: 0.272
c: 6
mem: 32.0

i: 43.0,0.0,81.0,0.0,44.0,24.0,38.0,37.0,0.0
s: 3
t: 0.594
c: 8
mem: 64.0

i: 56.0,0.0,78.0,0.0,8.0,24.0,22.0,70.0,48.0
s: 4
t: 0.319
c: 9
mem: 64.0

i: 106.0,-2.0,108.0,0.0,72.0,6.0,1.0,35.0,34.0
s: 4
t: 0.115
c: 8
mem: 0.0

i: 46.0,0.0,85.0,0.0,46.0,2.0,39.0,39.0,0.0
s: 3
t: 0.503
c: 7
mem: 288.0

i: 37.0,0.0,83.0,0.0,34.0,18.0,46.0,49.0,2.0
s: 3
t: 0.320
c: 7
mem: 64.0

i: 49.0,0.0,86.0,0.0,46.0,-1.0,38.0,40.0,2.0
s: 3
t: 0.320
c: 7
mem: 32.0

i: 45.0,-2.0,79.0,0.0,46.0,13.0,33.0,32.0,0.0
s: 3
t: 0.323
c: 7
mem: 0.0

i: 37.0,0.0,81.0,6.0,36.0,-6.0,43.0,44.0,2.0
s: 3
t: 0.316
c: 7
mem: 0.0

i: 37.0,-1.0,77.0,1.0,34.0,0.0,40.0,44.0,4.0
s: 3
t: 0.323
c: 7
mem: 0.0

i: 37.0,0.0,80.0,0.0,34.0,-12.0,43.0,46.0,2.0
s: 3
t: 0.319
c: 7
mem: 32.0

i: 41.0,0.0,81.0,-7.0,42.0,1.0,40.0,40.0,0.0
s: 3
t: 0.508
c: 7
mem: 48.0

i: 45.0,0.0,80.0,0.0,46.0,26.0,35.0,34.0,0.0
s: 3
t: 0.446
c: 8
mem: 48.0

i: 56.0,0.0,77.0,0.0,18.0,28.0,22.0,59.0,38.0
s: 4
t: 0.382
c: 10
mem: 48.0

i: 40.0,3.0,106.0,-1.0,38.0,0.0,65.0,67.0,2.0
s: 3
t: 0.272
c: 6
mem: 112.0

i: 47.0,0.0,79.0,8.0,46.0,0.0,31.0,32.0,0.0
s: 3
t: 0.351
c: 8
mem: 0.0

i: 41.0,0.0,87.0,0.0,42.0,24.0,46.0,46.0,0.0
s: 3
t: 0.513
c: 7
mem: 48.0

i: 44.0,-4.0,100.0,0.0,44.0,0.0,56.0,56.0,0.0
s: 3
t: 0.522
c: 7
mem: 48.0

i: 53.0,0.0,86.0,0.0,54.0,5.0,33.0,32.0,0.0
s: 3
t: 0.320
c: 7
mem: 16.0

i: 37.0,0.0,82.0,0.0,18.0,10.0,45.0,64.0,18.0
s: 3
t: 0.275
c: 6
mem: 0.0

i: 47.0,-1.0,78.0,0.0,46.0,0.0,31.0,32.0,0.0
s: 3
t: 0.328
c: 7
mem: 48.0

i: 37.0,3.0,104.0,0.0,20.0,-17.0,66.0,83.0,16.0
s: 3
t: 0.275
c: 6
mem: 32.0

i: 47.0,0.0,90.0,3.0,46.0,0.0,44.0,44.0,0.0
s: 3
t: 0.512
c: 7
mem: 48.0

i: 54.0,0.0,83.0,2.0,54.0,0.0,29.0,29.0,0.0
s: 3
t: 0.322
c: 7
mem: 80.0

i: 44.0,0.0,88.0,0.0,44.0,9.0,44.0,44.0,0.0
s: 3
t: 0.516
c: 7
mem: 64.0

i: 46.0,1.0,88.0,0.0,46.0,0.0,41.0,41.0,0.0
s: 3
t: 0.507
c: 7
mem: 112.0

i: 51.0,4.0,87.0,-1.0,52.0,16.0,36.0,35.0,0.0
s: 3
t: 0.397
c: 7
mem: 160.0

i: 81.0,0.0,84.0,0.0,-20.0,-12.0,4.0,105.0,102.0
s: 5
t: 0.127
c: 8
mem: 0.0

i: 37.0,0.0,79.0,0.0,26.0,23.0,42.0,53.0,10.0
s: 3
t: 0.312
c: 7
mem: 96.0

i: 58.0,1.0,86.0,0.0,56.0,0.0,27.0,29.0,2.0
s: 3
t: 0.223
c: 6
mem: 48.0

i: 51.0,1.0,77.0,0.0,52.0,13.0,26.0,25.0,0.0
s: 3
t: 0.408
c: 8
mem: 208.0

i: 41.0,0.0,87.0,5.0,38.0,-4.0,46.0,48.0,2.0
s: 3
t: 0.320
c: 7
mem: 64.0

i: 43.0,-4.0,81.0,0.0,44.0,13.0,38.0,37.0,0.0
s: 3
t: 0.739
c: 9
mem: 112.0

i: 54.0,0.0,80.0,-3.0,54.0,0.0,26.0,26.0,0.0
s: 3
t: 0.376
c: 8
mem: 0.0

i: 47.0,0.0,76.0,6.0,46.0,0.0,30.0,30.0,0.0
s: 3
t: 0.430
c: 9
mem: 0.0

i: 103.0,5.0,104.0,1.0,72.0,6.0,1.0,31.0,30.0
s: 4
t: 0.118
c: 8
mem: 0.0

i: 42.0,0.0,81.0,0.0,42.0,0.0,40.0,40.0,0.0
s: 3
t: 0.538
c: 7
mem: 0.0

i: 55.0,0.0,96.0,3.0,54.0,0.0,41.0,42.0,2.0
s: 3
t: 0.232
c: 6
mem: 0.0

i: 49.0,0.0,84.0,0.0,50.0,8.0,35.0,35.0,0.0
s: 3
t: 0.411
c: 7
mem: 0.0

i: 41.0,0.0,83.0,0.0,42.0,7.0,42.0,41.0,0.0
s: 3
t: 0.534
c: 7
mem: 0.0

i: 43.0,0.0,83.0,-5.0,42.0,-13.0,39.0,41.0,2.0
s: 3
t: 0.334
c: 7
mem: 0.0

i: 41.0,0.0,86.0,-5.0,38.0,-4.0,46.0,48.0,2.0
s: 3
t: 0.331
c: 7
mem: 0.0

i: 38.0,0.0,107.0,1.0,38.0,0.0,69.0,68.0,0.0
s: 3
t: 0.539
c: 7
mem: 0.0

i: 55.0,0.0,77.0,0.0,44.0,22.0,22.0,34.0,12.0
s: 4
t: 0.323
c: 9
mem: 0.0

i: 52.0,0.0,87.0,0.0,54.0,31.0,35.0,33.0,0.0
s: 3
t: 0.386
c: 7
mem: 0.0

i: 55.0,1.0,80.0,-4.0,54.0,0.0,25.0,26.0,2.0
s: 3
t: 0.286
c: 7
mem: 0.0

i: 56.0,0.0,97.0,-1.0,46.0,0.0,41.0,50.0,10.0
s: 4
t: 0.295
c: 9
mem: 0.0

i: 56.0,2.0,81.0,4.0,-6.0,-21.0,25.0,88.0,64.0
s: 4
t: 0.284
c: 9
mem: 0.0

i: 55.0,1.0,86.0,0.0,54.0,0.0,31.0,32.0,0.0
s: 3
t: 0.230
c: 6
mem: 0.0

i: 37.0,0.0,79.0,0.0,16.0,-15.0,43.0,64.0,22.0
s: 3
t: 0.281
c: 6
mem: 0.0

i: 53.0,1.0,84.0,0.0,52.0,-7.0,32.0,33.0,2.0
s: 3
t: 0.258
c: 6
mem: 0.0

i: 55.0,0.0,98.0,0.0,52.0,0.0,42.0,46.0,4.0
s: 4
t: 0.292
c: 9
mem: 0.0

i: 46.0,0.0,83.0,8.0,46.0,0.0,37.0,37.0,0.0
s: 3
t: 0.663
c: 8
mem: 144.0

i: 53.0,2.0,86.0,0.0,54.0,18.0,33.0,32.0,0.0
s: 3
t: 0.327
c: 7
mem: 80.0

i: 55.0,5.0,96.0,0.0,52.0,0.0,41.0,44.0,4.0
s: 4
t: 0.289
c: 9
mem: 0.0

i: 37.0,0.0,78.0,0.0,-4.0,-9.0,41.0,83.0,42.0
s: 3
t: 0.282
c: 6
mem: 0.0

i: 38.0,-3.0,81.0,0.0,38.0,0.0,43.0,43.0,0.0
s: 3
t: 0.529
c: 7
mem: 16.0

i: 49.0,1.0,77.0,0.0,46.0,-6.0,29.0,31.0,2.0
s: 3
t: 0.393
c: 8
mem: 32.0

i: 41.0,1.0,76.0,0.0,42.0,13.0,35.0,35.0,0.0
s: 3
t: 0.463
c: 8
mem: 16.0

i: 44.0,0.0,81.0,0.0,42.0,-22.0,38.0,40.0,2.0
s: 3
t: 0.386
c: 8
mem: 0.0

i: 37.0,0.0,79.0,0.0,2.0,25.0,42.0,76.0,34.0
s: 3
t: 0.284
c: 6
mem: 32.0

i: 43.0,0.0,83.0,-1.0,42.0,0.0,40.0,41.0,2.0
s: 3
t: 0.334
c: 7
mem: 0.0

i: 38.0,3.0,106.0,0.0,38.0,1.0,68.0,67.0,0.0
s: 3
t: 0.540
c: 7
mem: 64.0

i: 56.0,4.0,98.0,0.0,52.0,12.0,42.0,46.0,4.0
s: 4
t: 0.289
c: 9
mem: 48.0

i: 45.0,-2.0,81.0,0.0,44.0,-9.0,35.0,37.0,2.0
s: 3
t: 0.404
c: 8
mem: 16.0

i: 50.0,4.0,79.0,2.0,50.0,0.0,29.0,30.0,0.0
s: 3
t: 0.389
c: 8
mem: 64.0

i: 37.0,0.0,80.0,-7.0,36.0,0.0,43.0,44.0,2.0
s: 3
t: 0.343
c: 7
mem: 80.0

i: 39.0,-2.0,79.0,0.0,38.0,0.0,40.0,40.0,0.0
s: 3
t: 0.539
c: 7
mem: 0.0

i: 55.0,0.0,81.0,0.0,56.0,26.0,26.0,24.0,0.0
s: 3
t: 0.276
c: 7
mem: 48.0

i: 56.0,0.0,97.0,0.0,50.0,13.0,41.0,48.0,6.0
s: 4
t: 0.294
c: 9
mem: 0.0

i: 37.0,0.0,90.0,0.0,20.0,5.0,53.0,70.0,16.0
s: 3
t: 0.284
c: 6
mem: 64.0

i: 37.0,0.0,79.0,0.0,34.0,-17.0,43.0,46.0,2.0
s: 3
t: 0.337
c: 7
mem: 0.0

i: 37.0,0.0,76.0,8.0,24.0,0.0,40.0,53.0,14.0
s: 3
t: 0.366
c: 8
mem: 0.0

i: 43.0,2.0,78.0,7.0,42.0,0.0,35.0,37.0,2.0
s: 3
t: 0.407
c: 8
mem: 16.0

i: 49.0,0.0,86.0,0.0,46.0,-2.0,38.0,40.0,2.0
s: 3
t: 0.256
c: 6
mem: 0.0

i: 56.0,0.0,80.0,0.0,0.0,29.0,24.0,80.0,56.0
s: 4
t: 0.343
c: 10
mem: 48.0

i: 43.0,0.0,90.0,0.0,44.0,29.0,47.0,46.0,0.0
s: 3
t: 0.540
c: 7
mem: 176.0

i: 39.0,4.0,82.0,0.0,38.0,0.0,43.0,43.0,0.0
s: 3
t: 0.531
c: 7
mem: 96.0

i: 56.0,0.0,97.0,0.0,54.0,3.0,40.0,42.0,2.0
s: 3
t: 0.229
c: 6
mem: 64.0

i: 47.0,0.0,88.0,4.0,46.0,0.0,41.0,42.0,0.0
s: 3
t: 0.532
c: 7
mem: 64.0

i: 106.0,0.0,108.0,8.0,70.0,0.0,2.0,38.0,36.0
s: 5
t: 0.118
c: 8
mem: 160.0

i: 77.0,0.0,81.0,0.0,-40.0,10.0,4.0,123.0,118.0
s: 4
t: 0.110
c: 8
mem: 0.0

i: 45.0,0.0,85.0,0.0,44.0,706.0,41.0,41.0,0.0
s: 3
t: 0.539
c: 7
mem: 80.0

i: 43.0,0.0,76.0,0.0,42.0,-24.0,33.0,35.0,2.0
s: 3
t: 0.387
c: 8
mem: 80.0

i: 45.0,0.0,88.0,-2.0,46.0,-11.0,42.0,41.0,0.0
s: 3
t: 0.538
c: 7
mem: 32.0

i: 38.0,3.0,81.0,0.0,38.0,23.0,43.0,42.0,0.0
s: 3
t: 0.532
c: 7
mem: 0.0

i: 43.0,0.0,89.0,0.0,42.0,-12.0,46.0,48.0,2.0
s: 3
t: 0.329
c: 7
mem: 64.0

i: 50.0,0.0,86.0,0.0,50.0,0.0,35.0,37.0,2.0
s: 3
t: 0.348
c: 7
mem: 32.0

i: 45.0,0.0,79.0,0.0,46.0,26.0,34.0,33.0,0.0
s: 3
t: 0.333
c: 7
mem: 80.0

i: 49.0,2.0,83.0,0.0,46.0,-1.0,34.0,37.0,2.0
s: 3
t: 0.334
c: 7
mem: 0.0

i: 43.0,4.0,83.0,0.0,42.0,0.0,40.0,42.0,2.0
s: 3
t: 0.335
c: 7
mem: 0.0

i: 52.0,3.0,88.0,0.0,52.0,0.0,36.0,37.0,0.0
s: 3
t: 0.413
c: 7
mem: 0.0

i: 41.0,0.0,82.0,-1.0,38.0,-13.0,41.0,43.0,2.0
s: 3
t: 0.333
c: 7
mem: 0.0

i: 55.0,3.0,85.0,0.0,54.0,0.0,30.0,31.0,0.0
s: 3
t: 0.228
c: 6
mem: 0.0

i: 41.0,0.0,80.0,0.0,42.0,20.0,39.0,39.0,0.0
s: 3
t: 0.783
c: 9
mem: 16.0

i: 45.0,0.0,81.0,-1.0,44.0,-2.0,36.0,37.0,0.0
s: 3
t: 0.484
c: 8
mem: 64.0

i: 45.0,0.0,81.0,0.0,44.0,-1.0,36.0,37.0,0.0
s: 3
t: 0.452
c: 8
mem: 16.0

i: 51.0,3.0,86.0,0.0,52.0,13.0,35.0,34.0,0.0
s: 3
t: 0.422
c: 7
mem: 16.0

i: 51.0,0.0,83.0,0.0,50.0,-12.0,32.0,33.0,2.0
s: 3
t: 0.346
c: 7
mem: 32.0

i: 41.0,0.0,85.0,0.0,38.0,-9.0,44.0,46.0,2.0
s: 3
t: 0.339
c: 7
mem: 0.0

i: 45.0,-1.0,82.0,0.0,46.0,14.0,37.0,35.0,0.0
s: 3
t: 0.645
c: 8
mem: 80.0

i: 55.0,-4.0,80.0,1.0,24.0,29.0,25.0,57.0,32.0
s: 4
t: 0.337
c: 10
mem: 48.0

i: 55.0,5.0,87.0,-7.0,54.0,0.0,32.0,33.0,2.0
s: 3
t: 0.245
c: 6
mem: 16.0

i: 81.0,0.0,84.0,0.0,-12.0,11.0,3.0,97.0,94.0
s: 5
t: 0.133
c: 8
mem: 16.0

i: 39.0,3.0,76.0,0.0,38.0,0.0,36.0,37.0,0.0
s: 3
t: 0.482
c: 8
mem: 64.0

i: 37.0,0.0,103.0,0.0,34.0,6.0,66.0,69.0,4.0
s: 3
t: 0.294
c: 6
mem: 80.0

i: 53.0,2.0,104.0,0.0,54.0,4.0,50.0,49.0,0.0
s: 3
t: 0.529
c: 7
mem: 208.0

i: 45.0,0.0,87.0,2.0,44.0,-19.0,42.0,43.0,2.0
s: 3
t: 0.351
c: 7
mem: 128.0

i: 56.0,0.0,77.0,2.0,0.0,0.0,22.0,77.0,56.0
s: 4
t: 0.334
c: 9
mem: 16.0

i: 45.0,-45.0,81.0,0.0,44.0,0.0,36.0,37.0,2.0
s: 4
t: 0.151
c: 9
mem: 224.0

i: 41.0,0.0,89.0,7.0,38.0,0.0,48.0,50.0,2.0
s: 3
t: 0.339
c: 7
mem: 224.0

i: 53.0,-1.0,80.0,0.0,54.0,0.0,27.0,26.0,0.0
s: 3
t: 0.407
c: 8
mem: 0.0

i: 37.0,0.0,81.0,0.0,18.0,-18.0,44.0,63.0,18.0
s: 3
t: 0.288
c: 6
mem: 0.0

i: 38.0,3.0,76.0,0.0,36.0,-22.0,38.0,40.0,2.0
s: 3
t: 0.393
c: 8
mem: 0.0

i: 49.0,5.0,78.0,-7.0,50.0,2.0,29.0,29.0,0.0
s: 3
t: 0.394
c: 8
mem: 0.0

i: 44.0,1.0,79.0,-1.0,44.0,0.0,35.0,35.0,0.0
s: 3
t: 0.479
c: 8
mem: 16.0

i: 37.0,0.0,77.0,0.0,24.0,-13.0,40.0,54.0,14.0
s: 3
t: 0.337
c: 7
mem: 0.0

i: 55.0,0.0,81.0,0.0,-22.0,-10.0,26.0,105.0,78.0
s: 4
t: 0.278
c: 9
mem: 32.0

i: 37.0,0.0,103.0,0.0,34.0,17.0,66.0,69.0,4.0
s: 3
t: 0.292
c: 6
mem: 0.0

i: 37.0,0.0,78.0,0.0,18.0,-23.0,42.0,60.0,18.0
s: 3
t: 0.290
c: 6
mem: 0.0

i: 104.0,2.0,105.0,0.0,70.0,-29.0,1.0,35.0,34.0
s: 4
t: 0.119
c: 8
mem: 0.0

i: 55.0,0.0,77.0,0.0,-4.0,-7.0,21.0,82.0,60.0
s: 4
t: 0.328
c: 9
mem: 64.0

max time: 0.78
min time: 0.10
avg time: 0.35

avg calls: 7.37
