avg vars: 6368.50
avg cos: 14380.00
avg cps : 10868.25
i: 0.52,0.39,0.48,0.5,0.65,0.71,0.73
s: 5
t: 0.013
c: 7
mem: 0.0

i: 0.36,0.56,0.48,0.5,0.43,0.45,0.53
s: 5
t: 0.008
c: 7
mem: 0.0

i: 0.88,0.42,0.48,0.5,0.52,0.73,0.75
s: 4
t: 0.006
c: 6
mem: 0.0

i: 0.17,0.39,0.48,0.5,0.53,0.3,0.39
s: 5
t: 0.006
c: 7
mem: 0.0

i: 0.69,0.67,0.48,0.5,0.3,0.39,0.24
s: 5
t: 0.004
c: 6
mem: 0.0

i: 0.64,0.46,0.48,0.5,0.48,0.73,0.76
s: 6
t: 0.005
c: 7
mem: 0.0

i: 0.54,0.57,0.48,0.5,0.56,0.81,0.83
s: 5
t: 0.004
c: 6
mem: 0.0

i: 0.43,0.37,0.48,0.5,0.53,0.35,0.44
s: 4
t: 0.007
c: 6
mem: 0.0

i: 0.31,0.47,0.48,0.5,0.29,0.28,0.39
s: 5
t: 0.004
c: 6
mem: 0.0

i: 0.55,0.47,0.48,0.5,0.57,0.78,0.8
s: 5
t: 0.010
c: 6
mem: 0.0

i: 0.78,0.68,0.48,0.5,0.83,0.4,0.29
s: 4
t: 0.006
c: 6
mem: 0.0

i: 0.26,0.4,0.48,0.5,0.36,0.26,0.37
s: 4
t: 0.003
c: 6
mem: 0.0

i: 0.67,0.39,0.48,0.5,0.36,0.38,0.46
s: 4
t: 0.004
c: 7
mem: 0.0

i: 0.0,0.51,0.48,0.5,0.35,0.67,0.44
s: 4
t: 0.006
c: 6
mem: 0.0

i: 0.63,0.71,0.48,0.5,0.6,0.4,0.39
s: 5
t: 0.003
c: 7
mem: 0.0

i: 0.74,0.44,0.48,0.5,0.55,0.88,0.89
s: 5
t: 0.010
c: 7
mem: 0.0

i: 0.33,0.45,0.48,0.5,0.45,0.88,0.89
s: 4
t: 0.004
c: 6
mem: 0.0

i: 0.07,0.4,0.48,0.5,0.54,0.35,0.44
s: 4
t: 0.008
c: 7
mem: 0.0

i: 0.65,0.57,0.48,0.5,0.47,0.47,0.51
s: 5
t: 0.003
c: 7
mem: 0.0

i: 0.63,0.8,0.48,0.5,0.46,0.31,0.29
s: 4
t: 0.003
c: 6
mem: 0.0

i: 0.58,0.6,0.48,0.5,0.59,0.73,0.76
s: 5
t: 0.004
c: 6
mem: 0.0

i: 0.76,0.71,0.48,0.5,0.5,0.71,0.75
s: 5
t: 0.005
c: 7
mem: 0.0

i: 0.57,0.38,0.48,0.5,0.06,0.49,0.33
s: 4
t: 0.003
c: 6
mem: 0.0

i: 0.69,0.8,0.48,0.5,0.46,0.57,0.26
s: 4
t: 0.004
c: 6
mem: 0.0

i: 0.34,0.51,0.48,0.5,0.44,0.37,0.46
s: 5
t: 0.004
c: 7
mem: 0.0

i: 0.72,0.42,0.48,0.5,0.65,0.77,0.79
s: 4
t: 0.004
c: 7
mem: 0.0

i: 0.61,0.47,0.48,0.5,0.0,0.8,0.32
s: 5
t: 0.012
c: 6
mem: 0.0

i: 0.74,0.56,0.48,0.5,0.47,0.68,0.3
s: 4
t: 0.007
c: 7
mem: 0.0

i: 0.83,0.37,0.48,0.5,0.61,0.71,0.74
s: 5
t: 0.004
c: 7
mem: 0.0

i: 0.36,0.39,0.48,0.5,0.48,0.22,0.23
s: 4
t: 0.003
c: 5
mem: 0.0

i: 0.72,0.86,0.48,0.5,0.17,0.55,0.21
s: 4
t: 0.003
c: 6
mem: 0.0

i: 0.3,0.37,0.48,0.5,0.59,0.41,0.49
s: 5
t: 0.004
c: 7
mem: 0.0

i: 0.81,0.52,0.48,0.5,0.57,0.78,0.8
s: 4
t: 0.003
c: 6
mem: 0.0

i: 0.32,0.39,0.48,0.5,0.53,0.28,0.38
s: 5
t: 0.006
c: 7
mem: 0.0

i: 0.7,0.61,0.48,0.5,0.56,0.52,0.43
s: 5
t: 0.007
c: 6
mem: 0.0

i: 0.34,0.49,0.48,0.5,0.58,0.85,0.8
s: 5
t: 0.008
c: 6
mem: 0.0

i: 0.63,0.54,0.48,0.5,0.65,0.79,0.81
s: 5
t: 0.004
c: 7
mem: 0.0

i: 0.79,0.54,0.48,0.5,0.5,0.66,0.68
s: 4
t: 0.003
c: 6
mem: 0.0

i: 0.58,0.34,0.48,0.5,0.56,0.87,0.81
s: 5
t: 0.005
c: 6
mem: 0.0

i: 0.24,0.35,0.48,0.5,0.31,0.19,0.31
s: 4
t: 0.003
c: 6
mem: 0.0

i: 0.23,0.32,0.48,0.5,0.55,0.25,0.35
s: 4
t: 0.006
c: 6
mem: 0.0

i: 0.68,0.82,0.48,0.5,0.38,0.65,0.56
s: 4
t: 0.003
c: 7
mem: 0.0

i: 0.7,0.64,0.48,0.5,0.47,0.51,0.47
s: 5
t: 0.003
c: 6
mem: 0.0

i: 0.71,0.52,0.48,0.5,0.64,1.0,0.99
s: 4
t: 0.004
c: 7
mem: 0.0

i: 0.66,0.53,0.48,0.5,0.59,0.66,0.66
s: 5
t: 0.004
c: 7
mem: 0.0

i: 0.34,0.42,0.48,0.5,0.41,0.34,0.43
s: 5
t: 0.004
c: 6
mem: 0.0

i: 0.27,0.3,0.48,0.5,0.71,0.28,0.39
s: 4
t: 0.004
c: 6
mem: 0.0

i: 0.47,0.29,0.48,0.5,0.51,0.33,0.43
s: 4
t: 0.003
c: 6
mem: 0.0

i: 0.64,0.84,0.48,0.5,0.37,0.45,0.4
s: 4
t: 0.002
c: 6
mem: 0.0

i: 0.84,0.44,0.48,0.5,0.48,0.71,0.74
s: 5
t: 0.006
c: 7
mem: 0.0

i: 0.16,0.43,0.48,0.5,0.54,0.27,0.37
s: 4
t: 0.004
c: 7
mem: 0.0

i: 0.04,0.31,0.48,0.5,0.41,0.29,0.39
s: 4
t: 0.006
c: 6
mem: 0.0

i: 0.5,0.37,0.48,0.5,0.66,0.64,0.69
s: 5
t: 0.009
c: 7
mem: 0.0

i: 0.31,0.44,0.48,0.5,0.5,0.79,0.82
s: 4
t: 0.008
c: 6
mem: 0.0

i: 0.64,0.76,0.48,0.5,0.45,0.35,0.38
s: 5
t: 0.004
c: 7
mem: 0.0

i: 0.63,0.47,0.48,0.5,0.51,0.82,0.84
s: 5
t: 0.004
c: 6
mem: 0.0

i: 0.24,0.43,0.48,0.5,0.37,0.28,0.38
s: 5
t: 0.005
c: 6
mem: 0.0

i: 0.74,0.82,0.48,0.5,0.49,0.49,0.41
s: 4
t: 0.003
c: 7
mem: 0.0

i: 0.68,0.67,0.48,0.5,0.49,0.4,0.34
s: 4
t: 0.006
c: 7
mem: 0.0

i: 0.4,0.35,0.48,0.5,0.45,0.33,0.42
s: 4
t: 0.007
c: 6
mem: 0.0

i: 0.51,0.46,0.48,0.5,0.58,0.31,0.41
s: 4
t: 0.008
c: 6
mem: 0.0

i: 0.18,0.3,0.48,0.5,0.46,0.24,0.35
s: 4
t: 0.004
c: 6
mem: 0.0

i: 0.0,0.38,0.48,0.5,0.42,0.48,0.55
s: 5
t: 0.004
c: 7
mem: 0.0

i: 0.76,0.73,0.48,0.5,0.44,0.39,0.39
s: 5
t: 0.003
c: 6
mem: 0.0

i: 0.79,0.41,0.48,0.5,0.66,0.81,0.83
s: 4
t: 0.007
c: 6
mem: 0.0

i: 0.66,0.71,0.48,0.5,0.41,0.5,0.35
s: 5
t: 0.005
c: 6
mem: 0.0

i: 0.35,0.48,0.48,0.5,0.56,0.4,0.48
s: 5
t: 0.006
c: 7
mem: 0.0

i: 0.65,0.51,0.48,0.5,0.66,0.54,0.33
s: 4
t: 0.002
c: 7
mem: 0.0

i: 0.59,0.61,0.48,0.5,0.42,0.42,0.37
s: 4
t: 0.002
c: 6
mem: 0.0

i: 0.61,0.6,0.48,0.5,0.44,0.39,0.38
s: 5
t: 0.006
c: 7
mem: 0.0

i: 0.47,0.59,0.48,0.5,0.52,0.76,0.79
s: 5
t: 0.010
c: 6
mem: 0.0

i: 0.64,0.66,0.48,0.5,0.41,0.39,0.2
s: 5
t: 0.003
c: 6
mem: 0.0

i: 0.38,0.3,0.48,0.5,0.43,0.29,0.39
s: 4
t: 0.008
c: 6
mem: 0.0

i: 0.25,0.37,0.48,0.5,0.41,0.33,0.42
s: 4
t: 0.007
c: 6
mem: 0.0

i: 0.69,0.39,0.48,0.5,0.57,0.76,0.79
s: 5
t: 0.005
c: 7
mem: 0.0

i: 0.46,0.59,0.48,0.5,0.36,0.76,0.23
s: 5
t: 0.006
c: 6
mem: 0.0

i: 0.17,0.52,0.48,0.5,0.49,0.37,0.46
s: 5
t: 0.004
c: 6
mem: 0.0

i: 0.63,0.49,0.48,0.5,0.79,0.45,0.28
s: 4
t: 0.003
c: 6
mem: 0.0

i: 0.63,0.75,0.48,0.5,0.64,0.73,0.66
s: 5
t: 0.005
c: 6
mem: 0.0

i: 0.33,0.47,0.48,0.5,0.53,0.18,0.29
s: 5
t: 0.003
c: 6
mem: 0.0

i: 0.67,0.7,0.48,0.5,0.46,0.45,0.33
s: 5
t: 0.005
c: 6
mem: 0.0

i: 0.63,0.65,0.48,0.5,0.66,0.67,0.71
s: 5
t: 0.008
c: 7
mem: 0.0

i: 0.5,0.49,0.48,0.5,0.49,0.46,0.53
s: 5
t: 0.004
c: 7
mem: 0.0

i: 0.34,0.28,0.48,0.5,0.41,0.35,0.44
s: 4
t: 0.004
c: 6
mem: 0.0

i: 0.41,0.51,0.48,0.5,0.58,0.2,0.31
s: 4
t: 0.004
c: 6
mem: 0.0

i: 0.63,0.86,0.48,0.5,0.39,0.47,0.34
s: 4
t: 0.005
c: 6
mem: 0.0

i: 0.24,0.34,0.48,0.5,0.38,0.3,0.4
s: 4
t: 0.003
c: 5
mem: 0.0

i: 0.74,0.47,0.48,0.5,0.5,0.57,0.42
s: 4
t: 0.006
c: 7
mem: 0.0

i: 0.61,0.52,0.48,0.5,0.54,0.67,0.52
s: 5
t: 0.008
c: 6
mem: 0.0

i: 0.26,0.5,0.48,0.5,0.44,0.32,0.41
s: 5
t: 0.004
c: 6
mem: 0.0

i: 0.71,0.71,0.48,0.5,0.4,0.54,0.39
s: 5
t: 0.005
c: 6
mem: 0.0

i: 0.52,0.36,0.48,0.5,0.41,0.28,0.38
s: 4
t: 0.003
c: 6
mem: 0.0

i: 0.89,0.55,0.48,0.5,0.51,0.72,0.76
s: 4
t: 0.005
c: 7
mem: 0.0

i: 0.67,0.84,0.48,0.5,0.74,0.54,0.37
s: 4
t: 0.002
c: 6
mem: 0.0

i: 0.4,0.5,0.48,0.5,0.65,0.82,0.84
s: 5
t: 0.006
c: 7
mem: 0.0

i: 0.52,0.54,0.48,0.5,0.62,0.76,0.79
s: 5
t: 0.005
c: 7
mem: 0.0

i: 0.31,0.23,0.48,0.5,0.73,0.05,0.14
s: 4
t: 0.006
c: 6
mem: 0.0

i: 0.36,0.41,0.48,0.5,0.48,0.47,0.54
s: 5
t: 0.008
c: 6
mem: 0.0

i: 0.43,0.39,0.48,0.5,0.47,0.31,0.41
s: 4
t: 0.005
c: 6
mem: 0.0

i: 0.2,0.46,0.48,0.5,0.57,0.78,0.81
s: 5
t: 0.004
c: 6
mem: 0.0

i: 0.72,0.46,0.48,0.5,0.51,0.66,0.7
s: 6
t: 0.010
c: 7
mem: 0.0

i: 0.29,0.28,0.48,0.5,0.44,0.23,0.34
s: 4
t: 0.004
c: 6
mem: 0.0

i: 0.69,0.66,0.48,0.5,0.41,0.5,0.25
s: 5
t: 0.004
c: 6
mem: 0.0

i: 0.77,0.55,0.48,0.5,0.51,0.78,0.74
s: 4
t: 0.005
c: 5
mem: 0.0

i: 0.4,0.42,0.48,0.5,0.37,0.27,0.27
s: 4
t: 0.003
c: 6
mem: 0.0

i: 0.6,0.76,1.0,0.5,0.77,0.59,0.52
s: 4
t: 0.003
c: 6
mem: 0.0

i: 0.35,0.51,0.48,0.5,0.61,0.71,0.74
s: 5
t: 0.004
c: 6
mem: 0.0

i: 0.69,0.43,0.48,0.5,0.59,0.74,0.77
s: 4
t: 0.005
c: 7
mem: 0.0

i: 0.42,0.35,0.48,0.5,0.58,0.15,0.27
s: 4
t: 0.008
c: 6
mem: 0.0

i: 0.7,0.53,0.48,0.5,0.7,0.86,0.87
s: 5
t: 0.004
c: 7
mem: 0.0

i: 0.22,0.43,0.48,0.5,0.48,0.16,0.28
s: 4
t: 0.003
c: 6
mem: 0.0

i: 0.52,0.57,0.48,0.5,0.42,0.47,0.54
s: 5
t: 0.004
c: 7
mem: 0.0

i: 0.49,0.42,0.48,0.5,0.53,0.79,0.81
s: 5
t: 0.004
c: 6
mem: 0.0

i: 0.74,0.78,0.48,0.5,0.75,0.54,0.15
s: 4
t: 0.002
c: 6
mem: 0.0

i: 0.71,0.4,0.48,0.5,0.71,0.7,0.74
s: 5
t: 0.005
c: 7
mem: 0.0

i: 0.45,0.4,0.48,0.5,0.61,0.74,0.77
s: 5
t: 0.005
c: 6
mem: 0.0

i: 0.48,0.41,0.48,0.5,0.51,0.9,0.88
s: 4
t: 0.004
c: 6
mem: 0.0

i: 0.27,0.35,0.48,0.5,0.51,0.77,0.79
s: 5
t: 0.004
c: 6
mem: 0.0

i: 0.5,0.66,0.48,0.5,0.31,0.92,0.92
s: 5
t: 0.006
c: 6
mem: 0.0

i: 0.48,0.49,0.48,0.5,0.52,0.77,0.71
s: 5
t: 0.004
c: 6
mem: 0.0

i: 0.63,0.42,0.48,0.5,0.48,0.77,0.8
s: 5
t: 0.004
c: 7
mem: 0.0

i: 0.6,0.46,0.48,0.5,0.45,0.81,0.83
s: 4
t: 0.004
c: 6
mem: 0.0

i: 0.47,0.55,0.48,0.5,0.58,0.71,0.75
s: 5
t: 0.006
c: 6
mem: 0.0

i: 0.41,0.57,0.48,0.5,0.39,0.21,0.32
s: 4
t: 0.003
c: 7
mem: 0.0

i: 0.79,0.36,0.48,0.5,0.46,0.82,0.7
s: 4
t: 0.009
c: 6
mem: 0.0

i: 0.59,0.29,0.48,0.5,0.64,0.75,0.77
s: 4
t: 0.004
c: 7
mem: 0.0

i: 0.47,0.46,0.48,0.5,0.62,0.74,0.77
s: 4
t: 0.004
c: 6
mem: 0.0

i: 0.64,0.72,0.48,0.5,0.49,0.42,0.19
s: 4
t: 0.004
c: 7
mem: 0.0

i: 0.49,0.43,0.48,0.5,0.49,0.3,0.4
s: 4
t: 0.003
c: 5
mem: 0.0

i: 0.54,0.49,0.48,0.5,0.4,0.87,0.88
s: 4
t: 0.004
c: 6
mem: 0.0

i: 0.44,0.51,0.48,0.5,0.47,0.26,0.36
s: 4
t: 0.006
c: 6
mem: 0.0

i: 0.57,0.54,0.48,0.5,0.37,0.28,0.33
s: 5
t: 0.007
c: 7
mem: 0.0

i: 0.23,0.58,0.48,0.5,0.37,0.53,0.59
s: 4
t: 0.004
c: 7
mem: 0.0

i: 0.06,0.61,0.48,0.5,0.49,0.92,0.37
s: 4
t: 0.003
c: 6
mem: 0.0

i: 0.38,0.4,0.48,0.5,0.63,0.25,0.35
s: 4
t: 0.004
c: 6
mem: 0.0

i: 0.64,0.57,0.48,0.5,0.7,0.33,0.26
s: 4
t: 0.003
c: 7
mem: 0.0

i: 0.64,0.78,0.48,0.5,0.5,0.36,0.38
s: 5
t: 0.003
c: 7
mem: 0.0

i: 0.54,0.47,0.48,0.5,0.28,0.33,0.42
s: 4
t: 0.004
c: 6
mem: 0.0

i: 0.23,0.48,0.48,0.5,0.59,0.88,0.89
s: 5
t: 0.004
c: 6
mem: 0.0

i: 0.16,0.51,0.48,0.5,0.33,0.39,0.48
s: 5
t: 0.006
c: 6
mem: 0.0

i: 0.48,0.45,0.48,0.5,0.6,0.78,0.8
s: 5
t: 0.004
c: 6
mem: 0.0

i: 0.49,0.29,0.48,0.5,0.56,0.24,0.35
s: 4
t: 0.003
c: 6
mem: 0.0

i: 0.66,0.48,0.48,0.5,0.54,0.7,0.74
s: 5
t: 0.005
c: 6
mem: 0.0

i: 0.63,0.57,0.48,0.5,0.49,0.7,0.2
s: 5
t: 0.003
c: 7
mem: 0.0

i: 0.43,0.59,0.48,0.5,0.52,0.49,0.56
s: 5
t: 0.004
c: 7
mem: 0.0

i: 0.63,0.69,0.48,0.5,0.65,0.41,0.28
s: 5
t: 0.002
c: 6
mem: 0.0

i: 0.65,0.47,0.48,0.5,0.59,0.3,0.4
s: 4
t: 0.004
c: 7
mem: 0.0

i: 0.69,0.65,0.48,0.5,0.63,0.48,0.41
s: 4
t: 0.007
c: 7
mem: 0.0

i: 0.12,0.43,0.48,0.5,0.63,0.7,0.74
s: 4
t: 0.005
c: 7
mem: 0.0

i: 0.75,0.84,0.48,0.5,0.35,0.52,0.33
s: 5
t: 0.006
c: 6
mem: 0.0

i: 0.68,0.78,0.48,0.5,0.43,0.44,0.42
s: 5
t: 0.003
c: 6
mem: 0.0

i: 0.74,0.49,0.48,0.5,0.42,0.54,0.36
s: 4
t: 0.002
c: 7
mem: 0.0

i: 0.81,0.44,0.48,0.5,0.42,0.67,0.68
s: 4
t: 0.007
c: 6
mem: 0.0

i: 0.44,0.35,0.48,0.5,0.44,0.52,0.59
s: 4
t: 0.003
c: 7
mem: 0.0

i: 0.66,0.74,0.48,0.5,0.31,0.38,0.43
s: 5
t: 0.006
c: 6
mem: 0.0

i: 0.5,0.57,0.48,0.5,0.71,0.61,0.66
s: 5
t: 0.007
c: 7
mem: 0.0

i: 0.67,0.81,0.48,0.5,0.25,0.42,0.25
s: 4
t: 0.006
c: 6
mem: 0.0

i: 0.7,0.71,0.48,0.5,0.42,0.84,0.85
s: 5
t: 0.007
c: 7
mem: 0.0

i: 0.64,0.81,0.48,0.5,0.37,0.39,0.44
s: 4
t: 0.004
c: 6
mem: 0.0

i: 0.41,0.48,0.48,0.5,0.51,0.44,0.51
s: 4
t: 0.004
c: 7
mem: 0.0

i: 0.64,0.58,0.48,0.5,0.48,0.78,0.73
s: 5
t: 0.006
c: 7
mem: 0.0

i: 0.56,0.68,0.48,0.5,0.77,0.36,0.45
s: 4
t: 0.006
c: 6
mem: 0.0

i: 0.61,0.45,0.48,0.5,0.48,0.35,0.41
s: 4
t: 0.008
c: 7
mem: 0.0

i: 0.43,0.32,0.48,0.5,0.33,0.45,0.52
s: 5
t: 0.006
c: 6
mem: 0.0

i: 0.39,0.31,0.48,0.5,0.38,0.34,0.43
s: 4
t: 0.004
c: 6
mem: 0.0

i: 0.22,0.36,0.48,0.5,0.35,0.39,0.47
s: 5
t: 0.010
c: 6
mem: 0.0

i: 0.41,0.43,0.48,0.5,0.5,0.24,0.25
s: 4
t: 0.008
c: 5
mem: 0.0

i: 0.44,0.56,0.48,0.5,0.5,0.46,0.54
s: 4
t: 0.005
c: 7
mem: 0.0

i: 0.23,0.34,0.48,0.5,0.43,0.26,0.37
s: 4
t: 0.007
c: 6
mem: 0.0

i: 0.6,0.5,1.0,0.5,0.54,0.77,0.8
s: 4
t: 0.005
c: 5
mem: 0.0

i: 0.61,0.66,0.48,0.5,0.46,0.87,0.88
s: 4
t: 0.004
c: 6
mem: 0.0

i: 0.33,0.37,0.48,0.5,0.46,0.65,0.69
s: 5
t: 0.006
c: 6
mem: 0.0

i: 0.29,0.37,0.48,0.5,0.48,0.44,0.52
s: 5
t: 0.004
c: 7
mem: 0.0

i: 0.29,0.3,0.48,0.5,0.45,0.03,0.17
s: 4
t: 0.003
c: 5
mem: 0.0

i: 0.47,0.28,0.48,0.5,0.56,0.2,0.25
s: 4
t: 0.003
c: 5
mem: 0.0

i: 0.41,0.51,0.48,0.5,0.53,0.75,0.78
s: 5
t: 0.004
c: 6
mem: 0.0

i: 0.11,0.5,0.48,0.5,0.58,0.72,0.68
s: 4
t: 0.008
c: 6
mem: 0.0

i: 0.87,0.49,0.48,0.5,0.61,0.76,0.79
s: 4
t: 0.006
c: 7
mem: 0.0

i: 0.34,0.45,0.48,0.5,0.38,0.24,0.35
s: 4
t: 0.003
c: 6
mem: 0.0

i: 0.51,0.49,0.48,0.5,0.53,0.14,0.26
s: 4
t: 0.003
c: 6
mem: 0.0

i: 0.44,0.28,0.48,0.5,0.43,0.27,0.37
s: 4
t: 0.005
c: 5
mem: 0.0

i: 0.41,0.43,0.48,0.5,0.45,0.31,0.41
s: 4
t: 0.003
c: 6
mem: 0.0

i: 0.36,0.47,0.48,0.5,0.51,0.69,0.72
s: 5
t: 0.011
c: 6
mem: 0.0

i: 0.51,0.54,0.48,0.5,0.41,0.34,0.43
s: 4
t: 0.003
c: 6
mem: 0.0

i: 0.37,0.44,0.48,0.5,0.42,0.39,0.47
s: 5
t: 0.004
c: 6
mem: 0.0

i: 0.68,0.76,0.48,0.5,0.84,0.45,0.27
s: 4
t: 0.004
c: 6
mem: 0.0

i: 0.67,0.61,0.48,0.5,0.51,0.37,0.38
s: 4
t: 0.003
c: 7
mem: 0.0

i: 0.52,0.81,0.48,0.5,0.72,0.38,0.38
s: 5
t: 0.004
c: 7
mem: 0.0

i: 0.39,0.32,0.48,0.5,0.46,0.24,0.35
s: 4
t: 0.007
c: 5
mem: 0.0

i: 0.47,0.47,0.48,0.5,0.22,0.16,0.26
s: 4
t: 0.005
c: 5
mem: 0.0

i: 0.24,0.57,0.48,0.5,0.63,0.34,0.43
s: 5
t: 0.004
c: 6
mem: 0.0

i: 0.61,0.75,0.48,0.5,0.51,0.33,0.33
s: 5
t: 0.006
c: 7
mem: 0.0

i: 0.23,0.4,0.48,0.5,0.39,0.28,0.38
s: 4
t: 0.006
c: 5
mem: 0.0

i: 0.1,0.49,0.48,0.5,0.41,0.67,0.21
s: 4
t: 0.004
c: 6
mem: 0.0

i: 0.38,0.44,0.48,0.5,0.43,0.2,0.31
s: 4
t: 0.008
c: 6
mem: 0.0

i: 0.29,0.47,0.48,0.5,0.41,0.23,0.34
s: 4
t: 0.004
c: 6
mem: 0.0

i: 0.74,0.7,0.48,0.5,0.66,0.65,0.69
s: 5
t: 0.010
c: 7
mem: 0.0

i: 0.86,0.55,0.48,0.5,0.63,0.81,0.83
s: 4
t: 0.004
c: 5
mem: 0.0

i: 0.25,0.37,0.48,0.5,0.43,0.26,0.36
s: 4
t: 0.006
c: 5
mem: 0.0

i: 0.43,0.4,0.48,0.5,0.58,0.75,0.78
s: 5
t: 0.004
c: 6
mem: 0.0

max time: 0.01
min time: 0.00
avg time: 0.00

avg calls: 6.28
