vars: 3121
clauses: 16731
i: 0.52,0.39,0.48,0.5,0.65,0.71,0.73
s: 3
t: 0.738
c: 7
mem: 3456.0

i: 0.36,0.56,0.48,0.5,0.43,0.45,0.53
s: 3
t: 0.512
c: 6
mem: 1808.0

i: 0.88,0.42,0.48,0.5,0.52,0.73,0.75
s: 4
t: 0.743
c: 6
mem: 2128.0

i: 0.17,0.39,0.48,0.5,0.53,0.3,0.39
s: 3
t: 0.539
c: 6
mem: 1936.0

i: 0.69,0.67,0.48,0.5,0.3,0.39,0.24
s: 4
t: 0.356
c: 6
mem: 1568.0

i: 0.64,0.46,0.48,0.5,0.48,0.73,0.76
s: 4
t: 0.486
c: 6
mem: 1552.0

i: 0.54,0.57,0.48,0.5,0.56,0.81,0.83
s: 3
t: 0.771
c: 7
mem: 2032.0

i: 0.43,0.37,0.48,0.5,0.53,0.35,0.44
s: 3
t: 0.509
c: 6
mem: 544.0

i: 0.31,0.47,0.48,0.5,0.29,0.28,0.39
s: 3
t: 0.501
c: 6
mem: 656.0

i: 0.55,0.47,0.48,0.5,0.57,0.78,0.8
s: 3
t: 0.791
c: 7
mem: 800.0

i: 0.78,0.68,0.48,0.5,0.83,0.4,0.29
s: 4
t: 0.155
c: 6
mem: 1024.0

i: 0.26,0.4,0.48,0.5,0.36,0.26,0.37
s: 3
t: 0.535
c: 6
mem: 784.0

i: 0.67,0.39,0.48,0.5,0.36,0.38,0.46
s: 4
t: 0.551
c: 6
mem: 720.0

i: 0.0,0.51,0.48,0.5,0.35,0.67,0.44
s: 3
t: 1.013
c: 7
mem: 2304.0

i: 0.63,0.71,0.48,0.5,0.6,0.4,0.39
s: 4
t: 0.400
c: 6
mem: 528.0

i: 0.74,0.44,0.48,0.5,0.55,0.88,0.89
s: 4
t: 0.832
c: 7
mem: 1152.0

i: 0.33,0.45,0.48,0.5,0.45,0.88,0.89
s: 3
t: 0.837
c: 7
mem: 848.0

i: 0.07,0.4,0.48,0.5,0.54,0.35,0.44
s: 3
t: 0.554
c: 6
mem: 416.0

i: 0.65,0.57,0.48,0.5,0.47,0.47,0.51
s: 4
t: 0.318
c: 6
mem: 1088.0

i: 0.63,0.8,0.48,0.5,0.46,0.31,0.29
s: 4
t: 0.391
c: 6
mem: 368.0

i: 0.58,0.6,0.48,0.5,0.59,0.73,0.76
s: 4
t: 2.893
c: 7
mem: 6640.0

i: 0.76,0.71,0.48,0.5,0.5,0.71,0.75
s: 4
t: 0.856
c: 6
mem: 0.0

i: 0.57,0.38,0.48,0.5,0.06,0.49,0.33
s: 4
t: 0.516
c: 6
mem: 0.0

i: 0.69,0.8,0.48,0.5,0.46,0.57,0.26
s: 4
t: 0.415
c: 6
mem: 0.0

i: 0.34,0.51,0.48,0.5,0.44,0.37,0.46
s: 4
t: 0.497
c: 6
mem: 0.0

i: 0.72,0.42,0.48,0.5,0.65,0.77,0.79
s: 5
t: 0.495
c: 6
mem: 0.0

i: 0.61,0.47,0.48,0.5,0.0,0.8,0.32
s: 4
t: 0.797
c: 7
mem: 0.0

i: 0.74,0.56,0.48,0.5,0.47,0.68,0.3
s: 4
t: 0.557
c: 7
mem: 0.0

i: 0.83,0.37,0.48,0.5,0.61,0.71,0.74
s: 4
t: 0.873
c: 6
mem: 0.0

i: 0.36,0.39,0.48,0.5,0.48,0.22,0.23
s: 3
t: 0.527
c: 6
mem: 0.0

i: 0.72,0.86,0.48,0.5,0.17,0.55,0.21
s: 4
t: 0.462
c: 6
mem: 0.0

i: 0.3,0.37,0.48,0.5,0.59,0.41,0.49
s: 4
t: 0.454
c: 6
mem: 0.0

i: 0.81,0.52,0.48,0.5,0.57,0.78,0.8
s: 3
t: 0.540
c: 6
mem: 0.0

i: 0.32,0.39,0.48,0.5,0.53,0.28,0.38
s: 5
t: 0.371
c: 6
mem: 0.0

i: 0.7,0.61,0.48,0.5,0.56,0.52,0.43
s: 4
t: 0.435
c: 6
mem: 0.0

i: 0.34,0.49,0.48,0.5,0.58,0.85,0.8
s: 3
t: 0.766
c: 7
mem: 0.0

i: 0.63,0.54,0.48,0.5,0.65,0.79,0.81
s: 5
t: 0.751
c: 7
mem: 0.0

i: 0.79,0.54,0.48,0.5,0.5,0.66,0.68
s: 4
t: 0.536
c: 6
mem: 0.0

i: 0.58,0.34,0.48,0.5,0.56,0.87,0.81
s: 4
t: 0.836
c: 7
mem: 0.0

i: 0.24,0.35,0.48,0.5,0.31,0.19,0.31
s: 3
t: 0.497
c: 6
mem: 0.0

i: 0.23,0.32,0.48,0.5,0.55,0.25,0.35
s: 3
t: 0.560
c: 6
mem: 0.0

i: 0.68,0.82,0.48,0.5,0.38,0.65,0.56
s: 4
t: 0.513
c: 7
mem: 0.0

i: 0.7,0.64,0.48,0.5,0.47,0.51,0.47
s: 4
t: 0.456
c: 6
mem: 0.0

i: 0.71,0.52,0.48,0.5,0.64,1.0,0.99
s: 4
t: 0.747
c: 7
mem: 0.0

i: 0.66,0.53,0.48,0.5,0.59,0.66,0.66
s: 5
t: 0.812
c: 7
mem: 0.0

i: 0.34,0.42,0.48,0.5,0.41,0.34,0.43
s: 3
t: 0.568
c: 6
mem: 0.0

i: 0.27,0.3,0.48,0.5,0.71,0.28,0.39
s: 3
t: 0.467
c: 6
mem: 0.0

i: 0.47,0.29,0.48,0.5,0.51,0.33,0.43
s: 3
t: 0.552
c: 6
mem: 0.0

i: 0.64,0.84,0.48,0.5,0.37,0.45,0.4
s: 4
t: 0.391
c: 6
mem: 0.0

i: 0.84,0.44,0.48,0.5,0.48,0.71,0.74
s: 4
t: 0.926
c: 6
mem: 0.0

i: 0.16,0.43,0.48,0.5,0.54,0.27,0.37
s: 3
t: 0.524
c: 6
mem: 0.0

i: 0.04,0.31,0.48,0.5,0.41,0.29,0.39
s: 3
t: 0.608
c: 6
mem: 0.0

i: 0.5,0.37,0.48,0.5,0.66,0.64,0.69
s: 3
t: 0.856
c: 7
mem: 0.0

i: 0.31,0.44,0.48,0.5,0.5,0.79,0.82
s: 3
t: 0.863
c: 7
mem: 0.0

i: 0.64,0.76,0.48,0.5,0.45,0.35,0.38
s: 3
t: 0.651
c: 6
mem: 0.0

i: 0.63,0.47,0.48,0.5,0.51,0.82,0.84
s: 4
t: 0.759
c: 7
mem: 0.0

i: 0.24,0.43,0.48,0.5,0.37,0.28,0.38
s: 3
t: 0.541
c: 6
mem: 0.0

i: 0.74,0.82,0.48,0.5,0.49,0.49,0.41
s: 4
t: 0.407
c: 6
mem: 0.0

i: 0.68,0.67,0.48,0.5,0.49,0.4,0.34
s: 4
t: 0.286
c: 6
mem: 0.0

i: 0.4,0.35,0.48,0.5,0.45,0.33,0.42
s: 3
t: 0.544
c: 6
mem: 0.0

i: 0.51,0.46,0.48,0.5,0.58,0.31,0.41
s: 3
t: 0.473
c: 6
mem: 0.0

i: 0.18,0.3,0.48,0.5,0.46,0.24,0.35
s: 3
t: 0.551
c: 6
mem: 0.0

i: 0.0,0.38,0.48,0.5,0.42,0.48,0.55
s: 3
t: 0.497
c: 6
mem: 0.0

i: 0.76,0.73,0.48,0.5,0.44,0.39,0.39
s: 4
t: 0.414
c: 6
mem: 0.0

i: 0.79,0.41,0.48,0.5,0.66,0.81,0.83
s: 3
t: 0.553
c: 6
mem: 0.0

i: 0.66,0.71,0.48,0.5,0.41,0.5,0.35
s: 4
t: 0.390
c: 6
mem: 0.0

i: 0.35,0.48,0.48,0.5,0.56,0.4,0.48
s: 3
t: 0.538
c: 6
mem: 0.0

i: 0.65,0.51,0.48,0.5,0.66,0.54,0.33
s: 4
t: 0.183
c: 6
mem: 0.0

i: 0.59,0.61,0.48,0.5,0.42,0.42,0.37
s: 4
t: 0.470
c: 6
mem: 0.0

i: 0.61,0.6,0.48,0.5,0.44,0.39,0.38
s: 5
t: 0.459
c: 6
mem: 0.0

i: 0.47,0.59,0.48,0.5,0.52,0.76,0.79
s: 3
t: 0.913
c: 7
mem: 0.0

i: 0.64,0.66,0.48,0.5,0.41,0.39,0.2
s: 4
t: 0.396
c: 6
mem: 0.0

i: 0.38,0.3,0.48,0.5,0.43,0.29,0.39
s: 3
t: 0.577
c: 6
mem: 0.0

i: 0.25,0.37,0.48,0.5,0.41,0.33,0.42
s: 3
t: 0.573
c: 6
mem: 0.0

i: 0.69,0.39,0.48,0.5,0.57,0.76,0.79
s: 4
t: 0.895
c: 7
mem: 0.0

i: 0.46,0.59,0.48,0.5,0.36,0.76,0.23
s: 3
t: 0.918
c: 7
mem: 0.0

i: 0.17,0.52,0.48,0.5,0.49,0.37,0.46
s: 3
t: 0.490
c: 6
mem: 0.0

i: 0.63,0.49,0.48,0.5,0.79,0.45,0.28
s: 4
t: 0.186
c: 6
mem: 0.0

i: 0.63,0.75,0.48,0.5,0.64,0.73,0.66
s: 4
t: 0.940
c: 7
mem: 0.0

i: 0.33,0.47,0.48,0.5,0.53,0.18,0.29
s: 4
t: 0.513
c: 6
mem: 0.0

i: 0.67,0.7,0.48,0.5,0.46,0.45,0.33
s: 4
t: 0.412
c: 6
mem: 0.0

i: 0.63,0.65,0.48,0.5,0.66,0.67,0.71
s: 4
t: 0.826
c: 7
mem: 0.0

i: 0.5,0.49,0.48,0.5,0.49,0.46,0.53
s: 4
t: 0.518
c: 6
mem: 0.0

i: 0.34,0.28,0.48,0.5,0.41,0.35,0.44
s: 3
t: 0.582
c: 6
mem: 0.0

i: 0.41,0.51,0.48,0.5,0.58,0.2,0.31
s: 4
t: 0.472
c: 6
mem: 0.0

i: 0.63,0.86,0.48,0.5,0.39,0.47,0.34
s: 4
t: 0.416
c: 6
mem: 0.0

i: 0.24,0.34,0.48,0.5,0.38,0.3,0.4
s: 3
t: 0.583
c: 6
mem: 0.0

i: 0.74,0.47,0.48,0.5,0.5,0.57,0.42
s: 4
t: 0.454
c: 6
mem: 0.0

i: 0.61,0.52,0.48,0.5,0.54,0.67,0.52
s: 4
t: 0.976
c: 7
mem: 0.0

i: 0.26,0.5,0.48,0.5,0.44,0.32,0.41
s: 3
t: 0.598
c: 6
mem: 0.0

i: 0.71,0.71,0.48,0.5,0.4,0.54,0.39
s: 4
t: 0.463
c: 6
mem: 0.0

i: 0.52,0.36,0.48,0.5,0.41,0.28,0.38
s: 3
t: 0.553
c: 6
mem: 0.0

i: 0.89,0.55,0.48,0.5,0.51,0.72,0.76
s: 4
t: 0.887
c: 6
mem: 0.0

i: 0.67,0.84,0.48,0.5,0.74,0.54,0.37
s: 4
t: 0.156
c: 6
mem: 0.0

i: 0.4,0.5,0.48,0.5,0.65,0.82,0.84
s: 3
t: 0.863
c: 7
mem: 0.0

i: 0.52,0.54,0.48,0.5,0.62,0.76,0.79
s: 4
t: 0.782
c: 7
mem: 0.0

i: 0.31,0.23,0.48,0.5,0.73,0.05,0.14
s: 3
t: 0.457
c: 6
mem: 0.0

i: 0.36,0.41,0.48,0.5,0.48,0.47,0.54
s: 4
t: 0.456
c: 6
mem: 0.0

i: 0.43,0.39,0.48,0.5,0.47,0.31,0.41
s: 3
t: 0.582
c: 6
mem: 0.0

i: 0.2,0.46,0.48,0.5,0.57,0.78,0.81
s: 3
t: 0.899
c: 7
mem: 0.0

i: 0.72,0.46,0.48,0.5,0.51,0.66,0.7
s: 4
t: 1.098
c: 7
mem: 0.0

i: 0.29,0.28,0.48,0.5,0.44,0.23,0.34
s: 3
t: 0.532
c: 6
mem: 0.0

i: 0.69,0.66,0.48,0.5,0.41,0.5,0.25
s: 4
t: 0.421
c: 6
mem: 0.0

i: 0.77,0.55,0.48,0.5,0.51,0.78,0.74
s: 3
t: 0.535
c: 6
mem: 0.0

i: 0.4,0.42,0.48,0.5,0.37,0.27,0.27
s: 3
t: 0.526
c: 6
mem: 0.0

i: 0.6,0.76,1.0,0.5,0.77,0.59,0.52
s: 5
t: 0.252
c: 7
mem: 0.0

i: 0.35,0.51,0.48,0.5,0.61,0.71,0.74
s: 2
t: 0.999
c: 7
mem: 0.0

i: 0.69,0.43,0.48,0.5,0.59,0.74,0.77
s: 4
t: 0.488
c: 6
mem: 0.0

i: 0.42,0.35,0.48,0.5,0.58,0.15,0.27
s: 3
t: 0.513
c: 6
mem: 0.0

i: 0.7,0.53,0.48,0.5,0.7,0.86,0.87
s: 5
t: 0.425
c: 6
mem: 0.0

i: 0.22,0.43,0.48,0.5,0.48,0.16,0.28
s: 3
t: 0.529
c: 6
mem: 0.0

i: 0.52,0.57,0.48,0.5,0.42,0.47,0.54
s: 3
t: 0.603
c: 6
mem: 0.0

i: 0.49,0.42,0.48,0.5,0.53,0.79,0.81
s: 3
t: 0.966
c: 7
mem: 0.0

i: 0.74,0.78,0.48,0.5,0.75,0.54,0.15
s: 4
t: 0.161
c: 6
mem: 0.0

i: 0.71,0.4,0.48,0.5,0.71,0.7,0.74
s: 3
t: 1.086
c: 7
mem: 0.0

i: 0.45,0.4,0.48,0.5,0.61,0.74,0.77
s: 3
t: 0.930
c: 7
mem: 0.0

i: 0.48,0.41,0.48,0.5,0.51,0.9,0.88
s: 3
t: 0.902
c: 7
mem: 0.0

i: 0.27,0.35,0.48,0.5,0.51,0.77,0.79
s: 3
t: 0.981
c: 7
mem: 0.0

i: 0.5,0.66,0.48,0.5,0.31,0.92,0.92
s: 3
t: 0.950
c: 7
mem: 0.0

i: 0.48,0.49,0.48,0.5,0.52,0.77,0.71
s: 3
t: 0.883
c: 7
mem: 0.0

i: 0.63,0.42,0.48,0.5,0.48,0.77,0.8
s: 4
t: 0.415
c: 6
mem: 0.0

i: 0.6,0.46,0.48,0.5,0.45,0.81,0.83
s: 4
t: 0.784
c: 7
mem: 0.0

i: 0.47,0.55,0.48,0.5,0.58,0.71,0.75
s: 4
t: 0.990
c: 7
mem: 0.0

i: 0.41,0.57,0.48,0.5,0.39,0.21,0.32
s: 3
t: 0.468
c: 6
mem: 0.0

i: 0.79,0.36,0.48,0.5,0.46,0.82,0.7
s: 3
t: 0.546
c: 6
mem: 0.0

i: 0.59,0.29,0.48,0.5,0.64,0.75,0.77
s: 4
t: 0.487
c: 6
mem: 0.0

i: 0.47,0.46,0.48,0.5,0.62,0.74,0.77
s: 5
t: 0.516
c: 6
mem: 0.0

i: 0.64,0.72,0.48,0.5,0.49,0.42,0.19
s: 4
t: 0.446
c: 6
mem: 0.0

i: 0.49,0.43,0.48,0.5,0.49,0.3,0.4
s: 3
t: 0.577
c: 6
mem: 0.0

i: 0.54,0.49,0.48,0.5,0.4,0.87,0.88
s: 3
t: 0.935
c: 7
mem: 0.0

i: 0.44,0.51,0.48,0.5,0.47,0.26,0.36
s: 3
t: 0.629
c: 6
mem: 0.0

i: 0.57,0.54,0.48,0.5,0.37,0.28,0.33
s: 3
t: 0.605
c: 6
mem: 0.0

i: 0.23,0.58,0.48,0.5,0.37,0.53,0.59
s: 3
t: 0.554
c: 6
mem: 0.0

i: 0.06,0.61,0.48,0.5,0.49,0.92,0.37
s: 3
t: 1.007
c: 7
mem: 0.0

i: 0.38,0.4,0.48,0.5,0.63,0.25,0.35
s: 3
t: 0.604
c: 6
mem: 0.0

i: 0.64,0.57,0.48,0.5,0.7,0.33,0.26
s: 4
t: 0.189
c: 6
mem: 0.0

i: 0.64,0.78,0.48,0.5,0.5,0.36,0.38
s: 4
t: 0.417
c: 6
mem: 0.0

i: 0.54,0.47,0.48,0.5,0.28,0.33,0.42
s: 3
t: 0.579
c: 6
mem: 0.0

i: 0.23,0.48,0.48,0.5,0.59,0.88,0.89
s: 3
t: 0.876
c: 7
mem: 0.0

i: 0.16,0.51,0.48,0.5,0.33,0.39,0.48
s: 4
t: 0.564
c: 6
mem: 0.0

i: 0.48,0.45,0.48,0.5,0.6,0.78,0.8
s: 3
t: 0.926
c: 7
mem: 0.0

i: 0.49,0.29,0.48,0.5,0.56,0.24,0.35
s: 3
t: 0.578
c: 6
mem: 0.0

i: 0.66,0.48,0.48,0.5,0.54,0.7,0.74
s: 5
t: 0.587
c: 7
mem: 0.0

i: 0.63,0.57,0.48,0.5,0.49,0.7,0.2
s: 4
t: 0.557
c: 7
mem: 0.0

i: 0.43,0.59,0.48,0.5,0.52,0.49,0.56
s: 4
t: 0.442
c: 6
mem: 0.0

i: 0.63,0.69,0.48,0.5,0.65,0.41,0.28
s: 4
t: 0.159
c: 6
mem: 0.0

i: 0.65,0.47,0.48,0.5,0.59,0.3,0.4
s: 3
t: 0.508
c: 6
mem: 0.0

i: 0.69,0.65,0.48,0.5,0.63,0.48,0.41
s: 4
t: 0.489
c: 6
mem: 0.0

i: 0.12,0.43,0.48,0.5,0.63,0.7,0.74
s: 3
t: 0.947
c: 7
mem: 0.0

i: 0.75,0.84,0.48,0.5,0.35,0.52,0.33
s: 4
t: 0.425
c: 6
mem: 0.0

i: 0.68,0.78,0.48,0.5,0.43,0.44,0.42
s: 4
t: 0.394
c: 6
mem: 0.0

i: 0.74,0.49,0.48,0.5,0.42,0.54,0.36
s: 4
t: 0.486
c: 6
mem: 0.0

i: 0.81,0.44,0.48,0.5,0.42,0.67,0.68
s: 4
t: 0.570
c: 6
mem: 0.0

i: 0.44,0.35,0.48,0.5,0.44,0.52,0.59
s: 3
t: 0.480
c: 6
mem: 0.0

i: 0.66,0.74,0.48,0.5,0.31,0.38,0.43
s: 4
t: 0.425
c: 6
mem: 0.0

i: 0.5,0.57,0.48,0.5,0.71,0.61,0.66
s: 4
t: 0.913
c: 7
mem: 0.0

i: 0.67,0.81,0.48,0.5,0.25,0.42,0.25
s: 4
t: 0.416
c: 6
mem: 0.0

i: 0.7,0.71,0.48,0.5,0.42,0.84,0.85
s: 4
t: 1.071
c: 7
mem: 0.0

i: 0.64,0.81,0.48,0.5,0.37,0.39,0.44
s: 4
t: 0.417
c: 6
mem: 0.0

i: 0.41,0.48,0.48,0.5,0.51,0.44,0.51
s: 4
t: 0.512
c: 6
mem: 0.0

i: 0.64,0.58,0.48,0.5,0.48,0.78,0.73
s: 4
t: 0.829
c: 7
mem: 0.0

i: 0.56,0.68,0.48,0.5,0.77,0.36,0.45
s: 4
t: 0.524
c: 6
mem: 0.0

i: 0.61,0.45,0.48,0.5,0.48,0.35,0.41
s: 3
t: 0.591
c: 6
mem: 0.0

i: 0.43,0.32,0.48,0.5,0.33,0.45,0.52
s: 3
t: 0.617
c: 6
mem: 0.0

i: 0.39,0.31,0.48,0.5,0.38,0.34,0.43
s: 3
t: 0.597
c: 6
mem: 0.0

i: 0.22,0.36,0.48,0.5,0.35,0.39,0.47
s: 4
t: 0.541
c: 6
mem: 0.0

i: 0.41,0.43,0.48,0.5,0.5,0.24,0.25
s: 3
t: 0.557
c: 6
mem: 0.0

i: 0.44,0.56,0.48,0.5,0.5,0.46,0.54
s: 5
t: 0.566
c: 7
mem: 0.0

i: 0.23,0.34,0.48,0.5,0.43,0.26,0.37
s: 3
t: 0.610
c: 6
mem: 0.0

i: 0.6,0.5,1.0,0.5,0.54,0.77,0.8
s: 4
t: 0.649
c: 6
mem: 0.0

i: 0.61,0.66,0.48,0.5,0.46,0.87,0.88
s: 4
t: 0.842
c: 7
mem: 0.0

i: 0.33,0.37,0.48,0.5,0.46,0.65,0.69
s: 3
t: 1.078
c: 7
mem: 0.0

i: 0.29,0.37,0.48,0.5,0.48,0.44,0.52
s: 4
t: 0.487
c: 6
mem: 0.0

i: 0.29,0.3,0.48,0.5,0.45,0.03,0.17
s: 3
t: 0.565
c: 6
mem: 0.0

i: 0.47,0.28,0.48,0.5,0.56,0.2,0.25
s: 3
t: 0.556
c: 6
mem: 0.0

i: 0.41,0.51,0.48,0.5,0.53,0.75,0.78
s: 2
t: 1.041
c: 7
mem: 0.0

i: 0.11,0.5,0.48,0.5,0.58,0.72,0.68
s: 3
t: 1.028
c: 7
mem: 0.0

i: 0.87,0.49,0.48,0.5,0.61,0.76,0.79
s: 3
t: 0.549
c: 6
mem: 0.0

i: 0.34,0.45,0.48,0.5,0.38,0.24,0.35
s: 3
t: 0.605
c: 6
mem: 0.0

i: 0.51,0.49,0.48,0.5,0.53,0.14,0.26
s: 2
t: 0.605
c: 6
mem: 0.0

i: 0.44,0.28,0.48,0.5,0.43,0.27,0.37
s: 3
t: 0.603
c: 6
mem: 0.0

i: 0.41,0.43,0.48,0.5,0.45,0.31,0.41
s: 3
t: 0.585
c: 6
mem: 0.0

i: 0.36,0.47,0.48,0.5,0.51,0.69,0.72
s: 2
t: 1.036
c: 7
mem: 0.0

i: 0.51,0.54,0.48,0.5,0.41,0.34,0.43
s: 3
t: 0.611
c: 6
mem: 0.0

i: 0.37,0.44,0.48,0.5,0.42,0.39,0.47
s: 4
t: 0.509
c: 6
mem: 0.0

i: 0.68,0.76,0.48,0.5,0.84,0.45,0.27
s: 4
t: 0.157
c: 6
mem: 0.0

i: 0.67,0.61,0.48,0.5,0.51,0.37,0.38
s: 4
t: 0.287
c: 6
mem: 0.0

i: 0.52,0.81,0.48,0.5,0.72,0.38,0.38
s: 4
t: 0.587
c: 6
mem: 0.0

i: 0.39,0.32,0.48,0.5,0.46,0.24,0.35
s: 3
t: 0.585
c: 6
mem: 0.0

i: 0.47,0.47,0.48,0.5,0.22,0.16,0.26
s: 3
t: 0.579
c: 6
mem: 0.0

i: 0.24,0.57,0.48,0.5,0.63,0.34,0.43
s: 3
t: 0.550
c: 6
mem: 0.0

i: 0.61,0.75,0.48,0.5,0.51,0.33,0.33
s: 5
t: 0.141
c: 6
mem: 0.0

i: 0.23,0.4,0.48,0.5,0.39,0.28,0.38
s: 3
t: 0.570
c: 6
mem: 0.0

i: 0.1,0.49,0.48,0.5,0.41,0.67,0.21
s: 3
t: 1.193
c: 7
mem: 0.0

i: 0.38,0.44,0.48,0.5,0.43,0.2,0.31
s: 3
t: 0.543
c: 6
mem: 0.0

i: 0.29,0.47,0.48,0.5,0.41,0.23,0.34
s: 3
t: 0.545
c: 6
mem: 0.0

i: 0.74,0.7,0.48,0.5,0.66,0.65,0.69
s: 4
t: 1.074
c: 7
mem: 0.0

i: 0.86,0.55,0.48,0.5,0.63,0.81,0.83
s: 3
t: 0.551
c: 6
mem: 0.0

i: 0.25,0.37,0.48,0.5,0.43,0.26,0.36
s: 3
t: 0.593
c: 6
mem: 0.0

i: 0.43,0.4,0.48,0.5,0.58,0.75,0.78
s: 2
t: 1.031
c: 7
mem: 0.0

max time: 2.89
min time: 0.14
avg time: 0.62

avg calls: 6.29
