avg vars: 2869.33
avg cos: 5561.17
avg cps : 3986.67
i: 0,0,0,0,0,0,1,0,0,1,1,0,8,1,0,0
s: 7
t: 0.003
c: 10
mem: 6000.0

i: 0,0,1,0,0,0,0,0,0,1,0,0,0,0,0,0
s: 8
t: 0.003
c: 13
mem: 240.0

i: 0,0,1,0,0,1,1,1,1,0,0,1,0,1,0,1
s: 9
t: 0.004
c: 12
mem: 7472.0

i: 0,0,1,0,0,1,1,1,1,1,1,0,4,0,0,0
s: 8
t: 0.005
c: 15
mem: 1344.0

i: 1,0,0,1,0,0,0,1,1,1,0,0,4,1,0,1
s: 5
t: 0.003
c: 8
mem: 48.0

i: 1,0,1,0,1,0,0,0,0,1,0,0,6,0,0,0
s: 8
t: 0.005
c: 14
mem: 3808.0

i: 1,0,0,1,1,0,0,1,1,1,0,0,2,1,0,0
s: 5
t: 0.002
c: 7
mem: 0.0

i: 0,1,1,0,1,0,0,0,1,1,0,0,2,1,0,0
s: 7
t: 0.004
c: 12
mem: 2496.0

i: 1,0,0,1,0,0,0,1,1,1,0,0,4,1,1,1
s: 5
t: 0.002
c: 7
mem: 0.0

i: 0,0,0,0,0,1,1,1,1,0,1,0,0,1,0,0
s: 8
t: 0.002
c: 11
mem: 16.0

i: 1,0,0,1,0,0,0,1,1,1,0,0,2,1,0,0
s: 5
t: 0.002
c: 7
mem: 0.0

i: 0,0,1,0,0,1,0,1,1,0,0,1,0,1,1,0
s: 9
t: 0.003
c: 11
mem: 0.0

i: 0,1,1,0,1,0,0,0,1,1,0,0,2,1,1,0
s: 7
t: 0.002
c: 11
mem: 192.0

i: 0,0,1,0,0,1,1,0,0,0,0,0,8,0,0,1
s: 7
t: 0.002
c: 10
mem: 0.0

i: 0,0,1,0,0,1,1,1,1,1,0,0,4,0,0,0
s: 8
t: 0.004
c: 15
mem: 208.0

i: 0,1,1,0,0,1,1,0,1,1,0,0,2,1,0,1
s: 9
t: 0.003
c: 12
mem: 32.0

i: 0,0,1,0,0,1,0,1,1,0,0,1,0,1,0,0
s: 9
t: 0.003
c: 11
mem: 0.0

i: 1,0,0,1,0,0,1,1,1,1,0,0,4,1,0,1
s: 5
t: 0.002
c: 8
mem: 0.0

i: 1,0,0,1,0,0,1,1,1,1,0,0,4,1,0,0
s: 5
t: 0.002
c: 7
mem: 16.0

i: 1,0,0,1,0,0,0,1,1,1,0,0,4,1,0,0
s: 5
t: 0.001
c: 7
mem: 0.0

i: 1,0,0,1,0,1,1,1,1,1,0,1,2,1,0,1
s: 5
t: 0.002
c: 8
mem: 0.0

i: 0,0,1,0,0,1,1,0,0,0,0,0,6,0,0,0
s: 7
t: 0.002
c: 10
mem: 0.0

i: 1,0,1,1,0,1,1,0,1,1,0,0,4,1,0,1
s: 8
t: 0.004
c: 11
mem: 0.0

i: 0,1,1,0,1,0,1,0,1,1,0,0,2,1,0,0
s: 10
t: 0.003
c: 13
mem: 0.0

i: 0,0,1,0,0,1,1,1,1,0,0,1,0,1,0,0
s: 9
t: 0.003
c: 12
mem: 0.0

i: 0,0,0,1,0,1,1,1,1,1,0,1,0,1,0,1
s: 7
t: 0.003
c: 10
mem: 0.0

i: 1,0,0,1,0,1,1,1,1,1,0,0,4,1,0,1
s: 5
t: 0.002
c: 8
mem: 0.0

i: 0,0,1,0,0,0,1,0,0,0,0,0,0,0,0,0
s: 7
t: 0.002
c: 10
mem: 0.0

i: 1,0,1,0,1,0,0,0,0,1,1,0,6,0,1,0
s: 8
t: 0.003
c: 14
mem: 0.0

i: 0,1,1,0,0,0,1,0,1,1,0,0,2,1,0,1
s: 9
t: 0.003
c: 11
mem: 0.0

i: 0,0,1,0,0,1,0,1,1,1,0,0,4,0,0,0
s: 8
t: 0.003
c: 15
mem: 0.0

i: 0,0,1,0,0,1,1,1,1,0,1,1,0,1,0,1
s: 5
t: 0.002
c: 11
mem: 0.0

i: 0,0,1,0,0,0,1,1,1,1,0,0,4,1,0,0
s: 9
t: 0.004
c: 14
mem: 0.0

i: 0,0,1,0,0,0,0,0,0,1,0,0,6,0,0,0
s: 7
t: 0.003
c: 15
mem: 0.0

i: 1,0,0,1,0,0,0,1,1,1,0,0,4,0,1,0
s: 5
t: 0.002
c: 7
mem: 32.0

i: 0,1,1,0,1,1,0,0,1,1,0,0,2,1,0,0
s: 7
t: 0.002
c: 11
mem: 0.0

i: 1,0,1,0,1,0,0,0,0,1,1,0,6,0,0,0
s: 8
t: 0.003
c: 14
mem: 0.0

i: 1,0,0,1,0,0,0,1,1,1,0,0,2,0,0,1
s: 5
t: 0.002
c: 7
mem: 0.0

i: 0,1,1,0,1,0,1,0,1,1,0,0,2,1,0,1
s: 10
t: 0.003
c: 13
mem: 0.0

i: 0,0,1,0,1,0,1,0,0,1,0,0,6,0,0,0
s: 10
t: 0.004
c: 16
mem: 224.0

i: 0,1,1,0,1,1,1,0,1,1,0,0,2,1,0,0
s: 7
t: 0.003
c: 13
mem: 0.0

i: 1,0,0,1,0,0,1,1,1,1,0,0,2,0,1,1
s: 5
t: 0.002
c: 7
mem: 0.0

i: 0,0,1,0,0,0,0,0,1,1,0,0,4,1,0,1
s: 9
t: 0.003
c: 14
mem: 0.0

i: 1,0,0,1,0,0,1,1,1,1,0,0,4,1,1,1
s: 5
t: 0.002
c: 7
mem: 0.0

i: 0,0,1,0,0,0,1,1,1,1,0,0,0,1,0,0
s: 8
t: 0.003
c: 14
mem: 16.0

i: 0,1,1,0,0,0,1,0,1,1,0,0,2,1,0,0
s: 9
t: 0.003
c: 11
mem: 0.0

i: 1,0,0,1,0,0,0,1,1,1,0,0,4,1,1,0
s: 5
t: 0.002
c: 7
mem: 0.0

i: 0,0,1,0,0,1,1,1,1,1,0,0,4,1,0,0
s: 10
t: 0.004
c: 14
mem: 0.0

i: 0,0,1,0,0,1,1,0,0,0,1,0,0,0,0,0
s: 7
t: 0.002
c: 10
mem: 0.0

i: 0,0,1,0,0,0,1,1,1,1,1,0,0,1,0,0
s: 8
t: 0.003
c: 12
mem: 0.0

i: 0,1,1,0,1,0,0,0,1,1,0,0,2,1,0,1
s: 7
t: 0.003
c: 11
mem: 0.0

i: 1,0,0,1,0,0,0,1,1,1,0,0,2,1,0,1
s: 5
t: 0.002
c: 7
mem: 0.0

i: 0,1,1,0,1,1,0,0,1,1,0,0,2,1,0,1
s: 7
t: 0.002
c: 11
mem: 0.0

i: 1,0,0,1,0,0,1,1,1,1,0,0,4,0,0,1
s: 5
t: 0.002
c: 7
mem: 0.0

i: 0,0,1,0,1,0,0,0,0,1,0,0,6,0,0,0
s: 8
t: 0.003
c: 13
mem: 0.0

i: 0,0,1,0,0,1,1,0,0,0,0,0,5,0,0,0
s: 7
t: 0.002
c: 10
mem: 0.0

i: 1,0,0,1,0,1,1,1,1,1,0,1,0,0,0,1
s: 5
t: 0.002
c: 8
mem: 0.0

i: 0,0,1,0,0,1,1,0,0,0,0,0,4,0,0,0
s: 7
t: 0.002
c: 10
mem: 0.0

i: 0,1,1,0,0,0,0,0,1,1,0,0,2,1,0,1
s: 7
t: 0.002
c: 10
mem: 0.0

max time: 0.00
min time: 0.00
avg time: 0.00

avg calls: 10.75
